Start Point, End Point, WNS (ns)
irq_fast_i[5],instr_addr_o[30],1.383
irq_fast_i[5],instr_addr_o[29],1.391
irq_fast_i[5],instr_addr_o[28],1.4195
irq_fast_i[5],instr_addr_o[25],1.4325
irq_fast_i[5],instr_addr_o[31],1.4325
irq_fast_i[5],instr_addr_o[23],1.4384
irq_fast_i[5],instr_addr_o[27],1.4431
irq_fast_i[5],instr_addr_o[24],1.444
irq_fast_i[5],instr_addr_o[26],1.4512
irq_fast_i[5],instr_addr_o[19],1.4526
irq_fast_i[5],instr_addr_o[20],1.4723
irq_fast_i[5],instr_addr_o[18],1.4767
irq_fast_i[5],instr_addr_o[21],1.4994
irq_fast_i[5],instr_addr_o[11],1.5015
irq_fast_i[5],instr_addr_o[16],1.5072
irq_fast_i[5],instr_addr_o[15],1.509
irq_fast_i[5],instr_addr_o[22],1.5141
irq_fast_i[5],instr_addr_o[14],1.5165
irq_fast_i[5],instr_addr_o[13],1.5206
irq_fast_i[5],instr_addr_o[17],1.5206
irq_fast_i[5],instr_addr_o[12],1.5288
irq_fast_i[5],instr_addr_o[5],1.572
irq_fast_i[5],instr_addr_o[4],1.5724
irq_fast_i[5],instr_addr_o[6],1.5772
irq_fast_i[5],instr_addr_o[8],1.5777
irq_fast_i[5],instr_addr_o[10],1.5797
irq_fast_i[5],instr_addr_o[7],1.5844
irq_fast_i[5],instr_addr_o[3],1.5909
irq_fast_i[5],instr_addr_o[9],1.5984
irq_fast_i[5],instr_addr_o[2],1.6102
irq_fast_i[5],instr_req_o,1.6363
irq_fast_i[5],core_sleep_o,2.361
