Startpoint: irq_fast_i[5] (input port clocked by clk_i)
Endpoint: instr_addr_o[30] (output port clocked by clk_i)
Path Group: in2out
Path Type: max

  Delay    Time   Description
---------------------------------------------------------
   0.00    0.00   clock clk_i (rise edge)
   0.00    0.00   clock network delay (ideal)
   0.40    0.40 v input external delay
   0.01    0.41 v irq_fast_i[5] (in)
   0.04    0.45 ^ _15982_/ZN (AOI22_X1)
   0.01    0.46 v _15983_/ZN (INV_X1)
   0.08    0.54 ^ _15984_/ZN (AOI221_X1)
   0.08    0.62 ^ _15988_/ZN (AND4_X1)
   0.02    0.64 v _15996_/ZN (NAND2_X1)
   0.09    0.73 ^ _16000_/ZN (AOI211_X1)
   0.02    0.75 v _16002_/ZN (NOR3_X1)
   0.07    0.82 v _16003_/ZN (OR2_X1)
   0.05    0.87 ^ _21599_/ZN (NAND2_X1)
   0.03    0.90 v _21917_/ZN (AOI22_X1)
   0.10    1.00 ^ _21964_/ZN (NOR4_X1)
   0.07    1.07 ^ _21965_/Z (BUF_X1)
   0.07    1.14 ^ _22072_/Z (BUF_X1)
   0.06    1.21 ^ _22199_/Z (BUF_X1)
   0.08    1.28 ^ _22261_/Z (BUF_X1)
   0.02    1.30 v _22269_/ZN (NOR2_X1)
   0.07    1.37 ^ _22270_/ZN (AOI21_X1)
   0.05    1.42 v _22271_/ZN (OAI21_X1)
   0.00    1.42 v instr_addr_o[30] (out)
           1.42   data arrival time

   4.00    4.00   clock clk_i (rise edge)
   0.00    4.00   clock network delay (ideal)
   0.00    4.00   clock reconvergence pessimism
  -1.20    2.80   output external delay
           2.80   data required time
---------------------------------------------------------
           2.80   data required time
          -1.42   data arrival time
---------------------------------------------------------
           1.38   slack (MET)


Startpoint: irq_fast_i[5] (input port clocked by clk_i)
Endpoint: instr_addr_o[29] (output port clocked by clk_i)
Path Group: in2out
Path Type: max

  Delay    Time   Description
---------------------------------------------------------
   0.00    0.00   clock clk_i (rise edge)
   0.00    0.00   clock network delay (ideal)
   0.40    0.40 v input external delay
   0.01    0.41 v irq_fast_i[5] (in)
   0.04    0.45 ^ _15982_/ZN (AOI22_X1)
   0.01    0.46 v _15983_/ZN (INV_X1)
   0.08    0.54 ^ _15984_/ZN (AOI221_X1)
   0.08    0.62 ^ _15988_/ZN (AND4_X1)
   0.02    0.64 v _15996_/ZN (NAND2_X1)
   0.09    0.73 ^ _16000_/ZN (AOI211_X1)
   0.02    0.75 v _16002_/ZN (NOR3_X1)
   0.07    0.82 v _16003_/ZN (OR2_X1)
   0.05    0.87 ^ _21599_/ZN (NAND2_X1)
   0.03    0.90 v _21917_/ZN (AOI22_X1)
   0.10    1.00 ^ _21964_/ZN (NOR4_X1)
   0.07    1.07 ^ _21965_/Z (BUF_X1)
   0.07    1.14 ^ _22072_/Z (BUF_X1)
   0.06    1.21 ^ _22199_/Z (BUF_X1)
   0.08    1.28 ^ _22261_/Z (BUF_X1)
   0.04    1.32 v _22262_/ZN (AOI21_X1)
   0.08    1.41 ^ _22263_/ZN (OAI21_X1)
   0.00    1.41 ^ instr_addr_o[29] (out)
           1.41   data arrival time

   4.00    4.00   clock clk_i (rise edge)
   0.00    4.00   clock network delay (ideal)
   0.00    4.00   clock reconvergence pessimism
  -1.20    2.80   output external delay
           2.80   data required time
---------------------------------------------------------
           2.80   data required time
          -1.41   data arrival time
---------------------------------------------------------
           1.39   slack (MET)


Startpoint: irq_fast_i[5] (input port clocked by clk_i)
Endpoint: instr_addr_o[28] (output port clocked by clk_i)
Path Group: in2out
Path Type: max

  Delay    Time   Description
---------------------------------------------------------
   0.00    0.00   clock clk_i (rise edge)
   0.00    0.00   clock network delay (ideal)
   0.40    0.40 v input external delay
   0.01    0.41 v irq_fast_i[5] (in)
   0.04    0.45 ^ _15982_/ZN (AOI22_X1)
   0.01    0.46 v _15983_/ZN (INV_X1)
   0.08    0.54 ^ _15984_/ZN (AOI221_X1)
   0.08    0.62 ^ _15988_/ZN (AND4_X1)
   0.02    0.64 v _15996_/ZN (NAND2_X1)
   0.09    0.73 ^ _16000_/ZN (AOI211_X1)
   0.02    0.75 v _16002_/ZN (NOR3_X1)
   0.07    0.82 v _16003_/ZN (OR2_X1)
   0.05    0.87 ^ _21599_/ZN (NAND2_X1)
   0.03    0.90 v _21917_/ZN (AOI22_X1)
   0.13    1.03 v _21918_/ZN (OR4_X1)
   0.06    1.09 v _21991_/Z (BUF_X1)
   0.06    1.15 v _22089_/Z (BUF_X1)
   0.06    1.20 v _22152_/Z (BUF_X1)
   0.05    1.26 v _22222_/Z (BUF_X1)
   0.05    1.31 ^ _22253_/ZN (OAI21_X1)
   0.07    1.38 ^ _22254_/Z (MUX2_X1)
   0.00    1.38 ^ instr_addr_o[28] (out)
           1.38   data arrival time

   4.00    4.00   clock clk_i (rise edge)
   0.00    4.00   clock network delay (ideal)
   0.00    4.00   clock reconvergence pessimism
  -1.20    2.80   output external delay
           2.80   data required time
---------------------------------------------------------
           2.80   data required time
          -1.38   data arrival time
---------------------------------------------------------
           1.42   slack (MET)


Startpoint: irq_fast_i[5] (input port clocked by clk_i)
Endpoint: instr_addr_o[25] (output port clocked by clk_i)
Path Group: in2out
Path Type: max

  Delay    Time   Description
---------------------------------------------------------
   0.00    0.00   clock clk_i (rise edge)
   0.00    0.00   clock network delay (ideal)
   0.40    0.40 v input external delay
   0.01    0.41 v irq_fast_i[5] (in)
   0.04    0.45 ^ _15982_/ZN (AOI22_X1)
   0.01    0.46 v _15983_/ZN (INV_X1)
   0.08    0.54 ^ _15984_/ZN (AOI221_X1)
   0.08    0.62 ^ _15988_/ZN (AND4_X1)
   0.02    0.64 v _15996_/ZN (NAND2_X1)
   0.09    0.73 ^ _16000_/ZN (AOI211_X1)
   0.02    0.75 v _16002_/ZN (NOR3_X1)
   0.07    0.82 v _16003_/ZN (OR2_X1)
   0.05    0.87 ^ _21599_/ZN (NAND2_X1)
   0.03    0.90 v _21917_/ZN (AOI22_X1)
   0.13    1.03 v _21918_/ZN (OR4_X1)
   0.06    1.09 v _21991_/Z (BUF_X1)
   0.06    1.15 v _22089_/Z (BUF_X1)
   0.06    1.20 v _22152_/Z (BUF_X1)
   0.05    1.26 v _22222_/Z (BUF_X1)
   0.04    1.30 ^ _22224_/ZN (OAI21_X1)
   0.07    1.37 ^ _22225_/Z (MUX2_X1)
   0.00    1.37 ^ instr_addr_o[25] (out)
           1.37   data arrival time

   4.00    4.00   clock clk_i (rise edge)
   0.00    4.00   clock network delay (ideal)
   0.00    4.00   clock reconvergence pessimism
  -1.20    2.80   output external delay
           2.80   data required time
---------------------------------------------------------
           2.80   data required time
          -1.37   data arrival time
---------------------------------------------------------
           1.43   slack (MET)


Startpoint: irq_fast_i[5] (input port clocked by clk_i)
Endpoint: instr_addr_o[31] (output port clocked by clk_i)
Path Group: in2out
Path Type: max

  Delay    Time   Description
---------------------------------------------------------
   0.00    0.00   clock clk_i (rise edge)
   0.00    0.00   clock network delay (ideal)
   0.40    0.40 v input external delay
   0.01    0.41 v irq_fast_i[5] (in)
   0.04    0.45 ^ _15982_/ZN (AOI22_X1)
   0.01    0.46 v _15983_/ZN (INV_X1)
   0.08    0.54 ^ _15984_/ZN (AOI221_X1)
   0.08    0.62 ^ _15988_/ZN (AND4_X1)
   0.02    0.64 v _15996_/ZN (NAND2_X1)
   0.09    0.73 ^ _16000_/ZN (AOI211_X1)
   0.02    0.75 v _16002_/ZN (NOR3_X1)
   0.07    0.82 v _16003_/ZN (OR2_X1)
   0.05    0.87 ^ _21599_/ZN (NAND2_X1)
   0.03    0.90 v _21917_/ZN (AOI22_X1)
   0.13    1.03 v _21918_/ZN (OR4_X1)
   0.06    1.09 v _21991_/Z (BUF_X1)
   0.06    1.15 v _22089_/Z (BUF_X1)
   0.06    1.20 v _22152_/Z (BUF_X1)
   0.05    1.26 v _22222_/Z (BUF_X1)
   0.04    1.30 ^ _22278_/ZN (OAI21_X1)
   0.07    1.37 ^ _22279_/Z (MUX2_X1)
   0.00    1.37 ^ instr_addr_o[31] (out)
           1.37   data arrival time

   4.00    4.00   clock clk_i (rise edge)
   0.00    4.00   clock network delay (ideal)
   0.00    4.00   clock reconvergence pessimism
  -1.20    2.80   output external delay
           2.80   data required time
---------------------------------------------------------
           2.80   data required time
          -1.37   data arrival time
---------------------------------------------------------
           1.43   slack (MET)


Startpoint: irq_fast_i[5] (input port clocked by clk_i)
Endpoint: instr_addr_o[23] (output port clocked by clk_i)
Path Group: in2out
Path Type: max

  Delay    Time   Description
---------------------------------------------------------
   0.00    0.00   clock clk_i (rise edge)
   0.00    0.00   clock network delay (ideal)
   0.40    0.40 v input external delay
   0.01    0.41 v irq_fast_i[5] (in)
   0.04    0.45 ^ _15982_/ZN (AOI22_X1)
   0.01    0.46 v _15983_/ZN (INV_X1)
   0.08    0.54 ^ _15984_/ZN (AOI221_X1)
   0.08    0.62 ^ _15988_/ZN (AND4_X1)
   0.02    0.64 v _15996_/ZN (NAND2_X1)
   0.09    0.73 ^ _16000_/ZN (AOI211_X1)
   0.02    0.75 v _16002_/ZN (NOR3_X1)
   0.07    0.82 v _16003_/ZN (OR2_X1)
   0.05    0.87 ^ _21599_/ZN (NAND2_X1)
   0.03    0.90 v _21917_/ZN (AOI22_X1)
   0.10    1.00 ^ _21964_/ZN (NOR4_X1)
   0.07    1.07 ^ _21965_/Z (BUF_X1)
   0.07    1.14 ^ _22072_/Z (BUF_X1)
   0.06    1.21 ^ _22199_/Z (BUF_X1)
   0.04    1.25 ^ _22203_/ZN (OR2_X1)
   0.03    1.28 v _22205_/ZN (OAI21_X1)
   0.08    1.36 v _22206_/Z (MUX2_X1)
   0.00    1.36 v instr_addr_o[23] (out)
           1.36   data arrival time

   4.00    4.00   clock clk_i (rise edge)
   0.00    4.00   clock network delay (ideal)
   0.00    4.00   clock reconvergence pessimism
  -1.20    2.80   output external delay
           2.80   data required time
---------------------------------------------------------
           2.80   data required time
          -1.36   data arrival time
---------------------------------------------------------
           1.44   slack (MET)


Startpoint: irq_fast_i[5] (input port clocked by clk_i)
Endpoint: instr_addr_o[27] (output port clocked by clk_i)
Path Group: in2out
Path Type: max

  Delay    Time   Description
---------------------------------------------------------
   0.00    0.00   clock clk_i (rise edge)
   0.00    0.00   clock network delay (ideal)
   0.40    0.40 v input external delay
   0.01    0.41 v irq_fast_i[5] (in)
   0.04    0.45 ^ _15982_/ZN (AOI22_X1)
   0.01    0.46 v _15983_/ZN (INV_X1)
   0.08    0.54 ^ _15984_/ZN (AOI221_X1)
   0.08    0.62 ^ _15988_/ZN (AND4_X1)
   0.02    0.64 v _15996_/ZN (NAND2_X1)
   0.09    0.73 ^ _16000_/ZN (AOI211_X1)
   0.02    0.75 v _16002_/ZN (NOR3_X1)
   0.07    0.82 v _16003_/ZN (OR2_X1)
   0.05    0.87 ^ _21599_/ZN (NAND2_X1)
   0.03    0.90 v _21917_/ZN (AOI22_X1)
   0.10    1.00 ^ _21964_/ZN (NOR4_X1)
   0.07    1.07 ^ _21965_/Z (BUF_X1)
   0.07    1.14 ^ _22072_/Z (BUF_X1)
   0.06    1.21 ^ _22199_/Z (BUF_X1)
   0.01    1.22 v _22240_/ZN (NOR2_X1)
   0.02    1.24 ^ _22241_/ZN (INV_X1)
   0.03    1.27 v _22243_/ZN (OAI21_X1)
   0.08    1.36 v _22244_/Z (MUX2_X1)
   0.00    1.36 v instr_addr_o[27] (out)
           1.36   data arrival time

   4.00    4.00   clock clk_i (rise edge)
   0.00    4.00   clock network delay (ideal)
   0.00    4.00   clock reconvergence pessimism
  -1.20    2.80   output external delay
           2.80   data required time
---------------------------------------------------------
           2.80   data required time
          -1.36   data arrival time
---------------------------------------------------------
           1.44   slack (MET)


Startpoint: irq_fast_i[5] (input port clocked by clk_i)
Endpoint: instr_addr_o[24] (output port clocked by clk_i)
Path Group: in2out
Path Type: max

  Delay    Time   Description
---------------------------------------------------------
   0.00    0.00   clock clk_i (rise edge)
   0.00    0.00   clock network delay (ideal)
   0.40    0.40 v input external delay
   0.01    0.41 v irq_fast_i[5] (in)
   0.04    0.45 ^ _15982_/ZN (AOI22_X1)
   0.01    0.46 v _15983_/ZN (INV_X1)
   0.08    0.54 ^ _15984_/ZN (AOI221_X1)
   0.08    0.62 ^ _15988_/ZN (AND4_X1)
   0.02    0.64 v _15996_/ZN (NAND2_X1)
   0.09    0.73 ^ _16000_/ZN (AOI211_X1)
   0.02    0.75 v _16002_/ZN (NOR3_X1)
   0.07    0.82 v _16003_/ZN (OR2_X1)
   0.05    0.87 ^ _21599_/ZN (NAND2_X1)
   0.03    0.90 v _21917_/ZN (AOI22_X1)
   0.10    1.00 ^ _21964_/ZN (NOR4_X1)
   0.07    1.07 ^ _21965_/Z (BUF_X1)
   0.07    1.14 ^ _22072_/Z (BUF_X1)
   0.06    1.21 ^ _22199_/Z (BUF_X1)
   0.04    1.25 ^ _22211_/ZN (OR2_X1)
   0.03    1.27 v _22213_/ZN (OAI21_X1)
   0.08    1.36 v _22214_/Z (MUX2_X1)
   0.00    1.36 v instr_addr_o[24] (out)
           1.36   data arrival time

   4.00    4.00   clock clk_i (rise edge)
   0.00    4.00   clock network delay (ideal)
   0.00    4.00   clock reconvergence pessimism
  -1.20    2.80   output external delay
           2.80   data required time
---------------------------------------------------------
           2.80   data required time
          -1.36   data arrival time
---------------------------------------------------------
           1.44   slack (MET)


Startpoint: irq_fast_i[5] (input port clocked by clk_i)
Endpoint: instr_addr_o[26] (output port clocked by clk_i)
Path Group: in2out
Path Type: max

  Delay    Time   Description
---------------------------------------------------------
   0.00    0.00   clock clk_i (rise edge)
   0.00    0.00   clock network delay (ideal)
   0.40    0.40 v input external delay
   0.01    0.41 v irq_fast_i[5] (in)
   0.04    0.45 ^ _15982_/ZN (AOI22_X1)
   0.01    0.46 v _15983_/ZN (INV_X1)
   0.08    0.54 ^ _15984_/ZN (AOI221_X1)
   0.08    0.62 ^ _15988_/ZN (AND4_X1)
   0.02    0.64 v _15996_/ZN (NAND2_X1)
   0.09    0.73 ^ _16000_/ZN (AOI211_X1)
   0.02    0.75 v _16002_/ZN (NOR3_X1)
   0.07    0.82 v _16003_/ZN (OR2_X1)
   0.05    0.87 ^ _21599_/ZN (NAND2_X1)
   0.03    0.90 v _21917_/ZN (AOI22_X1)
   0.10    1.00 ^ _21964_/ZN (NOR4_X1)
   0.07    1.07 ^ _21965_/Z (BUF_X1)
   0.07    1.14 ^ _22072_/Z (BUF_X1)
   0.06    1.21 ^ _22199_/Z (BUF_X1)
   0.04    1.25 ^ _22230_/ZN (OR2_X1)
   0.02    1.27 v _22232_/ZN (OAI21_X1)
   0.08    1.35 v _22233_/Z (MUX2_X1)
   0.00    1.35 v instr_addr_o[26] (out)
           1.35   data arrival time

   4.00    4.00   clock clk_i (rise edge)
   0.00    4.00   clock network delay (ideal)
   0.00    4.00   clock reconvergence pessimism
  -1.20    2.80   output external delay
           2.80   data required time
---------------------------------------------------------
           2.80   data required time
          -1.35   data arrival time
---------------------------------------------------------
           1.45   slack (MET)


Startpoint: irq_fast_i[5] (input port clocked by clk_i)
Endpoint: instr_addr_o[19] (output port clocked by clk_i)
Path Group: in2out
Path Type: max

  Delay    Time   Description
---------------------------------------------------------
   0.00    0.00   clock clk_i (rise edge)
   0.00    0.00   clock network delay (ideal)
   0.40    0.40 v input external delay
   0.01    0.41 v irq_fast_i[5] (in)
   0.04    0.45 ^ _15982_/ZN (AOI22_X1)
   0.01    0.46 v _15983_/ZN (INV_X1)
   0.08    0.54 ^ _15984_/ZN (AOI221_X1)
   0.08    0.62 ^ _15988_/ZN (AND4_X1)
   0.02    0.64 v _15996_/ZN (NAND2_X1)
   0.09    0.73 ^ _16000_/ZN (AOI211_X1)
   0.02    0.75 v _16002_/ZN (NOR3_X1)
   0.07    0.82 v _16003_/ZN (OR2_X1)
   0.05    0.87 ^ _21599_/ZN (NAND2_X1)
   0.03    0.90 v _21917_/ZN (AOI22_X1)
   0.13    1.03 v _21918_/ZN (OR4_X1)
   0.06    1.09 v _21991_/Z (BUF_X1)
   0.06    1.15 v _22089_/Z (BUF_X1)
   0.06    1.20 v _22152_/Z (BUF_X1)
   0.03    1.23 ^ _22164_/ZN (NAND2_X1)
   0.03    1.26 v _22166_/ZN (OAI21_X1)
   0.08    1.35 v _22167_/Z (MUX2_X1)
   0.00    1.35 v instr_addr_o[19] (out)
           1.35   data arrival time

   4.00    4.00   clock clk_i (rise edge)
   0.00    4.00   clock network delay (ideal)
   0.00    4.00   clock reconvergence pessimism
  -1.20    2.80   output external delay
           2.80   data required time
---------------------------------------------------------
           2.80   data required time
          -1.35   data arrival time
---------------------------------------------------------
           1.45   slack (MET)


Startpoint: irq_fast_i[5] (input port clocked by clk_i)
Endpoint: instr_addr_o[20] (output port clocked by clk_i)
Path Group: in2out
Path Type: max

  Delay    Time   Description
---------------------------------------------------------
   0.00    0.00   clock clk_i (rise edge)
   0.00    0.00   clock network delay (ideal)
   0.40    0.40 v input external delay
   0.01    0.41 v irq_fast_i[5] (in)
   0.04    0.45 ^ _15982_/ZN (AOI22_X1)
   0.01    0.46 v _15983_/ZN (INV_X1)
   0.08    0.54 ^ _15984_/ZN (AOI221_X1)
   0.08    0.62 ^ _15988_/ZN (AND4_X1)
   0.02    0.64 v _15996_/ZN (NAND2_X1)
   0.09    0.73 ^ _16000_/ZN (AOI211_X1)
   0.02    0.75 v _16002_/ZN (NOR3_X1)
   0.07    0.82 v _16003_/ZN (OR2_X1)
   0.05    0.87 ^ _21599_/ZN (NAND2_X1)
   0.03    0.90 v _21917_/ZN (AOI22_X1)
   0.13    1.03 v _21918_/ZN (OR4_X1)
   0.06    1.09 v _21991_/Z (BUF_X1)
   0.06    1.15 v _22089_/Z (BUF_X1)
   0.06    1.20 v _22152_/Z (BUF_X1)
   0.05    1.26 ^ _22176_/ZN (OAI21_X1)
   0.07    1.33 ^ _22177_/Z (MUX2_X1)
   0.00    1.33 ^ instr_addr_o[20] (out)
           1.33   data arrival time

   4.00    4.00   clock clk_i (rise edge)
   0.00    4.00   clock network delay (ideal)
   0.00    4.00   clock reconvergence pessimism
  -1.20    2.80   output external delay
           2.80   data required time
---------------------------------------------------------
           2.80   data required time
          -1.33   data arrival time
---------------------------------------------------------
           1.47   slack (MET)


Startpoint: irq_fast_i[5] (input port clocked by clk_i)
Endpoint: instr_addr_o[18] (output port clocked by clk_i)
Path Group: in2out
Path Type: max

  Delay    Time   Description
---------------------------------------------------------
   0.00    0.00   clock clk_i (rise edge)
   0.00    0.00   clock network delay (ideal)
   0.40    0.40 v input external delay
   0.01    0.41 v irq_fast_i[5] (in)
   0.04    0.45 ^ _15982_/ZN (AOI22_X1)
   0.01    0.46 v _15983_/ZN (INV_X1)
   0.08    0.54 ^ _15984_/ZN (AOI221_X1)
   0.08    0.62 ^ _15988_/ZN (AND4_X1)
   0.02    0.64 v _15996_/ZN (NAND2_X1)
   0.09    0.73 ^ _16000_/ZN (AOI211_X1)
   0.02    0.75 v _16002_/ZN (NOR3_X1)
   0.07    0.82 v _16003_/ZN (OR2_X1)
   0.05    0.87 ^ _21599_/ZN (NAND2_X1)
   0.03    0.90 v _21917_/ZN (AOI22_X1)
   0.13    1.03 v _21918_/ZN (OR4_X1)
   0.06    1.09 v _21991_/Z (BUF_X1)
   0.06    1.15 v _22089_/Z (BUF_X1)
   0.06    1.20 v _22152_/Z (BUF_X1)
   0.05    1.25 ^ _22154_/ZN (OAI21_X1)
   0.07    1.32 ^ _22155_/Z (MUX2_X1)
   0.00    1.32 ^ instr_addr_o[18] (out)
           1.32   data arrival time

   4.00    4.00   clock clk_i (rise edge)
   0.00    4.00   clock network delay (ideal)
   0.00    4.00   clock reconvergence pessimism
  -1.20    2.80   output external delay
           2.80   data required time
---------------------------------------------------------
           2.80   data required time
          -1.32   data arrival time
---------------------------------------------------------
           1.48   slack (MET)


Startpoint: irq_fast_i[5] (input port clocked by clk_i)
Endpoint: instr_addr_o[21] (output port clocked by clk_i)
Path Group: in2out
Path Type: max

  Delay    Time   Description
---------------------------------------------------------
   0.00    0.00   clock clk_i (rise edge)
   0.00    0.00   clock network delay (ideal)
   0.40    0.40 v input external delay
   0.01    0.41 v irq_fast_i[5] (in)
   0.04    0.45 ^ _15982_/ZN (AOI22_X1)
   0.01    0.46 v _15983_/ZN (INV_X1)
   0.08    0.54 ^ _15984_/ZN (AOI221_X1)
   0.08    0.62 ^ _15988_/ZN (AND4_X1)
   0.02    0.64 v _15996_/ZN (NAND2_X1)
   0.09    0.73 ^ _16000_/ZN (AOI211_X1)
   0.02    0.75 v _16002_/ZN (NOR3_X1)
   0.07    0.82 v _16003_/ZN (OR2_X1)
   0.05    0.87 ^ _21599_/ZN (NAND2_X1)
   0.03    0.90 v _21917_/ZN (AOI22_X1)
   0.10    1.00 ^ _21964_/ZN (NOR4_X1)
   0.07    1.07 ^ _21965_/Z (BUF_X1)
   0.07    1.14 ^ _22072_/Z (BUF_X1)
   0.02    1.17 v _22185_/ZN (AOI21_X1)
   0.08    1.25 ^ _22186_/ZN (AOI21_X1)
   0.05    1.30 v _22187_/ZN (OAI21_X1)
   0.00    1.30 v instr_addr_o[21] (out)
           1.30   data arrival time

   4.00    4.00   clock clk_i (rise edge)
   0.00    4.00   clock network delay (ideal)
   0.00    4.00   clock reconvergence pessimism
  -1.20    2.80   output external delay
           2.80   data required time
---------------------------------------------------------
           2.80   data required time
          -1.30   data arrival time
---------------------------------------------------------
           1.50   slack (MET)


Startpoint: irq_fast_i[5] (input port clocked by clk_i)
Endpoint: instr_addr_o[11] (output port clocked by clk_i)
Path Group: in2out
Path Type: max

  Delay    Time   Description
---------------------------------------------------------
   0.00    0.00   clock clk_i (rise edge)
   0.00    0.00   clock network delay (ideal)
   0.40    0.40 v input external delay
   0.01    0.41 v irq_fast_i[5] (in)
   0.04    0.45 ^ _15982_/ZN (AOI22_X1)
   0.01    0.46 v _15983_/ZN (INV_X1)
   0.08    0.54 ^ _15984_/ZN (AOI221_X1)
   0.08    0.62 ^ _15988_/ZN (AND4_X1)
   0.02    0.64 v _15996_/ZN (NAND2_X1)
   0.09    0.73 ^ _16000_/ZN (AOI211_X1)
   0.02    0.75 v _16002_/ZN (NOR3_X1)
   0.07    0.82 v _16003_/ZN (OR2_X1)
   0.05    0.87 ^ _21599_/ZN (NAND2_X1)
   0.03    0.90 v _21917_/ZN (AOI22_X1)
   0.10    1.00 ^ _21964_/ZN (NOR4_X1)
   0.07    1.07 ^ _21965_/Z (BUF_X1)
   0.07    1.14 ^ _22072_/Z (BUF_X1)
   0.04    1.18 ^ _22080_/ZN (OR2_X1)
   0.03    1.21 v _22082_/ZN (OAI21_X1)
   0.08    1.30 v _22083_/Z (MUX2_X1)
   0.00    1.30 v instr_addr_o[11] (out)
           1.30   data arrival time

   4.00    4.00   clock clk_i (rise edge)
   0.00    4.00   clock network delay (ideal)
   0.00    4.00   clock reconvergence pessimism
  -1.20    2.80   output external delay
           2.80   data required time
---------------------------------------------------------
           2.80   data required time
          -1.30   data arrival time
---------------------------------------------------------
           1.50   slack (MET)


Startpoint: irq_fast_i[5] (input port clocked by clk_i)
Endpoint: instr_addr_o[16] (output port clocked by clk_i)
Path Group: in2out
Path Type: max

  Delay    Time   Description
---------------------------------------------------------
   0.00    0.00   clock clk_i (rise edge)
   0.00    0.00   clock network delay (ideal)
   0.40    0.40 v input external delay
   0.01    0.41 v irq_fast_i[5] (in)
   0.04    0.45 ^ _15982_/ZN (AOI22_X1)
   0.01    0.46 v _15983_/ZN (INV_X1)
   0.08    0.54 ^ _15984_/ZN (AOI221_X1)
   0.08    0.62 ^ _15988_/ZN (AND4_X1)
   0.02    0.64 v _15996_/ZN (NAND2_X1)
   0.09    0.73 ^ _16000_/ZN (AOI211_X1)
   0.02    0.75 v _16002_/ZN (NOR3_X1)
   0.07    0.82 v _16003_/ZN (OR2_X1)
   0.05    0.87 ^ _21599_/ZN (NAND2_X1)
   0.03    0.90 v _21917_/ZN (AOI22_X1)
   0.10    1.00 ^ _21964_/ZN (NOR4_X1)
   0.07    1.07 ^ _21965_/Z (BUF_X1)
   0.07    1.14 ^ _22072_/Z (BUF_X1)
   0.04    1.18 ^ _22130_/ZN (OR2_X1)
   0.03    1.21 v _22132_/ZN (OAI21_X1)
   0.08    1.29 v _22134_/Z (MUX2_X1)
   0.00    1.29 v instr_addr_o[16] (out)
           1.29   data arrival time

   4.00    4.00   clock clk_i (rise edge)
   0.00    4.00   clock network delay (ideal)
   0.00    4.00   clock reconvergence pessimism
  -1.20    2.80   output external delay
           2.80   data required time
---------------------------------------------------------
           2.80   data required time
          -1.29   data arrival time
---------------------------------------------------------
           1.51   slack (MET)


Startpoint: irq_fast_i[5] (input port clocked by clk_i)
Endpoint: instr_addr_o[15] (output port clocked by clk_i)
Path Group: in2out
Path Type: max

  Delay    Time   Description
---------------------------------------------------------
   0.00    0.00   clock clk_i (rise edge)
   0.00    0.00   clock network delay (ideal)
   0.40    0.40 v input external delay
   0.01    0.41 v irq_fast_i[5] (in)
   0.04    0.45 ^ _15982_/ZN (AOI22_X1)
   0.01    0.46 v _15983_/ZN (INV_X1)
   0.08    0.54 ^ _15984_/ZN (AOI221_X1)
   0.08    0.62 ^ _15988_/ZN (AND4_X1)
   0.02    0.64 v _15996_/ZN (NAND2_X1)
   0.09    0.73 ^ _16000_/ZN (AOI211_X1)
   0.02    0.75 v _16002_/ZN (NOR3_X1)
   0.07    0.82 v _16003_/ZN (OR2_X1)
   0.05    0.87 ^ _21599_/ZN (NAND2_X1)
   0.03    0.90 v _21917_/ZN (AOI22_X1)
   0.13    1.03 v _21918_/ZN (OR4_X1)
   0.06    1.09 v _21991_/Z (BUF_X1)
   0.06    1.15 v _22089_/Z (BUF_X1)
   0.03    1.17 ^ _22120_/ZN (NAND2_X1)
   0.03    1.21 v _22122_/ZN (OAI21_X1)
   0.08    1.29 v _22123_/Z (MUX2_X1)
   0.00    1.29 v instr_addr_o[15] (out)
           1.29   data arrival time

   4.00    4.00   clock clk_i (rise edge)
   0.00    4.00   clock network delay (ideal)
   0.00    4.00   clock reconvergence pessimism
  -1.20    2.80   output external delay
           2.80   data required time
---------------------------------------------------------
           2.80   data required time
          -1.29   data arrival time
---------------------------------------------------------
           1.51   slack (MET)


Startpoint: irq_fast_i[5] (input port clocked by clk_i)
Endpoint: instr_addr_o[22] (output port clocked by clk_i)
Path Group: in2out
Path Type: max

  Delay    Time   Description
---------------------------------------------------------
   0.00    0.00   clock clk_i (rise edge)
   0.00    0.00   clock network delay (ideal)
   0.40    0.40 v input external delay
   0.01    0.41 v irq_fast_i[5] (in)
   0.04    0.45 ^ _15982_/ZN (AOI22_X1)
   0.01    0.46 v _15983_/ZN (INV_X1)
   0.08    0.54 ^ _15984_/ZN (AOI221_X1)
   0.08    0.62 ^ _15988_/ZN (AND4_X1)
   0.02    0.64 v _15996_/ZN (NAND2_X1)
   0.09    0.73 ^ _16000_/ZN (AOI211_X1)
   0.02    0.75 v _16002_/ZN (NOR3_X1)
   0.07    0.82 v _16003_/ZN (OR2_X1)
   0.05    0.87 ^ _21599_/ZN (NAND2_X1)
   0.03    0.90 v _21917_/ZN (AOI22_X1)
   0.10    1.00 ^ _21964_/ZN (NOR4_X1)
   0.07    1.07 ^ _21965_/Z (BUF_X1)
   0.07    1.14 ^ _22072_/Z (BUF_X1)
   0.02    1.17 v _22194_/ZN (AOI21_X1)
   0.07    1.24 ^ _22195_/ZN (AOI21_X1)
   0.05    1.29 v _22196_/ZN (OAI21_X1)
   0.00    1.29 v instr_addr_o[22] (out)
           1.29   data arrival time

   4.00    4.00   clock clk_i (rise edge)
   0.00    4.00   clock network delay (ideal)
   0.00    4.00   clock reconvergence pessimism
  -1.20    2.80   output external delay
           2.80   data required time
---------------------------------------------------------
           2.80   data required time
          -1.29   data arrival time
---------------------------------------------------------
           1.51   slack (MET)


Startpoint: irq_fast_i[5] (input port clocked by clk_i)
Endpoint: instr_addr_o[14] (output port clocked by clk_i)
Path Group: in2out
Path Type: max

  Delay    Time   Description
---------------------------------------------------------
   0.00    0.00   clock clk_i (rise edge)
   0.00    0.00   clock network delay (ideal)
   0.40    0.40 v input external delay
   0.01    0.41 v irq_fast_i[5] (in)
   0.04    0.45 ^ _15982_/ZN (AOI22_X1)
   0.01    0.46 v _15983_/ZN (INV_X1)
   0.08    0.54 ^ _15984_/ZN (AOI221_X1)
   0.08    0.62 ^ _15988_/ZN (AND4_X1)
   0.02    0.64 v _15996_/ZN (NAND2_X1)
   0.09    0.73 ^ _16000_/ZN (AOI211_X1)
   0.02    0.75 v _16002_/ZN (NOR3_X1)
   0.07    0.82 v _16003_/ZN (OR2_X1)
   0.05    0.87 ^ _21599_/ZN (NAND2_X1)
   0.03    0.90 v _21917_/ZN (AOI22_X1)
   0.13    1.03 v _21918_/ZN (OR4_X1)
   0.06    1.09 v _21991_/Z (BUF_X1)
   0.06    1.15 v _22089_/Z (BUF_X1)
   0.03    1.17 ^ _22111_/ZN (NAND2_X1)
   0.03    1.20 v _22113_/ZN (OAI21_X1)
   0.08    1.28 v _22114_/Z (MUX2_X1)
   0.00    1.28 v instr_addr_o[14] (out)
           1.28   data arrival time

   4.00    4.00   clock clk_i (rise edge)
   0.00    4.00   clock network delay (ideal)
   0.00    4.00   clock reconvergence pessimism
  -1.20    2.80   output external delay
           2.80   data required time
---------------------------------------------------------
           2.80   data required time
          -1.28   data arrival time
---------------------------------------------------------
           1.52   slack (MET)


Startpoint: irq_fast_i[5] (input port clocked by clk_i)
Endpoint: instr_addr_o[13] (output port clocked by clk_i)
Path Group: in2out
Path Type: max

  Delay    Time   Description
---------------------------------------------------------
   0.00    0.00   clock clk_i (rise edge)
   0.00    0.00   clock network delay (ideal)
   0.40    0.40 v input external delay
   0.01    0.41 v irq_fast_i[5] (in)
   0.04    0.45 ^ _15982_/ZN (AOI22_X1)
   0.01    0.46 v _15983_/ZN (INV_X1)
   0.08    0.54 ^ _15984_/ZN (AOI221_X1)
   0.08    0.62 ^ _15988_/ZN (AND4_X1)
   0.02    0.64 v _15996_/ZN (NAND2_X1)
   0.09    0.73 ^ _16000_/ZN (AOI211_X1)
   0.02    0.75 v _16002_/ZN (NOR3_X1)
   0.07    0.82 v _16003_/ZN (OR2_X1)
   0.05    0.87 ^ _21599_/ZN (NAND2_X1)
   0.03    0.90 v _21917_/ZN (AOI22_X1)
   0.10    1.00 ^ _21964_/ZN (NOR4_X1)
   0.07    1.07 ^ _21965_/Z (BUF_X1)
   0.07    1.14 ^ _22072_/Z (BUF_X1)
   0.02    1.16 v _22102_/ZN (NAND2_X1)
   0.04    1.20 v _22103_/ZN (AND2_X1)
   0.08    1.28 ^ _22104_/ZN (OAI21_X1)
   0.00    1.28 ^ instr_addr_o[13] (out)
           1.28   data arrival time

   4.00    4.00   clock clk_i (rise edge)
   0.00    4.00   clock network delay (ideal)
   0.00    4.00   clock reconvergence pessimism
  -1.20    2.80   output external delay
           2.80   data required time
---------------------------------------------------------
           2.80   data required time
          -1.28   data arrival time
---------------------------------------------------------
           1.52   slack (MET)


Startpoint: irq_fast_i[5] (input port clocked by clk_i)
Endpoint: instr_addr_o[17] (output port clocked by clk_i)
Path Group: in2out
Path Type: max

  Delay    Time   Description
---------------------------------------------------------
   0.00    0.00   clock clk_i (rise edge)
   0.00    0.00   clock network delay (ideal)
   0.40    0.40 v input external delay
   0.01    0.41 v irq_fast_i[5] (in)
   0.04    0.45 ^ _15982_/ZN (AOI22_X1)
   0.01    0.46 v _15983_/ZN (INV_X1)
   0.08    0.54 ^ _15984_/ZN (AOI221_X1)
   0.08    0.62 ^ _15988_/ZN (AND4_X1)
   0.02    0.64 v _15996_/ZN (NAND2_X1)
   0.09    0.73 ^ _16000_/ZN (AOI211_X1)
   0.02    0.75 v _16002_/ZN (NOR3_X1)
   0.07    0.82 v _16003_/ZN (OR2_X1)
   0.05    0.87 ^ _21599_/ZN (NAND2_X1)
   0.03    0.90 v _21917_/ZN (AOI22_X1)
   0.10    1.00 ^ _21964_/ZN (NOR4_X1)
   0.07    1.07 ^ _21965_/Z (BUF_X1)
   0.07    1.14 ^ _22072_/Z (BUF_X1)
   0.02    1.16 v _22143_/ZN (NAND2_X1)
   0.04    1.20 v _22144_/ZN (AND2_X1)
   0.08    1.28 ^ _22145_/ZN (OAI21_X1)
   0.00    1.28 ^ instr_addr_o[17] (out)
           1.28   data arrival time

   4.00    4.00   clock clk_i (rise edge)
   0.00    4.00   clock network delay (ideal)
   0.00    4.00   clock reconvergence pessimism
  -1.20    2.80   output external delay
           2.80   data required time
---------------------------------------------------------
           2.80   data required time
          -1.28   data arrival time
---------------------------------------------------------
           1.52   slack (MET)


Startpoint: irq_fast_i[5] (input port clocked by clk_i)
Endpoint: instr_addr_o[12] (output port clocked by clk_i)
Path Group: in2out
Path Type: max

  Delay    Time   Description
---------------------------------------------------------
   0.00    0.00   clock clk_i (rise edge)
   0.00    0.00   clock network delay (ideal)
   0.40    0.40 v input external delay
   0.01    0.41 v irq_fast_i[5] (in)
   0.04    0.45 ^ _15982_/ZN (AOI22_X1)
   0.01    0.46 v _15983_/ZN (INV_X1)
   0.08    0.54 ^ _15984_/ZN (AOI221_X1)
   0.08    0.62 ^ _15988_/ZN (AND4_X1)
   0.02    0.64 v _15996_/ZN (NAND2_X1)
   0.09    0.73 ^ _16000_/ZN (AOI211_X1)
   0.02    0.75 v _16002_/ZN (NOR3_X1)
   0.07    0.82 v _16003_/ZN (OR2_X1)
   0.05    0.87 ^ _21599_/ZN (NAND2_X1)
   0.03    0.90 v _21917_/ZN (AOI22_X1)
   0.13    1.03 v _21918_/ZN (OR4_X1)
   0.06    1.09 v _21991_/Z (BUF_X1)
   0.06    1.15 v _22089_/Z (BUF_X1)
   0.05    1.20 ^ _22091_/ZN (OAI21_X1)
   0.07    1.27 ^ _22092_/Z (MUX2_X1)
   0.00    1.27 ^ instr_addr_o[12] (out)
           1.27   data arrival time

   4.00    4.00   clock clk_i (rise edge)
   0.00    4.00   clock network delay (ideal)
   0.00    4.00   clock reconvergence pessimism
  -1.20    2.80   output external delay
           2.80   data required time
---------------------------------------------------------
           2.80   data required time
          -1.27   data arrival time
---------------------------------------------------------
           1.53   slack (MET)


Startpoint: irq_fast_i[5] (input port clocked by clk_i)
Endpoint: instr_addr_o[5] (output port clocked by clk_i)
Path Group: in2out
Path Type: max

  Delay    Time   Description
---------------------------------------------------------
   0.00    0.00   clock clk_i (rise edge)
   0.00    0.00   clock network delay (ideal)
   0.40    0.40 v input external delay
   0.01    0.41 v irq_fast_i[5] (in)
   0.04    0.45 ^ _15982_/ZN (AOI22_X1)
   0.01    0.46 v _15983_/ZN (INV_X1)
   0.08    0.54 ^ _15984_/ZN (AOI221_X1)
   0.08    0.62 ^ _15988_/ZN (AND4_X1)
   0.02    0.64 v _15996_/ZN (NAND2_X1)
   0.09    0.73 ^ _16000_/ZN (AOI211_X1)
   0.02    0.75 v _16002_/ZN (NOR3_X1)
   0.07    0.82 v _16003_/ZN (OR2_X1)
   0.05    0.87 ^ _21599_/ZN (NAND2_X1)
   0.03    0.90 v _21917_/ZN (AOI22_X1)
   0.13    1.03 v _21918_/ZN (OR4_X1)
   0.06    1.09 v _21991_/Z (BUF_X1)
   0.03    1.12 ^ _22019_/ZN (NAND2_X1)
   0.03    1.15 v _22021_/ZN (OAI21_X1)
   0.08    1.23 v _22022_/Z (MUX2_X1)
   0.00    1.23 v instr_addr_o[5] (out)
           1.23   data arrival time

   4.00    4.00   clock clk_i (rise edge)
   0.00    4.00   clock network delay (ideal)
   0.00    4.00   clock reconvergence pessimism
  -1.20    2.80   output external delay
           2.80   data required time
---------------------------------------------------------
           2.80   data required time
          -1.23   data arrival time
---------------------------------------------------------
           1.57   slack (MET)


Startpoint: irq_fast_i[5] (input port clocked by clk_i)
Endpoint: instr_addr_o[4] (output port clocked by clk_i)
Path Group: in2out
Path Type: max

  Delay    Time   Description
---------------------------------------------------------
   0.00    0.00   clock clk_i (rise edge)
   0.00    0.00   clock network delay (ideal)
   0.40    0.40 v input external delay
   0.01    0.41 v irq_fast_i[5] (in)
   0.04    0.45 ^ _15982_/ZN (AOI22_X1)
   0.01    0.46 v _15983_/ZN (INV_X1)
   0.08    0.54 ^ _15984_/ZN (AOI221_X1)
   0.08    0.62 ^ _15988_/ZN (AND4_X1)
   0.02    0.64 v _15996_/ZN (NAND2_X1)
   0.09    0.73 ^ _16000_/ZN (AOI211_X1)
   0.02    0.75 v _16002_/ZN (NOR3_X1)
   0.07    0.82 v _16003_/ZN (OR2_X1)
   0.05    0.87 ^ _21599_/ZN (NAND2_X1)
   0.03    0.90 v _21917_/ZN (AOI22_X1)
   0.13    1.03 v _21918_/ZN (OR4_X1)
   0.06    1.09 v _21991_/Z (BUF_X1)
   0.03    1.12 ^ _22008_/ZN (NAND2_X1)
   0.03    1.14 v _22010_/ZN (OAI21_X1)
   0.08    1.23 v _22011_/Z (MUX2_X1)
   0.00    1.23 v instr_addr_o[4] (out)
           1.23   data arrival time

   4.00    4.00   clock clk_i (rise edge)
   0.00    4.00   clock network delay (ideal)
   0.00    4.00   clock reconvergence pessimism
  -1.20    2.80   output external delay
           2.80   data required time
---------------------------------------------------------
           2.80   data required time
          -1.23   data arrival time
---------------------------------------------------------
           1.57   slack (MET)


Startpoint: irq_fast_i[5] (input port clocked by clk_i)
Endpoint: instr_addr_o[6] (output port clocked by clk_i)
Path Group: in2out
Path Type: max

  Delay    Time   Description
---------------------------------------------------------
   0.00    0.00   clock clk_i (rise edge)
   0.00    0.00   clock network delay (ideal)
   0.40    0.40 v input external delay
   0.01    0.41 v irq_fast_i[5] (in)
   0.04    0.45 ^ _15982_/ZN (AOI22_X1)
   0.01    0.46 v _15983_/ZN (INV_X1)
   0.08    0.54 ^ _15984_/ZN (AOI221_X1)
   0.08    0.62 ^ _15988_/ZN (AND4_X1)
   0.02    0.64 v _15996_/ZN (NAND2_X1)
   0.09    0.73 ^ _16000_/ZN (AOI211_X1)
   0.02    0.75 v _16002_/ZN (NOR3_X1)
   0.07    0.82 v _16003_/ZN (OR2_X1)
   0.05    0.87 ^ _21599_/ZN (NAND2_X1)
   0.03    0.90 v _21917_/ZN (AOI22_X1)
   0.10    1.00 ^ _21964_/ZN (NOR4_X1)
   0.07    1.07 ^ _21965_/Z (BUF_X1)
   0.04    1.11 ^ _22030_/ZN (OR2_X1)
   0.01    1.12 v _22031_/ZN (INV_X1)
   0.06    1.18 ^ _22032_/ZN (AOI21_X1)
   0.05    1.22 v _22033_/ZN (OAI21_X1)
   0.00    1.22 v instr_addr_o[6] (out)
           1.22   data arrival time

   4.00    4.00   clock clk_i (rise edge)
   0.00    4.00   clock network delay (ideal)
   0.00    4.00   clock reconvergence pessimism
  -1.20    2.80   output external delay
           2.80   data required time
---------------------------------------------------------
           2.80   data required time
          -1.22   data arrival time
---------------------------------------------------------
           1.58   slack (MET)


Startpoint: irq_fast_i[5] (input port clocked by clk_i)
Endpoint: instr_addr_o[8] (output port clocked by clk_i)
Path Group: in2out
Path Type: max

  Delay    Time   Description
---------------------------------------------------------
   0.00    0.00   clock clk_i (rise edge)
   0.00    0.00   clock network delay (ideal)
   0.40    0.40 v input external delay
   0.01    0.41 v irq_fast_i[5] (in)
   0.04    0.45 ^ _15982_/ZN (AOI22_X1)
   0.01    0.46 v _15983_/ZN (INV_X1)
   0.08    0.54 ^ _15984_/ZN (AOI221_X1)
   0.08    0.62 ^ _15988_/ZN (AND4_X1)
   0.02    0.64 v _15996_/ZN (NAND2_X1)
   0.09    0.73 ^ _16000_/ZN (AOI211_X1)
   0.02    0.75 v _16002_/ZN (NOR3_X1)
   0.07    0.82 v _16003_/ZN (OR2_X1)
   0.05    0.87 ^ _21599_/ZN (NAND2_X1)
   0.03    0.90 v _21917_/ZN (AOI22_X1)
   0.10    1.00 ^ _21964_/ZN (NOR4_X1)
   0.07    1.07 ^ _21965_/Z (BUF_X1)
   0.04    1.11 ^ _22049_/ZN (OR2_X1)
   0.03    1.14 v _22051_/ZN (OAI21_X1)
   0.08    1.22 v _22052_/Z (MUX2_X1)
   0.00    1.22 v instr_addr_o[8] (out)
           1.22   data arrival time

   4.00    4.00   clock clk_i (rise edge)
   0.00    4.00   clock network delay (ideal)
   0.00    4.00   clock reconvergence pessimism
  -1.20    2.80   output external delay
           2.80   data required time
---------------------------------------------------------
           2.80   data required time
          -1.22   data arrival time
---------------------------------------------------------
           1.58   slack (MET)


Startpoint: irq_fast_i[5] (input port clocked by clk_i)
Endpoint: instr_addr_o[10] (output port clocked by clk_i)
Path Group: in2out
Path Type: max

  Delay    Time   Description
---------------------------------------------------------
   0.00    0.00   clock clk_i (rise edge)
   0.00    0.00   clock network delay (ideal)
   0.40    0.40 v input external delay
   0.01    0.41 v irq_fast_i[5] (in)
   0.04    0.45 ^ _15982_/ZN (AOI22_X1)
   0.01    0.46 v _15983_/ZN (INV_X1)
   0.08    0.54 ^ _15984_/ZN (AOI221_X1)
   0.08    0.62 ^ _15988_/ZN (AND4_X1)
   0.02    0.64 v _15996_/ZN (NAND2_X1)
   0.09    0.73 ^ _16000_/ZN (AOI211_X1)
   0.02    0.75 v _16002_/ZN (NOR3_X1)
   0.07    0.82 v _16003_/ZN (OR2_X1)
   0.05    0.87 ^ _21599_/ZN (NAND2_X1)
   0.03    0.90 v _21917_/ZN (AOI22_X1)
   0.10    1.00 ^ _21964_/ZN (NOR4_X1)
   0.07    1.07 ^ _21965_/Z (BUF_X1)
   0.04    1.11 ^ _22067_/ZN (OR2_X1)
   0.03    1.14 v _22069_/ZN (OAI21_X1)
   0.08    1.22 v _22070_/Z (MUX2_X1)
   0.00    1.22 v instr_addr_o[10] (out)
           1.22   data arrival time

   4.00    4.00   clock clk_i (rise edge)
   0.00    4.00   clock network delay (ideal)
   0.00    4.00   clock reconvergence pessimism
  -1.20    2.80   output external delay
           2.80   data required time
---------------------------------------------------------
           2.80   data required time
          -1.22   data arrival time
---------------------------------------------------------
           1.58   slack (MET)


Startpoint: irq_fast_i[5] (input port clocked by clk_i)
Endpoint: instr_addr_o[7] (output port clocked by clk_i)
Path Group: in2out
Path Type: max

  Delay    Time   Description
---------------------------------------------------------
   0.00    0.00   clock clk_i (rise edge)
   0.00    0.00   clock network delay (ideal)
   0.40    0.40 v input external delay
   0.01    0.41 v irq_fast_i[5] (in)
   0.04    0.45 ^ _15982_/ZN (AOI22_X1)
   0.01    0.46 v _15983_/ZN (INV_X1)
   0.08    0.54 ^ _15984_/ZN (AOI221_X1)
   0.08    0.62 ^ _15988_/ZN (AND4_X1)
   0.02    0.64 v _15996_/ZN (NAND2_X1)
   0.09    0.73 ^ _16000_/ZN (AOI211_X1)
   0.02    0.75 v _16002_/ZN (NOR3_X1)
   0.07    0.82 v _16003_/ZN (OR2_X1)
   0.05    0.87 ^ _21599_/ZN (NAND2_X1)
   0.03    0.90 v _21917_/ZN (AOI22_X1)
   0.10    1.00 ^ _21964_/ZN (NOR4_X1)
   0.07    1.07 ^ _21965_/Z (BUF_X1)
   0.02    1.10 v _22041_/ZN (AOI21_X1)
   0.07    1.17 ^ _22042_/ZN (AOI21_X1)
   0.05    1.22 v _22043_/ZN (OAI21_X1)
   0.00    1.22 v instr_addr_o[7] (out)
           1.22   data arrival time

   4.00    4.00   clock clk_i (rise edge)
   0.00    4.00   clock network delay (ideal)
   0.00    4.00   clock reconvergence pessimism
  -1.20    2.80   output external delay
           2.80   data required time
---------------------------------------------------------
           2.80   data required time
          -1.22   data arrival time
---------------------------------------------------------
           1.58   slack (MET)


Startpoint: irq_fast_i[5] (input port clocked by clk_i)
Endpoint: instr_addr_o[3] (output port clocked by clk_i)
Path Group: in2out
Path Type: max

  Delay    Time   Description
---------------------------------------------------------
   0.00    0.00   clock clk_i (rise edge)
   0.00    0.00   clock network delay (ideal)
   0.40    0.40 v input external delay
   0.01    0.41 v irq_fast_i[5] (in)
   0.04    0.45 ^ _15982_/ZN (AOI22_X1)
   0.01    0.46 v _15983_/ZN (INV_X1)
   0.08    0.54 ^ _15984_/ZN (AOI221_X1)
   0.08    0.62 ^ _15988_/ZN (AND4_X1)
   0.02    0.64 v _15996_/ZN (NAND2_X1)
   0.09    0.73 ^ _16000_/ZN (AOI211_X1)
   0.02    0.75 v _16002_/ZN (NOR3_X1)
   0.07    0.82 v _16003_/ZN (OR2_X1)
   0.05    0.87 ^ _21599_/ZN (NAND2_X1)
   0.03    0.90 v _21917_/ZN (AOI22_X1)
   0.13    1.03 v _21918_/ZN (OR4_X1)
   0.06    1.09 v _21991_/Z (BUF_X1)
   0.05    1.14 ^ _21993_/ZN (OAI21_X1)
   0.07    1.21 ^ _21994_/Z (MUX2_X1)
   0.00    1.21 ^ instr_addr_o[3] (out)
           1.21   data arrival time

   4.00    4.00   clock clk_i (rise edge)
   0.00    4.00   clock network delay (ideal)
   0.00    4.00   clock reconvergence pessimism
  -1.20    2.80   output external delay
           2.80   data required time
---------------------------------------------------------
           2.80   data required time
          -1.21   data arrival time
---------------------------------------------------------
           1.59   slack (MET)


Startpoint: irq_fast_i[5] (input port clocked by clk_i)
Endpoint: instr_addr_o[9] (output port clocked by clk_i)
Path Group: in2out
Path Type: max

  Delay    Time   Description
---------------------------------------------------------
   0.00    0.00   clock clk_i (rise edge)
   0.00    0.00   clock network delay (ideal)
   0.40    0.40 v input external delay
   0.01    0.41 v irq_fast_i[5] (in)
   0.04    0.45 ^ _15982_/ZN (AOI22_X1)
   0.01    0.46 v _15983_/ZN (INV_X1)
   0.08    0.54 ^ _15984_/ZN (AOI221_X1)
   0.08    0.62 ^ _15988_/ZN (AND4_X1)
   0.02    0.64 v _15996_/ZN (NAND2_X1)
   0.09    0.73 ^ _16000_/ZN (AOI211_X1)
   0.02    0.75 v _16002_/ZN (NOR3_X1)
   0.07    0.82 v _16003_/ZN (OR2_X1)
   0.05    0.87 ^ _21599_/ZN (NAND2_X1)
   0.03    0.90 v _21917_/ZN (AOI22_X1)
   0.10    1.00 ^ _21964_/ZN (NOR4_X1)
   0.07    1.07 ^ _21965_/Z (BUF_X1)
   0.01    1.09 v _22059_/ZN (NOR2_X1)
   0.07    1.15 ^ _22060_/ZN (AOI21_X1)
   0.05    1.20 v _22061_/ZN (OAI21_X1)
   0.00    1.20 v instr_addr_o[9] (out)
           1.20   data arrival time

   4.00    4.00   clock clk_i (rise edge)
   0.00    4.00   clock network delay (ideal)
   0.00    4.00   clock reconvergence pessimism
  -1.20    2.80   output external delay
           2.80   data required time
---------------------------------------------------------
           2.80   data required time
          -1.20   data arrival time
---------------------------------------------------------
           1.60   slack (MET)


Startpoint: irq_fast_i[5] (input port clocked by clk_i)
Endpoint: instr_addr_o[2] (output port clocked by clk_i)
Path Group: in2out
Path Type: max

  Delay    Time   Description
---------------------------------------------------------
   0.00    0.00   clock clk_i (rise edge)
   0.00    0.00   clock network delay (ideal)
   0.40    0.40 v input external delay
   0.01    0.41 v irq_fast_i[5] (in)
   0.04    0.45 ^ _15982_/ZN (AOI22_X1)
   0.01    0.46 v _15983_/ZN (INV_X1)
   0.08    0.54 ^ _15984_/ZN (AOI221_X1)
   0.08    0.62 ^ _15988_/ZN (AND4_X1)
   0.02    0.64 v _15996_/ZN (NAND2_X1)
   0.09    0.73 ^ _16000_/ZN (AOI211_X1)
   0.02    0.75 v _16002_/ZN (NOR3_X1)
   0.07    0.82 v _16003_/ZN (OR2_X1)
   0.05    0.87 ^ _21599_/ZN (NAND2_X1)
   0.03    0.90 v _21917_/ZN (AOI22_X1)
   0.10    1.00 ^ _21964_/ZN (NOR4_X1)
   0.07    1.07 ^ _21965_/Z (BUF_X1)
   0.03    1.11 v _21966_/ZN (AOI21_X1)
   0.08    1.19 ^ _21968_/ZN (OAI21_X1)
   0.00    1.19 ^ instr_addr_o[2] (out)
           1.19   data arrival time

   4.00    4.00   clock clk_i (rise edge)
   0.00    4.00   clock network delay (ideal)
   0.00    4.00   clock reconvergence pessimism
  -1.20    2.80   output external delay
           2.80   data required time
---------------------------------------------------------
           2.80   data required time
          -1.19   data arrival time
---------------------------------------------------------
           1.61   slack (MET)


Startpoint: irq_fast_i[5] (input port clocked by clk_i)
Endpoint: instr_req_o (output port clocked by clk_i)
Path Group: in2out
Path Type: max

  Delay    Time   Description
---------------------------------------------------------
   0.00    0.00   clock clk_i (rise edge)
   0.00    0.00   clock network delay (ideal)
   0.40    0.40 v input external delay
   0.01    0.41 v irq_fast_i[5] (in)
   0.04    0.45 ^ _15982_/ZN (AOI22_X1)
   0.01    0.46 v _15983_/ZN (INV_X1)
   0.08    0.54 ^ _15984_/ZN (AOI221_X1)
   0.08    0.62 ^ _15988_/ZN (AND4_X1)
   0.02    0.64 v _15996_/ZN (NAND2_X1)
   0.09    0.73 ^ _16000_/ZN (AOI211_X1)
   0.02    0.75 v _16002_/ZN (NOR3_X1)
   0.07    0.82 v _16003_/ZN (OR2_X1)
   0.05    0.87 ^ _21599_/ZN (NAND2_X1)
   0.03    0.90 v _21917_/ZN (AOI22_X1)
   0.10    1.00 ^ _21964_/ZN (NOR4_X1)
   0.04    1.04 v _21970_/ZN (OAI211_X1)
   0.04    1.08 v _22282_/ZN (AND2_X1)
   0.05    1.13 ^ _22360_/ZN (NOR2_X1)
   0.03    1.16 v _22361_/ZN (INV_X1)
   0.00    1.16 v instr_req_o (out)
           1.16   data arrival time

   4.00    4.00   clock clk_i (rise edge)
   0.00    4.00   clock network delay (ideal)
   0.00    4.00   clock reconvergence pessimism
  -1.20    2.80   output external delay
           2.80   data required time
---------------------------------------------------------
           2.80   data required time
          -1.16   data arrival time
---------------------------------------------------------
           1.64   slack (MET)


Startpoint: irq_fast_i[5] (input port clocked by clk_i)
Endpoint: core_sleep_o (output port clocked by clk_i)
Path Group: in2out
Path Type: max

  Delay    Time   Description
---------------------------------------------------------
   0.00    0.00   clock clk_i (rise edge)
   0.00    0.00   clock network delay (ideal)
   0.40    0.40 v input external delay
   0.01    0.41 v irq_fast_i[5] (in)
   0.04    0.45 ^ _15982_/ZN (AOI22_X1)
   0.01    0.46 v _15983_/ZN (INV_X1)
   0.08    0.54 ^ _15984_/ZN (AOI221_X1)
   0.08    0.62 ^ _15988_/ZN (AND4_X1)
   0.02    0.64 v _15996_/ZN (NAND2_X1)
   0.09    0.73 ^ _16000_/ZN (AOI211_X1)
   0.02    0.75 v _16020_/ZN (NAND2_X1)
   0.08    0.84 ^ _24853_/ZN (OAI21_X1)
   0.00    0.84 ^ core_sleep_o (out)
           0.84   data arrival time

   4.00    4.00   clock clk_i (rise edge)
   0.00    4.00   clock network delay (ideal)
   0.00    4.00   clock reconvergence pessimism
  -0.80    3.20   output external delay
           3.20   data required time
---------------------------------------------------------
           3.20   data required time
          -0.84   data arrival time
---------------------------------------------------------
           2.36   slack (MET)


