Start Point, End Point, WNS (ns)
instr_rdata_i[0],crash_dump_o,1.4929
instr_rdata_i[0],crash_dump_o,1.5396
instr_rdata_i[0],crash_dump_o,1.5809
instr_rdata_i[0],crash_dump_o,1.5946
instr_rdata_i[0],crash_dump_o,1.6081
instr_rdata_i[0],crash_dump_o,1.6532
instr_rdata_i[0],crash_dump_o,1.7062
instr_rdata_i[0],crash_dump_o,1.7172
instr_rdata_i[0],crash_dump_o,1.7623
irq_fast_i[5],u_ibex_core.if_stage_i.gen_prefetch_buffer.prefetch_buffer_i.fetch_addr_q,1.7914
irq_fast_i[5],u_ibex_core.if_stage_i.gen_prefetch_buffer.prefetch_buffer_i.fetch_addr_q,1.822
irq_fast_i[5],u_ibex_core.if_stage_i.gen_prefetch_buffer.prefetch_buffer_i.fetch_addr_q,1.8337
instr_rdata_i[0],crash_dump_o,1.8383
irq_fast_i[5],u_ibex_core.if_stage_i.gen_prefetch_buffer.prefetch_buffer_i.fetch_addr_q,1.8767
instr_rdata_i[0],crash_dump_o,1.8771
instr_rdata_i[0],crash_dump_o,1.8906
irq_fast_i[5],u_ibex_core.if_stage_i.gen_prefetch_buffer.prefetch_buffer_i.fetch_addr_q,1.8951
instr_rdata_i[0],crash_dump_o,1.9384
instr_rdata_i[0],crash_dump_o,1.9562
irq_fast_i[5],u_ibex_core.if_stage_i.gen_prefetch_buffer.prefetch_buffer_i.fetch_addr_q,1.963
irq_fast_i[5],u_ibex_core.if_stage_i.gen_prefetch_buffer.prefetch_buffer_i.fetch_addr_q,1.9915
data_rvalid_i,u_ibex_core.cs_registers_i.mhpmcounter[2],1.9971
instr_rdata_i[0],crash_dump_o,2.001
data_rvalid_i,u_ibex_core.cs_registers_i.mhpmcounter[2],2.0156
irq_fast_i[5],u_ibex_core.if_stage_i.gen_prefetch_buffer.prefetch_buffer_i.fetch_addr_q,2.0172
data_rvalid_i,u_ibex_core.cs_registers_i.mhpmcounter[2],2.0205
data_rvalid_i,u_ibex_core.cs_registers_i.mhpmcounter[2],2.0214
data_rvalid_i,u_ibex_core.cs_registers_i.mhpmcounter[2],2.0299
data_rvalid_i,u_ibex_core.cs_registers_i.mhpmcounter[2],2.032
data_rvalid_i,u_ibex_core.cs_registers_i.mhpmcounter[2],2.0352
irq_fast_i[5],u_ibex_core.if_stage_i.gen_prefetch_buffer.prefetch_buffer_i.fetch_addr_q,2.0356
data_rvalid_i,u_ibex_core.cs_registers_i.mhpmcounter[2],2.0356
data_rvalid_i,u_ibex_core.cs_registers_i.mhpmcounter[2],2.0384
data_rvalid_i,u_ibex_core.cs_registers_i.mhpmcounter[2],2.0403
data_rvalid_i,u_ibex_core.cs_registers_i.mhpmcounter[2],2.0464
data_rvalid_i,u_ibex_core.cs_registers_i.mhpmcounter[2],2.0476
instr_rdata_i[0],crash_dump_o,2.0492
data_rvalid_i,u_ibex_core.cs_registers_i.mhpmcounter[2],2.0494
data_rvalid_i,u_ibex_core.cs_registers_i.mhpmcounter[2],2.0516
data_rvalid_i,u_ibex_core.cs_registers_i.mhpmcounter[2],2.0522
data_rvalid_i,u_ibex_core.cs_registers_i.mhpmcounter[2],2.053
data_rvalid_i,u_ibex_core.cs_registers_i.mhpmcounter[2],2.0535
data_rvalid_i,u_ibex_core.cs_registers_i.mhpmcounter[2],2.0535
data_rvalid_i,u_ibex_core.cs_registers_i.mhpmcounter[2],2.054
data_rvalid_i,u_ibex_core.cs_registers_i.mhpmcounter[2],2.0541
data_rvalid_i,u_ibex_core.cs_registers_i.mhpmcounter[2],2.0558
data_rvalid_i,u_ibex_core.if_stage_i.gen_prefetch_buffer.prefetch_buffer_i.fifo_i.rdata_q,2.0571
data_rvalid_i,u_ibex_core.if_stage_i.gen_prefetch_buffer.prefetch_buffer_i.fifo_i.rdata_q,2.0571
data_rvalid_i,u_ibex_core.if_stage_i.gen_prefetch_buffer.prefetch_buffer_i.fifo_i.rdata_q,2.0571
data_rvalid_i,u_ibex_core.if_stage_i.gen_prefetch_buffer.prefetch_buffer_i.fifo_i.rdata_q,2.0571
data_rvalid_i,u_ibex_core.if_stage_i.gen_prefetch_buffer.prefetch_buffer_i.fifo_i.rdata_q,2.0571
data_rvalid_i,u_ibex_core.if_stage_i.gen_prefetch_buffer.prefetch_buffer_i.fifo_i.rdata_q,2.0571
data_rvalid_i,u_ibex_core.if_stage_i.gen_prefetch_buffer.prefetch_buffer_i.fifo_i.rdata_q,2.0571
data_rvalid_i,u_ibex_core.if_stage_i.gen_prefetch_buffer.prefetch_buffer_i.fifo_i.rdata_q,2.0571
data_rvalid_i,u_ibex_core.if_stage_i.gen_prefetch_buffer.prefetch_buffer_i.fifo_i.rdata_q,2.0571
data_rvalid_i,u_ibex_core.if_stage_i.gen_prefetch_buffer.prefetch_buffer_i.fifo_i.rdata_q,2.0571
data_rvalid_i,u_ibex_core.if_stage_i.gen_prefetch_buffer.prefetch_buffer_i.fifo_i.rdata_q,2.0571
data_rvalid_i,u_ibex_core.if_stage_i.gen_prefetch_buffer.prefetch_buffer_i.fifo_i.rdata_q,2.0571
data_rvalid_i,u_ibex_core.if_stage_i.gen_prefetch_buffer.prefetch_buffer_i.fifo_i.rdata_q,2.0571
data_rvalid_i,u_ibex_core.if_stage_i.gen_prefetch_buffer.prefetch_buffer_i.fifo_i.rdata_q,2.0571
data_rvalid_i,u_ibex_core.if_stage_i.gen_prefetch_buffer.prefetch_buffer_i.fifo_i.rdata_q,2.0571
data_rvalid_i,u_ibex_core.if_stage_i.gen_prefetch_buffer.prefetch_buffer_i.fifo_i.rdata_q,2.0571
data_rvalid_i,u_ibex_core.if_stage_i.gen_prefetch_buffer.prefetch_buffer_i.fifo_i.rdata_q,2.0571
data_rvalid_i,u_ibex_core.if_stage_i.gen_prefetch_buffer.prefetch_buffer_i.fifo_i.rdata_q,2.0571
data_rvalid_i,u_ibex_core.if_stage_i.gen_prefetch_buffer.prefetch_buffer_i.fifo_i.rdata_q,2.0571
data_rvalid_i,u_ibex_core.if_stage_i.gen_prefetch_buffer.prefetch_buffer_i.fifo_i.rdata_q,2.0571
data_rvalid_i,u_ibex_core.cs_registers_i.mhpmcounter[2],2.0591
data_rvalid_i,u_ibex_core.cs_registers_i.mhpmcounter[2],2.0593
data_rvalid_i,u_ibex_core.cs_registers_i.mhpmcounter[2],2.0593
data_rvalid_i,crash_dump_o,2.06
data_rvalid_i,crash_dump_o,2.06
data_rvalid_i,crash_dump_o,2.06
data_rvalid_i,crash_dump_o,2.06
data_rvalid_i,crash_dump_o,2.06
data_rvalid_i,crash_dump_o,2.06
data_rvalid_i,crash_dump_o,2.06
data_rvalid_i,crash_dump_o,2.06
data_rvalid_i,crash_dump_o,2.06
data_rvalid_i,crash_dump_o,2.06
data_rvalid_i,u_ibex_core.cs_registers_i.mhpmcounter[2],2.0604
data_rvalid_i,crash_dump_o,2.0604
data_rvalid_i,crash_dump_o,2.0604
data_rvalid_i,crash_dump_o,2.0604
data_rvalid_i,u_ibex_core.cs_registers_i.mhpmcounter[2],2.062
data_rvalid_i,u_ibex_core.cs_registers_i.mhpmcounter[2],2.0632
data_rvalid_i,u_ibex_core.cs_registers_i.mhpmcounter[2],2.0644
data_rvalid_i,u_ibex_core.cs_registers_i.mhpmcounter[2],2.0647
data_rvalid_i,u_ibex_core.if_stage_i.gen_prefetch_buffer.prefetch_buffer_i.fifo_i.rdata_q,2.0655
data_rvalid_i,u_ibex_core.if_stage_i.gen_prefetch_buffer.prefetch_buffer_i.fifo_i.rdata_q,2.0655
data_rvalid_i,u_ibex_core.if_stage_i.gen_prefetch_buffer.prefetch_buffer_i.fifo_i.rdata_q,2.0655
data_rvalid_i,u_ibex_core.if_stage_i.gen_prefetch_buffer.prefetch_buffer_i.fifo_i.rdata_q,2.0655
data_rvalid_i,u_ibex_core.if_stage_i.gen_prefetch_buffer.prefetch_buffer_i.fifo_i.rdata_q,2.0655
data_rvalid_i,u_ibex_core.if_stage_i.gen_prefetch_buffer.prefetch_buffer_i.fifo_i.rdata_q,2.0655
data_rvalid_i,u_ibex_core.if_stage_i.gen_prefetch_buffer.prefetch_buffer_i.fifo_i.rdata_q,2.0655
data_rvalid_i,u_ibex_core.if_stage_i.gen_prefetch_buffer.prefetch_buffer_i.fifo_i.rdata_q,2.0655
data_rvalid_i,u_ibex_core.if_stage_i.gen_prefetch_buffer.prefetch_buffer_i.fifo_i.rdata_q,2.0655
data_rvalid_i,u_ibex_core.if_stage_i.gen_prefetch_buffer.prefetch_buffer_i.fifo_i.rdata_q,2.0655
data_rvalid_i,u_ibex_core.if_stage_i.gen_prefetch_buffer.prefetch_buffer_i.fifo_i.rdata_q,2.0655
data_rvalid_i,u_ibex_core.if_stage_i.gen_prefetch_buffer.prefetch_buffer_i.fifo_i.rdata_q,2.0655
data_rvalid_i,u_ibex_core.if_stage_i.gen_prefetch_buffer.prefetch_buffer_i.fifo_i.rdata_q,2.0655
data_rvalid_i,u_ibex_core.if_stage_i.gen_prefetch_buffer.prefetch_buffer_i.fifo_i.rdata_q,2.0655
data_rvalid_i,u_ibex_core.if_stage_i.gen_prefetch_buffer.prefetch_buffer_i.fifo_i.rdata_q,2.0655
data_rvalid_i,u_ibex_core.if_stage_i.gen_prefetch_buffer.prefetch_buffer_i.fifo_i.rdata_q,2.0655
data_rvalid_i,u_ibex_core.if_stage_i.gen_prefetch_buffer.prefetch_buffer_i.fifo_i.rdata_q,2.0655
data_rvalid_i,u_ibex_core.if_stage_i.gen_prefetch_buffer.prefetch_buffer_i.fifo_i.rdata_q,2.0655
data_rvalid_i,u_ibex_core.if_stage_i.gen_prefetch_buffer.prefetch_buffer_i.fifo_i.rdata_q,2.0655
data_rvalid_i,u_ibex_core.if_stage_i.gen_prefetch_buffer.prefetch_buffer_i.fifo_i.rdata_q,2.0655
data_rvalid_i,u_ibex_core.if_stage_i.gen_prefetch_buffer.prefetch_buffer_i.fifo_i.rdata_q,2.0655
data_rvalid_i,u_ibex_core.if_stage_i.gen_prefetch_buffer.prefetch_buffer_i.fifo_i.rdata_q,2.0655
data_rvalid_i,u_ibex_core.if_stage_i.gen_prefetch_buffer.prefetch_buffer_i.fifo_i.rdata_q,2.0655
data_rvalid_i,u_ibex_core.if_stage_i.gen_prefetch_buffer.prefetch_buffer_i.fifo_i.rdata_q,2.0655
data_rvalid_i,u_ibex_core.if_stage_i.gen_prefetch_buffer.prefetch_buffer_i.fifo_i.rdata_q,2.0655
data_rvalid_i,u_ibex_core.if_stage_i.gen_prefetch_buffer.prefetch_buffer_i.fifo_i.rdata_q,2.0655
data_rvalid_i,u_ibex_core.if_stage_i.gen_prefetch_buffer.prefetch_buffer_i.fifo_i.rdata_q,2.0655
data_rvalid_i,u_ibex_core.if_stage_i.gen_prefetch_buffer.prefetch_buffer_i.fifo_i.rdata_q,2.0655
data_rvalid_i,u_ibex_core.if_stage_i.gen_prefetch_buffer.prefetch_buffer_i.fifo_i.rdata_q,2.0655
data_rvalid_i,u_ibex_core.if_stage_i.gen_prefetch_buffer.prefetch_buffer_i.fifo_i.rdata_q,2.0655
data_rvalid_i,u_ibex_core.if_stage_i.gen_prefetch_buffer.prefetch_buffer_i.fifo_i.rdata_q,2.0655
data_rvalid_i,u_ibex_core.if_stage_i.gen_prefetch_buffer.prefetch_buffer_i.fifo_i.rdata_q,2.0655
data_rvalid_i,u_ibex_core.if_stage_i.gen_prefetch_buffer.prefetch_buffer_i.fifo_i.rdata_q,2.0655
data_rvalid_i,u_ibex_core.if_stage_i.gen_prefetch_buffer.prefetch_buffer_i.fifo_i.rdata_q,2.0655
data_rvalid_i,u_ibex_core.if_stage_i.gen_prefetch_buffer.prefetch_buffer_i.fifo_i.rdata_q,2.0655
data_rvalid_i,u_ibex_core.if_stage_i.gen_prefetch_buffer.prefetch_buffer_i.fifo_i.rdata_q,2.0655
data_rvalid_i,u_ibex_core.if_stage_i.gen_prefetch_buffer.prefetch_buffer_i.fifo_i.rdata_q,2.0655
data_rvalid_i,u_ibex_core.if_stage_i.gen_prefetch_buffer.prefetch_buffer_i.fifo_i.rdata_q,2.0655
data_rvalid_i,u_ibex_core.if_stage_i.gen_prefetch_buffer.prefetch_buffer_i.fifo_i.rdata_q,2.0655
data_rvalid_i,u_ibex_core.if_stage_i.gen_prefetch_buffer.prefetch_buffer_i.fifo_i.rdata_q,2.0655
data_rvalid_i,crash_dump_o,2.0666
data_rvalid_i,u_ibex_core.id_stage_i.decoder_i.instr_alu,2.067
data_rvalid_i,u_ibex_core.id_stage_i.decoder_i.instr_alu,2.0672
data_rvalid_i,u_ibex_core.id_stage_i.controller_i.instr_i,2.0672
data_rvalid_i,u_ibex_core.id_stage_i.decoder_i.instr_alu,2.0672
data_rvalid_i,u_ibex_core.id_stage_i.controller_i.instr_i,2.0672
data_rvalid_i,u_ibex_core.id_stage_i.decoder_i.instr_alu,2.0673
data_rvalid_i,u_ibex_core.id_stage_i.controller_i.instr_i,2.0673
data_rvalid_i,u_ibex_core.id_stage_i.decoder_i.instr_alu,2.0673
data_rvalid_i,u_ibex_core.id_stage_i.decoder_i.instr_alu,2.0673
data_rvalid_i,u_ibex_core.id_stage_i.decoder_i.instr_alu,2.0673
data_rvalid_i,u_ibex_core.id_stage_i.controller_i.instr_i,2.0673
data_rvalid_i,u_ibex_core.id_stage_i.controller_i.instr_i,2.0673
data_rvalid_i,u_ibex_core.id_stage_i.controller_i.instr_i,2.0673
data_rvalid_i,u_ibex_core.id_stage_i.controller_i.instr_i,2.0686
data_rvalid_i,u_ibex_core.id_stage_i.controller_i.instr_i,2.071
data_rvalid_i,u_ibex_core.id_stage_i.decoder_i.instr_alu,2.0711
data_rvalid_i,u_ibex_core.id_stage_i.decoder_i.instr_alu,2.0714
data_rvalid_i,u_ibex_core.id_stage_i.controller_i.instr_i,2.0714
data_rvalid_i,u_ibex_core.id_stage_i.controller_i.instr_i,2.0715
data_rvalid_i,u_ibex_core.id_stage_i.decoder_i.instr_alu,2.0715
data_rvalid_i,u_ibex_core.cs_registers_i.mhpmcounter[2],2.0716
data_rvalid_i,u_ibex_core.cs_registers_i.mhpmcounter[2],2.0722
data_rvalid_i,u_ibex_core.cs_registers_i.mhpmcounter[2],2.0728
data_rvalid_i,u_ibex_core.cs_registers_i.mhpmcounter[2],2.0747
data_rvalid_i,u_ibex_core.cs_registers_i.mhpmcounter[2],2.075
data_rvalid_i,u_ibex_core.cs_registers_i.mhpmcounter[2],2.0756
data_rvalid_i,u_ibex_core.cs_registers_i.mhpmcounter[2],2.076
data_rvalid_i,u_ibex_core.cs_registers_i.mhpmcounter[2],2.0771
data_rvalid_i,u_ibex_core.cs_registers_i.mhpmcounter[2],2.0777
data_rvalid_i,u_ibex_core.id_stage_i.decoder_i.instr_alu,2.0784
data_rvalid_i,u_ibex_core.id_stage_i.controller_i.instr_i,2.0801
data_rvalid_i,u_ibex_core.cs_registers_i.mhpmcounter[2],2.0802
data_rvalid_i,u_ibex_core.cs_registers_i.mhpmcounter[2],2.0808
data_rvalid_i,u_ibex_core.cs_registers_i.mhpmcounter[2],2.0809
data_rvalid_i,u_ibex_core.cs_registers_i.mhpmcounter[2],2.0837
data_rvalid_i,u_ibex_core.cs_registers_i.mhpmcounter[2],2.0847
data_rvalid_i,u_ibex_core.cs_registers_i.mhpmcounter[2],2.0861
data_rvalid_i,u_ibex_core.id_stage_i.decoder_i.instr_alu,2.089
data_rvalid_i,gen_regfile_latch.register_file_i.waddr_a_i,2.0895
data_rvalid_i,u_ibex_core.id_stage_i.controller_i.instr_i,2.0898
data_rvalid_i,u_ibex_core.id_stage_i.decoder_i.instr_alu,2.0905
data_rvalid_i,u_ibex_core.id_stage_i.decoder_i.instr_alu,2.0905
data_rvalid_i,u_ibex_core.id_stage_i.controller_i.instr_i,2.0905
data_rvalid_i,u_ibex_core.id_stage_i.controller_i.instr_i,2.0908
data_rvalid_i,u_ibex_core.id_stage_i.controller_i.id_wb_pending,2.0913
data_rvalid_i,gen_regfile_latch.register_file_i.raddr_a_i,2.0916
data_rvalid_i,u_ibex_core.if_stage_i.gen_prefetch_buffer.prefetch_buffer_i.fifo_i.rdata_q,2.0923
data_rvalid_i,u_ibex_core.if_stage_i.gen_prefetch_buffer.prefetch_buffer_i.fifo_i.rdata_q,2.0923
data_rvalid_i,u_ibex_core.if_stage_i.gen_prefetch_buffer.prefetch_buffer_i.fifo_i.err_q,2.0923
data_rvalid_i,u_ibex_core.if_stage_i.gen_prefetch_buffer.prefetch_buffer_i.fifo_i.err_q,2.0923
data_rvalid_i,u_ibex_core.if_stage_i.gen_prefetch_buffer.prefetch_buffer_i.fifo_i.rdata_q,2.0923
data_rvalid_i,u_ibex_core.if_stage_i.gen_prefetch_buffer.prefetch_buffer_i.fifo_i.rdata_q,2.0923
data_rvalid_i,u_ibex_core.id_stage_i.decoder_i.instr_alu,2.0923
data_rvalid_i,u_ibex_core.id_stage_i.decoder_i.instr_alu,2.0953
data_rvalid_i,crash_dump_o,2.0954
data_rvalid_i,u_ibex_core.cs_registers_i.mhpmcounter[2],2.0979
data_rvalid_i,u_ibex_core.id_stage_i.controller_i.instr_i,2.0983
data_rvalid_i,u_ibex_core.id_stage_i.controller_i.instr_i,2.0998
data_rvalid_i,u_ibex_core.id_stage_i.controller_i.instr_is_compressed_i,2.1
data_rvalid_i,u_ibex_core.id_stage_i.controller_i.instr_compressed_i,2.1001
data_rvalid_i,crash_dump_o,2.1001
data_rvalid_i,crash_dump_o,2.1001
data_rvalid_i,crash_dump_o,2.1001
data_rvalid_i,crash_dump_o,2.1001
data_rvalid_i,crash_dump_o,2.1001
data_rvalid_i,crash_dump_o,2.1001
data_rvalid_i,crash_dump_o,2.1001
data_rvalid_i,crash_dump_o,2.1001
data_rvalid_i,crash_dump_o,2.1001
data_rvalid_i,crash_dump_o,2.1001
data_rvalid_i,crash_dump_o,2.1001
data_rvalid_i,crash_dump_o,2.1001
data_rvalid_i,crash_dump_o,2.1001
data_rvalid_i,crash_dump_o,2.1001
data_rvalid_i,crash_dump_o,2.1001
data_rvalid_i,crash_dump_o,2.1001
data_rvalid_i,crash_dump_o,2.1001
data_rvalid_i,crash_dump_o,2.1001
data_rvalid_i,crash_dump_o,2.1001
data_rvalid_i,u_ibex_core.id_stage_i.controller_i.instr_compressed_i,2.1001
data_rvalid_i,gen_regfile_latch.register_file_i.raddr_a_i,2.1001
data_rvalid_i,gen_regfile_latch.register_file_i.raddr_a_i,2.1001
data_rvalid_i,gen_regfile_latch.register_file_i.raddr_a_i,2.1001
data_rvalid_i,gen_regfile_latch.register_file_i.raddr_a_i,2.1001
data_rvalid_i,u_ibex_core.id_stage_i.controller_i.instr_fetch_err_i,2.1001
data_rvalid_i,crash_dump_o,2.1001
data_rvalid_i,crash_dump_o,2.1001
data_rvalid_i,crash_dump_o,2.1001
data_rvalid_i,crash_dump_o,2.1001
data_rvalid_i,crash_dump_o,2.1001
data_rvalid_i,crash_dump_o,2.1001
data_rvalid_i,crash_dump_o,2.1001
data_rvalid_i,u_ibex_core.id_stage_i.controller_i.instr_compressed_i,2.1001
data_rvalid_i,u_ibex_core.id_stage_i.controller_i.instr_compressed_i,2.1001
data_rvalid_i,u_ibex_core.id_stage_i.controller_i.instr_compressed_i,2.1001
data_rvalid_i,u_ibex_core.id_stage_i.controller_i.instr_compressed_i,2.1001
data_rvalid_i,u_ibex_core.id_stage_i.controller_i.instr_compressed_i,2.1001
data_rvalid_i,u_ibex_core.id_stage_i.controller_i.instr_compressed_i,2.1001
data_rvalid_i,u_ibex_core.id_stage_i.controller_i.instr_compressed_i,2.1001
data_rvalid_i,u_ibex_core.id_stage_i.controller_i.instr_compressed_i,2.1001
data_rvalid_i,u_ibex_core.id_stage_i.controller_i.instr_compressed_i,2.1001
data_rvalid_i,u_ibex_core.id_stage_i.controller_i.instr_compressed_i,2.1001
data_rvalid_i,u_ibex_core.id_stage_i.controller_i.instr_compressed_i,2.1001
data_rvalid_i,u_ibex_core.id_stage_i.controller_i.instr_compressed_i,2.1001
data_rvalid_i,u_ibex_core.id_stage_i.controller_i.instr_compressed_i,2.1001
data_rvalid_i,gen_regfile_latch.register_file_i.raddr_b_i,2.1001
data_rvalid_i,gen_regfile_latch.register_file_i.raddr_b_i,2.1001
data_rvalid_i,gen_regfile_latch.register_file_i.raddr_b_i,2.1001
data_rvalid_i,u_ibex_core.id_stage_i.controller_i.instr_i,2.1008
data_rvalid_i,u_ibex_core.cs_registers_i.mhpmcounter[2],2.1009
data_rvalid_i,crash_dump_o,2.1012
data_rvalid_i,crash_dump_o,2.1012
data_rvalid_i,crash_dump_o,2.1012
data_rvalid_i,crash_dump_o,2.1012
data_rvalid_i,crash_dump_o,2.1012
data_rvalid_i,gen_regfile_latch.register_file_i.waddr_a_i,2.1014
data_rvalid_i,u_ibex_core.cs_registers_i.mhpmcounter[2],2.1017
data_rvalid_i,u_ibex_core.cs_registers_i.mhpmcounter[2],2.1018
data_rvalid_i,gen_regfile_latch.register_file_i.waddr_a_i,2.102
data_rvalid_i,gen_regfile_latch.register_file_i.waddr_a_i,2.102
data_rvalid_i,u_ibex_core.id_stage_i.decoder_i.instr_alu,2.1022
data_rvalid_i,u_ibex_core.id_stage_i.decoder_i.illegal_c_insn_i,2.1025
data_rvalid_i,gen_regfile_latch.register_file_i.waddr_a_i,2.1025
data_rvalid_i,gen_regfile_latch.register_file_i.raddr_b_i,2.1025
data_rvalid_i,gen_regfile_latch.register_file_i.raddr_b_i,2.1025
irq_fast_i[5],u_ibex_core.if_stage_i.gen_prefetch_buffer.prefetch_buffer_i.fetch_addr_q,2.1032
data_rvalid_i,u_ibex_core.id_stage_i.controller_i.instr_fetch_err_plus2_i,2.1056
data_rvalid_i,crash_dump_o,2.1069
data_rvalid_i,u_ibex_core.cs_registers_i.mhpmcounter[2],2.1077
data_rvalid_i,u_ibex_core.id_stage_i.controller_i.instr_compressed_i,2.1098
data_rvalid_i,u_ibex_core.cs_registers_i.mhpmcounter[2],2.111
irq_fast_i[5],u_ibex_core.if_stage_i.gen_prefetch_buffer.prefetch_buffer_i.fetch_addr_q,2.1148
data_rvalid_i,u_ibex_core.cs_registers_i.mcycle_counter_i.counter,2.1152
data_rvalid_i,u_ibex_core.cs_registers_i.mcycle_counter_i.counter,2.1173
data_rvalid_i,u_ibex_core.cs_registers_i.mcycle_counter_i.counter,2.1173
data_rvalid_i,u_ibex_core.cs_registers_i.mhpmcounter[2],2.1196
data_rvalid_i,u_ibex_core.cs_registers_i.mcycle_counter_i.counter,2.1215
data_rvalid_i,u_ibex_core.cs_registers_i.mcycle_counter_i.counter,2.1215
data_rvalid_i,u_ibex_core.cs_registers_i.mcycle_counter_i.counter,2.1223
data_rvalid_i,u_ibex_core.cs_registers_i.mcycle_counter_i.counter,2.1223
data_rvalid_i,u_ibex_core.cs_registers_i.mcycle_counter_i.counter,2.1223
data_rvalid_i,u_ibex_core.cs_registers_i.mcycle_counter_i.counter,2.1223
data_rvalid_i,u_ibex_core.cs_registers_i.mcycle_counter_i.counter,2.1223
data_rvalid_i,u_ibex_core.cs_registers_i.mcycle_counter_i.counter,2.1223
data_rvalid_i,u_ibex_core.cs_registers_i.mcycle_counter_i.counter,2.1223
data_rvalid_i,u_ibex_core.cs_registers_i.mcycle_counter_i.counter,2.1223
data_rvalid_i,u_ibex_core.cs_registers_i.mcycle_counter_i.counter,2.1223
data_rvalid_i,u_ibex_core.cs_registers_i.mcycle_counter_i.counter,2.1223
data_rvalid_i,u_ibex_core.cs_registers_i.mcycle_counter_i.counter,2.1223
data_rvalid_i,u_ibex_core.cs_registers_i.mcycle_counter_i.counter,2.1224
data_rvalid_i,u_ibex_core.cs_registers_i.mcycle_counter_i.counter,2.1224
data_rvalid_i,u_ibex_core.cs_registers_i.mcycle_counter_i.counter,2.1224
data_rvalid_i,u_ibex_core.cs_registers_i.mcycle_counter_i.counter,2.1224
data_rvalid_i,u_ibex_core.cs_registers_i.mcycle_counter_i.counter,2.1224
data_rvalid_i,u_ibex_core.cs_registers_i.mcycle_counter_i.counter,2.1224
data_rvalid_i,u_ibex_core.cs_registers_i.mcycle_counter_i.counter,2.1246
data_rvalid_i,u_ibex_core.cs_registers_i.mcycle_counter_i.counter,2.1246
data_rvalid_i,u_ibex_core.cs_registers_i.mcycle_counter_i.counter,2.1246
data_rvalid_i,u_ibex_core.cs_registers_i.mcycle_counter_i.counter,2.1246
data_rvalid_i,u_ibex_core.cs_registers_i.mcycle_counter_i.counter,2.1246
data_rvalid_i,u_ibex_core.cs_registers_i.mcycle_counter_i.counter,2.1246
data_rvalid_i,u_ibex_core.cs_registers_i.mcycle_counter_i.counter,2.1246
data_rvalid_i,u_ibex_core.cs_registers_i.mcycle_counter_i.counter,2.1246
data_rvalid_i,u_ibex_core.cs_registers_i.mcycle_counter_i.counter,2.1246
data_rvalid_i,u_ibex_core.cs_registers_i.mhpmcounter[2],2.1248
data_rvalid_i,u_ibex_core.cs_registers_i.mtval_q,2.1259
data_rvalid_i,u_ibex_core.cs_registers_i.mtval_q,2.1259
data_rvalid_i,u_ibex_core.cs_registers_i.mtval_q,2.1259
data_rvalid_i,u_ibex_core.cs_registers_i.mcycle_counter_i.counter,2.1278
data_rvalid_i,u_ibex_core.cs_registers_i.mcycle_counter_i.counter,2.1283
data_rvalid_i,u_ibex_core.cs_registers_i.mcycle_counter_i.counter,2.1283
data_rvalid_i,u_ibex_core.cs_registers_i.mcycle_counter_i.counter,2.1283
data_rvalid_i,u_ibex_core.cs_registers_i.mcycle_counter_i.counter,2.1283
data_rvalid_i,u_ibex_core.cs_registers_i.mcycle_counter_i.counter,2.1283
data_rvalid_i,u_ibex_core.cs_registers_i.mcycle_counter_i.counter,2.1283
data_rvalid_i,u_ibex_core.cs_registers_i.mcycle_counter_i.counter,2.1283
data_rvalid_i,u_ibex_core.cs_registers_i.mcycle_counter_i.counter,2.1283
data_rvalid_i,u_ibex_core.cs_registers_i.mcycle_counter_i.counter,2.13
data_rvalid_i,u_ibex_core.cs_registers_i.mcycle_counter_i.counter,2.13
data_rvalid_i,u_ibex_core.cs_registers_i.mcycle_counter_i.counter,2.1303
data_rvalid_i,u_ibex_core.cs_registers_i.mhpmcounter[2],2.132
data_rvalid_i,u_ibex_core.cs_registers_i.mcycle_counter_i.counter,2.1332
data_rvalid_i,u_ibex_core.cs_registers_i.mcycle_counter_i.counter,2.1332
data_rvalid_i,u_ibex_core.cs_registers_i.mtval_q,2.1365
data_rvalid_i,u_ibex_core.cs_registers_i.mtval_q,2.1366
data_rvalid_i,u_ibex_core.cs_registers_i.mtval_q,2.1366
data_rvalid_i,u_ibex_core.cs_registers_i.mtval_q,2.1366
data_rvalid_i,u_ibex_core.cs_registers_i.mtval_q,2.1366
data_rvalid_i,u_ibex_core.cs_registers_i.mtval_q,2.1366
data_rvalid_i,u_ibex_core.cs_registers_i.mtval_q,2.1366
data_rvalid_i,u_ibex_core.cs_registers_i.mtval_q,2.1366
data_rvalid_i,u_ibex_core.cs_registers_i.mtval_q,2.1366
data_rvalid_i,u_ibex_core.cs_registers_i.dscratch1_q,2.1366
data_rvalid_i,u_ibex_core.cs_registers_i.dscratch0_q,2.1366
data_rvalid_i,u_ibex_core.cs_registers_i.dscratch1_q,2.1367
data_rvalid_i,u_ibex_core.cs_registers_i.dscratch1_q,2.1367
data_rvalid_i,u_ibex_core.cs_registers_i.dscratch1_q,2.1367
data_rvalid_i,u_ibex_core.cs_registers_i.dscratch1_q,2.1367
data_rvalid_i,u_ibex_core.cs_registers_i.dscratch1_q,2.1367
data_rvalid_i,u_ibex_core.cs_registers_i.dscratch1_q,2.1367
data_rvalid_i,u_ibex_core.cs_registers_i.dscratch0_q,2.1367
data_rvalid_i,u_ibex_core.cs_registers_i.dscratch0_q,2.1367
data_rvalid_i,u_ibex_core.cs_registers_i.dscratch0_q,2.1367
data_rvalid_i,u_ibex_core.cs_registers_i.dscratch0_q,2.1367
data_rvalid_i,u_ibex_core.cs_registers_i.dscratch0_q,2.1367
data_rvalid_i,u_ibex_core.cs_registers_i.dscratch0_q,2.1367
data_rvalid_i,u_ibex_core.cs_registers_i.dscratch1_q,2.1367
data_rvalid_i,u_ibex_core.cs_registers_i.dscratch1_q,2.1367
data_rvalid_i,u_ibex_core.cs_registers_i.dscratch1_q,2.1367
data_rvalid_i,u_ibex_core.cs_registers_i.dscratch1_q,2.1367
data_rvalid_i,u_ibex_core.cs_registers_i.dscratch1_q,2.1367
data_rvalid_i,u_ibex_core.cs_registers_i.dscratch0_q,2.1367
data_rvalid_i,u_ibex_core.cs_registers_i.dscratch0_q,2.1367
data_rvalid_i,u_ibex_core.cs_registers_i.dscratch0_q,2.1367
data_rvalid_i,u_ibex_core.cs_registers_i.dscratch0_q,2.1367
data_rvalid_i,u_ibex_core.cs_registers_i.dscratch0_q,2.1367
data_rvalid_i,u_ibex_core.cs_registers_i.dscratch1_q,2.1367
data_rvalid_i,u_ibex_core.cs_registers_i.dscratch1_q,2.1367
data_rvalid_i,u_ibex_core.cs_registers_i.dscratch1_q,2.1367
data_rvalid_i,u_ibex_core.cs_registers_i.dscratch1_q,2.1367
data_rvalid_i,u_ibex_core.cs_registers_i.dscratch1_q,2.1367
data_rvalid_i,u_ibex_core.cs_registers_i.dscratch1_q,2.1367
data_rvalid_i,u_ibex_core.cs_registers_i.dscratch1_q,2.1367
data_rvalid_i,u_ibex_core.cs_registers_i.dscratch1_q,2.1367
data_rvalid_i,u_ibex_core.cs_registers_i.dscratch1_q,2.1367
data_rvalid_i,u_ibex_core.cs_registers_i.dscratch1_q,2.1367
data_rvalid_i,u_ibex_core.cs_registers_i.dscratch1_q,2.1367
data_rvalid_i,u_ibex_core.cs_registers_i.dscratch1_q,2.1367
data_rvalid_i,u_ibex_core.cs_registers_i.dscratch1_q,2.1367
data_rvalid_i,u_ibex_core.cs_registers_i.dscratch1_q,2.1367
data_rvalid_i,u_ibex_core.cs_registers_i.dscratch1_q,2.1367
data_rvalid_i,u_ibex_core.cs_registers_i.dscratch1_q,2.1367
data_rvalid_i,u_ibex_core.cs_registers_i.dscratch1_q,2.1367
data_rvalid_i,u_ibex_core.cs_registers_i.dscratch1_q,2.1367
data_rvalid_i,u_ibex_core.cs_registers_i.dscratch0_q,2.1367
data_rvalid_i,u_ibex_core.cs_registers_i.dscratch0_q,2.1367
data_rvalid_i,u_ibex_core.cs_registers_i.dscratch0_q,2.1367
data_rvalid_i,u_ibex_core.cs_registers_i.dscratch0_q,2.1367
data_rvalid_i,u_ibex_core.cs_registers_i.dscratch0_q,2.1367
data_rvalid_i,u_ibex_core.cs_registers_i.dscratch0_q,2.1367
data_rvalid_i,u_ibex_core.cs_registers_i.dscratch0_q,2.1367
data_rvalid_i,u_ibex_core.cs_registers_i.dscratch0_q,2.1367
data_rvalid_i,u_ibex_core.cs_registers_i.dscratch0_q,2.1367
data_rvalid_i,u_ibex_core.cs_registers_i.dscratch0_q,2.1367
data_rvalid_i,u_ibex_core.cs_registers_i.dscratch0_q,2.1367
data_rvalid_i,u_ibex_core.cs_registers_i.dscratch0_q,2.1367
data_rvalid_i,u_ibex_core.cs_registers_i.dscratch0_q,2.1367
data_rvalid_i,u_ibex_core.cs_registers_i.dscratch0_q,2.1367
data_rvalid_i,u_ibex_core.cs_registers_i.dscratch0_q,2.1367
data_rvalid_i,u_ibex_core.cs_registers_i.dscratch0_q,2.1367
data_rvalid_i,u_ibex_core.cs_registers_i.dscratch0_q,2.1367
data_rvalid_i,u_ibex_core.cs_registers_i.dscratch0_q,2.1367
data_rvalid_i,crash_dump_o,2.1435
data_rvalid_i,crash_dump_o,2.1435
data_rvalid_i,crash_dump_o,2.1435
data_rvalid_i,crash_dump_o,2.1435
data_rvalid_i,crash_dump_o,2.1435
data_rvalid_i,crash_dump_o,2.1435
data_rvalid_i,crash_dump_o,2.1435
data_rvalid_i,crash_dump_o,2.1435
data_rvalid_i,u_ibex_core.cs_registers_i.mcycle_counter_i.counter,2.1463
data_rvalid_i,u_ibex_core.cs_registers_i.mcycle_counter_i.counter,2.1463
data_rvalid_i,u_ibex_core.cs_registers_i.mcycle_counter_i.counter,2.1463
data_rvalid_i,u_ibex_core.cs_registers_i.mcycle_counter_i.counter,2.1463
data_rvalid_i,u_ibex_core.cs_registers_i.mcycle_counter_i.counter,2.1463
data_rvalid_i,u_ibex_core.cs_registers_i.mcycle_counter_i.counter,2.1463
data_rvalid_i,u_ibex_core.cs_registers_i.mhpmcounter[2],2.1467
data_rvalid_i,u_ibex_core.cs_registers_i.mhpmcounter[2],2.1469
data_rvalid_i,u_ibex_core.cs_registers_i.mtval_q,2.1482
data_rvalid_i,u_ibex_core.cs_registers_i.mtval_q,2.1482
data_rvalid_i,u_ibex_core.cs_registers_i.mtval_q,2.1485
data_rvalid_i,u_ibex_core.cs_registers_i.mie_q,2.1489
data_rvalid_i,u_ibex_core.cs_registers_i.mie_q,2.1489
data_rvalid_i,u_ibex_core.cs_registers_i.mie_q,2.1489
data_rvalid_i,u_ibex_core.cs_registers_i.mie_q,2.1489
data_rvalid_i,u_ibex_core.cs_registers_i.mie_q,2.1489
data_rvalid_i,u_ibex_core.cs_registers_i.mie_q,2.1489
data_rvalid_i,u_ibex_core.cs_registers_i.mie_q,2.1489
data_rvalid_i,u_ibex_core.cs_registers_i.mie_q,2.1489
data_rvalid_i,u_ibex_core.cs_registers_i.mie_q,2.1489
data_rvalid_i,u_ibex_core.cs_registers_i.mie_q,2.1489
data_rvalid_i,crash_dump_o,2.1508
data_rvalid_i,crash_dump_o,2.1508
data_rvalid_i,u_ibex_core.cs_registers_i.mhpmcounter[2],2.1516
data_rvalid_i,u_ibex_core.cs_registers_i.mhpmcounter[2],2.1518
data_rvalid_i,u_ibex_core.cs_registers_i.mhpmcounter[2],2.1524
data_rvalid_i,u_ibex_core.cs_registers_i.mtval_q,2.1533
data_rvalid_i,u_ibex_core.cs_registers_i.mtval_q,2.1533
data_rvalid_i,u_ibex_core.cs_registers_i.mtval_q,2.1533
data_rvalid_i,u_ibex_core.cs_registers_i.mtval_q,2.1533
data_rvalid_i,u_ibex_core.cs_registers_i.mtval_q,2.1533
data_rvalid_i,u_ibex_core.cs_registers_i.mtval_q,2.1534
data_rvalid_i,u_ibex_core.cs_registers_i.mhpmcounter[2],2.1536
data_rvalid_i,u_ibex_core.cs_registers_i.mhpmcounter[2],2.1536
data_rvalid_i,u_ibex_core.cs_registers_i.mhpmcounter[2],2.1536
data_rvalid_i,u_ibex_core.cs_registers_i.mhpmcounter[2],2.1536
data_rvalid_i,u_ibex_core.cs_registers_i.mhpmcounter[2],2.1538
data_rvalid_i,u_ibex_core.if_stage_i.gen_prefetch_buffer.prefetch_buffer_i.fifo_busy,2.154
data_rvalid_i,crash_dump_o,2.1543
data_rvalid_i,crash_dump_o,2.1543
data_rvalid_i,crash_dump_o,2.1543
data_rvalid_i,crash_dump_o,2.1543
data_rvalid_i,u_ibex_core.cs_registers_i.mcycle_counter_i.counter,2.1547
data_rvalid_i,u_ibex_core.cs_registers_i.mcycle_counter_i.counter,2.1547
irq_fast_i[5],u_ibex_core.if_stage_i.gen_prefetch_buffer.prefetch_buffer_i.fetch_addr_q,2.1563
data_rvalid_i,u_ibex_core.cs_registers_i.mcycle_counter_i.counter,2.1611
data_rvalid_i,u_ibex_core.cs_registers_i.dcsr_q,2.1619
data_rvalid_i,u_ibex_core.cs_registers_i.dcsr_q,2.1619
data_rvalid_i,u_ibex_core.cs_registers_i.dcsr_q,2.1619
data_rvalid_i,u_ibex_core.cs_registers_i.dcsr_q,2.1619
data_rvalid_i,u_ibex_core.cs_registers_i.dcsr_q,2.1619
data_rvalid_i,u_ibex_core.cs_registers_i.dcsr_q,2.1619
data_rvalid_i,u_ibex_core.cs_registers_i.dcsr_q,2.1619
data_rvalid_i,u_ibex_core.cs_registers_i.dcsr_q,2.1619
data_rvalid_i,u_ibex_core.cs_registers_i.dcsr_q,2.1619
data_rvalid_i,u_ibex_core.cs_registers_i.dcsr_q,2.1619
data_rvalid_i,u_ibex_core.cs_registers_i.dcsr_q,2.1619
data_rvalid_i,u_ibex_core.cs_registers_i.dcsr_q,2.1619
data_rvalid_i,u_ibex_core.cs_registers_i.dcsr_q,2.1619
data_rvalid_i,u_ibex_core.cs_registers_i.dcsr_q,2.1619
data_rvalid_i,u_ibex_core.cs_registers_i.dcsr_q,2.1619
data_rvalid_i,u_ibex_core.cs_registers_i.dcsr_q,2.1619
data_rvalid_i,u_ibex_core.cs_registers_i.dcsr_q,2.1619
data_rvalid_i,u_ibex_core.cs_registers_i.dcsr_q,2.1619
data_rvalid_i,u_ibex_core.cs_registers_i.dcsr_q,2.1619
data_rvalid_i,u_ibex_core.cs_registers_i.dcsr_q,2.1619
data_rvalid_i,u_ibex_core.cs_registers_i.mtval_q,2.1629
data_rvalid_i,u_ibex_core.cs_registers_i.mtval_q,2.1629
data_rvalid_i,u_ibex_core.cs_registers_i.mtval_q,2.1629
data_rvalid_i,u_ibex_core.cs_registers_i.mtval_q,2.1629
data_rvalid_i,u_ibex_core.cs_registers_i.mtval_q,2.1629
data_rvalid_i,u_ibex_core.cs_registers_i.mtval_q,2.1629
data_rvalid_i,u_ibex_core.cs_registers_i.mtval_q,2.1629
data_rvalid_i,u_ibex_core.cs_registers_i.mcycle_counter_i.counter,2.1632
data_rvalid_i,u_ibex_core.cs_registers_i.mtval_q,2.1643
data_rvalid_i,u_ibex_core.cs_registers_i.mtval_q,2.1643
data_rvalid_i,u_ibex_core.cs_registers_i.mtval_q,2.1643
data_rvalid_i,u_ibex_core.cs_registers_i.mtval_q,2.1643
data_rvalid_i,u_ibex_core.cs_registers_i.mcycle_counter_i.counter,2.1647
data_rvalid_i,u_ibex_core.cs_registers_i.mcycle_counter_i.counter,2.1648
data_rvalid_i,u_ibex_core.cs_registers_i.mcycle_counter_i.counter,2.1648
data_rvalid_i,u_ibex_core.cs_registers_i.mcycle_counter_i.counter,2.1648
data_rvalid_i,u_ibex_core.cs_registers_i.mcycle_counter_i.counter,2.1648
data_rvalid_i,u_ibex_core.cs_registers_i.mhpmcounter[2],2.1653
data_rvalid_i,u_ibex_core.cs_registers_i.csr_depc_o,2.1678
data_rvalid_i,u_ibex_core.cs_registers_i.csr_depc_o,2.1678
data_rvalid_i,u_ibex_core.cs_registers_i.csr_depc_o,2.1678
data_rvalid_i,u_ibex_core.cs_registers_i.csr_depc_o,2.1678
data_rvalid_i,u_ibex_core.cs_registers_i.csr_depc_o,2.1678
data_rvalid_i,u_ibex_core.cs_registers_i.csr_depc_o,2.1678
data_rvalid_i,u_ibex_core.cs_registers_i.csr_depc_o,2.1678
data_rvalid_i,u_ibex_core.cs_registers_i.csr_depc_o,2.1678
data_rvalid_i,u_ibex_core.cs_registers_i.csr_depc_o,2.1678
data_rvalid_i,u_ibex_core.cs_registers_i.csr_depc_o,2.1678
data_rvalid_i,u_ibex_core.cs_registers_i.csr_depc_o,2.1678
data_rvalid_i,u_ibex_core.cs_registers_i.csr_depc_o,2.1678
data_rvalid_i,u_ibex_core.cs_registers_i.csr_depc_o,2.1678
data_rvalid_i,u_ibex_core.cs_registers_i.csr_depc_o,2.1678
data_rvalid_i,u_ibex_core.cs_registers_i.csr_depc_o,2.1678
data_rvalid_i,u_ibex_core.cs_registers_i.csr_depc_o,2.1678
data_rvalid_i,u_ibex_core.cs_registers_i.csr_depc_o,2.1678
data_rvalid_i,u_ibex_core.cs_registers_i.csr_depc_o,2.1678
data_rvalid_i,u_ibex_core.cs_registers_i.csr_depc_o,2.1678
data_rvalid_i,u_ibex_core.cs_registers_i.csr_depc_o,2.1678
data_rvalid_i,u_ibex_core.cs_registers_i.csr_depc_o,2.1678
data_rvalid_i,u_ibex_core.cs_registers_i.csr_depc_o,2.1678
data_rvalid_i,u_ibex_core.cs_registers_i.csr_depc_o,2.1678
data_rvalid_i,u_ibex_core.cs_registers_i.csr_depc_o,2.1678
data_rvalid_i,u_ibex_core.cs_registers_i.csr_depc_o,2.1678
data_rvalid_i,u_ibex_core.cs_registers_i.csr_depc_o,2.1678
data_rvalid_i,u_ibex_core.cs_registers_i.csr_depc_o,2.1678
data_rvalid_i,u_ibex_core.cs_registers_i.csr_depc_o,2.1678
data_rvalid_i,u_ibex_core.cs_registers_i.csr_depc_o,2.1678
data_rvalid_i,u_ibex_core.cs_registers_i.csr_depc_o,2.1678
data_rvalid_i,u_ibex_core.cs_registers_i.mcycle_counter_i.counter,2.1704
data_rvalid_i,u_ibex_core.cs_registers_i.mstack_d,2.1741
data_rvalid_i,u_ibex_core.cs_registers_i.mcycle_counter_i.counter,2.1753
data_rvalid_i,u_ibex_core.cs_registers_i.mcycle_counter_i.counter,2.1753
data_rvalid_i,u_ibex_core.cs_registers_i.mcycle_counter_i.counter,2.1753
data_rvalid_i,_00026_,2.1764
data_rvalid_i,u_ibex_core.cs_registers_i.mscratch_q,2.1765
data_rvalid_i,_00045_,2.1765
data_rvalid_i,_00028_,2.1765
data_rvalid_i,_00030_,2.1765
data_rvalid_i,_00033_,2.1765
data_rvalid_i,_00040_,2.1765
data_rvalid_i,u_ibex_core.cs_registers_i.mscratch_q,2.1765
data_rvalid_i,_00044_,2.1765
data_rvalid_i,_00046_,2.1765
data_rvalid_i,_00047_,2.1765
data_rvalid_i,_00022_,2.1765
data_rvalid_i,u_ibex_core.cs_registers_i.mscratch_q,2.1765
data_rvalid_i,u_ibex_core.cs_registers_i.mscratch_q,2.1765
data_rvalid_i,u_ibex_core.cs_registers_i.mscratch_q,2.1765
data_rvalid_i,u_ibex_core.cs_registers_i.mscratch_q,2.1765
data_rvalid_i,_00023_,2.1765
data_rvalid_i,_00024_,2.1765
data_rvalid_i,_00025_,2.1765
data_rvalid_i,_00027_,2.1765
data_rvalid_i,_00029_,2.1765
data_rvalid_i,_00031_,2.1765
data_rvalid_i,_00032_,2.1765
data_rvalid_i,_00034_,2.1765
data_rvalid_i,_00035_,2.1765
data_rvalid_i,_00036_,2.1765
data_rvalid_i,_00037_,2.1765
data_rvalid_i,_00038_,2.1765
data_rvalid_i,_00039_,2.1765
data_rvalid_i,_00041_,2.1765
irq_fast_i[5],u_ibex_core.if_stage_i.gen_prefetch_buffer.prefetch_buffer_i.fetch_addr_q,2.1767
data_rvalid_i,u_ibex_core.cs_registers_i.mcause_q,2.1811
data_rvalid_i,u_ibex_core.cs_registers_i.mcause_q,2.1811
data_rvalid_i,u_ibex_core.cs_registers_i.mcause_q,2.1811
data_rvalid_i,u_ibex_core.cs_registers_i.mcause_q,2.1811
data_rvalid_i,u_ibex_core.cs_registers_i.mcause_q,2.1811
data_rvalid_i,u_ibex_core.cs_registers_i.mcause_q,2.1811
data_rvalid_i,u_ibex_core.cs_registers_i.dcsr_q,2.1826
data_rvalid_i,u_ibex_core.id_stage_i.controller_i.controller_run_o,2.1832
data_rvalid_i,u_ibex_core.cs_registers_i.csr_mtvec_o,2.1844
data_rvalid_i,u_ibex_core.cs_registers_i.csr_mtvec_o,2.1844
data_rvalid_i,u_ibex_core.cs_registers_i.csr_mtvec_o,2.1844
data_rvalid_i,u_ibex_core.cs_registers_i.csr_mtvec_o,2.1844
data_rvalid_i,u_ibex_core.cs_registers_i.csr_mtvec_o,2.1844
data_rvalid_i,u_ibex_core.cs_registers_i.csr_mtvec_o,2.1844
data_rvalid_i,u_ibex_core.cs_registers_i.csr_mtvec_o,2.1844
data_rvalid_i,u_ibex_core.cs_registers_i.csr_mtvec_o,2.1844
data_rvalid_i,u_ibex_core.cs_registers_i.csr_mtvec_o,2.1844
data_rvalid_i,u_ibex_core.cs_registers_i.csr_mtvec_o,2.1844
data_rvalid_i,u_ibex_core.cs_registers_i.csr_mtvec_o,2.1844
data_rvalid_i,u_ibex_core.cs_registers_i.csr_mtvec_o,2.1844
data_rvalid_i,u_ibex_core.cs_registers_i.csr_mtvec_o,2.1844
data_rvalid_i,u_ibex_core.cs_registers_i.csr_mtvec_o,2.1844
data_rvalid_i,u_ibex_core.cs_registers_i.csr_mtvec_o,2.1844
data_rvalid_i,u_ibex_core.cs_registers_i.csr_mtvec_o,2.1844
data_rvalid_i,u_ibex_core.cs_registers_i.csr_mtvec_o,2.1844
data_rvalid_i,u_ibex_core.cs_registers_i.csr_mtvec_o,2.1844
data_rvalid_i,u_ibex_core.cs_registers_i.csr_mtvec_o,2.1844
data_rvalid_i,u_ibex_core.cs_registers_i.csr_mtvec_o,2.1844
data_rvalid_i,u_ibex_core.cs_registers_i.csr_depc_o,2.1849
data_rvalid_i,u_ibex_core.cs_registers_i.dcsr_q,2.1877
data_rvalid_i,u_ibex_core.cs_registers_i.debug_single_step_o,2.1881
data_rvalid_i,u_ibex_core.cs_registers_i.debug_ebreaku_o,2.1881
data_rvalid_i,u_ibex_core.cs_registers_i.dcsr_q,2.1881
data_rvalid_i,u_ibex_core.cs_registers_i.debug_ebreakm_o,2.1881
data_rvalid_i,u_ibex_core.cs_registers_i.mie_q,2.1921
data_rvalid_i,u_ibex_core.cs_registers_i.mie_q,2.1921
data_rvalid_i,u_ibex_core.cs_registers_i.mie_q,2.1921
data_rvalid_i,u_ibex_core.cs_registers_i.mie_q,2.1921
data_rvalid_i,u_ibex_core.cs_registers_i.mie_q,2.1921
data_rvalid_i,u_ibex_core.cs_registers_i.mie_q,2.1921
data_rvalid_i,u_ibex_core.cs_registers_i.mie_q,2.1921
data_rvalid_i,u_ibex_core.cs_registers_i.mie_q,2.1921
data_rvalid_i,u_ibex_core.if_stage_i.gen_prefetch_buffer.prefetch_buffer_i.fifo_i.valid_q,2.1931
data_rvalid_i,u_ibex_core.cs_registers_i.csr_mtvec_o,2.1959
data_rvalid_i,u_ibex_core.cs_registers_i.csr_mtvec_o,2.1959
data_rvalid_i,u_ibex_core.cs_registers_i.csr_depc_o,2.1992
data_rvalid_i,u_ibex_core.cs_registers_i.csr_mstatus_mie_o,2.1996
data_rvalid_i,u_ibex_core.cs_registers_i.dscratch1_q,2.201
data_rvalid_i,u_ibex_core.cs_registers_i.dscratch1_q,2.201
data_rvalid_i,u_ibex_core.cs_registers_i.dscratch0_q,2.201
data_rvalid_i,u_ibex_core.cs_registers_i.dscratch0_q,2.201
data_rvalid_i,u_ibex_core.if_stage_i.gen_prefetch_buffer.prefetch_buffer_i.fifo_busy,2.2026
data_rvalid_i,crash_dump_o,2.2036
data_rvalid_i,crash_dump_o,2.2036
data_rvalid_i,crash_dump_o,2.2036
data_rvalid_i,crash_dump_o,2.2036
data_rvalid_i,crash_dump_o,2.2036
data_rvalid_i,crash_dump_o,2.2036
data_rvalid_i,crash_dump_o,2.2036
data_rvalid_i,crash_dump_o,2.2036
data_rvalid_i,crash_dump_o,2.2036
data_rvalid_i,crash_dump_o,2.2036
data_rvalid_i,crash_dump_o,2.2069
data_rvalid_i,crash_dump_o,2.2069
data_rvalid_i,crash_dump_o,2.2069
data_rvalid_i,crash_dump_o,2.2069
data_rvalid_i,crash_dump_o,2.2069
data_rvalid_i,crash_dump_o,2.2069
data_rvalid_i,crash_dump_o,2.2069
data_rvalid_i,crash_dump_o,2.2069
data_rvalid_i,u_ibex_core.id_stage_i.controller_i.ctrl_fsm_cs,2.2094
data_rvalid_i,u_ibex_core.cs_registers_i.mcountinhibit,2.2103
data_rvalid_i,u_ibex_core.cs_registers_i.mcountinhibit,2.2103
data_rvalid_i,u_ibex_core.cs_registers_i.csr_mtvec_o,2.2123
data_rvalid_i,u_ibex_core.cs_registers_i.csr_mtvec_o,2.2123
data_rvalid_i,u_ibex_core.cs_registers_i.csr_mtvec_o,2.2123
data_rvalid_i,u_ibex_core.cs_registers_i.csr_mtvec_o,2.2123
data_rvalid_i,u_ibex_core.cs_registers_i.csr_mtvec_o,2.2123
data_rvalid_i,u_ibex_core.cs_registers_i.csr_mtvec_o,2.2123
data_rvalid_i,u_ibex_core.cs_registers_i.csr_mtvec_o,2.2123
data_rvalid_i,u_ibex_core.cs_registers_i.icache_enable_o,2.2205
data_rvalid_i,u_ibex_core.cs_registers_i.dummy_instr_en_o,2.2205
data_rvalid_i,u_ibex_core.cs_registers_i.cpuctrl_q,2.2205
data_rvalid_i,u_ibex_core.cs_registers_i.cpuctrl_q,2.2205
data_rvalid_i,u_ibex_core.cs_registers_i.cpuctrl_q,2.2205
irq_fast_i[5],u_ibex_core.if_stage_i.gen_prefetch_buffer.prefetch_buffer_i.fetch_addr_q,2.2247
data_rvalid_i,u_ibex_core.cs_registers_i.dcsr_q,2.2293
data_rvalid_i,u_ibex_core.cs_registers_i.csr_mtvec_o,2.2347
data_rvalid_i,u_ibex_core.cs_registers_i.mstack_d,2.2353
data_rvalid_i,u_ibex_core.cs_registers_i.dcsr_q,2.2389
data_rvalid_i,u_ibex_core.cs_registers_i.dcsr_q,2.2389
data_rvalid_i,_00042_,2.2408
data_rvalid_i,_00043_,2.2408
data_rvalid_i,u_ibex_core.cs_registers_i.csr_mtvec_o,2.2488
data_rvalid_i,u_ibex_core.cs_registers_i.csr_mtvec_o,2.2488
irq_fast_i[5],u_ibex_core.if_stage_i.gen_prefetch_buffer.prefetch_buffer_i.fetch_addr_q,2.2518
data_rvalid_i,u_ibex_core.cs_registers_i.mstack_d,2.2531
data_rvalid_i,u_ibex_core.cs_registers_i.mcountinhibit,2.2648
data_rvalid_i,u_ibex_core.cs_registers_i.data_ind_timing_o,2.2654
data_rvalid_i,u_ibex_core.cs_registers_i.csr_mstatus_tw_o,2.2742
data_rvalid_i,u_ibex_core.cs_registers_i.mstatus_q,2.2742
data_rvalid_i,u_ibex_core.id_stage_i.controller_i.ctrl_fsm_cs,2.2749
irq_fast_i[5],u_ibex_core.if_stage_i.gen_prefetch_buffer.prefetch_buffer_i.fetch_addr_q,2.2837
data_rvalid_i,u_ibex_core.id_stage_i.branch_jump_set_done_q,2.2865
data_rvalid_i,u_ibex_core.id_stage_i.controller_i.ctrl_fsm_cs,2.2868
irq_fast_i[5],u_ibex_core.if_stage_i.gen_prefetch_buffer.prefetch_buffer_i.fetch_addr_q,2.304
data_rdata_i[31],gen_regfile_latch.register_file_i.wdata_a_q,2.3415
instr_rvalid_i,u_ibex_core.if_stage_i.gen_prefetch_buffer.prefetch_buffer_i.fifo_i.rdata_q,2.3422
instr_rvalid_i,u_ibex_core.if_stage_i.gen_prefetch_buffer.prefetch_buffer_i.fifo_i.rdata_q,2.3422
instr_rvalid_i,u_ibex_core.if_stage_i.gen_prefetch_buffer.prefetch_buffer_i.fifo_i.rdata_q,2.3422
instr_rvalid_i,u_ibex_core.if_stage_i.gen_prefetch_buffer.prefetch_buffer_i.fifo_i.rdata_q,2.3422
instr_rvalid_i,u_ibex_core.if_stage_i.gen_prefetch_buffer.prefetch_buffer_i.fifo_i.rdata_q,2.3422
instr_rvalid_i,u_ibex_core.if_stage_i.gen_prefetch_buffer.prefetch_buffer_i.fifo_i.rdata_q,2.3422
instr_rvalid_i,u_ibex_core.if_stage_i.gen_prefetch_buffer.prefetch_buffer_i.fifo_i.rdata_q,2.3422
instr_rvalid_i,u_ibex_core.if_stage_i.gen_prefetch_buffer.prefetch_buffer_i.fifo_i.rdata_q,2.3422
instr_rvalid_i,u_ibex_core.if_stage_i.gen_prefetch_buffer.prefetch_buffer_i.fifo_i.rdata_q,2.3422
instr_rvalid_i,u_ibex_core.if_stage_i.gen_prefetch_buffer.prefetch_buffer_i.fifo_i.rdata_q,2.3422
instr_rvalid_i,u_ibex_core.if_stage_i.gen_prefetch_buffer.prefetch_buffer_i.fifo_i.rdata_q,2.3422
instr_rvalid_i,u_ibex_core.if_stage_i.gen_prefetch_buffer.prefetch_buffer_i.fifo_i.rdata_q,2.3422
instr_rvalid_i,u_ibex_core.if_stage_i.gen_prefetch_buffer.prefetch_buffer_i.fifo_i.rdata_q,2.3422
instr_rvalid_i,u_ibex_core.if_stage_i.gen_prefetch_buffer.prefetch_buffer_i.fifo_i.rdata_q,2.3422
instr_rvalid_i,u_ibex_core.if_stage_i.gen_prefetch_buffer.prefetch_buffer_i.fifo_i.rdata_q,2.3422
instr_rvalid_i,u_ibex_core.if_stage_i.gen_prefetch_buffer.prefetch_buffer_i.fifo_i.rdata_q,2.3422
instr_rvalid_i,u_ibex_core.if_stage_i.gen_prefetch_buffer.prefetch_buffer_i.fifo_i.rdata_q,2.3422
instr_rvalid_i,u_ibex_core.if_stage_i.gen_prefetch_buffer.prefetch_buffer_i.fifo_i.rdata_q,2.3422
instr_rvalid_i,u_ibex_core.if_stage_i.gen_prefetch_buffer.prefetch_buffer_i.fifo_i.rdata_q,2.3422
instr_rvalid_i,u_ibex_core.if_stage_i.gen_prefetch_buffer.prefetch_buffer_i.fifo_i.rdata_q,2.3422
instr_rvalid_i,u_ibex_core.if_stage_i.gen_prefetch_buffer.prefetch_buffer_i.fifo_i.rdata_q,2.3429
instr_rvalid_i,u_ibex_core.if_stage_i.gen_prefetch_buffer.prefetch_buffer_i.fifo_i.rdata_q,2.3429
instr_rvalid_i,u_ibex_core.if_stage_i.gen_prefetch_buffer.prefetch_buffer_i.fifo_i.rdata_q,2.3429
instr_rvalid_i,u_ibex_core.if_stage_i.gen_prefetch_buffer.prefetch_buffer_i.fifo_i.rdata_q,2.3429
instr_rvalid_i,u_ibex_core.if_stage_i.gen_prefetch_buffer.prefetch_buffer_i.fifo_i.rdata_q,2.3429
instr_rvalid_i,u_ibex_core.if_stage_i.gen_prefetch_buffer.prefetch_buffer_i.fifo_i.rdata_q,2.3429
instr_rvalid_i,u_ibex_core.if_stage_i.gen_prefetch_buffer.prefetch_buffer_i.fifo_i.rdata_q,2.3429
instr_rvalid_i,u_ibex_core.if_stage_i.gen_prefetch_buffer.prefetch_buffer_i.fifo_i.rdata_q,2.3429
instr_rvalid_i,u_ibex_core.if_stage_i.gen_prefetch_buffer.prefetch_buffer_i.fifo_i.rdata_q,2.3429
data_err_i,gen_regfile_latch.register_file_i.wdata_a_q,2.344
data_rdata_i[31],gen_regfile_latch.register_file_i.wdata_a_q,2.3449
data_rdata_i[31],gen_regfile_latch.register_file_i.wdata_a_q,2.3465
data_rvalid_i,u_ibex_core.id_stage_i.controller_i.ctrl_fsm_cs,2.3477
data_rdata_i[31],gen_regfile_latch.register_file_i.wdata_a_q,2.3494
data_rdata_i[31],gen_regfile_latch.register_file_i.wdata_a_q,2.3494
data_rdata_i[31],gen_regfile_latch.register_file_i.wdata_a_q,2.352
irq_fast_i[5],u_ibex_core.if_stage_i.gen_prefetch_buffer.prefetch_buffer_i.fetch_addr_q,2.352
data_rdata_i[31],gen_regfile_latch.register_file_i.wdata_a_q,2.3521
data_rdata_i[31],gen_regfile_latch.register_file_i.wdata_a_q,2.3521
data_rdata_i[31],gen_regfile_latch.register_file_i.wdata_a_q,2.3521
data_rdata_i[31],gen_regfile_latch.register_file_i.wdata_a_q,2.3522
data_err_i,gen_regfile_latch.register_file_i.wdata_a_q,2.3689
irq_fast_i[5],u_ibex_core.if_stage_i.gen_prefetch_buffer.prefetch_buffer_i.fetch_addr_q,2.3792
data_err_i,gen_regfile_latch.register_file_i.wdata_a_q,2.3832
data_err_i,gen_regfile_latch.register_file_i.wdata_a_q,2.3832
data_err_i,gen_regfile_latch.register_file_i.wdata_a_q,2.3832
data_err_i,gen_regfile_latch.register_file_i.wdata_a_q,2.3832
instr_rvalid_i,u_ibex_core.if_stage_i.gen_prefetch_buffer.prefetch_buffer_i.fifo_i.err_q,2.3835
data_gnt_i,crash_dump_o,2.3948
data_gnt_i,crash_dump_o,2.3948
data_gnt_i,crash_dump_o,2.3948
data_gnt_i,crash_dump_o,2.3948
data_gnt_i,crash_dump_o,2.3948
data_gnt_i,crash_dump_o,2.3948
data_gnt_i,crash_dump_o,2.3948
data_gnt_i,crash_dump_o,2.3948
data_gnt_i,crash_dump_o,2.3948
data_gnt_i,crash_dump_o,2.3948
data_gnt_i,crash_dump_o,2.3948
data_gnt_i,crash_dump_o,2.3948
data_gnt_i,crash_dump_o,2.3948
data_gnt_i,crash_dump_o,2.3948
data_gnt_i,crash_dump_o,2.3948
data_gnt_i,crash_dump_o,2.3948
data_gnt_i,crash_dump_o,2.3948
data_gnt_i,crash_dump_o,2.3948
data_gnt_i,crash_dump_o,2.3948
data_gnt_i,crash_dump_o,2.3948
data_err_i,gen_regfile_latch.register_file_i.wdata_a_q,2.4052
data_err_i,gen_regfile_latch.register_file_i.wdata_a_q,2.4082
data_err_i,gen_regfile_latch.register_file_i.wdata_a_q,2.4082
data_err_i,gen_regfile_latch.register_file_i.wdata_a_q,2.409
data_err_i,gen_regfile_latch.register_file_i.wdata_a_q,2.409
data_err_i,gen_regfile_latch.register_file_i.wdata_a_q,2.409
irq_fast_i[5],u_ibex_core.if_stage_i.gen_prefetch_buffer.prefetch_buffer_i.fetch_addr_q,2.4111
data_gnt_i,crash_dump_o,2.4127
data_gnt_i,crash_dump_o,2.4127
data_gnt_i,crash_dump_o,2.4127
data_gnt_i,crash_dump_o,2.4128
data_gnt_i,crash_dump_o,2.4128
data_gnt_i,crash_dump_o,2.4128
data_gnt_i,crash_dump_o,2.4128
data_gnt_i,crash_dump_o,2.4128
data_rvalid_i,u_ibex_core.load_store_unit_i.rdata_q,2.4156
data_rvalid_i,u_ibex_core.load_store_unit_i.rdata_q,2.4156
data_rvalid_i,u_ibex_core.load_store_unit_i.rdata_q,2.4156
data_rvalid_i,u_ibex_core.load_store_unit_i.rdata_q,2.4156
data_rvalid_i,u_ibex_core.load_store_unit_i.rdata_q,2.4156
data_rvalid_i,u_ibex_core.load_store_unit_i.rdata_q,2.4156
data_rvalid_i,u_ibex_core.load_store_unit_i.rdata_q,2.4156
data_rvalid_i,u_ibex_core.load_store_unit_i.rdata_q,2.4156
data_rvalid_i,u_ibex_core.load_store_unit_i.rdata_q,2.4156
data_rvalid_i,u_ibex_core.load_store_unit_i.rdata_q,2.4156
data_rvalid_i,u_ibex_core.load_store_unit_i.rdata_q,2.4156
data_rvalid_i,u_ibex_core.load_store_unit_i.rdata_q,2.4156
data_rvalid_i,u_ibex_core.load_store_unit_i.rdata_q,2.4156
data_rvalid_i,u_ibex_core.load_store_unit_i.rdata_q,2.4156
data_rvalid_i,u_ibex_core.load_store_unit_i.rdata_q,2.4156
data_rvalid_i,u_ibex_core.load_store_unit_i.rdata_q,2.4156
data_rvalid_i,u_ibex_core.load_store_unit_i.rdata_q,2.4156
data_rvalid_i,u_ibex_core.load_store_unit_i.rdata_q,2.4156
data_rvalid_i,u_ibex_core.load_store_unit_i.rdata_q,2.4156
data_rvalid_i,u_ibex_core.load_store_unit_i.rdata_q,2.4156
data_err_i,gen_regfile_latch.register_file_i.wdata_a_q,2.4165
data_err_i,gen_regfile_latch.register_file_i.wdata_a_q,2.4224
data_err_i,gen_regfile_latch.register_file_i.wdata_a_q,2.4224
instr_rvalid_i,u_ibex_core.if_stage_i.gen_prefetch_buffer.prefetch_buffer_i.fifo_i.rdata_q,2.4308
instr_rvalid_i,u_ibex_core.if_stage_i.gen_prefetch_buffer.prefetch_buffer_i.fifo_i.rdata_q,2.4308
instr_rvalid_i,u_ibex_core.if_stage_i.gen_prefetch_buffer.prefetch_buffer_i.fifo_i.rdata_q,2.4308
irq_fast_i[5],u_ibex_core.if_stage_i.gen_prefetch_buffer.prefetch_buffer_i.fetch_addr_q,2.4314
data_err_i,gen_regfile_latch.register_file_i.wdata_a_q,2.4328
data_err_i,gen_regfile_latch.register_file_i.wdata_a_q,2.4328
data_err_i,gen_regfile_latch.register_file_i.wdata_a_q,2.4407
data_err_i,gen_regfile_latch.register_file_i.wdata_a_q,2.4407
data_err_i,gen_regfile_latch.register_file_i.wdata_a_q,2.4411
data_err_i,gen_regfile_latch.register_file_i.wdata_a_q,2.4416
data_gnt_i,crash_dump_o,2.4535
data_gnt_i,crash_dump_o,2.4535
irq_fast_i[5],u_ibex_core.if_stage_i.gen_prefetch_buffer.prefetch_buffer_i.stored_addr_q,2.4762
irq_fast_i[5],u_ibex_core.if_stage_i.gen_prefetch_buffer.prefetch_buffer_i.fetch_addr_q,2.4794
data_err_i,gen_regfile_latch.register_file_i.wdata_a_q,2.4836
data_gnt_i,crash_dump_o,2.4973
data_gnt_i,crash_dump_o,2.4973
data_rvalid_i,u_ibex_core.load_store_unit_i.rdata_q,2.5037
data_rvalid_i,u_ibex_core.load_store_unit_i.rdata_q,2.5037
data_rvalid_i,u_ibex_core.load_store_unit_i.rdata_q,2.5037
data_rvalid_i,u_ibex_core.load_store_unit_i.rdata_q,2.5037
irq_fast_i[5],u_ibex_core.if_stage_i.gen_prefetch_buffer.prefetch_buffer_i.fetch_addr_q,2.5052
data_rvalid_i,u_ibex_core.id_stage_i.id_fsm_q,2.5079
irq_fast_i[5],u_ibex_core.if_stage_i.gen_prefetch_buffer.prefetch_buffer_i.stored_addr_q,2.5117
irq_fast_i[5],u_ibex_core.if_stage_i.gen_prefetch_buffer.prefetch_buffer_i.branch_discard_q,2.5147
data_rvalid_i,u_ibex_core.load_store_unit_i.handle_misaligned_q,2.517
irq_fast_i[5],u_ibex_core.if_stage_i.gen_prefetch_buffer.prefetch_buffer_i.stored_addr_q,2.5356
instr_gnt_i,u_ibex_core.if_stage_i.gen_prefetch_buffer.prefetch_buffer_i.stored_addr_q,2.536
instr_gnt_i,u_ibex_core.if_stage_i.gen_prefetch_buffer.prefetch_buffer_i.stored_addr_q,2.536
instr_gnt_i,u_ibex_core.if_stage_i.gen_prefetch_buffer.prefetch_buffer_i.stored_addr_q,2.536
instr_gnt_i,u_ibex_core.if_stage_i.gen_prefetch_buffer.prefetch_buffer_i.stored_addr_q,2.536
instr_gnt_i,u_ibex_core.if_stage_i.gen_prefetch_buffer.prefetch_buffer_i.stored_addr_q,2.536
instr_gnt_i,u_ibex_core.if_stage_i.gen_prefetch_buffer.prefetch_buffer_i.stored_addr_q,2.536
instr_gnt_i,u_ibex_core.if_stage_i.gen_prefetch_buffer.prefetch_buffer_i.stored_addr_q,2.536
instr_gnt_i,u_ibex_core.if_stage_i.gen_prefetch_buffer.prefetch_buffer_i.stored_addr_q,2.536
instr_gnt_i,u_ibex_core.if_stage_i.gen_prefetch_buffer.prefetch_buffer_i.stored_addr_q,2.536
instr_gnt_i,u_ibex_core.if_stage_i.gen_prefetch_buffer.prefetch_buffer_i.stored_addr_q,2.536
instr_gnt_i,u_ibex_core.if_stage_i.gen_prefetch_buffer.prefetch_buffer_i.stored_addr_q,2.536
instr_gnt_i,u_ibex_core.if_stage_i.gen_prefetch_buffer.prefetch_buffer_i.stored_addr_q,2.536
instr_gnt_i,u_ibex_core.if_stage_i.gen_prefetch_buffer.prefetch_buffer_i.stored_addr_q,2.536
instr_gnt_i,u_ibex_core.if_stage_i.gen_prefetch_buffer.prefetch_buffer_i.stored_addr_q,2.536
instr_gnt_i,u_ibex_core.if_stage_i.gen_prefetch_buffer.prefetch_buffer_i.stored_addr_q,2.536
instr_gnt_i,u_ibex_core.if_stage_i.gen_prefetch_buffer.prefetch_buffer_i.stored_addr_q,2.536
instr_gnt_i,u_ibex_core.if_stage_i.gen_prefetch_buffer.prefetch_buffer_i.stored_addr_q,2.536
instr_gnt_i,u_ibex_core.if_stage_i.gen_prefetch_buffer.prefetch_buffer_i.stored_addr_q,2.536
instr_gnt_i,u_ibex_core.if_stage_i.gen_prefetch_buffer.prefetch_buffer_i.stored_addr_q,2.536
instr_gnt_i,u_ibex_core.if_stage_i.gen_prefetch_buffer.prefetch_buffer_i.stored_addr_q,2.536
instr_gnt_i,u_ibex_core.if_stage_i.gen_prefetch_buffer.prefetch_buffer_i.stored_addr_q,2.536
instr_gnt_i,u_ibex_core.if_stage_i.gen_prefetch_buffer.prefetch_buffer_i.stored_addr_q,2.536
instr_gnt_i,u_ibex_core.if_stage_i.gen_prefetch_buffer.prefetch_buffer_i.stored_addr_q,2.536
instr_gnt_i,u_ibex_core.if_stage_i.gen_prefetch_buffer.prefetch_buffer_i.stored_addr_q,2.536
instr_gnt_i,u_ibex_core.if_stage_i.gen_prefetch_buffer.prefetch_buffer_i.stored_addr_q,2.536
instr_gnt_i,u_ibex_core.if_stage_i.gen_prefetch_buffer.prefetch_buffer_i.stored_addr_q,2.536
instr_gnt_i,u_ibex_core.if_stage_i.gen_prefetch_buffer.prefetch_buffer_i.stored_addr_q,2.536
irq_fast_i[5],u_ibex_core.if_stage_i.gen_prefetch_buffer.prefetch_buffer_i.fetch_addr_q,2.5474
data_gnt_i,u_ibex_core.load_store_unit_i.rdata_offset_q,2.5555
data_gnt_i,u_ibex_core.load_store_unit_i.rdata_offset_q,2.5555
data_gnt_i,u_ibex_core.load_store_unit_i.data_we_q,2.5555
data_gnt_i,u_ibex_core.load_store_unit_i.data_sign_ext_q,2.5555
data_rvalid_i,u_ibex_core.load_store_unit_i.lsu_err_q,2.5562
data_rvalid_i,u_ibex_core.load_store_unit_i.ls_fsm_cs,2.5631
data_gnt_i,u_ibex_core.load_store_unit_i.data_type_q,2.5717
irq_fast_i[5],u_ibex_core.if_stage_i.gen_prefetch_buffer.prefetch_buffer_i.fetch_addr_q,2.5774
instr_rvalid_i,u_ibex_core.if_stage_i.gen_prefetch_buffer.prefetch_buffer_i.rdata_pmp_err_n,2.5797
irq_fast_i[5],u_ibex_core.if_stage_i.gen_prefetch_buffer.prefetch_buffer_i.branch_discard_q,2.5806
instr_rvalid_i,u_ibex_core.if_stage_i.gen_prefetch_buffer.prefetch_buffer_i.rdata_outstanding_q,2.5813
data_gnt_i,u_ibex_core.load_store_unit_i.data_type_q,2.5829
data_rvalid_i,u_ibex_core.load_store_unit_i.ls_fsm_cs,2.6049
instr_rvalid_i,u_ibex_core.if_stage_i.gen_prefetch_buffer.prefetch_buffer_i.rdata_pmp_err_n,2.6056
instr_rvalid_i,u_ibex_core.if_stage_i.gen_prefetch_buffer.prefetch_buffer_i.rdata_outstanding_q,2.6059
irq_fast_i[5],u_ibex_core.if_stage_i.gen_prefetch_buffer.prefetch_buffer_i.fetch_addr_q,2.6066
data_gnt_i,u_ibex_core.load_store_unit_i.ls_fsm_cs,2.6123
data_rvalid_i,u_ibex_core.id_stage_i.controller_i.store_err_q,2.6178
data_rvalid_i,u_ibex_core.id_stage_i.controller_i.load_err_q,2.6291
irq_fast_i[5],u_ibex_core.if_stage_i.gen_prefetch_buffer.prefetch_buffer_i.discard_req_q,2.652
data_rvalid_i,u_ibex_core.load_store_unit_i.pmp_err_q,2.6783
irq_fast_i[5],u_ibex_core.if_stage_i.gen_prefetch_buffer.prefetch_buffer_i.fetch_addr_q,2.6887
irq_fast_i[5],u_ibex_core.if_stage_i.gen_prefetch_buffer.prefetch_buffer_i.fetch_addr_q,2.7177
irq_fast_i[5],u_ibex_core.cs_registers_i.mstack_cause_q,2.7236
irq_fast_i[5],u_ibex_core.cs_registers_i.mstack_cause_q,2.7236
irq_fast_i[5],u_ibex_core.cs_registers_i.mstack_cause_q,2.7236
irq_fast_i[5],u_ibex_core.cs_registers_i.mstack_cause_q,2.7236
irq_fast_i[5],u_ibex_core.cs_registers_i.mstack_cause_q,2.7236
irq_fast_i[5],u_ibex_core.cs_registers_i.mstack_cause_q,2.7236
irq_fast_i[5],u_ibex_core.cs_registers_i.mstack_epc_q,2.7236
irq_fast_i[5],u_ibex_core.cs_registers_i.mstack_epc_q,2.7236
irq_fast_i[5],u_ibex_core.cs_registers_i.mstack_epc_q,2.7236
irq_fast_i[5],u_ibex_core.cs_registers_i.mstack_epc_q,2.7236
irq_fast_i[5],u_ibex_core.cs_registers_i.mstack_epc_q,2.7236
irq_fast_i[5],u_ibex_core.cs_registers_i.mstack_epc_q,2.7236
irq_fast_i[5],u_ibex_core.cs_registers_i.mstack_epc_q,2.7236
irq_fast_i[5],u_ibex_core.cs_registers_i.mstack_epc_q,2.7236
irq_fast_i[5],u_ibex_core.cs_registers_i.mstack_epc_q,2.7236
irq_fast_i[5],u_ibex_core.cs_registers_i.mstack_epc_q,2.7236
irq_fast_i[5],u_ibex_core.cs_registers_i.mstack_epc_q,2.7236
irq_fast_i[5],u_ibex_core.cs_registers_i.mstack_epc_q,2.7236
irq_fast_i[5],u_ibex_core.cs_registers_i.mstack_epc_q,2.7236
irq_fast_i[5],u_ibex_core.cs_registers_i.mstack_epc_q,2.7236
irq_fast_i[5],u_ibex_core.cs_registers_i.mstack_epc_q,2.7236
irq_fast_i[5],u_ibex_core.cs_registers_i.mstack_epc_q,2.7236
irq_fast_i[5],u_ibex_core.cs_registers_i.mstack_epc_q,2.7236
irq_fast_i[5],u_ibex_core.cs_registers_i.mstack_epc_q,2.7236
irq_fast_i[5],u_ibex_core.cs_registers_i.mstack_epc_q,2.7236
irq_fast_i[5],u_ibex_core.cs_registers_i.mstack_epc_q,2.7236
irq_fast_i[5],u_ibex_core.cs_registers_i.mstack_epc_q,2.7236
irq_fast_i[5],u_ibex_core.cs_registers_i.mstack_epc_q,2.7236
irq_fast_i[5],u_ibex_core.cs_registers_i.mstack_epc_q,2.7236
irq_fast_i[5],u_ibex_core.cs_registers_i.mstack_epc_q,2.7236
irq_fast_i[5],u_ibex_core.cs_registers_i.mstack_epc_q,2.7236
irq_fast_i[5],u_ibex_core.cs_registers_i.mstack_epc_q,2.7236
irq_fast_i[5],u_ibex_core.cs_registers_i.mstack_epc_q,2.7236
irq_fast_i[5],u_ibex_core.cs_registers_i.mstack_epc_q,2.7236
irq_fast_i[5],u_ibex_core.cs_registers_i.mstack_epc_q,2.7236
irq_fast_i[5],u_ibex_core.cs_registers_i.mstack_epc_q,2.7236
irq_fast_i[5],u_ibex_core.cs_registers_i.mstack_epc_q,2.7236
irq_fast_i[5],u_ibex_core.cs_registers_i.mstack_epc_q,2.7236
irq_fast_i[5],u_ibex_core.cs_registers_i.mstack_q,2.7236
irq_fast_i[5],u_ibex_core.cs_registers_i.mstack_q,2.7236
instr_gnt_i,u_ibex_core.if_stage_i.gen_prefetch_buffer.prefetch_buffer_i.valid_req_q,2.7371
irq_fast_i[5],u_ibex_core.cs_registers_i.dcsr_q,2.7429
irq_fast_i[5],u_ibex_core.if_stage_i.gen_prefetch_buffer.prefetch_buffer_i.fetch_addr_q,2.7491
irq_fast_i[5],u_ibex_core.if_stage_i.gen_prefetch_buffer.prefetch_buffer_i.fetch_addr_q,2.7614
irq_fast_i[5],u_ibex_core.cs_registers_i.dcsr_q,2.7682
irq_fast_i[5],u_ibex_core.cs_registers_i.dcsr_q,2.7835
irq_fast_i[5],core_busy_q,2.7905
irq_fast_i[5],u_ibex_core.cs_registers_i.mstack_q,2.8071
irq_fast_i[5],u_ibex_core.cs_registers_i.priv_lvl_q,2.8073
irq_fast_i[5],u_ibex_core.cs_registers_i.priv_lvl_q,2.8073
irq_fast_i[5],u_ibex_core.id_stage_i.controller_i.ctrl_fsm_cs,3.0829
irq_nm_i,u_ibex_core.cs_registers_i.nmi_mode_i,3.4493
debug_req_i,u_ibex_core.id_stage_i.controller_i.enter_debug_mode_prio_q,3.4635
fetch_enable_i,fetch_enable_q,3.9116
