Start Point, End Point, WNS (ns)
u_ibex_core.load_store_unit_i.ls_fsm_cs,instr_addr_o[31],0.7885
u_ibex_core.load_store_unit_i.ls_fsm_cs,instr_addr_o[30],0.8472
u_ibex_core.load_store_unit_i.ls_fsm_cs,instr_addr_o[26],0.9011
u_ibex_core.load_store_unit_i.ls_fsm_cs,instr_addr_o[28],0.9251
u_ibex_core.load_store_unit_i.ls_fsm_cs,instr_addr_o[29],0.9319
u_ibex_core.load_store_unit_i.ls_fsm_cs,instr_addr_o[27],0.9386
u_ibex_core.load_store_unit_i.ls_fsm_cs,data_addr_o[31],0.9842
u_ibex_core.load_store_unit_i.ls_fsm_cs,instr_addr_o[25],1.0286
u_ibex_core.load_store_unit_i.ls_fsm_cs,data_addr_o[30],1.0381
u_ibex_core.load_store_unit_i.ls_fsm_cs,instr_addr_o[24],1.0396
u_ibex_core.load_store_unit_i.ls_fsm_cs,instr_addr_o[23],1.0799
u_ibex_core.load_store_unit_i.ls_fsm_cs,data_addr_o[29],1.0913
u_ibex_core.load_store_unit_i.ls_fsm_cs,data_addr_o[26],1.0946
u_ibex_core.load_store_unit_i.ls_fsm_cs,instr_addr_o[21],1.1068
u_ibex_core.load_store_unit_i.ls_fsm_cs,instr_addr_o[22],1.126
u_ibex_core.load_store_unit_i.ls_fsm_cs,data_addr_o[28],1.1298
u_ibex_core.load_store_unit_i.ls_fsm_cs,data_addr_o[27],1.1457
u_ibex_core.load_store_unit_i.ls_fsm_cs,instr_addr_o[20],1.1494
u_ibex_core.load_store_unit_i.ls_fsm_cs,instr_addr_o[19],1.1506
u_ibex_core.load_store_unit_i.ls_fsm_cs,instr_addr_o[18],1.1723
u_ibex_core.id_stage_i.decoder_i.instr_alu,instr_addr_o[16],1.2298
u_ibex_core.load_store_unit_i.ls_fsm_cs,data_addr_o[25],1.24
u_ibex_core.load_store_unit_i.ls_fsm_cs,data_addr_o[24],1.2462
u_ibex_core.id_stage_i.decoder_i.instr_alu,instr_addr_o[17],1.247
u_ibex_core.load_store_unit_i.ls_fsm_cs,instr_addr_o[15],1.2494
u_ibex_core.id_stage_i.decoder_i.instr_alu,instr_addr_o[14],1.2613
u_ibex_core.load_store_unit_i.ls_fsm_cs,data_addr_o[23],1.2864
u_ibex_core.load_store_unit_i.ls_fsm_cs,data_addr_o[22],1.2972
u_ibex_core.id_stage_i.decoder_i.instr_alu,instr_addr_o[10],1.3177
u_ibex_core.load_store_unit_i.ls_fsm_cs,data_addr_o[19],1.3277
u_ibex_core.load_store_unit_i.ls_fsm_cs,data_addr_o[21],1.3316
u_ibex_core.load_store_unit_i.ls_fsm_cs,data_addr_o[18],1.3401
u_ibex_core.load_store_unit_i.ls_fsm_cs,instr_addr_o[11],1.3482
u_ibex_core.id_stage_i.decoder_i.instr_alu,data_addr_o[20],1.3544
u_ibex_core.load_store_unit_i.ls_fsm_cs,instr_addr_o[12],1.4035
u_ibex_core.id_stage_i.decoder_i.instr_alu,instr_addr_o[9],1.4083
u_ibex_core.id_stage_i.decoder_i.instr_alu,instr_addr_o[13],1.4091
u_ibex_core.load_store_unit_i.ls_fsm_cs,data_addr_o[15],1.4266
u_ibex_core.id_stage_i.decoder_i.instr_alu,data_addr_o[14],1.4291
u_ibex_core.id_stage_i.decoder_i.instr_alu,data_addr_o[16],1.4322
u_ibex_core.id_stage_i.decoder_i.instr_alu,instr_addr_o[6],1.4414
u_ibex_core.id_stage_i.decoder_i.instr_alu,data_addr_o[17],1.451
u_ibex_core.id_stage_i.decoder_i.instr_alu,instr_addr_o[8],1.4606
u_ibex_core.load_store_unit_i.ls_fsm_cs,instr_addr_o[7],1.4713
u_ibex_core.load_store_unit_i.ls_fsm_cs,data_addr_o[13],1.5053
u_ibex_core.id_stage_i.decoder_i.instr_alu,data_addr_o[10],1.5183
u_ibex_core.load_store_unit_i.ls_fsm_cs,data_addr_o[12],1.5277
u_ibex_core.id_stage_i.decoder_i.instr_alu,instr_addr_o[4],1.5284
u_ibex_core.load_store_unit_i.ls_fsm_cs,data_be_o[3],1.54
u_ibex_core.load_store_unit_i.ls_fsm_cs,data_be_o[2],1.5457
u_ibex_core.load_store_unit_i.ls_fsm_cs,data_wdata_o[5],1.5519
u_ibex_core.load_store_unit_i.ls_fsm_cs,data_addr_o[11],1.5576
u_ibex_core.load_store_unit_i.ls_fsm_cs,data_wdata_o[23],1.5603
u_ibex_core.load_store_unit_i.ls_fsm_cs,data_wdata_o[28],1.5603
u_ibex_core.load_store_unit_i.ls_fsm_cs,data_wdata_o[4],1.5603
u_ibex_core.load_store_unit_i.ls_fsm_cs,data_wdata_o[7],1.5603
u_ibex_core.load_store_unit_i.ls_fsm_cs,data_wdata_o[8],1.5603
u_ibex_core.load_store_unit_i.ls_fsm_cs,data_wdata_o[31],1.5611
u_ibex_core.load_store_unit_i.ls_fsm_cs,data_wdata_o[0],1.5613
u_ibex_core.load_store_unit_i.ls_fsm_cs,data_wdata_o[6],1.5613
u_ibex_core.load_store_unit_i.ls_fsm_cs,data_wdata_o[29],1.5615
u_ibex_core.load_store_unit_i.ls_fsm_cs,data_wdata_o[1],1.5617
u_ibex_core.load_store_unit_i.ls_fsm_cs,data_wdata_o[3],1.5624
u_ibex_core.load_store_unit_i.ls_fsm_cs,data_wdata_o[10],1.5638
u_ibex_core.load_store_unit_i.ls_fsm_cs,data_wdata_o[12],1.5638
u_ibex_core.load_store_unit_i.ls_fsm_cs,data_wdata_o[13],1.5638
u_ibex_core.load_store_unit_i.ls_fsm_cs,data_wdata_o[15],1.5638
u_ibex_core.load_store_unit_i.ls_fsm_cs,data_wdata_o[20],1.5638
u_ibex_core.load_store_unit_i.ls_fsm_cs,data_wdata_o[22],1.5638
u_ibex_core.load_store_unit_i.ls_fsm_cs,data_wdata_o[24],1.5638
u_ibex_core.load_store_unit_i.ls_fsm_cs,data_wdata_o[25],1.5638
u_ibex_core.load_store_unit_i.ls_fsm_cs,data_wdata_o[9],1.5638
u_ibex_core.load_store_unit_i.ls_fsm_cs,data_wdata_o[14],1.5684
u_ibex_core.load_store_unit_i.ls_fsm_cs,data_wdata_o[17],1.5684
u_ibex_core.load_store_unit_i.ls_fsm_cs,data_wdata_o[18],1.5684
u_ibex_core.load_store_unit_i.ls_fsm_cs,data_wdata_o[2],1.5684
u_ibex_core.load_store_unit_i.ls_fsm_cs,data_wdata_o[26],1.5684
u_ibex_core.load_store_unit_i.ls_fsm_cs,data_wdata_o[30],1.5684
u_ibex_core.load_store_unit_i.ls_fsm_cs,data_wdata_o[21],1.5705
u_ibex_core.load_store_unit_i.ls_fsm_cs,data_wdata_o[27],1.5705
u_ibex_core.id_stage_i.decoder_i.instr_alu,instr_addr_o[5],1.5926
u_ibex_core.id_stage_i.decoder_i.instr_alu,data_addr_o[9],1.6009
u_ibex_core.id_stage_i.decoder_i.instr_alu,instr_addr_o[3],1.6081
u_ibex_core.load_store_unit_i.ls_fsm_cs,instr_addr_o[2],1.626
u_ibex_core.load_store_unit_i.ls_fsm_cs,data_wdata_o[11],1.6274
u_ibex_core.load_store_unit_i.ls_fsm_cs,data_wdata_o[19],1.6274
u_ibex_core.load_store_unit_i.ls_fsm_cs,data_wdata_o[16],1.6276
u_ibex_core.id_stage_i.decoder_i.instr_alu,data_addr_o[6],1.6312
u_ibex_core.load_store_unit_i.ls_fsm_cs,data_addr_o[7],1.6464
u_ibex_core.id_stage_i.decoder_i.instr_alu,data_be_o[0],1.6534
u_ibex_core.id_stage_i.decoder_i.instr_alu,data_addr_o[8],1.6633
u_ibex_core.load_store_unit_i.ls_fsm_cs,data_be_o[1],1.6753
u_ibex_core.id_stage_i.decoder_i.instr_alu,data_addr_o[4],1.6996
u_ibex_core.id_stage_i.decoder_i.instr_alu,data_addr_o[5],1.7272
gen_regfile_latch.register_file_i.raddr_a_i,instr_req_o,1.778
u_ibex_core.id_stage_i.decoder_i.instr_alu,data_addr_o[3],1.7943
u_ibex_core.load_store_unit_i.ls_fsm_cs,data_addr_o[2],1.8272
gen_regfile_latch.register_file_i.raddr_a_i,data_req_o,1.9502
gen_regfile_latch.register_file_i.raddr_a_i,data_we_o,1.9949
u_ibex_core.cs_registers_i.mie_q,core_sleep_o,2.6662
