Start Point, End Point, WNS (ns)
u_ibex_core.load_store_unit_i.ls_fsm_cs,u_ibex_core.cs_registers_i.mhpmcounter[2],1.4591
u_ibex_core.load_store_unit_i.ls_fsm_cs,u_ibex_core.cs_registers_i.mcycle_counter_i.counter,1.4601
u_ibex_core.load_store_unit_i.ls_fsm_cs,u_ibex_core.cs_registers_i.mcycle_counter_i.counter,1.4621
u_ibex_core.load_store_unit_i.ls_fsm_cs,u_ibex_core.cs_registers_i.mcycle_counter_i.counter,1.4621
u_ibex_core.load_store_unit_i.ls_fsm_cs,u_ibex_core.if_stage_i.gen_prefetch_buffer.prefetch_buffer_i.fifo_i.rdata_q,1.4626
u_ibex_core.load_store_unit_i.ls_fsm_cs,u_ibex_core.if_stage_i.gen_prefetch_buffer.prefetch_buffer_i.fifo_i.rdata_q,1.4626
u_ibex_core.load_store_unit_i.ls_fsm_cs,u_ibex_core.if_stage_i.gen_prefetch_buffer.prefetch_buffer_i.fifo_i.rdata_q,1.4626
u_ibex_core.load_store_unit_i.ls_fsm_cs,u_ibex_core.if_stage_i.gen_prefetch_buffer.prefetch_buffer_i.fifo_i.rdata_q,1.4626
u_ibex_core.load_store_unit_i.ls_fsm_cs,u_ibex_core.if_stage_i.gen_prefetch_buffer.prefetch_buffer_i.fifo_i.rdata_q,1.4626
u_ibex_core.load_store_unit_i.ls_fsm_cs,u_ibex_core.if_stage_i.gen_prefetch_buffer.prefetch_buffer_i.fifo_i.rdata_q,1.4626
u_ibex_core.load_store_unit_i.ls_fsm_cs,u_ibex_core.if_stage_i.gen_prefetch_buffer.prefetch_buffer_i.fifo_i.rdata_q,1.4626
u_ibex_core.load_store_unit_i.ls_fsm_cs,u_ibex_core.if_stage_i.gen_prefetch_buffer.prefetch_buffer_i.fifo_i.rdata_q,1.4626
u_ibex_core.load_store_unit_i.ls_fsm_cs,u_ibex_core.if_stage_i.gen_prefetch_buffer.prefetch_buffer_i.fifo_i.rdata_q,1.4626
u_ibex_core.load_store_unit_i.ls_fsm_cs,u_ibex_core.if_stage_i.gen_prefetch_buffer.prefetch_buffer_i.fifo_i.rdata_q,1.4626
u_ibex_core.load_store_unit_i.ls_fsm_cs,u_ibex_core.if_stage_i.gen_prefetch_buffer.prefetch_buffer_i.fifo_i.rdata_q,1.4626
u_ibex_core.load_store_unit_i.ls_fsm_cs,u_ibex_core.if_stage_i.gen_prefetch_buffer.prefetch_buffer_i.fifo_i.rdata_q,1.4626
u_ibex_core.load_store_unit_i.ls_fsm_cs,u_ibex_core.if_stage_i.gen_prefetch_buffer.prefetch_buffer_i.fifo_i.rdata_q,1.4626
u_ibex_core.load_store_unit_i.ls_fsm_cs,u_ibex_core.if_stage_i.gen_prefetch_buffer.prefetch_buffer_i.fifo_i.rdata_q,1.4626
u_ibex_core.load_store_unit_i.ls_fsm_cs,u_ibex_core.if_stage_i.gen_prefetch_buffer.prefetch_buffer_i.fifo_i.rdata_q,1.4626
u_ibex_core.load_store_unit_i.ls_fsm_cs,u_ibex_core.if_stage_i.gen_prefetch_buffer.prefetch_buffer_i.fifo_i.rdata_q,1.4626
u_ibex_core.load_store_unit_i.ls_fsm_cs,u_ibex_core.if_stage_i.gen_prefetch_buffer.prefetch_buffer_i.fifo_i.rdata_q,1.4626
u_ibex_core.load_store_unit_i.ls_fsm_cs,u_ibex_core.if_stage_i.gen_prefetch_buffer.prefetch_buffer_i.fifo_i.rdata_q,1.4626
u_ibex_core.load_store_unit_i.ls_fsm_cs,u_ibex_core.if_stage_i.gen_prefetch_buffer.prefetch_buffer_i.fifo_i.rdata_q,1.4626
u_ibex_core.load_store_unit_i.ls_fsm_cs,u_ibex_core.if_stage_i.gen_prefetch_buffer.prefetch_buffer_i.fifo_i.rdata_q,1.4626
u_ibex_core.load_store_unit_i.ls_fsm_cs,u_ibex_core.cs_registers_i.mcycle_counter_i.counter,1.4663
u_ibex_core.load_store_unit_i.ls_fsm_cs,u_ibex_core.cs_registers_i.mcycle_counter_i.counter,1.4663
u_ibex_core.load_store_unit_i.ls_fsm_cs,u_ibex_core.cs_registers_i.mcycle_counter_i.counter,1.4671
u_ibex_core.load_store_unit_i.ls_fsm_cs,u_ibex_core.cs_registers_i.mcycle_counter_i.counter,1.4671
u_ibex_core.load_store_unit_i.ls_fsm_cs,u_ibex_core.cs_registers_i.mcycle_counter_i.counter,1.4671
u_ibex_core.load_store_unit_i.ls_fsm_cs,u_ibex_core.cs_registers_i.mcycle_counter_i.counter,1.4671
u_ibex_core.load_store_unit_i.ls_fsm_cs,u_ibex_core.cs_registers_i.mcycle_counter_i.counter,1.4671
u_ibex_core.load_store_unit_i.ls_fsm_cs,u_ibex_core.cs_registers_i.mcycle_counter_i.counter,1.4671
u_ibex_core.load_store_unit_i.ls_fsm_cs,u_ibex_core.cs_registers_i.mcycle_counter_i.counter,1.4671
u_ibex_core.load_store_unit_i.ls_fsm_cs,u_ibex_core.cs_registers_i.mcycle_counter_i.counter,1.4671
u_ibex_core.load_store_unit_i.ls_fsm_cs,u_ibex_core.cs_registers_i.mcycle_counter_i.counter,1.4671
u_ibex_core.load_store_unit_i.ls_fsm_cs,u_ibex_core.cs_registers_i.mcycle_counter_i.counter,1.4672
u_ibex_core.load_store_unit_i.ls_fsm_cs,u_ibex_core.cs_registers_i.mcycle_counter_i.counter,1.4672
u_ibex_core.load_store_unit_i.ls_fsm_cs,u_ibex_core.cs_registers_i.mcycle_counter_i.counter,1.4673
u_ibex_core.load_store_unit_i.ls_fsm_cs,u_ibex_core.cs_registers_i.mcycle_counter_i.counter,1.4673
u_ibex_core.load_store_unit_i.ls_fsm_cs,u_ibex_core.cs_registers_i.mcycle_counter_i.counter,1.4673
u_ibex_core.load_store_unit_i.ls_fsm_cs,u_ibex_core.cs_registers_i.mcycle_counter_i.counter,1.4673
u_ibex_core.load_store_unit_i.ls_fsm_cs,u_ibex_core.cs_registers_i.mcycle_counter_i.counter,1.4673
u_ibex_core.load_store_unit_i.ls_fsm_cs,u_ibex_core.cs_registers_i.mcycle_counter_i.counter,1.4673
u_ibex_core.load_store_unit_i.ls_fsm_cs,u_ibex_core.cs_registers_i.mcycle_counter_i.counter,1.4695
u_ibex_core.load_store_unit_i.ls_fsm_cs,u_ibex_core.cs_registers_i.mcycle_counter_i.counter,1.4695
u_ibex_core.load_store_unit_i.ls_fsm_cs,u_ibex_core.cs_registers_i.mcycle_counter_i.counter,1.4695
u_ibex_core.load_store_unit_i.ls_fsm_cs,u_ibex_core.cs_registers_i.mcycle_counter_i.counter,1.4695
u_ibex_core.load_store_unit_i.ls_fsm_cs,u_ibex_core.cs_registers_i.mcycle_counter_i.counter,1.4695
u_ibex_core.load_store_unit_i.ls_fsm_cs,u_ibex_core.cs_registers_i.mcycle_counter_i.counter,1.4695
u_ibex_core.load_store_unit_i.ls_fsm_cs,u_ibex_core.cs_registers_i.mcycle_counter_i.counter,1.4695
u_ibex_core.load_store_unit_i.ls_fsm_cs,u_ibex_core.cs_registers_i.mcycle_counter_i.counter,1.4695
u_ibex_core.load_store_unit_i.ls_fsm_cs,u_ibex_core.cs_registers_i.mcycle_counter_i.counter,1.4695
u_ibex_core.load_store_unit_i.ls_fsm_cs,u_ibex_core.cs_registers_i.mtval_q,1.4708
u_ibex_core.load_store_unit_i.ls_fsm_cs,u_ibex_core.cs_registers_i.mtval_q,1.4708
u_ibex_core.load_store_unit_i.ls_fsm_cs,u_ibex_core.cs_registers_i.mtval_q,1.4708
u_ibex_core.load_store_unit_i.ls_fsm_cs,u_ibex_core.if_stage_i.gen_prefetch_buffer.prefetch_buffer_i.fifo_i.rdata_q,1.471
u_ibex_core.load_store_unit_i.ls_fsm_cs,u_ibex_core.if_stage_i.gen_prefetch_buffer.prefetch_buffer_i.fifo_i.rdata_q,1.471
u_ibex_core.load_store_unit_i.ls_fsm_cs,u_ibex_core.if_stage_i.gen_prefetch_buffer.prefetch_buffer_i.fifo_i.rdata_q,1.471
u_ibex_core.load_store_unit_i.ls_fsm_cs,u_ibex_core.if_stage_i.gen_prefetch_buffer.prefetch_buffer_i.fifo_i.rdata_q,1.471
u_ibex_core.load_store_unit_i.ls_fsm_cs,u_ibex_core.if_stage_i.gen_prefetch_buffer.prefetch_buffer_i.fifo_i.rdata_q,1.471
u_ibex_core.load_store_unit_i.ls_fsm_cs,u_ibex_core.if_stage_i.gen_prefetch_buffer.prefetch_buffer_i.fifo_i.rdata_q,1.471
u_ibex_core.load_store_unit_i.ls_fsm_cs,u_ibex_core.if_stage_i.gen_prefetch_buffer.prefetch_buffer_i.fifo_i.rdata_q,1.471
u_ibex_core.load_store_unit_i.ls_fsm_cs,u_ibex_core.if_stage_i.gen_prefetch_buffer.prefetch_buffer_i.fifo_i.rdata_q,1.471
u_ibex_core.load_store_unit_i.ls_fsm_cs,u_ibex_core.if_stage_i.gen_prefetch_buffer.prefetch_buffer_i.fifo_i.rdata_q,1.471
u_ibex_core.load_store_unit_i.ls_fsm_cs,u_ibex_core.if_stage_i.gen_prefetch_buffer.prefetch_buffer_i.fifo_i.rdata_q,1.471
u_ibex_core.load_store_unit_i.ls_fsm_cs,u_ibex_core.if_stage_i.gen_prefetch_buffer.prefetch_buffer_i.fifo_i.rdata_q,1.471
u_ibex_core.load_store_unit_i.ls_fsm_cs,u_ibex_core.if_stage_i.gen_prefetch_buffer.prefetch_buffer_i.fifo_i.rdata_q,1.471
u_ibex_core.load_store_unit_i.ls_fsm_cs,u_ibex_core.if_stage_i.gen_prefetch_buffer.prefetch_buffer_i.fifo_i.rdata_q,1.471
u_ibex_core.load_store_unit_i.ls_fsm_cs,u_ibex_core.if_stage_i.gen_prefetch_buffer.prefetch_buffer_i.fifo_i.rdata_q,1.471
u_ibex_core.load_store_unit_i.ls_fsm_cs,u_ibex_core.if_stage_i.gen_prefetch_buffer.prefetch_buffer_i.fifo_i.rdata_q,1.471
u_ibex_core.load_store_unit_i.ls_fsm_cs,u_ibex_core.if_stage_i.gen_prefetch_buffer.prefetch_buffer_i.fifo_i.rdata_q,1.471
u_ibex_core.load_store_unit_i.ls_fsm_cs,u_ibex_core.if_stage_i.gen_prefetch_buffer.prefetch_buffer_i.fifo_i.rdata_q,1.471
u_ibex_core.load_store_unit_i.ls_fsm_cs,u_ibex_core.if_stage_i.gen_prefetch_buffer.prefetch_buffer_i.fifo_i.rdata_q,1.471
u_ibex_core.load_store_unit_i.ls_fsm_cs,u_ibex_core.if_stage_i.gen_prefetch_buffer.prefetch_buffer_i.fifo_i.rdata_q,1.471
u_ibex_core.load_store_unit_i.ls_fsm_cs,u_ibex_core.if_stage_i.gen_prefetch_buffer.prefetch_buffer_i.fifo_i.rdata_q,1.471
u_ibex_core.load_store_unit_i.ls_fsm_cs,u_ibex_core.if_stage_i.gen_prefetch_buffer.prefetch_buffer_i.fifo_i.rdata_q,1.471
u_ibex_core.load_store_unit_i.ls_fsm_cs,u_ibex_core.if_stage_i.gen_prefetch_buffer.prefetch_buffer_i.fifo_i.rdata_q,1.471
u_ibex_core.load_store_unit_i.ls_fsm_cs,u_ibex_core.if_stage_i.gen_prefetch_buffer.prefetch_buffer_i.fifo_i.rdata_q,1.471
u_ibex_core.load_store_unit_i.ls_fsm_cs,u_ibex_core.if_stage_i.gen_prefetch_buffer.prefetch_buffer_i.fifo_i.rdata_q,1.471
u_ibex_core.load_store_unit_i.ls_fsm_cs,u_ibex_core.if_stage_i.gen_prefetch_buffer.prefetch_buffer_i.fifo_i.rdata_q,1.471
u_ibex_core.load_store_unit_i.ls_fsm_cs,u_ibex_core.if_stage_i.gen_prefetch_buffer.prefetch_buffer_i.fifo_i.rdata_q,1.471
u_ibex_core.load_store_unit_i.ls_fsm_cs,u_ibex_core.if_stage_i.gen_prefetch_buffer.prefetch_buffer_i.fifo_i.rdata_q,1.471
u_ibex_core.load_store_unit_i.ls_fsm_cs,u_ibex_core.if_stage_i.gen_prefetch_buffer.prefetch_buffer_i.fifo_i.rdata_q,1.471
u_ibex_core.load_store_unit_i.ls_fsm_cs,u_ibex_core.if_stage_i.gen_prefetch_buffer.prefetch_buffer_i.fifo_i.rdata_q,1.471
u_ibex_core.load_store_unit_i.ls_fsm_cs,u_ibex_core.if_stage_i.gen_prefetch_buffer.prefetch_buffer_i.fifo_i.rdata_q,1.471
u_ibex_core.load_store_unit_i.ls_fsm_cs,u_ibex_core.if_stage_i.gen_prefetch_buffer.prefetch_buffer_i.fifo_i.rdata_q,1.471
u_ibex_core.load_store_unit_i.ls_fsm_cs,u_ibex_core.if_stage_i.gen_prefetch_buffer.prefetch_buffer_i.fifo_i.rdata_q,1.471
u_ibex_core.load_store_unit_i.ls_fsm_cs,u_ibex_core.if_stage_i.gen_prefetch_buffer.prefetch_buffer_i.fifo_i.rdata_q,1.471
u_ibex_core.load_store_unit_i.ls_fsm_cs,u_ibex_core.if_stage_i.gen_prefetch_buffer.prefetch_buffer_i.fifo_i.rdata_q,1.471
u_ibex_core.load_store_unit_i.ls_fsm_cs,u_ibex_core.if_stage_i.gen_prefetch_buffer.prefetch_buffer_i.fifo_i.rdata_q,1.471
u_ibex_core.load_store_unit_i.ls_fsm_cs,u_ibex_core.if_stage_i.gen_prefetch_buffer.prefetch_buffer_i.fifo_i.rdata_q,1.471
u_ibex_core.load_store_unit_i.ls_fsm_cs,u_ibex_core.if_stage_i.gen_prefetch_buffer.prefetch_buffer_i.fifo_i.rdata_q,1.471
u_ibex_core.load_store_unit_i.ls_fsm_cs,u_ibex_core.if_stage_i.gen_prefetch_buffer.prefetch_buffer_i.fifo_i.rdata_q,1.471
u_ibex_core.load_store_unit_i.ls_fsm_cs,u_ibex_core.if_stage_i.gen_prefetch_buffer.prefetch_buffer_i.fifo_i.rdata_q,1.471
u_ibex_core.load_store_unit_i.ls_fsm_cs,u_ibex_core.if_stage_i.gen_prefetch_buffer.prefetch_buffer_i.fifo_i.rdata_q,1.471
u_ibex_core.load_store_unit_i.ls_fsm_cs,u_ibex_core.id_stage_i.decoder_i.instr_alu,1.4725
u_ibex_core.load_store_unit_i.ls_fsm_cs,u_ibex_core.id_stage_i.decoder_i.instr_alu,1.4727
u_ibex_core.load_store_unit_i.ls_fsm_cs,u_ibex_core.cs_registers_i.mcycle_counter_i.counter,1.4727
u_ibex_core.load_store_unit_i.ls_fsm_cs,u_ibex_core.id_stage_i.controller_i.instr_i,1.4727
u_ibex_core.load_store_unit_i.ls_fsm_cs,u_ibex_core.id_stage_i.decoder_i.instr_alu,1.4727
u_ibex_core.load_store_unit_i.ls_fsm_cs,u_ibex_core.id_stage_i.controller_i.instr_i,1.4727
u_ibex_core.load_store_unit_i.ls_fsm_cs,u_ibex_core.id_stage_i.decoder_i.instr_alu,1.4728
u_ibex_core.load_store_unit_i.ls_fsm_cs,u_ibex_core.id_stage_i.controller_i.instr_i,1.4728
u_ibex_core.load_store_unit_i.ls_fsm_cs,u_ibex_core.id_stage_i.decoder_i.instr_alu,1.4728
u_ibex_core.load_store_unit_i.ls_fsm_cs,u_ibex_core.id_stage_i.decoder_i.instr_alu,1.4728
u_ibex_core.load_store_unit_i.ls_fsm_cs,u_ibex_core.id_stage_i.decoder_i.instr_alu,1.4728
u_ibex_core.load_store_unit_i.ls_fsm_cs,u_ibex_core.id_stage_i.controller_i.instr_i,1.4728
u_ibex_core.load_store_unit_i.ls_fsm_cs,u_ibex_core.id_stage_i.controller_i.instr_i,1.4728
u_ibex_core.load_store_unit_i.ls_fsm_cs,u_ibex_core.id_stage_i.controller_i.instr_i,1.4728
u_ibex_core.load_store_unit_i.ls_fsm_cs,u_ibex_core.cs_registers_i.mcycle_counter_i.counter,1.4731
u_ibex_core.load_store_unit_i.ls_fsm_cs,u_ibex_core.cs_registers_i.mcycle_counter_i.counter,1.4731
u_ibex_core.load_store_unit_i.ls_fsm_cs,u_ibex_core.cs_registers_i.mcycle_counter_i.counter,1.4731
u_ibex_core.load_store_unit_i.ls_fsm_cs,u_ibex_core.cs_registers_i.mcycle_counter_i.counter,1.4731
u_ibex_core.load_store_unit_i.ls_fsm_cs,u_ibex_core.cs_registers_i.mcycle_counter_i.counter,1.4731
u_ibex_core.load_store_unit_i.ls_fsm_cs,u_ibex_core.cs_registers_i.mcycle_counter_i.counter,1.4731
u_ibex_core.load_store_unit_i.ls_fsm_cs,u_ibex_core.cs_registers_i.mcycle_counter_i.counter,1.4731
u_ibex_core.load_store_unit_i.ls_fsm_cs,u_ibex_core.cs_registers_i.mcycle_counter_i.counter,1.4732
u_ibex_core.load_store_unit_i.ls_fsm_cs,u_ibex_core.cs_registers_i.mhpmcounter[2],1.4741
u_ibex_core.load_store_unit_i.ls_fsm_cs,u_ibex_core.id_stage_i.controller_i.instr_i,1.4741
u_ibex_core.load_store_unit_i.ls_fsm_cs,u_ibex_core.cs_registers_i.mcycle_counter_i.counter,1.4749
u_ibex_core.load_store_unit_i.ls_fsm_cs,u_ibex_core.cs_registers_i.mcycle_counter_i.counter,1.4749
u_ibex_core.load_store_unit_i.ls_fsm_cs,u_ibex_core.cs_registers_i.mcycle_counter_i.counter,1.4751
u_ibex_core.load_store_unit_i.ls_fsm_cs,crash_dump_o,1.4764
u_ibex_core.load_store_unit_i.ls_fsm_cs,u_ibex_core.id_stage_i.controller_i.instr_i,1.4765
u_ibex_core.load_store_unit_i.ls_fsm_cs,u_ibex_core.id_stage_i.decoder_i.instr_alu,1.4766
u_ibex_core.load_store_unit_i.ls_fsm_cs,u_ibex_core.id_stage_i.decoder_i.instr_alu,1.4769
u_ibex_core.load_store_unit_i.ls_fsm_cs,u_ibex_core.id_stage_i.controller_i.instr_i,1.4769
u_ibex_core.load_store_unit_i.ls_fsm_cs,u_ibex_core.id_stage_i.controller_i.instr_i,1.477
u_ibex_core.load_store_unit_i.ls_fsm_cs,u_ibex_core.id_stage_i.decoder_i.instr_alu,1.477
u_ibex_core.load_store_unit_i.ls_fsm_cs,crash_dump_o,1.4775
u_ibex_core.load_store_unit_i.ls_fsm_cs,crash_dump_o,1.4775
u_ibex_core.load_store_unit_i.ls_fsm_cs,crash_dump_o,1.4775
u_ibex_core.load_store_unit_i.ls_fsm_cs,crash_dump_o,1.4775
u_ibex_core.load_store_unit_i.ls_fsm_cs,crash_dump_o,1.4775
u_ibex_core.load_store_unit_i.ls_fsm_cs,crash_dump_o,1.4775
u_ibex_core.load_store_unit_i.ls_fsm_cs,crash_dump_o,1.4775
u_ibex_core.load_store_unit_i.ls_fsm_cs,crash_dump_o,1.4775
u_ibex_core.load_store_unit_i.ls_fsm_cs,crash_dump_o,1.4775
u_ibex_core.load_store_unit_i.ls_fsm_cs,crash_dump_o,1.4775
u_ibex_core.load_store_unit_i.ls_fsm_cs,crash_dump_o,1.4775
u_ibex_core.load_store_unit_i.ls_fsm_cs,crash_dump_o,1.4775
u_ibex_core.load_store_unit_i.ls_fsm_cs,crash_dump_o,1.4775
u_ibex_core.load_store_unit_i.ls_fsm_cs,crash_dump_o,1.4775
u_ibex_core.load_store_unit_i.ls_fsm_cs,crash_dump_o,1.4775
u_ibex_core.load_store_unit_i.ls_fsm_cs,crash_dump_o,1.4775
u_ibex_core.load_store_unit_i.ls_fsm_cs,crash_dump_o,1.4775
u_ibex_core.load_store_unit_i.ls_fsm_cs,crash_dump_o,1.4775
u_ibex_core.load_store_unit_i.ls_fsm_cs,crash_dump_o,1.4775
u_ibex_core.load_store_unit_i.ls_fsm_cs,crash_dump_o,1.4775
u_ibex_core.load_store_unit_i.ls_fsm_cs,u_ibex_core.cs_registers_i.mhpmcounter[2],1.4776
u_ibex_core.load_store_unit_i.ls_fsm_cs,u_ibex_core.cs_registers_i.mcycle_counter_i.counter,1.4781
u_ibex_core.load_store_unit_i.ls_fsm_cs,u_ibex_core.cs_registers_i.mcycle_counter_i.counter,1.4781
u_ibex_core.load_store_unit_i.ls_fsm_cs,crash_dump_o,1.4787
u_ibex_core.load_store_unit_i.ls_fsm_cs,crash_dump_o,1.4787
u_ibex_core.load_store_unit_i.ls_fsm_cs,crash_dump_o,1.4787
u_ibex_core.load_store_unit_i.ls_fsm_cs,u_ibex_core.cs_registers_i.mtval_q,1.4814
u_ibex_core.load_store_unit_i.ls_fsm_cs,u_ibex_core.cs_registers_i.mtval_q,1.4815
u_ibex_core.load_store_unit_i.ls_fsm_cs,u_ibex_core.cs_registers_i.mtval_q,1.4815
u_ibex_core.load_store_unit_i.ls_fsm_cs,u_ibex_core.cs_registers_i.mtval_q,1.4815
u_ibex_core.load_store_unit_i.ls_fsm_cs,u_ibex_core.cs_registers_i.mtval_q,1.4815
u_ibex_core.load_store_unit_i.ls_fsm_cs,u_ibex_core.cs_registers_i.mtval_q,1.4815
u_ibex_core.load_store_unit_i.ls_fsm_cs,u_ibex_core.cs_registers_i.mtval_q,1.4815
u_ibex_core.load_store_unit_i.ls_fsm_cs,u_ibex_core.cs_registers_i.mtval_q,1.4815
u_ibex_core.load_store_unit_i.ls_fsm_cs,u_ibex_core.cs_registers_i.mtval_q,1.4815
u_ibex_core.load_store_unit_i.ls_fsm_cs,u_ibex_core.cs_registers_i.dscratch1_q,1.4815
u_ibex_core.load_store_unit_i.ls_fsm_cs,u_ibex_core.cs_registers_i.dscratch0_q,1.4815
u_ibex_core.load_store_unit_i.ls_fsm_cs,u_ibex_core.cs_registers_i.dscratch1_q,1.4815
u_ibex_core.load_store_unit_i.ls_fsm_cs,u_ibex_core.cs_registers_i.dscratch1_q,1.4815
u_ibex_core.load_store_unit_i.ls_fsm_cs,u_ibex_core.cs_registers_i.dscratch1_q,1.4815
u_ibex_core.load_store_unit_i.ls_fsm_cs,u_ibex_core.cs_registers_i.dscratch1_q,1.4815
u_ibex_core.load_store_unit_i.ls_fsm_cs,u_ibex_core.cs_registers_i.dscratch1_q,1.4815
u_ibex_core.load_store_unit_i.ls_fsm_cs,u_ibex_core.cs_registers_i.dscratch1_q,1.4815
u_ibex_core.load_store_unit_i.ls_fsm_cs,u_ibex_core.cs_registers_i.dscratch0_q,1.4815
u_ibex_core.load_store_unit_i.ls_fsm_cs,u_ibex_core.cs_registers_i.dscratch0_q,1.4815
u_ibex_core.load_store_unit_i.ls_fsm_cs,u_ibex_core.cs_registers_i.dscratch0_q,1.4815
u_ibex_core.load_store_unit_i.ls_fsm_cs,u_ibex_core.cs_registers_i.dscratch0_q,1.4815
u_ibex_core.load_store_unit_i.ls_fsm_cs,u_ibex_core.cs_registers_i.dscratch0_q,1.4815
u_ibex_core.load_store_unit_i.ls_fsm_cs,u_ibex_core.cs_registers_i.dscratch0_q,1.4815
u_ibex_core.load_store_unit_i.ls_fsm_cs,u_ibex_core.cs_registers_i.dscratch1_q,1.4815
u_ibex_core.load_store_unit_i.ls_fsm_cs,u_ibex_core.cs_registers_i.dscratch1_q,1.4815
u_ibex_core.load_store_unit_i.ls_fsm_cs,u_ibex_core.cs_registers_i.dscratch0_q,1.4815
u_ibex_core.load_store_unit_i.ls_fsm_cs,u_ibex_core.cs_registers_i.dscratch0_q,1.4815
u_ibex_core.load_store_unit_i.ls_fsm_cs,u_ibex_core.cs_registers_i.dscratch1_q,1.4815
u_ibex_core.load_store_unit_i.ls_fsm_cs,u_ibex_core.cs_registers_i.dscratch1_q,1.4815
u_ibex_core.load_store_unit_i.ls_fsm_cs,u_ibex_core.cs_registers_i.dscratch1_q,1.4815
u_ibex_core.load_store_unit_i.ls_fsm_cs,u_ibex_core.cs_registers_i.dscratch0_q,1.4815
u_ibex_core.load_store_unit_i.ls_fsm_cs,u_ibex_core.cs_registers_i.dscratch0_q,1.4815
u_ibex_core.load_store_unit_i.ls_fsm_cs,u_ibex_core.cs_registers_i.dscratch0_q,1.4815
u_ibex_core.load_store_unit_i.ls_fsm_cs,u_ibex_core.cs_registers_i.dscratch1_q,1.4815
u_ibex_core.load_store_unit_i.ls_fsm_cs,u_ibex_core.cs_registers_i.dscratch0_q,1.4815
u_ibex_core.load_store_unit_i.ls_fsm_cs,u_ibex_core.cs_registers_i.dscratch1_q,1.4815
u_ibex_core.load_store_unit_i.ls_fsm_cs,u_ibex_core.cs_registers_i.dscratch1_q,1.4815
u_ibex_core.load_store_unit_i.ls_fsm_cs,u_ibex_core.cs_registers_i.dscratch1_q,1.4815
u_ibex_core.load_store_unit_i.ls_fsm_cs,u_ibex_core.cs_registers_i.dscratch1_q,1.4815
u_ibex_core.load_store_unit_i.ls_fsm_cs,u_ibex_core.cs_registers_i.dscratch1_q,1.4815
u_ibex_core.load_store_unit_i.ls_fsm_cs,u_ibex_core.cs_registers_i.dscratch1_q,1.4815
u_ibex_core.load_store_unit_i.ls_fsm_cs,u_ibex_core.cs_registers_i.dscratch1_q,1.4815
u_ibex_core.load_store_unit_i.ls_fsm_cs,u_ibex_core.cs_registers_i.dscratch1_q,1.4815
u_ibex_core.load_store_unit_i.ls_fsm_cs,u_ibex_core.cs_registers_i.dscratch1_q,1.4815
u_ibex_core.load_store_unit_i.ls_fsm_cs,u_ibex_core.cs_registers_i.dscratch1_q,1.4815
u_ibex_core.load_store_unit_i.ls_fsm_cs,u_ibex_core.cs_registers_i.dscratch1_q,1.4815
u_ibex_core.load_store_unit_i.ls_fsm_cs,u_ibex_core.cs_registers_i.dscratch1_q,1.4815
u_ibex_core.load_store_unit_i.ls_fsm_cs,u_ibex_core.cs_registers_i.dscratch1_q,1.4815
u_ibex_core.load_store_unit_i.ls_fsm_cs,u_ibex_core.cs_registers_i.dscratch1_q,1.4815
u_ibex_core.load_store_unit_i.ls_fsm_cs,u_ibex_core.cs_registers_i.dscratch1_q,1.4815
u_ibex_core.load_store_unit_i.ls_fsm_cs,u_ibex_core.cs_registers_i.dscratch1_q,1.4815
u_ibex_core.load_store_unit_i.ls_fsm_cs,u_ibex_core.cs_registers_i.dscratch1_q,1.4815
u_ibex_core.load_store_unit_i.ls_fsm_cs,u_ibex_core.cs_registers_i.dscratch0_q,1.4815
u_ibex_core.load_store_unit_i.ls_fsm_cs,u_ibex_core.cs_registers_i.dscratch0_q,1.4815
u_ibex_core.load_store_unit_i.ls_fsm_cs,u_ibex_core.cs_registers_i.dscratch0_q,1.4815
u_ibex_core.load_store_unit_i.ls_fsm_cs,u_ibex_core.cs_registers_i.dscratch0_q,1.4815
u_ibex_core.load_store_unit_i.ls_fsm_cs,u_ibex_core.cs_registers_i.dscratch0_q,1.4815
u_ibex_core.load_store_unit_i.ls_fsm_cs,u_ibex_core.cs_registers_i.dscratch0_q,1.4815
u_ibex_core.load_store_unit_i.ls_fsm_cs,u_ibex_core.cs_registers_i.dscratch0_q,1.4815
u_ibex_core.load_store_unit_i.ls_fsm_cs,u_ibex_core.cs_registers_i.dscratch0_q,1.4815
u_ibex_core.load_store_unit_i.ls_fsm_cs,u_ibex_core.cs_registers_i.dscratch0_q,1.4815
u_ibex_core.load_store_unit_i.ls_fsm_cs,u_ibex_core.cs_registers_i.dscratch0_q,1.4815
u_ibex_core.load_store_unit_i.ls_fsm_cs,u_ibex_core.cs_registers_i.dscratch0_q,1.4815
u_ibex_core.load_store_unit_i.ls_fsm_cs,u_ibex_core.cs_registers_i.dscratch0_q,1.4815
u_ibex_core.load_store_unit_i.ls_fsm_cs,u_ibex_core.cs_registers_i.dscratch0_q,1.4815
u_ibex_core.load_store_unit_i.ls_fsm_cs,u_ibex_core.cs_registers_i.dscratch0_q,1.4815
u_ibex_core.load_store_unit_i.ls_fsm_cs,u_ibex_core.cs_registers_i.dscratch0_q,1.4815
u_ibex_core.load_store_unit_i.ls_fsm_cs,u_ibex_core.cs_registers_i.dscratch0_q,1.4815
u_ibex_core.load_store_unit_i.ls_fsm_cs,u_ibex_core.cs_registers_i.dscratch0_q,1.4815
u_ibex_core.load_store_unit_i.ls_fsm_cs,u_ibex_core.cs_registers_i.mhpmcounter[2],1.4825
u_ibex_core.load_store_unit_i.ls_fsm_cs,u_ibex_core.cs_registers_i.mhpmcounter[2],1.4834
u_ibex_core.load_store_unit_i.ls_fsm_cs,u_ibex_core.id_stage_i.decoder_i.instr_alu,1.484
u_ibex_core.load_store_unit_i.ls_fsm_cs,u_ibex_core.id_stage_i.controller_i.instr_i,1.4857
u_ibex_core.load_store_unit_i.ls_fsm_cs,u_ibex_core.cs_registers_i.mhpmcounter[2],1.488
u_ibex_core.load_store_unit_i.ls_fsm_cs,u_ibex_core.cs_registers_i.mhpmcounter[2],1.4881
u_ibex_core.load_store_unit_i.ls_fsm_cs,u_ibex_core.cs_registers_i.mhpmcounter[2],1.4881
u_ibex_core.load_store_unit_i.ls_fsm_cs,u_ibex_core.cs_registers_i.mhpmcounter[2],1.4881
u_ibex_core.load_store_unit_i.ls_fsm_cs,u_ibex_core.cs_registers_i.mhpmcounter[2],1.4881
u_ibex_core.load_store_unit_i.ls_fsm_cs,u_ibex_core.cs_registers_i.mhpmcounter[2],1.4881
u_ibex_core.load_store_unit_i.ls_fsm_cs,u_ibex_core.cs_registers_i.mhpmcounter[2],1.4881
u_ibex_core.load_store_unit_i.ls_fsm_cs,u_ibex_core.cs_registers_i.mhpmcounter[2],1.4881
u_ibex_core.load_store_unit_i.ls_fsm_cs,u_ibex_core.cs_registers_i.mhpmcounter[2],1.4884
u_ibex_core.load_store_unit_i.ls_fsm_cs,u_ibex_core.cs_registers_i.mhpmcounter[2],1.4884
u_ibex_core.load_store_unit_i.ls_fsm_cs,crash_dump_o,1.4884
u_ibex_core.load_store_unit_i.ls_fsm_cs,crash_dump_o,1.4884
u_ibex_core.load_store_unit_i.ls_fsm_cs,crash_dump_o,1.4884
u_ibex_core.load_store_unit_i.ls_fsm_cs,crash_dump_o,1.4884
u_ibex_core.load_store_unit_i.ls_fsm_cs,crash_dump_o,1.4884
u_ibex_core.load_store_unit_i.ls_fsm_cs,crash_dump_o,1.4884
u_ibex_core.load_store_unit_i.ls_fsm_cs,crash_dump_o,1.4884
u_ibex_core.load_store_unit_i.ls_fsm_cs,crash_dump_o,1.4884
u_ibex_core.load_store_unit_i.ls_fsm_cs,u_ibex_core.cs_registers_i.mcycle_counter_i.counter,1.4912
u_ibex_core.load_store_unit_i.ls_fsm_cs,u_ibex_core.cs_registers_i.mcycle_counter_i.counter,1.4912
u_ibex_core.load_store_unit_i.ls_fsm_cs,u_ibex_core.cs_registers_i.mcycle_counter_i.counter,1.4912
u_ibex_core.load_store_unit_i.ls_fsm_cs,u_ibex_core.cs_registers_i.mcycle_counter_i.counter,1.4912
u_ibex_core.load_store_unit_i.ls_fsm_cs,u_ibex_core.cs_registers_i.mcycle_counter_i.counter,1.4912
u_ibex_core.load_store_unit_i.ls_fsm_cs,u_ibex_core.cs_registers_i.mcycle_counter_i.counter,1.4912
u_ibex_core.load_store_unit_i.ls_fsm_cs,u_ibex_core.cs_registers_i.mhpmcounter[2],1.4915
u_ibex_core.load_store_unit_i.ls_fsm_cs,u_ibex_core.cs_registers_i.mhpmcounter[2],1.4918
u_ibex_core.load_store_unit_i.ls_fsm_cs,u_ibex_core.cs_registers_i.mtval_q,1.493
u_ibex_core.load_store_unit_i.ls_fsm_cs,u_ibex_core.cs_registers_i.mtval_q,1.493
u_ibex_core.load_store_unit_i.ls_fsm_cs,u_ibex_core.cs_registers_i.mtval_q,1.4934
u_ibex_core.load_store_unit_i.ls_fsm_cs,u_ibex_core.cs_registers_i.mie_q,1.4938
u_ibex_core.load_store_unit_i.ls_fsm_cs,u_ibex_core.cs_registers_i.mie_q,1.4938
u_ibex_core.load_store_unit_i.ls_fsm_cs,u_ibex_core.cs_registers_i.mie_q,1.4938
u_ibex_core.load_store_unit_i.ls_fsm_cs,u_ibex_core.cs_registers_i.mie_q,1.4938
u_ibex_core.load_store_unit_i.ls_fsm_cs,u_ibex_core.cs_registers_i.mie_q,1.4938
u_ibex_core.load_store_unit_i.ls_fsm_cs,u_ibex_core.cs_registers_i.mie_q,1.4938
u_ibex_core.load_store_unit_i.ls_fsm_cs,u_ibex_core.cs_registers_i.mie_q,1.4938
u_ibex_core.load_store_unit_i.ls_fsm_cs,u_ibex_core.cs_registers_i.mie_q,1.4938
u_ibex_core.load_store_unit_i.ls_fsm_cs,u_ibex_core.cs_registers_i.mie_q,1.4938
u_ibex_core.load_store_unit_i.ls_fsm_cs,u_ibex_core.cs_registers_i.mie_q,1.4938
u_ibex_core.load_store_unit_i.ls_fsm_cs,u_ibex_core.cs_registers_i.mhpmcounter[2],1.494
u_ibex_core.load_store_unit_i.ls_fsm_cs,u_ibex_core.cs_registers_i.mhpmcounter[2],1.4945
u_ibex_core.load_store_unit_i.ls_fsm_cs,u_ibex_core.id_stage_i.decoder_i.instr_alu,1.4945
u_ibex_core.load_store_unit_i.ls_fsm_cs,gen_regfile_latch.register_file_i.waddr_a_i,1.495
u_ibex_core.load_store_unit_i.ls_fsm_cs,u_ibex_core.id_stage_i.controller_i.instr_i,1.4953
u_ibex_core.load_store_unit_i.ls_fsm_cs,crash_dump_o,1.4957
u_ibex_core.load_store_unit_i.ls_fsm_cs,crash_dump_o,1.4957
u_ibex_core.load_store_unit_i.ls_fsm_cs,u_ibex_core.id_stage_i.decoder_i.instr_alu,1.496
u_ibex_core.load_store_unit_i.ls_fsm_cs,u_ibex_core.id_stage_i.decoder_i.instr_alu,1.496
u_ibex_core.load_store_unit_i.ls_fsm_cs,u_ibex_core.id_stage_i.controller_i.instr_i,1.496
u_ibex_core.load_store_unit_i.ls_fsm_cs,u_ibex_core.id_stage_i.controller_i.instr_i,1.4963
u_ibex_core.load_store_unit_i.ls_fsm_cs,u_ibex_core.cs_registers_i.mhpmcounter[2],1.4967
u_ibex_core.load_store_unit_i.ls_fsm_cs,u_ibex_core.cs_registers_i.mhpmcounter[2],1.4967
u_ibex_core.load_store_unit_i.ls_fsm_cs,u_ibex_core.cs_registers_i.mhpmcounter[2],1.4967
u_ibex_core.load_store_unit_i.ls_fsm_cs,u_ibex_core.cs_registers_i.mhpmcounter[2],1.4967
u_ibex_core.load_store_unit_i.ls_fsm_cs,u_ibex_core.id_stage_i.controller_i.id_wb_pending,1.4968
u_ibex_core.load_store_unit_i.ls_fsm_cs,gen_regfile_latch.register_file_i.raddr_a_i,1.4972
u_ibex_core.load_store_unit_i.ls_fsm_cs,u_ibex_core.cs_registers_i.mhpmcounter[2],1.4972
u_ibex_core.load_store_unit_i.ls_fsm_cs,u_ibex_core.cs_registers_i.mhpmcounter[2],1.4974
u_ibex_core.load_store_unit_i.ls_fsm_cs,u_ibex_core.cs_registers_i.mhpmcounter[2],1.4976
u_ibex_core.load_store_unit_i.ls_fsm_cs,u_ibex_core.if_stage_i.gen_prefetch_buffer.prefetch_buffer_i.fifo_i.rdata_q,1.4978
u_ibex_core.load_store_unit_i.ls_fsm_cs,u_ibex_core.if_stage_i.gen_prefetch_buffer.prefetch_buffer_i.fifo_i.rdata_q,1.4978
u_ibex_core.load_store_unit_i.ls_fsm_cs,u_ibex_core.if_stage_i.gen_prefetch_buffer.prefetch_buffer_i.fifo_i.err_q,1.4978
u_ibex_core.load_store_unit_i.ls_fsm_cs,u_ibex_core.if_stage_i.gen_prefetch_buffer.prefetch_buffer_i.fifo_i.err_q,1.4978
u_ibex_core.load_store_unit_i.ls_fsm_cs,u_ibex_core.if_stage_i.gen_prefetch_buffer.prefetch_buffer_i.fifo_i.rdata_q,1.4978
u_ibex_core.load_store_unit_i.ls_fsm_cs,u_ibex_core.if_stage_i.gen_prefetch_buffer.prefetch_buffer_i.fifo_i.rdata_q,1.4978
u_ibex_core.load_store_unit_i.ls_fsm_cs,u_ibex_core.id_stage_i.decoder_i.instr_alu,1.4978
u_ibex_core.load_store_unit_i.ls_fsm_cs,u_ibex_core.cs_registers_i.mtval_q,1.4982
u_ibex_core.load_store_unit_i.ls_fsm_cs,u_ibex_core.cs_registers_i.mtval_q,1.4982
u_ibex_core.load_store_unit_i.ls_fsm_cs,u_ibex_core.cs_registers_i.mtval_q,1.4982
u_ibex_core.load_store_unit_i.ls_fsm_cs,u_ibex_core.cs_registers_i.mtval_q,1.4982
u_ibex_core.load_store_unit_i.ls_fsm_cs,u_ibex_core.cs_registers_i.mtval_q,1.4982
u_ibex_core.load_store_unit_i.ls_fsm_cs,u_ibex_core.cs_registers_i.mtval_q,1.4982
u_ibex_core.load_store_unit_i.ls_fsm_cs,u_ibex_core.cs_registers_i.mhpmcounter[2],1.4985
u_ibex_core.load_store_unit_i.ls_fsm_cs,u_ibex_core.cs_registers_i.mhpmcounter[2],1.4985
u_ibex_core.load_store_unit_i.ls_fsm_cs,u_ibex_core.cs_registers_i.mhpmcounter[2],1.4985
u_ibex_core.load_store_unit_i.ls_fsm_cs,u_ibex_core.cs_registers_i.mhpmcounter[2],1.4985
u_ibex_core.load_store_unit_i.ls_fsm_cs,u_ibex_core.cs_registers_i.mhpmcounter[2],1.4985
u_ibex_core.load_store_unit_i.ls_fsm_cs,u_ibex_core.cs_registers_i.mhpmcounter[2],1.4985
u_ibex_core.load_store_unit_i.ls_fsm_cs,u_ibex_core.cs_registers_i.mhpmcounter[2],1.4985
u_ibex_core.load_store_unit_i.ls_fsm_cs,u_ibex_core.cs_registers_i.mhpmcounter[2],1.4985
u_ibex_core.load_store_unit_i.ls_fsm_cs,u_ibex_core.cs_registers_i.mhpmcounter[2],1.4985
u_ibex_core.load_store_unit_i.ls_fsm_cs,u_ibex_core.cs_registers_i.mhpmcounter[2],1.4985
u_ibex_core.load_store_unit_i.ls_fsm_cs,crash_dump_o,1.4992
u_ibex_core.load_store_unit_i.ls_fsm_cs,crash_dump_o,1.4992
u_ibex_core.load_store_unit_i.ls_fsm_cs,crash_dump_o,1.4992
u_ibex_core.load_store_unit_i.ls_fsm_cs,crash_dump_o,1.4992
u_ibex_core.load_store_unit_i.ls_fsm_cs,u_ibex_core.cs_registers_i.mcycle_counter_i.counter,1.4995
u_ibex_core.load_store_unit_i.ls_fsm_cs,u_ibex_core.cs_registers_i.mcycle_counter_i.counter,1.4995
u_ibex_core.load_store_unit_i.ls_fsm_cs,u_ibex_core.cs_registers_i.mhpmcounter[2],1.4996
u_ibex_core.load_store_unit_i.ls_fsm_cs,u_ibex_core.cs_registers_i.mhpmcounter[2],1.4996
u_ibex_core.load_store_unit_i.ls_fsm_cs,u_ibex_core.cs_registers_i.mhpmcounter[2],1.4996
u_ibex_core.load_store_unit_i.ls_fsm_cs,u_ibex_core.cs_registers_i.mhpmcounter[2],1.4996
u_ibex_core.load_store_unit_i.ls_fsm_cs,u_ibex_core.cs_registers_i.mhpmcounter[2],1.4996
u_ibex_core.load_store_unit_i.ls_fsm_cs,u_ibex_core.cs_registers_i.mhpmcounter[2],1.4996
u_ibex_core.load_store_unit_i.ls_fsm_cs,u_ibex_core.cs_registers_i.mhpmcounter[2],1.5004
u_ibex_core.load_store_unit_i.ls_fsm_cs,u_ibex_core.id_stage_i.decoder_i.instr_alu,1.5008
u_ibex_core.load_store_unit_i.ls_fsm_cs,crash_dump_o,1.5009
u_ibex_core.load_store_unit_i.ls_fsm_cs,crash_dump_o,1.5009
u_ibex_core.load_store_unit_i.ls_fsm_cs,crash_dump_o,1.5009
u_ibex_core.load_store_unit_i.ls_fsm_cs,crash_dump_o,1.5009
u_ibex_core.load_store_unit_i.ls_fsm_cs,crash_dump_o,1.5009
u_ibex_core.load_store_unit_i.ls_fsm_cs,u_ibex_core.cs_registers_i.mhpmcounter[2],1.502
u_ibex_core.load_store_unit_i.ls_fsm_cs,u_ibex_core.cs_registers_i.mhpmcounter[2],1.5021
u_ibex_core.load_store_unit_i.ls_fsm_cs,u_ibex_core.cs_registers_i.mhpmcounter[2],1.5023
u_ibex_core.load_store_unit_i.ls_fsm_cs,u_ibex_core.cs_registers_i.mhpmcounter[2],1.5023
u_ibex_core.load_store_unit_i.ls_fsm_cs,u_ibex_core.cs_registers_i.mhpmcounter[2],1.5023
u_ibex_core.load_store_unit_i.ls_fsm_cs,u_ibex_core.cs_registers_i.mhpmcounter[2],1.5028
u_ibex_core.load_store_unit_i.ls_fsm_cs,u_ibex_core.id_stage_i.controller_i.instr_i,1.5038
u_ibex_core.load_store_unit_i.ls_fsm_cs,u_ibex_core.id_stage_i.controller_i.instr_i,1.5053
u_ibex_core.load_store_unit_i.ls_fsm_cs,u_ibex_core.id_stage_i.controller_i.instr_is_compressed_i,1.5055
u_ibex_core.load_store_unit_i.ls_fsm_cs,u_ibex_core.id_stage_i.controller_i.instr_compressed_i,1.5056
u_ibex_core.load_store_unit_i.ls_fsm_cs,crash_dump_o,1.5056
u_ibex_core.load_store_unit_i.ls_fsm_cs,crash_dump_o,1.5056
u_ibex_core.load_store_unit_i.ls_fsm_cs,crash_dump_o,1.5056
u_ibex_core.load_store_unit_i.ls_fsm_cs,crash_dump_o,1.5056
u_ibex_core.load_store_unit_i.ls_fsm_cs,crash_dump_o,1.5056
u_ibex_core.load_store_unit_i.ls_fsm_cs,crash_dump_o,1.5056
u_ibex_core.load_store_unit_i.ls_fsm_cs,crash_dump_o,1.5056
u_ibex_core.load_store_unit_i.ls_fsm_cs,crash_dump_o,1.5056
u_ibex_core.load_store_unit_i.ls_fsm_cs,crash_dump_o,1.5056
u_ibex_core.load_store_unit_i.ls_fsm_cs,crash_dump_o,1.5056
u_ibex_core.load_store_unit_i.ls_fsm_cs,crash_dump_o,1.5056
u_ibex_core.load_store_unit_i.ls_fsm_cs,crash_dump_o,1.5056
u_ibex_core.load_store_unit_i.ls_fsm_cs,crash_dump_o,1.5056
u_ibex_core.load_store_unit_i.ls_fsm_cs,crash_dump_o,1.5056
u_ibex_core.load_store_unit_i.ls_fsm_cs,crash_dump_o,1.5056
u_ibex_core.load_store_unit_i.ls_fsm_cs,crash_dump_o,1.5056
u_ibex_core.load_store_unit_i.ls_fsm_cs,crash_dump_o,1.5056
u_ibex_core.load_store_unit_i.ls_fsm_cs,crash_dump_o,1.5056
u_ibex_core.load_store_unit_i.ls_fsm_cs,crash_dump_o,1.5056
u_ibex_core.load_store_unit_i.ls_fsm_cs,crash_dump_o,1.5056
u_ibex_core.load_store_unit_i.ls_fsm_cs,crash_dump_o,1.5056
u_ibex_core.load_store_unit_i.ls_fsm_cs,crash_dump_o,1.5056
u_ibex_core.load_store_unit_i.ls_fsm_cs,crash_dump_o,1.5056
u_ibex_core.load_store_unit_i.ls_fsm_cs,crash_dump_o,1.5056
u_ibex_core.load_store_unit_i.ls_fsm_cs,crash_dump_o,1.5056
u_ibex_core.load_store_unit_i.ls_fsm_cs,crash_dump_o,1.5056
u_ibex_core.load_store_unit_i.ls_fsm_cs,u_ibex_core.id_stage_i.controller_i.instr_compressed_i,1.5056
u_ibex_core.load_store_unit_i.ls_fsm_cs,u_ibex_core.id_stage_i.controller_i.instr_compressed_i,1.5056
u_ibex_core.load_store_unit_i.ls_fsm_cs,gen_regfile_latch.register_file_i.raddr_a_i,1.5056
u_ibex_core.load_store_unit_i.ls_fsm_cs,gen_regfile_latch.register_file_i.raddr_a_i,1.5056
u_ibex_core.load_store_unit_i.ls_fsm_cs,gen_regfile_latch.register_file_i.raddr_a_i,1.5056
u_ibex_core.load_store_unit_i.ls_fsm_cs,gen_regfile_latch.register_file_i.raddr_a_i,1.5056
u_ibex_core.load_store_unit_i.ls_fsm_cs,gen_regfile_latch.register_file_i.raddr_b_i,1.5056
u_ibex_core.load_store_unit_i.ls_fsm_cs,gen_regfile_latch.register_file_i.raddr_b_i,1.5056
u_ibex_core.load_store_unit_i.ls_fsm_cs,gen_regfile_latch.register_file_i.raddr_b_i,1.5056
u_ibex_core.load_store_unit_i.ls_fsm_cs,u_ibex_core.id_stage_i.controller_i.instr_fetch_err_i,1.5056
u_ibex_core.load_store_unit_i.ls_fsm_cs,u_ibex_core.id_stage_i.controller_i.instr_compressed_i,1.5056
u_ibex_core.load_store_unit_i.ls_fsm_cs,u_ibex_core.id_stage_i.controller_i.instr_compressed_i,1.5056
u_ibex_core.load_store_unit_i.ls_fsm_cs,u_ibex_core.id_stage_i.controller_i.instr_compressed_i,1.5056
u_ibex_core.load_store_unit_i.ls_fsm_cs,u_ibex_core.id_stage_i.controller_i.instr_compressed_i,1.5056
u_ibex_core.load_store_unit_i.ls_fsm_cs,u_ibex_core.id_stage_i.controller_i.instr_compressed_i,1.5056
u_ibex_core.load_store_unit_i.ls_fsm_cs,u_ibex_core.id_stage_i.controller_i.instr_compressed_i,1.5056
u_ibex_core.load_store_unit_i.ls_fsm_cs,u_ibex_core.id_stage_i.controller_i.instr_compressed_i,1.5056
u_ibex_core.load_store_unit_i.ls_fsm_cs,u_ibex_core.id_stage_i.controller_i.instr_compressed_i,1.5056
u_ibex_core.load_store_unit_i.ls_fsm_cs,u_ibex_core.id_stage_i.controller_i.instr_compressed_i,1.5056
u_ibex_core.load_store_unit_i.ls_fsm_cs,u_ibex_core.id_stage_i.controller_i.instr_compressed_i,1.5056
u_ibex_core.load_store_unit_i.ls_fsm_cs,u_ibex_core.id_stage_i.controller_i.instr_compressed_i,1.5056
u_ibex_core.load_store_unit_i.ls_fsm_cs,u_ibex_core.id_stage_i.controller_i.instr_compressed_i,1.5056
u_ibex_core.load_store_unit_i.ls_fsm_cs,u_ibex_core.cs_registers_i.mcycle_counter_i.counter,1.506
u_ibex_core.load_store_unit_i.ls_fsm_cs,u_ibex_core.id_stage_i.controller_i.instr_i,1.5063
u_ibex_core.load_store_unit_i.ls_fsm_cs,crash_dump_o,1.5067
u_ibex_core.load_store_unit_i.ls_fsm_cs,crash_dump_o,1.5067
u_ibex_core.load_store_unit_i.ls_fsm_cs,crash_dump_o,1.5067
u_ibex_core.load_store_unit_i.ls_fsm_cs,crash_dump_o,1.5067
u_ibex_core.load_store_unit_i.ls_fsm_cs,crash_dump_o,1.5067
u_ibex_core.load_store_unit_i.ls_fsm_cs,u_ibex_core.cs_registers_i.dcsr_q,1.5068
u_ibex_core.load_store_unit_i.ls_fsm_cs,u_ibex_core.cs_registers_i.dcsr_q,1.5068
u_ibex_core.load_store_unit_i.ls_fsm_cs,u_ibex_core.cs_registers_i.dcsr_q,1.5068
u_ibex_core.load_store_unit_i.ls_fsm_cs,u_ibex_core.cs_registers_i.dcsr_q,1.5068
u_ibex_core.load_store_unit_i.ls_fsm_cs,u_ibex_core.cs_registers_i.dcsr_q,1.5068
u_ibex_core.load_store_unit_i.ls_fsm_cs,u_ibex_core.cs_registers_i.dcsr_q,1.5068
u_ibex_core.load_store_unit_i.ls_fsm_cs,u_ibex_core.cs_registers_i.dcsr_q,1.5068
u_ibex_core.load_store_unit_i.ls_fsm_cs,u_ibex_core.cs_registers_i.dcsr_q,1.5068
u_ibex_core.load_store_unit_i.ls_fsm_cs,u_ibex_core.cs_registers_i.dcsr_q,1.5068
u_ibex_core.load_store_unit_i.ls_fsm_cs,u_ibex_core.cs_registers_i.dcsr_q,1.5068
u_ibex_core.load_store_unit_i.ls_fsm_cs,u_ibex_core.cs_registers_i.dcsr_q,1.5068
u_ibex_core.load_store_unit_i.ls_fsm_cs,u_ibex_core.cs_registers_i.dcsr_q,1.5068
u_ibex_core.load_store_unit_i.ls_fsm_cs,u_ibex_core.cs_registers_i.dcsr_q,1.5068
u_ibex_core.load_store_unit_i.ls_fsm_cs,u_ibex_core.cs_registers_i.dcsr_q,1.5068
u_ibex_core.load_store_unit_i.ls_fsm_cs,u_ibex_core.cs_registers_i.dcsr_q,1.5068
u_ibex_core.load_store_unit_i.ls_fsm_cs,u_ibex_core.cs_registers_i.dcsr_q,1.5068
u_ibex_core.load_store_unit_i.ls_fsm_cs,u_ibex_core.cs_registers_i.dcsr_q,1.5068
u_ibex_core.load_store_unit_i.ls_fsm_cs,u_ibex_core.cs_registers_i.dcsr_q,1.5068
u_ibex_core.load_store_unit_i.ls_fsm_cs,u_ibex_core.cs_registers_i.dcsr_q,1.5068
u_ibex_core.load_store_unit_i.ls_fsm_cs,u_ibex_core.cs_registers_i.dcsr_q,1.5068
u_ibex_core.load_store_unit_i.ls_fsm_cs,gen_regfile_latch.register_file_i.waddr_a_i,1.5069
u_ibex_core.load_store_unit_i.ls_fsm_cs,gen_regfile_latch.register_file_i.waddr_a_i,1.5075
u_ibex_core.load_store_unit_i.ls_fsm_cs,gen_regfile_latch.register_file_i.waddr_a_i,1.5075
u_ibex_core.load_store_unit_i.ls_fsm_cs,u_ibex_core.id_stage_i.decoder_i.instr_alu,1.5077
u_ibex_core.load_store_unit_i.ls_fsm_cs,u_ibex_core.id_stage_i.decoder_i.illegal_c_insn_i,1.508
u_ibex_core.load_store_unit_i.ls_fsm_cs,gen_regfile_latch.register_file_i.waddr_a_i,1.508
u_ibex_core.load_store_unit_i.ls_fsm_cs,gen_regfile_latch.register_file_i.raddr_b_i,1.508
u_ibex_core.load_store_unit_i.ls_fsm_cs,gen_regfile_latch.register_file_i.raddr_b_i,1.508
u_ibex_core.load_store_unit_i.ls_fsm_cs,u_ibex_core.cs_registers_i.mcycle_counter_i.counter,1.5081
u_ibex_core.load_store_unit_i.ls_fsm_cs,u_ibex_core.cs_registers_i.mcycle_counter_i.counter,1.5095
u_ibex_core.load_store_unit_i.ls_fsm_cs,u_ibex_core.cs_registers_i.mcycle_counter_i.counter,1.5097
u_ibex_core.load_store_unit_i.ls_fsm_cs,u_ibex_core.cs_registers_i.mcycle_counter_i.counter,1.5097
u_ibex_core.load_store_unit_i.ls_fsm_cs,u_ibex_core.cs_registers_i.mcycle_counter_i.counter,1.5097
u_ibex_core.load_store_unit_i.ls_fsm_cs,u_ibex_core.cs_registers_i.mcycle_counter_i.counter,1.5097
u_ibex_core.load_store_unit_i.ls_fsm_cs,u_ibex_core.cs_registers_i.mhpmcounter[2],1.5102
u_ibex_core.load_store_unit_i.ls_fsm_cs,u_ibex_core.id_stage_i.controller_i.instr_fetch_err_plus2_i,1.5111
u_ibex_core.load_store_unit_i.ls_fsm_cs,u_ibex_core.cs_registers_i.mtval_q,1.5118
u_ibex_core.load_store_unit_i.ls_fsm_cs,u_ibex_core.cs_registers_i.mtval_q,1.5118
u_ibex_core.load_store_unit_i.ls_fsm_cs,u_ibex_core.cs_registers_i.mtval_q,1.5118
u_ibex_core.load_store_unit_i.ls_fsm_cs,u_ibex_core.cs_registers_i.mtval_q,1.5118
u_ibex_core.load_store_unit_i.ls_fsm_cs,u_ibex_core.cs_registers_i.mtval_q,1.5118
u_ibex_core.load_store_unit_i.ls_fsm_cs,u_ibex_core.cs_registers_i.mtval_q,1.5118
u_ibex_core.load_store_unit_i.ls_fsm_cs,u_ibex_core.cs_registers_i.mtval_q,1.5118
u_ibex_core.load_store_unit_i.ls_fsm_cs,u_ibex_core.cs_registers_i.mhpmcounter[2],1.5121
u_ibex_core.load_store_unit_i.ls_fsm_cs,u_ibex_core.cs_registers_i.mhpmcounter[2],1.5122
u_ibex_core.load_store_unit_i.ls_fsm_cs,u_ibex_core.cs_registers_i.mhpmcounter[2],1.5122
u_ibex_core.load_store_unit_i.ls_fsm_cs,crash_dump_o,1.5125
u_ibex_core.load_store_unit_i.ls_fsm_cs,u_ibex_core.cs_registers_i.mtval_q,1.5126
u_ibex_core.load_store_unit_i.ls_fsm_cs,u_ibex_core.cs_registers_i.mtval_q,1.5126
u_ibex_core.load_store_unit_i.ls_fsm_cs,u_ibex_core.cs_registers_i.mtval_q,1.5126
u_ibex_core.load_store_unit_i.ls_fsm_cs,u_ibex_core.cs_registers_i.mtval_q,1.5126
u_ibex_core.load_store_unit_i.ls_fsm_cs,u_ibex_core.cs_registers_i.csr_depc_o,1.5127
u_ibex_core.load_store_unit_i.ls_fsm_cs,u_ibex_core.cs_registers_i.csr_depc_o,1.5127
u_ibex_core.load_store_unit_i.ls_fsm_cs,u_ibex_core.cs_registers_i.csr_depc_o,1.5127
u_ibex_core.load_store_unit_i.ls_fsm_cs,u_ibex_core.cs_registers_i.csr_depc_o,1.5127
u_ibex_core.load_store_unit_i.ls_fsm_cs,u_ibex_core.cs_registers_i.csr_depc_o,1.5127
u_ibex_core.load_store_unit_i.ls_fsm_cs,u_ibex_core.cs_registers_i.csr_depc_o,1.5127
u_ibex_core.load_store_unit_i.ls_fsm_cs,u_ibex_core.cs_registers_i.csr_depc_o,1.5127
u_ibex_core.load_store_unit_i.ls_fsm_cs,u_ibex_core.cs_registers_i.csr_depc_o,1.5127
u_ibex_core.load_store_unit_i.ls_fsm_cs,u_ibex_core.cs_registers_i.csr_depc_o,1.5127
u_ibex_core.load_store_unit_i.ls_fsm_cs,u_ibex_core.cs_registers_i.csr_depc_o,1.5127
u_ibex_core.load_store_unit_i.ls_fsm_cs,u_ibex_core.cs_registers_i.csr_depc_o,1.5127
u_ibex_core.load_store_unit_i.ls_fsm_cs,u_ibex_core.cs_registers_i.csr_depc_o,1.5127
u_ibex_core.load_store_unit_i.ls_fsm_cs,u_ibex_core.cs_registers_i.csr_depc_o,1.5127
u_ibex_core.load_store_unit_i.ls_fsm_cs,u_ibex_core.cs_registers_i.csr_depc_o,1.5127
u_ibex_core.load_store_unit_i.ls_fsm_cs,u_ibex_core.cs_registers_i.csr_depc_o,1.5127
u_ibex_core.load_store_unit_i.ls_fsm_cs,u_ibex_core.cs_registers_i.csr_depc_o,1.5127
u_ibex_core.load_store_unit_i.ls_fsm_cs,u_ibex_core.cs_registers_i.csr_depc_o,1.5127
u_ibex_core.load_store_unit_i.ls_fsm_cs,u_ibex_core.cs_registers_i.csr_depc_o,1.5127
u_ibex_core.load_store_unit_i.ls_fsm_cs,u_ibex_core.cs_registers_i.csr_depc_o,1.5127
u_ibex_core.load_store_unit_i.ls_fsm_cs,u_ibex_core.cs_registers_i.csr_depc_o,1.5127
u_ibex_core.load_store_unit_i.ls_fsm_cs,u_ibex_core.cs_registers_i.csr_depc_o,1.5127
u_ibex_core.load_store_unit_i.ls_fsm_cs,u_ibex_core.cs_registers_i.csr_depc_o,1.5127
u_ibex_core.load_store_unit_i.ls_fsm_cs,u_ibex_core.cs_registers_i.csr_depc_o,1.5127
u_ibex_core.load_store_unit_i.ls_fsm_cs,u_ibex_core.cs_registers_i.csr_depc_o,1.5127
u_ibex_core.load_store_unit_i.ls_fsm_cs,u_ibex_core.cs_registers_i.csr_depc_o,1.5127
u_ibex_core.load_store_unit_i.ls_fsm_cs,u_ibex_core.cs_registers_i.csr_depc_o,1.5127
u_ibex_core.load_store_unit_i.ls_fsm_cs,u_ibex_core.cs_registers_i.csr_depc_o,1.5127
u_ibex_core.load_store_unit_i.ls_fsm_cs,u_ibex_core.cs_registers_i.csr_depc_o,1.5127
u_ibex_core.load_store_unit_i.ls_fsm_cs,u_ibex_core.cs_registers_i.csr_depc_o,1.5127
u_ibex_core.load_store_unit_i.ls_fsm_cs,u_ibex_core.cs_registers_i.csr_depc_o,1.5127
u_ibex_core.load_store_unit_i.ls_fsm_cs,u_ibex_core.cs_registers_i.mhpmcounter[2],1.515
u_ibex_core.load_store_unit_i.ls_fsm_cs,u_ibex_core.cs_registers_i.mcycle_counter_i.counter,1.5153
u_ibex_core.load_store_unit_i.ls_fsm_cs,u_ibex_core.id_stage_i.controller_i.instr_compressed_i,1.5154
u_ibex_core.load_store_unit_i.ls_fsm_cs,u_ibex_core.cs_registers_i.mhpmcounter[2],1.5154
u_ibex_core.load_store_unit_i.ls_fsm_cs,u_ibex_core.cs_registers_i.mhpmcounter[2],1.5156
u_ibex_core.load_store_unit_i.ls_fsm_cs,u_ibex_core.cs_registers_i.mhpmcounter[2],1.5157
u_ibex_core.load_store_unit_i.ls_fsm_cs,u_ibex_core.cs_registers_i.mhpmcounter[2],1.5161
u_ibex_core.load_store_unit_i.ls_fsm_cs,u_ibex_core.cs_registers_i.mhpmcounter[2],1.5167
u_ibex_core.load_store_unit_i.ls_fsm_cs,u_ibex_core.cs_registers_i.mhpmcounter[2],1.5169
u_ibex_core.load_store_unit_i.ls_fsm_cs,u_ibex_core.cs_registers_i.mhpmcounter[2],1.5169
u_ibex_core.load_store_unit_i.ls_fsm_cs,u_ibex_core.cs_registers_i.mhpmcounter[2],1.517
u_ibex_core.load_store_unit_i.ls_fsm_cs,crash_dump_o,1.5189
u_ibex_core.load_store_unit_i.ls_fsm_cs,crash_dump_o,1.5189
u_ibex_core.load_store_unit_i.ls_fsm_cs,u_ibex_core.cs_registers_i.mstack_d,1.519
u_ibex_core.load_store_unit_i.ls_fsm_cs,u_ibex_core.cs_registers_i.mcycle_counter_i.counter,1.5202
u_ibex_core.load_store_unit_i.ls_fsm_cs,u_ibex_core.cs_registers_i.mcycle_counter_i.counter,1.5202
u_ibex_core.load_store_unit_i.ls_fsm_cs,u_ibex_core.cs_registers_i.mcycle_counter_i.counter,1.5202
u_ibex_core.load_store_unit_i.ls_fsm_cs,_00026_,1.5213
u_ibex_core.load_store_unit_i.ls_fsm_cs,u_ibex_core.cs_registers_i.mscratch_q,1.5213
u_ibex_core.load_store_unit_i.ls_fsm_cs,_00045_,1.5213
u_ibex_core.load_store_unit_i.ls_fsm_cs,_00028_,1.5213
u_ibex_core.load_store_unit_i.ls_fsm_cs,_00030_,1.5213
u_ibex_core.load_store_unit_i.ls_fsm_cs,_00033_,1.5213
u_ibex_core.load_store_unit_i.ls_fsm_cs,_00040_,1.5213
u_ibex_core.load_store_unit_i.ls_fsm_cs,_00044_,1.5213
u_ibex_core.load_store_unit_i.ls_fsm_cs,_00046_,1.5213
u_ibex_core.load_store_unit_i.ls_fsm_cs,u_ibex_core.cs_registers_i.mscratch_q,1.5213
u_ibex_core.load_store_unit_i.ls_fsm_cs,_00047_,1.5213
u_ibex_core.load_store_unit_i.ls_fsm_cs,_00022_,1.5213
u_ibex_core.load_store_unit_i.ls_fsm_cs,u_ibex_core.cs_registers_i.mscratch_q,1.5213
u_ibex_core.load_store_unit_i.ls_fsm_cs,u_ibex_core.cs_registers_i.mscratch_q,1.5213
u_ibex_core.load_store_unit_i.ls_fsm_cs,u_ibex_core.cs_registers_i.mscratch_q,1.5213
u_ibex_core.load_store_unit_i.ls_fsm_cs,u_ibex_core.cs_registers_i.mscratch_q,1.5213
u_ibex_core.load_store_unit_i.ls_fsm_cs,_00023_,1.5213
u_ibex_core.load_store_unit_i.ls_fsm_cs,_00024_,1.5213
u_ibex_core.load_store_unit_i.ls_fsm_cs,_00025_,1.5213
u_ibex_core.load_store_unit_i.ls_fsm_cs,_00027_,1.5213
u_ibex_core.load_store_unit_i.ls_fsm_cs,_00029_,1.5213
u_ibex_core.load_store_unit_i.ls_fsm_cs,_00031_,1.5213
u_ibex_core.load_store_unit_i.ls_fsm_cs,_00032_,1.5213
u_ibex_core.load_store_unit_i.ls_fsm_cs,_00034_,1.5213
u_ibex_core.load_store_unit_i.ls_fsm_cs,_00035_,1.5213
u_ibex_core.load_store_unit_i.ls_fsm_cs,_00036_,1.5213
u_ibex_core.load_store_unit_i.ls_fsm_cs,_00037_,1.5213
u_ibex_core.load_store_unit_i.ls_fsm_cs,_00038_,1.5213
u_ibex_core.load_store_unit_i.ls_fsm_cs,_00039_,1.5213
u_ibex_core.load_store_unit_i.ls_fsm_cs,_00041_,1.5213
u_ibex_core.load_store_unit_i.ls_fsm_cs,u_ibex_core.cs_registers_i.mhpmcounter[2],1.5223
u_ibex_core.load_store_unit_i.ls_fsm_cs,u_ibex_core.cs_registers_i.mcause_q,1.526
u_ibex_core.load_store_unit_i.ls_fsm_cs,u_ibex_core.cs_registers_i.mcause_q,1.526
u_ibex_core.load_store_unit_i.ls_fsm_cs,u_ibex_core.cs_registers_i.mcause_q,1.526
u_ibex_core.load_store_unit_i.ls_fsm_cs,u_ibex_core.cs_registers_i.mcause_q,1.526
u_ibex_core.load_store_unit_i.ls_fsm_cs,u_ibex_core.cs_registers_i.mcause_q,1.526
u_ibex_core.load_store_unit_i.ls_fsm_cs,u_ibex_core.cs_registers_i.mcause_q,1.526
u_ibex_core.load_store_unit_i.ls_fsm_cs,u_ibex_core.cs_registers_i.dcsr_q,1.5274
gen_regfile_latch.register_file_i.raddr_a_i,gen_regfile_latch.register_file_i.wdata_a_q,1.5276
u_ibex_core.load_store_unit_i.ls_fsm_cs,u_ibex_core.cs_registers_i.csr_mtvec_o,1.5293
u_ibex_core.load_store_unit_i.ls_fsm_cs,u_ibex_core.cs_registers_i.csr_mtvec_o,1.5293
u_ibex_core.load_store_unit_i.ls_fsm_cs,u_ibex_core.cs_registers_i.csr_mtvec_o,1.5293
u_ibex_core.load_store_unit_i.ls_fsm_cs,u_ibex_core.cs_registers_i.csr_mtvec_o,1.5293
u_ibex_core.load_store_unit_i.ls_fsm_cs,u_ibex_core.cs_registers_i.csr_mtvec_o,1.5293
u_ibex_core.load_store_unit_i.ls_fsm_cs,u_ibex_core.cs_registers_i.csr_mtvec_o,1.5293
u_ibex_core.load_store_unit_i.ls_fsm_cs,u_ibex_core.cs_registers_i.csr_mtvec_o,1.5293
u_ibex_core.load_store_unit_i.ls_fsm_cs,u_ibex_core.cs_registers_i.csr_mtvec_o,1.5293
u_ibex_core.load_store_unit_i.ls_fsm_cs,u_ibex_core.cs_registers_i.csr_mtvec_o,1.5293
u_ibex_core.load_store_unit_i.ls_fsm_cs,u_ibex_core.cs_registers_i.csr_mtvec_o,1.5293
u_ibex_core.load_store_unit_i.ls_fsm_cs,u_ibex_core.cs_registers_i.csr_mtvec_o,1.5293
u_ibex_core.load_store_unit_i.ls_fsm_cs,u_ibex_core.cs_registers_i.csr_mtvec_o,1.5293
u_ibex_core.load_store_unit_i.ls_fsm_cs,u_ibex_core.cs_registers_i.csr_mtvec_o,1.5293
u_ibex_core.load_store_unit_i.ls_fsm_cs,u_ibex_core.cs_registers_i.csr_mtvec_o,1.5293
u_ibex_core.load_store_unit_i.ls_fsm_cs,u_ibex_core.cs_registers_i.csr_mtvec_o,1.5293
u_ibex_core.load_store_unit_i.ls_fsm_cs,u_ibex_core.cs_registers_i.csr_mtvec_o,1.5293
u_ibex_core.load_store_unit_i.ls_fsm_cs,u_ibex_core.cs_registers_i.csr_mtvec_o,1.5293
u_ibex_core.load_store_unit_i.ls_fsm_cs,u_ibex_core.cs_registers_i.csr_mtvec_o,1.5293
u_ibex_core.load_store_unit_i.ls_fsm_cs,u_ibex_core.cs_registers_i.csr_mtvec_o,1.5293
u_ibex_core.load_store_unit_i.ls_fsm_cs,u_ibex_core.cs_registers_i.csr_mtvec_o,1.5293
u_ibex_core.load_store_unit_i.ls_fsm_cs,u_ibex_core.cs_registers_i.csr_depc_o,1.5298
gen_regfile_latch.register_file_i.raddr_a_i,u_ibex_core.ex_block_i.gen_multdiv_fast.multdiv_i.imd_val_q_i,1.5302
u_ibex_core.load_store_unit_i.ls_fsm_cs,u_ibex_core.cs_registers_i.dcsr_q,1.5325
u_ibex_core.load_store_unit_i.ls_fsm_cs,u_ibex_core.cs_registers_i.debug_single_step_o,1.533
u_ibex_core.load_store_unit_i.ls_fsm_cs,u_ibex_core.cs_registers_i.debug_ebreaku_o,1.533
u_ibex_core.load_store_unit_i.ls_fsm_cs,u_ibex_core.cs_registers_i.dcsr_q,1.533
u_ibex_core.load_store_unit_i.ls_fsm_cs,u_ibex_core.cs_registers_i.debug_ebreakm_o,1.533
u_ibex_core.load_store_unit_i.ls_fsm_cs,u_ibex_core.cs_registers_i.mhpmcounter[2],1.5339
u_ibex_core.load_store_unit_i.ls_fsm_cs,u_ibex_core.cs_registers_i.mie_q,1.5369
u_ibex_core.load_store_unit_i.ls_fsm_cs,u_ibex_core.cs_registers_i.mie_q,1.5369
u_ibex_core.load_store_unit_i.ls_fsm_cs,u_ibex_core.cs_registers_i.mie_q,1.5369
u_ibex_core.load_store_unit_i.ls_fsm_cs,u_ibex_core.cs_registers_i.mie_q,1.5369
u_ibex_core.load_store_unit_i.ls_fsm_cs,u_ibex_core.cs_registers_i.mie_q,1.5369
u_ibex_core.load_store_unit_i.ls_fsm_cs,u_ibex_core.cs_registers_i.mie_q,1.5369
u_ibex_core.load_store_unit_i.ls_fsm_cs,u_ibex_core.cs_registers_i.mie_q,1.5369
u_ibex_core.load_store_unit_i.ls_fsm_cs,u_ibex_core.cs_registers_i.mie_q,1.5369
u_ibex_core.load_store_unit_i.ls_fsm_cs,u_ibex_core.cs_registers_i.csr_mtvec_o,1.5408
u_ibex_core.load_store_unit_i.ls_fsm_cs,u_ibex_core.cs_registers_i.csr_mtvec_o,1.5408
u_ibex_core.load_store_unit_i.ls_fsm_cs,u_ibex_core.cs_registers_i.csr_depc_o,1.5441
u_ibex_core.load_store_unit_i.ls_fsm_cs,u_ibex_core.cs_registers_i.csr_mstatus_mie_o,1.5445
u_ibex_core.load_store_unit_i.ls_fsm_cs,u_ibex_core.cs_registers_i.dscratch1_q,1.5459
u_ibex_core.load_store_unit_i.ls_fsm_cs,u_ibex_core.cs_registers_i.dscratch1_q,1.5459
u_ibex_core.load_store_unit_i.ls_fsm_cs,u_ibex_core.cs_registers_i.dscratch0_q,1.5459
u_ibex_core.load_store_unit_i.ls_fsm_cs,u_ibex_core.cs_registers_i.dscratch0_q,1.5459
gen_regfile_latch.register_file_i.raddr_a_i,u_ibex_core.ex_block_i.gen_multdiv_fast.multdiv_i.imd_val_q_i,1.5482
u_ibex_core.load_store_unit_i.ls_fsm_cs,crash_dump_o,1.5485
u_ibex_core.load_store_unit_i.ls_fsm_cs,crash_dump_o,1.5485
u_ibex_core.load_store_unit_i.ls_fsm_cs,crash_dump_o,1.5485
u_ibex_core.load_store_unit_i.ls_fsm_cs,crash_dump_o,1.5485
u_ibex_core.load_store_unit_i.ls_fsm_cs,crash_dump_o,1.5485
u_ibex_core.load_store_unit_i.ls_fsm_cs,crash_dump_o,1.5485
u_ibex_core.load_store_unit_i.ls_fsm_cs,crash_dump_o,1.5485
u_ibex_core.load_store_unit_i.ls_fsm_cs,crash_dump_o,1.5485
u_ibex_core.load_store_unit_i.ls_fsm_cs,crash_dump_o,1.5485
u_ibex_core.load_store_unit_i.ls_fsm_cs,crash_dump_o,1.5485
u_ibex_core.load_store_unit_i.ls_fsm_cs,crash_dump_o,1.5517
u_ibex_core.load_store_unit_i.ls_fsm_cs,crash_dump_o,1.5517
u_ibex_core.load_store_unit_i.ls_fsm_cs,crash_dump_o,1.5517
u_ibex_core.load_store_unit_i.ls_fsm_cs,crash_dump_o,1.5517
u_ibex_core.load_store_unit_i.ls_fsm_cs,crash_dump_o,1.5517
u_ibex_core.load_store_unit_i.ls_fsm_cs,crash_dump_o,1.5517
u_ibex_core.load_store_unit_i.ls_fsm_cs,crash_dump_o,1.5517
u_ibex_core.load_store_unit_i.ls_fsm_cs,crash_dump_o,1.5517
u_ibex_core.load_store_unit_i.ls_fsm_cs,u_ibex_core.cs_registers_i.mcountinhibit,1.5551
u_ibex_core.load_store_unit_i.ls_fsm_cs,u_ibex_core.cs_registers_i.mcountinhibit,1.5551
u_ibex_core.load_store_unit_i.ls_fsm_cs,u_ibex_core.cs_registers_i.csr_mtvec_o,1.5572
u_ibex_core.load_store_unit_i.ls_fsm_cs,u_ibex_core.cs_registers_i.csr_mtvec_o,1.5572
u_ibex_core.load_store_unit_i.ls_fsm_cs,u_ibex_core.cs_registers_i.csr_mtvec_o,1.5572
u_ibex_core.load_store_unit_i.ls_fsm_cs,u_ibex_core.cs_registers_i.csr_mtvec_o,1.5572
u_ibex_core.load_store_unit_i.ls_fsm_cs,u_ibex_core.cs_registers_i.csr_mtvec_o,1.5572
u_ibex_core.load_store_unit_i.ls_fsm_cs,u_ibex_core.cs_registers_i.csr_mtvec_o,1.5572
u_ibex_core.load_store_unit_i.ls_fsm_cs,u_ibex_core.cs_registers_i.csr_mtvec_o,1.5572
u_ibex_core.load_store_unit_i.ls_fsm_cs,u_ibex_core.if_stage_i.gen_prefetch_buffer.prefetch_buffer_i.fifo_busy,1.5595
gen_regfile_latch.register_file_i.raddr_a_i,gen_regfile_latch.register_file_i.wdata_a_q,1.5606
u_ibex_core.load_store_unit_i.ls_fsm_cs,u_ibex_core.cs_registers_i.icache_enable_o,1.5654
u_ibex_core.load_store_unit_i.ls_fsm_cs,u_ibex_core.cs_registers_i.dummy_instr_en_o,1.5654
u_ibex_core.load_store_unit_i.ls_fsm_cs,u_ibex_core.cs_registers_i.cpuctrl_q,1.5654
u_ibex_core.load_store_unit_i.ls_fsm_cs,u_ibex_core.cs_registers_i.cpuctrl_q,1.5654
u_ibex_core.load_store_unit_i.ls_fsm_cs,u_ibex_core.cs_registers_i.cpuctrl_q,1.5654
gen_regfile_latch.register_file_i.raddr_a_i,gen_regfile_latch.register_file_i.wdata_a_q,1.5731
u_ibex_core.load_store_unit_i.ls_fsm_cs,u_ibex_core.cs_registers_i.dcsr_q,1.5742
u_ibex_core.load_store_unit_i.ls_fsm_cs,u_ibex_core.cs_registers_i.csr_mtvec_o,1.5796
u_ibex_core.load_store_unit_i.ls_fsm_cs,u_ibex_core.cs_registers_i.mstack_d,1.5802
gen_regfile_latch.register_file_i.raddr_a_i,gen_regfile_latch.register_file_i.wdata_a_q,1.5805
u_ibex_core.load_store_unit_i.ls_fsm_cs,u_ibex_core.cs_registers_i.dcsr_q,1.5837
u_ibex_core.load_store_unit_i.ls_fsm_cs,u_ibex_core.cs_registers_i.dcsr_q,1.5837
u_ibex_core.load_store_unit_i.ls_fsm_cs,_00042_,1.5856
u_ibex_core.load_store_unit_i.ls_fsm_cs,_00043_,1.5856
u_ibex_core.load_store_unit_i.ls_fsm_cs,u_ibex_core.id_stage_i.controller_i.controller_run_o,1.5887
u_ibex_core.load_store_unit_i.ls_fsm_cs,u_ibex_core.cs_registers_i.csr_mtvec_o,1.5936
u_ibex_core.load_store_unit_i.ls_fsm_cs,u_ibex_core.cs_registers_i.csr_mtvec_o,1.5936
u_ibex_core.load_store_unit_i.ls_fsm_cs,u_ibex_core.cs_registers_i.mstack_d,1.598
u_ibex_core.load_store_unit_i.ls_fsm_cs,u_ibex_core.if_stage_i.gen_prefetch_buffer.prefetch_buffer_i.fifo_i.valid_q,1.5986
gen_regfile_latch.register_file_i.raddr_a_i,u_ibex_core.ex_block_i.alu_i.g_no_alu_rvb.unused_imd_val_q,1.6073
u_ibex_core.load_store_unit_i.ls_fsm_cs,u_ibex_core.if_stage_i.gen_prefetch_buffer.prefetch_buffer_i.fifo_busy,1.6081
u_ibex_core.load_store_unit_i.ls_fsm_cs,u_ibex_core.cs_registers_i.mcountinhibit,1.6097
u_ibex_core.load_store_unit_i.ls_fsm_cs,u_ibex_core.cs_registers_i.data_ind_timing_o,1.6103
u_ibex_core.load_store_unit_i.ls_fsm_cs,u_ibex_core.id_stage_i.controller_i.ctrl_fsm_cs,1.6149
u_ibex_core.load_store_unit_i.ls_fsm_cs,u_ibex_core.cs_registers_i.csr_mstatus_tw_o,1.619
u_ibex_core.load_store_unit_i.ls_fsm_cs,u_ibex_core.cs_registers_i.mstatus_q,1.619
gen_regfile_latch.register_file_i.raddr_a_i,u_ibex_core.ex_block_i.alu_i.g_no_alu_rvb.unused_imd_val_q,1.6252
gen_regfile_latch.register_file_i.raddr_a_i,gen_regfile_latch.register_file_i.wdata_a_q,1.629
gen_regfile_latch.register_file_i.raddr_a_i,gen_regfile_latch.register_file_i.wdata_a_q,1.6305
u_ibex_core.load_store_unit_i.ls_fsm_cs,u_ibex_core.id_stage_i.branch_jump_set_done_q,1.6314
gen_regfile_latch.register_file_i.raddr_a_i,u_ibex_core.ex_block_i.alu_i.g_no_alu_rvb.unused_imd_val_q,1.6366
gen_regfile_latch.register_file_i.raddr_a_i,gen_regfile_latch.register_file_i.wdata_a_q,1.6388
gen_regfile_latch.register_file_i.raddr_a_i,u_ibex_core.ex_block_i.alu_i.g_no_alu_rvb.unused_imd_val_q,1.6623
gen_regfile_latch.register_file_i.raddr_a_i,gen_regfile_latch.register_file_i.wdata_a_q,1.6735
u_ibex_core.load_store_unit_i.ls_fsm_cs,u_ibex_core.ex_block_i.alu_i.g_no_alu_rvb.unused_imd_val_q,1.6747
u_ibex_core.load_store_unit_i.ls_fsm_cs,u_ibex_core.ex_block_i.alu_i.g_no_alu_rvb.unused_imd_val_q,1.6757
gen_regfile_latch.register_file_i.raddr_a_i,u_ibex_core.ex_block_i.alu_i.g_no_alu_rvb.unused_imd_val_q,1.6795
u_ibex_core.load_store_unit_i.ls_fsm_cs,u_ibex_core.ex_block_i.alu_i.g_no_alu_rvb.unused_imd_val_q,1.6803
u_ibex_core.load_store_unit_i.ls_fsm_cs,u_ibex_core.id_stage_i.controller_i.ctrl_fsm_cs,1.6809
u_ibex_core.load_store_unit_i.ls_fsm_cs,u_ibex_core.ex_block_i.alu_i.g_no_alu_rvb.unused_imd_val_q,1.69
u_ibex_core.load_store_unit_i.ls_fsm_cs,u_ibex_core.ex_block_i.alu_i.g_no_alu_rvb.unused_imd_val_q,1.6906
u_ibex_core.load_store_unit_i.ls_fsm_cs,u_ibex_core.ex_block_i.alu_i.g_no_alu_rvb.unused_imd_val_q,1.6918
u_ibex_core.load_store_unit_i.ls_fsm_cs,u_ibex_core.id_stage_i.controller_i.ctrl_fsm_cs,1.6925
u_ibex_core.load_store_unit_i.ls_fsm_cs,u_ibex_core.ex_block_i.alu_i.g_no_alu_rvb.unused_imd_val_q,1.6933
u_ibex_core.load_store_unit_i.ls_fsm_cs,u_ibex_core.ex_block_i.alu_i.g_no_alu_rvb.unused_imd_val_q,1.6975
u_ibex_core.load_store_unit_i.ls_fsm_cs,u_ibex_core.ex_block_i.alu_i.g_no_alu_rvb.unused_imd_val_q,1.6998
u_ibex_core.load_store_unit_i.ls_fsm_cs,u_ibex_core.ex_block_i.alu_i.g_no_alu_rvb.unused_imd_val_q,1.7005
u_ibex_core.load_store_unit_i.ls_fsm_cs,u_ibex_core.ex_block_i.alu_i.g_no_alu_rvb.unused_imd_val_q,1.7039
u_ibex_core.load_store_unit_i.ls_fsm_cs,u_ibex_core.id_stage_i.controller_i.ctrl_fsm_cs,1.7101
u_ibex_core.load_store_unit_i.ls_fsm_cs,u_ibex_core.ex_block_i.alu_i.g_no_alu_rvb.unused_imd_val_q,1.7219
u_ibex_core.load_store_unit_i.ls_fsm_cs,u_ibex_core.ex_block_i.alu_i.g_no_alu_rvb.unused_imd_val_q,1.7247
gen_regfile_latch.register_file_i.raddr_a_i,gen_regfile_latch.register_file_i.wdata_a_q,1.7359
u_ibex_core.load_store_unit_i.ls_fsm_cs,u_ibex_core.ex_block_i.alu_i.g_no_alu_rvb.unused_imd_val_q,1.742
u_ibex_core.load_store_unit_i.ls_fsm_cs,u_ibex_core.ex_block_i.alu_i.g_no_alu_rvb.unused_imd_val_q,1.7428
u_ibex_core.load_store_unit_i.ls_fsm_cs,u_ibex_core.ex_block_i.alu_i.g_no_alu_rvb.unused_imd_val_q,1.744
u_ibex_core.load_store_unit_i.ls_fsm_cs,u_ibex_core.ex_block_i.alu_i.g_no_alu_rvb.unused_imd_val_q,1.745
u_ibex_core.id_stage_i.decoder_i.instr_alu,u_ibex_core.if_stage_i.gen_prefetch_buffer.prefetch_buffer_i.fetch_addr_q,1.7453
u_ibex_core.load_store_unit_i.ls_fsm_cs,u_ibex_core.ex_block_i.alu_i.g_no_alu_rvb.unused_imd_val_q,1.7454
u_ibex_core.load_store_unit_i.ls_fsm_cs,u_ibex_core.ex_block_i.alu_i.g_no_alu_rvb.unused_imd_val_q,1.746
u_ibex_core.load_store_unit_i.ls_fsm_cs,u_ibex_core.ex_block_i.alu_i.g_no_alu_rvb.unused_imd_val_q,1.7518
u_ibex_core.load_store_unit_i.ls_fsm_cs,u_ibex_core.ex_block_i.alu_i.g_no_alu_rvb.unused_imd_val_q,1.7533
u_ibex_core.load_store_unit_i.ls_fsm_cs,u_ibex_core.ex_block_i.alu_i.g_no_alu_rvb.unused_imd_val_q,1.7604
u_ibex_core.load_store_unit_i.ls_fsm_cs,u_ibex_core.ex_block_i.alu_i.g_no_alu_rvb.unused_imd_val_q,1.7706
u_ibex_core.id_stage_i.decoder_i.instr_alu,u_ibex_core.if_stage_i.gen_prefetch_buffer.prefetch_buffer_i.fetch_addr_q,1.7759
u_ibex_core.load_store_unit_i.ls_fsm_cs,gen_regfile_latch.register_file_i.wdata_a_q,1.7766
gen_regfile_latch.register_file_i.raddr_a_i,gen_regfile_latch.register_file_i.wdata_a_q,1.7782
u_ibex_core.load_store_unit_i.ls_fsm_cs,u_ibex_core.ex_block_i.alu_i.g_no_alu_rvb.unused_imd_val_q,1.7814
u_ibex_core.id_stage_i.decoder_i.instr_alu,u_ibex_core.if_stage_i.gen_prefetch_buffer.prefetch_buffer_i.fetch_addr_q,1.7876
u_ibex_core.load_store_unit_i.ls_fsm_cs,u_ibex_core.id_stage_i.id_fsm_q,1.7978
gen_regfile_latch.register_file_i.raddr_a_i,gen_regfile_latch.register_file_i.wdata_a_q,1.8108
u_ibex_core.id_stage_i.decoder_i.instr_alu,u_ibex_core.if_stage_i.gen_prefetch_buffer.prefetch_buffer_i.fetch_addr_q,1.8306
gen_regfile_latch.register_file_i.raddr_a_i,gen_regfile_latch.register_file_i.wdata_a_q,1.8316
u_ibex_core.load_store_unit_i.ls_fsm_cs,u_ibex_core.ex_block_i.alu_i.g_no_alu_rvb.unused_imd_val_q,1.8372
u_ibex_core.id_stage_i.decoder_i.instr_alu,u_ibex_core.if_stage_i.gen_prefetch_buffer.prefetch_buffer_i.fetch_addr_q,1.849
gen_regfile_latch.register_file_i.raddr_a_i,gen_regfile_latch.register_file_i.wdata_a_q,1.8551
u_ibex_core.load_store_unit_i.ls_fsm_cs,u_ibex_core.id_stage_i.branch_set_raw,1.8576
u_ibex_core.load_store_unit_i.ls_fsm_cs,u_ibex_core.ex_block_i.alu_i.g_no_alu_rvb.unused_imd_val_q,1.8598
gen_regfile_latch.register_file_i.raddr_a_i,gen_regfile_latch.register_file_i.wdata_a_q,1.8659
u_ibex_core.load_store_unit_i.ls_fsm_cs,u_ibex_core.ex_block_i.gen_multdiv_fast.multdiv_i.op_quotient_q,1.883
u_ibex_core.load_store_unit_i.ls_fsm_cs,u_ibex_core.ex_block_i.gen_multdiv_fast.multdiv_i.op_quotient_q,1.883
u_ibex_core.load_store_unit_i.ls_fsm_cs,u_ibex_core.ex_block_i.gen_multdiv_fast.multdiv_i.op_quotient_q,1.883
u_ibex_core.load_store_unit_i.ls_fsm_cs,u_ibex_core.ex_block_i.gen_multdiv_fast.multdiv_i.op_quotient_q,1.883
u_ibex_core.load_store_unit_i.ls_fsm_cs,u_ibex_core.ex_block_i.gen_multdiv_fast.multdiv_i.op_quotient_q,1.883
u_ibex_core.load_store_unit_i.ls_fsm_cs,u_ibex_core.ex_block_i.gen_multdiv_fast.multdiv_i.op_quotient_q,1.883
u_ibex_core.load_store_unit_i.ls_fsm_cs,u_ibex_core.ex_block_i.gen_multdiv_fast.multdiv_i.op_quotient_q,1.8834
u_ibex_core.load_store_unit_i.ls_fsm_cs,u_ibex_core.ex_block_i.gen_multdiv_fast.multdiv_i.op_quotient_q,1.8834
u_ibex_core.load_store_unit_i.ls_fsm_cs,u_ibex_core.ex_block_i.gen_multdiv_fast.multdiv_i.op_quotient_q,1.8834
u_ibex_core.load_store_unit_i.ls_fsm_cs,u_ibex_core.if_stage_i.gen_prefetch_buffer.prefetch_buffer_i.stored_addr_q,1.8857
u_ibex_core.load_store_unit_i.ls_fsm_cs,u_ibex_core.ex_block_i.alu_i.g_no_alu_rvb.unused_imd_val_q,1.8909
u_ibex_core.load_store_unit_i.ls_fsm_cs,u_ibex_core.ex_block_i.gen_multdiv_fast.multdiv_i.op_quotient_q,1.8911
u_ibex_core.id_stage_i.decoder_i.instr_alu,u_ibex_core.if_stage_i.gen_prefetch_buffer.prefetch_buffer_i.fetch_addr_q,1.9169
gen_regfile_latch.register_file_i.raddr_a_i,gen_regfile_latch.register_file_i.wdata_a_q,1.9244
u_ibex_core.load_store_unit_i.ls_fsm_cs,u_ibex_core.if_stage_i.gen_prefetch_buffer.prefetch_buffer_i.stored_addr_q,1.9413
u_ibex_core.id_stage_i.decoder_i.instr_alu,u_ibex_core.if_stage_i.gen_prefetch_buffer.prefetch_buffer_i.fetch_addr_q,1.9454
u_ibex_core.load_store_unit_i.ls_fsm_cs,u_ibex_core.ex_block_i.gen_multdiv_fast.multdiv_i.div_valid,1.9493
u_ibex_core.load_store_unit_i.ls_fsm_cs,u_ibex_core.ex_block_i.gen_multdiv_fast.multdiv_i.op_quotient_q,1.961
u_ibex_core.load_store_unit_i.ls_fsm_cs,u_ibex_core.ex_block_i.gen_multdiv_fast.multdiv_i.op_quotient_q,1.961
u_ibex_core.load_store_unit_i.ls_fsm_cs,u_ibex_core.ex_block_i.gen_multdiv_fast.multdiv_i.op_quotient_q,1.961
u_ibex_core.load_store_unit_i.ls_fsm_cs,u_ibex_core.ex_block_i.gen_multdiv_fast.multdiv_i.op_quotient_q,1.961
u_ibex_core.load_store_unit_i.ls_fsm_cs,u_ibex_core.ex_block_i.gen_multdiv_fast.multdiv_i.op_quotient_q,1.9614
u_ibex_core.load_store_unit_i.ls_fsm_cs,u_ibex_core.ex_block_i.gen_multdiv_fast.multdiv_i.op_quotient_q,1.9614
u_ibex_core.load_store_unit_i.ls_fsm_cs,u_ibex_core.ex_block_i.gen_multdiv_fast.multdiv_i.op_quotient_q,1.9614
u_ibex_core.load_store_unit_i.ls_fsm_cs,u_ibex_core.ex_block_i.gen_multdiv_fast.multdiv_i.op_quotient_q,1.9614
u_ibex_core.load_store_unit_i.ls_fsm_cs,u_ibex_core.ex_block_i.gen_multdiv_fast.multdiv_i.op_quotient_q,1.9614
u_ibex_core.id_stage_i.decoder_i.instr_alu,u_ibex_core.if_stage_i.gen_prefetch_buffer.prefetch_buffer_i.fetch_addr_q,1.9711
gen_regfile_latch.register_file_i.raddr_a_i,gen_regfile_latch.register_file_i.wdata_a_q,1.973
u_ibex_core.id_stage_i.decoder_i.instr_alu,u_ibex_core.if_stage_i.gen_prefetch_buffer.prefetch_buffer_i.fetch_addr_q,1.9895
u_ibex_core.load_store_unit_i.ls_fsm_cs,u_ibex_core.ex_block_i.gen_multdiv_fast.multdiv_i.md_state_q,1.9917
gen_regfile_latch.register_file_i.raddr_a_i,gen_regfile_latch.register_file_i.wdata_a_q,2.0067
gen_regfile_latch.register_file_i.raddr_a_i,gen_regfile_latch.register_file_i.wdata_a_q,2.0077
u_ibex_core.load_store_unit_i.ls_fsm_cs,u_ibex_core.if_stage_i.gen_prefetch_buffer.prefetch_buffer_i.stored_addr_q,2.0223
u_ibex_core.load_store_unit_i.ls_fsm_cs,u_ibex_core.ex_block_i.gen_multdiv_fast.multdiv_i.div_by_zero_q,2.0243
u_ibex_core.load_store_unit_i.ls_fsm_cs,u_ibex_core.if_stage_i.gen_prefetch_buffer.prefetch_buffer_i.stored_addr_q,2.0247
u_ibex_core.load_store_unit_i.ls_fsm_cs,u_ibex_core.if_stage_i.gen_prefetch_buffer.prefetch_buffer_i.stored_addr_q,2.0286
u_ibex_core.load_store_unit_i.ls_fsm_cs,u_ibex_core.ex_block_i.gen_multdiv_fast.multdiv_i.op_quotient_q,2.0346
u_ibex_core.load_store_unit_i.ls_fsm_cs,u_ibex_core.if_stage_i.gen_prefetch_buffer.prefetch_buffer_i.stored_addr_q,2.0358
u_ibex_core.load_store_unit_i.ls_fsm_cs,u_ibex_core.ex_block_i.gen_multdiv_fast.multdiv_i.op_quotient_q,2.0366
u_ibex_core.load_store_unit_i.ls_fsm_cs,u_ibex_core.ex_block_i.gen_multdiv_fast.multdiv_i.op_quotient_q,2.0366
u_ibex_core.load_store_unit_i.ls_fsm_cs,u_ibex_core.ex_block_i.gen_multdiv_fast.multdiv_i.op_quotient_q,2.0369
u_ibex_core.load_store_unit_i.ls_fsm_cs,u_ibex_core.ex_block_i.gen_multdiv_fast.multdiv_i.op_quotient_q,2.0369
u_ibex_core.load_store_unit_i.ls_fsm_cs,u_ibex_core.ex_block_i.gen_multdiv_fast.multdiv_i.op_quotient_q,2.0369
u_ibex_core.load_store_unit_i.ls_fsm_cs,u_ibex_core.ex_block_i.gen_multdiv_fast.multdiv_i.op_quotient_q,2.0369
u_ibex_core.load_store_unit_i.ls_fsm_cs,u_ibex_core.ex_block_i.gen_multdiv_fast.multdiv_i.op_quotient_q,2.0373
u_ibex_core.load_store_unit_i.ls_fsm_cs,u_ibex_core.ex_block_i.gen_multdiv_fast.multdiv_i.op_quotient_q,2.0374
u_ibex_core.load_store_unit_i.ls_fsm_cs,u_ibex_core.ex_block_i.gen_multdiv_fast.multdiv_i.op_quotient_q,2.0374
u_ibex_core.load_store_unit_i.ls_fsm_cs,u_ibex_core.ex_block_i.gen_multdiv_fast.multdiv_i.op_quotient_q,2.0389
u_ibex_core.load_store_unit_i.ls_fsm_cs,u_ibex_core.ex_block_i.gen_multdiv_fast.multdiv_i.op_quotient_q,2.0451
u_ibex_core.load_store_unit_i.ls_fsm_cs,u_ibex_core.ex_block_i.gen_multdiv_fast.multdiv_i.op_quotient_q,2.0455
u_ibex_core.id_stage_i.decoder_i.instr_alu,u_ibex_core.if_stage_i.gen_prefetch_buffer.prefetch_buffer_i.fetch_addr_q,2.0572
gen_regfile_latch.register_file_i.raddr_a_i,gen_regfile_latch.register_file_i.wdata_a_q,2.0683
u_ibex_core.id_stage_i.decoder_i.instr_alu,u_ibex_core.if_stage_i.gen_prefetch_buffer.prefetch_buffer_i.fetch_addr_q,2.0688
u_ibex_core.load_store_unit_i.ls_fsm_cs,u_ibex_core.ex_block_i.alu_i.g_no_alu_rvb.unused_imd_val_q,2.0812
u_ibex_core.load_store_unit_i.ls_fsm_cs,u_ibex_core.ex_block_i.gen_multdiv_fast.multdiv_i.op_numerator_q,2.0826
u_ibex_core.load_store_unit_i.ls_fsm_cs,crash_dump_o,2.101
u_ibex_core.id_stage_i.decoder_i.instr_alu,u_ibex_core.if_stage_i.gen_prefetch_buffer.prefetch_buffer_i.fetch_addr_q,2.1103
gen_regfile_latch.register_file_i.raddr_a_i,gen_regfile_latch.register_file_i.wdata_a_q,2.1141
u_ibex_core.load_store_unit_i.ls_fsm_cs,u_ibex_core.if_stage_i.gen_prefetch_buffer.prefetch_buffer_i.stored_addr_q,2.1258
u_ibex_core.id_stage_i.decoder_i.instr_alu,u_ibex_core.if_stage_i.gen_prefetch_buffer.prefetch_buffer_i.fetch_addr_q,2.1306
u_ibex_core.load_store_unit_i.ls_fsm_cs,u_ibex_core.ex_block_i.gen_multdiv_fast.multdiv_i.op_numerator_q,2.136
u_ibex_core.load_store_unit_i.ls_fsm_cs,u_ibex_core.if_stage_i.gen_prefetch_buffer.prefetch_buffer_i.stored_addr_q,2.1367
u_ibex_core.load_store_unit_i.ls_fsm_cs,u_ibex_core.ex_block_i.alu_i.g_no_alu_rvb.unused_imd_val_q,2.1392
u_ibex_core.load_store_unit_i.ls_fsm_cs,u_ibex_core.ex_block_i.alu_i.g_no_alu_rvb.unused_imd_val_q,2.1446
gen_regfile_latch.register_file_i.raddr_a_i,gen_regfile_latch.register_file_i.wdata_a_q,2.1502
u_ibex_core.load_store_unit_i.ls_fsm_cs,crash_dump_o,2.1543
u_ibex_core.load_store_unit_i.ls_fsm_cs,u_ibex_core.if_stage_i.gen_prefetch_buffer.prefetch_buffer_i.stored_addr_q,2.1771
u_ibex_core.id_stage_i.decoder_i.instr_alu,u_ibex_core.if_stage_i.gen_prefetch_buffer.prefetch_buffer_i.fetch_addr_q,2.1786
u_ibex_core.load_store_unit_i.ls_fsm_cs,u_ibex_core.ex_block_i.gen_multdiv_fast.multdiv_i.op_numerator_q,2.18
u_ibex_core.load_store_unit_i.ls_fsm_cs,u_ibex_core.ex_block_i.gen_multdiv_fast.multdiv_i.op_numerator_q,2.1858
u_ibex_core.load_store_unit_i.ls_fsm_cs,crash_dump_o,2.1873
u_ibex_core.load_store_unit_i.ls_fsm_cs,u_ibex_core.ex_block_i.alu_i.g_no_alu_rvb.unused_imd_val_q,2.1918
gen_regfile_latch.register_file_i.raddr_a_i,gen_regfile_latch.register_file_i.wdata_a_q,2.1978
u_ibex_core.load_store_unit_i.ls_fsm_cs,u_ibex_core.if_stage_i.gen_prefetch_buffer.prefetch_buffer_i.stored_addr_q,2.1995
u_ibex_core.id_stage_i.decoder_i.instr_alu,u_ibex_core.if_stage_i.gen_prefetch_buffer.prefetch_buffer_i.fetch_addr_q,2.2057
u_ibex_core.load_store_unit_i.ls_fsm_cs,crash_dump_o,2.206
u_ibex_core.load_store_unit_i.ls_fsm_cs,u_ibex_core.ex_block_i.gen_multdiv_fast.multdiv_i.op_numerator_q,2.2155
gen_regfile_latch.register_file_i.raddr_a_i,gen_regfile_latch.register_file_i.wdata_a_q,2.2263
u_ibex_core.load_store_unit_i.ls_fsm_cs,u_ibex_core.ex_block_i.gen_multdiv_fast.multdiv_i.op_numerator_q,2.2286
u_ibex_core.load_store_unit_i.ls_fsm_cs,u_ibex_core.ex_block_i.alu_i.g_no_alu_rvb.unused_imd_val_q,2.2316
u_ibex_core.id_stage_i.decoder_i.instr_alu,u_ibex_core.if_stage_i.gen_prefetch_buffer.prefetch_buffer_i.fetch_addr_q,2.2376
u_ibex_core.load_store_unit_i.ls_fsm_cs,u_ibex_core.if_stage_i.gen_prefetch_buffer.prefetch_buffer_i.stored_addr_q,2.2466
u_ibex_core.load_store_unit_i.ls_fsm_cs,u_ibex_core.if_stage_i.gen_prefetch_buffer.prefetch_buffer_i.stored_addr_q,2.2467
u_ibex_core.load_store_unit_i.ls_fsm_cs,crash_dump_o,2.247
u_ibex_core.load_store_unit_i.ls_fsm_cs,u_ibex_core.ex_block_i.alu_i.g_no_alu_rvb.unused_imd_val_q,2.2475
gen_regfile_latch.register_file_i.raddr_a_i,gen_regfile_latch.register_file_i.wdata_a_q,2.2484
u_ibex_core.id_stage_i.decoder_i.instr_alu,u_ibex_core.if_stage_i.gen_prefetch_buffer.prefetch_buffer_i.fetch_addr_q,2.258
gen_regfile_latch.register_file_i.raddr_a_i,gen_regfile_latch.register_file_i.wdata_a_q,2.2609
u_ibex_core.load_store_unit_i.ls_fsm_cs,crash_dump_o,2.2629
gen_regfile_latch.register_file_i.raddr_a_i,gen_regfile_latch.register_file_i.wdata_a_q,2.2655
u_ibex_core.load_store_unit_i.ls_fsm_cs,u_ibex_core.if_stage_i.gen_prefetch_buffer.prefetch_buffer_i.stored_addr_q,2.2781
gen_regfile_latch.register_file_i.raddr_a_i,gen_regfile_latch.register_file_i.wdata_a_q,2.2828
gen_regfile_latch.register_file_i.raddr_a_i,gen_regfile_latch.register_file_i.wdata_a_q,2.293
gen_regfile_latch.register_file_i.raddr_a_i,gen_regfile_latch.register_file_i.wdata_a_q,2.293
u_ibex_core.load_store_unit_i.ls_fsm_cs,u_ibex_core.ex_block_i.gen_multdiv_fast.multdiv_i.op_numerator_q,2.2936
gen_regfile_latch.register_file_i.raddr_a_i,gen_regfile_latch.register_file_i.wdata_a_q,2.2937
gen_regfile_latch.register_file_i.raddr_a_i,gen_regfile_latch.register_file_i.wdata_a_q,2.297
u_ibex_core.load_store_unit_i.ls_fsm_cs,u_ibex_core.if_stage_i.gen_prefetch_buffer.prefetch_buffer_i.stored_addr_q,2.2998
u_ibex_core.id_stage_i.decoder_i.instr_alu,u_ibex_core.if_stage_i.gen_prefetch_buffer.prefetch_buffer_i.fetch_addr_q,2.306
u_ibex_core.id_stage_i.decoder_i.instr_alu,u_ibex_core.if_stage_i.gen_prefetch_buffer.prefetch_buffer_i.fetch_addr_q,2.3331
u_ibex_core.load_store_unit_i.ls_fsm_cs,u_ibex_core.ex_block_i.gen_multdiv_fast.multdiv_i.op_numerator_q,2.3373
u_ibex_core.load_store_unit_i.ls_fsm_cs,u_ibex_core.ex_block_i.alu_i.g_no_alu_rvb.unused_imd_val_q,2.3416
u_ibex_core.load_store_unit_i.ls_fsm_cs,u_ibex_core.ex_block_i.alu_i.g_no_alu_rvb.unused_imd_val_q,2.3437
u_ibex_core.load_store_unit_i.ls_fsm_cs,crash_dump_o,2.354
u_ibex_core.id_stage_i.decoder_i.instr_alu,u_ibex_core.if_stage_i.gen_prefetch_buffer.prefetch_buffer_i.stored_addr_q,2.3551
u_ibex_core.load_store_unit_i.ls_fsm_cs,crash_dump_o,2.358
u_ibex_core.id_stage_i.decoder_i.instr_alu,u_ibex_core.if_stage_i.gen_prefetch_buffer.prefetch_buffer_i.fetch_addr_q,2.365
u_ibex_core.id_stage_i.decoder_i.instr_alu,u_ibex_core.if_stage_i.gen_prefetch_buffer.prefetch_buffer_i.stored_addr_q,2.3678
u_ibex_core.load_store_unit_i.ls_fsm_cs,u_ibex_core.if_stage_i.gen_prefetch_buffer.prefetch_buffer_i.stored_addr_q,2.3769
u_ibex_core.id_stage_i.decoder_i.instr_alu,u_ibex_core.if_stage_i.gen_prefetch_buffer.prefetch_buffer_i.fetch_addr_q,2.3853
u_ibex_core.load_store_unit_i.ls_fsm_cs,u_ibex_core.ex_block_i.gen_multdiv_fast.multdiv_i.op_numerator_q,2.386
u_ibex_core.id_stage_i.decoder_i.instr_alu,u_ibex_core.if_stage_i.gen_prefetch_buffer.prefetch_buffer_i.stored_addr_q,2.3888
u_ibex_core.load_store_unit_i.ls_fsm_cs,u_ibex_core.ex_block_i.alu_i.g_no_alu_rvb.unused_imd_val_q,2.3918
u_ibex_core.load_store_unit_i.ls_fsm_cs,u_ibex_core.ex_block_i.gen_multdiv_fast.multdiv_i.op_numerator_q,2.3946
u_ibex_core.load_store_unit_i.ls_fsm_cs,u_ibex_core.ex_block_i.alu_i.g_no_alu_rvb.unused_imd_val_q,2.3988
u_ibex_core.id_stage_i.decoder_i.instr_alu,u_ibex_core.ex_block_i.gen_multdiv_fast.multdiv_i.op_numerator_q,2.4019
u_ibex_core.load_store_unit_i.ls_fsm_cs,crash_dump_o,2.4042
u_ibex_core.load_store_unit_i.ls_fsm_cs,crash_dump_o,2.4096
u_ibex_core.load_store_unit_i.ls_fsm_cs,u_ibex_core.ex_block_i.gen_multdiv_fast.multdiv_i.op_numerator_q,2.4193
u_ibex_core.load_store_unit_i.ls_fsm_cs,u_ibex_core.ex_block_i.gen_multdiv_fast.multdiv_i.op_numerator_q,2.4232
u_ibex_core.load_store_unit_i.ls_fsm_cs,u_ibex_core.ex_block_i.alu_i.g_no_alu_rvb.unused_imd_val_q,2.4251
u_ibex_core.load_store_unit_i.ls_fsm_cs,u_ibex_core.ex_block_i.alu_i.g_no_alu_rvb.unused_imd_val_q,2.429
u_ibex_core.load_store_unit_i.ls_fsm_cs,u_ibex_core.ex_block_i.gen_multdiv_fast.multdiv_i.op_numerator_q,2.4315
u_ibex_core.id_stage_i.decoder_i.instr_alu,u_ibex_core.if_stage_i.gen_prefetch_buffer.prefetch_buffer_i.fetch_addr_q,2.4333
u_ibex_core.load_store_unit_i.ls_fsm_cs,u_ibex_core.ex_block_i.alu_i.g_no_alu_rvb.unused_imd_val_q,2.4374
u_ibex_core.load_store_unit_i.ls_fsm_cs,crash_dump_o,2.4394
u_ibex_core.load_store_unit_i.ls_fsm_cs,crash_dump_o,2.4433
u_ibex_core.id_stage_i.decoder_i.instr_alu,u_ibex_core.if_stage_i.gen_prefetch_buffer.prefetch_buffer_i.stored_addr_q,2.4452
u_ibex_core.load_store_unit_i.ls_fsm_cs,crash_dump_o,2.4516
u_ibex_core.id_stage_i.decoder_i.instr_alu,u_ibex_core.ex_block_i.alu_i.g_no_alu_rvb.unused_imd_val_q,2.4518
u_ibex_core.id_stage_i.decoder_i.instr_alu,u_ibex_core.if_stage_i.gen_prefetch_buffer.prefetch_buffer_i.fetch_addr_q,2.4591
u_ibex_core.id_stage_i.decoder_i.instr_alu,crash_dump_o,2.4662
u_ibex_core.load_store_unit_i.ls_fsm_cs,u_ibex_core.if_stage_i.gen_prefetch_buffer.prefetch_buffer_i.stored_addr_q,2.4757
u_ibex_core.id_stage_i.decoder_i.instr_alu,u_ibex_core.ex_block_i.gen_multdiv_fast.multdiv_i.op_numerator_q,2.4784
u_ibex_core.id_stage_i.decoder_i.instr_alu,u_ibex_core.ex_block_i.gen_multdiv_fast.multdiv_i.op_numerator_q,2.484
u_ibex_core.load_store_unit_i.ls_fsm_cs,u_ibex_core.if_stage_i.gen_prefetch_buffer.prefetch_buffer_i.stored_addr_q,2.5005
u_ibex_core.id_stage_i.decoder_i.instr_alu,u_ibex_core.if_stage_i.gen_prefetch_buffer.prefetch_buffer_i.fetch_addr_q,2.5013
u_ibex_core.load_store_unit_i.ls_fsm_cs,u_ibex_core.if_stage_i.gen_prefetch_buffer.prefetch_buffer_i.stored_addr_q,2.5047
u_ibex_core.id_stage_i.decoder_i.instr_alu,u_ibex_core.if_stage_i.gen_prefetch_buffer.prefetch_buffer_i.stored_addr_q,2.5183
gen_regfile_latch.register_file_i.raddr_a_i,u_ibex_core.id_stage_i.controller_i.exc_req_q,2.5186
u_ibex_core.id_stage_i.decoder_i.instr_alu,u_ibex_core.ex_block_i.gen_multdiv_fast.multdiv_i.op_numerator_q,2.5205
u_ibex_core.load_store_unit_i.ls_fsm_cs,u_ibex_core.ex_block_i.gen_multdiv_fast.multdiv_i.op_numerator_q,2.5223
u_ibex_core.load_store_unit_i.ls_fsm_cs,u_ibex_core.ex_block_i.alu_i.g_no_alu_rvb.unused_imd_val_q,2.5238
u_ibex_core.id_stage_i.decoder_i.instr_alu,u_ibex_core.ex_block_i.alu_i.g_no_alu_rvb.unused_imd_val_q,2.5264
u_ibex_core.id_stage_i.decoder_i.instr_alu,u_ibex_core.ex_block_i.alu_i.g_no_alu_rvb.unused_imd_val_q,2.5297
u_ibex_core.id_stage_i.decoder_i.instr_alu,u_ibex_core.if_stage_i.gen_prefetch_buffer.prefetch_buffer_i.fetch_addr_q,2.5313
u_ibex_core.load_store_unit_i.ls_fsm_cs,crash_dump_o,2.538
u_ibex_core.id_stage_i.decoder_i.instr_alu,crash_dump_o,2.5407
u_ibex_core.id_stage_i.decoder_i.instr_alu,crash_dump_o,2.544
u_ibex_core.id_stage_i.decoder_i.instr_alu,u_ibex_core.ex_block_i.alu_i.g_no_alu_rvb.unused_imd_val_q,2.5505
u_ibex_core.id_stage_i.decoder_i.instr_alu,u_ibex_core.if_stage_i.gen_prefetch_buffer.prefetch_buffer_i.stored_addr_q,2.5576
u_ibex_core.id_stage_i.decoder_i.instr_alu,u_ibex_core.if_stage_i.gen_prefetch_buffer.prefetch_buffer_i.fetch_addr_q,2.5605
u_ibex_core.id_stage_i.decoder_i.instr_alu,u_ibex_core.if_stage_i.gen_prefetch_buffer.prefetch_buffer_i.stored_addr_q,2.5621
u_ibex_core.id_stage_i.decoder_i.instr_alu,crash_dump_o,2.5654
u_ibex_core.load_store_unit_i.ls_fsm_cs,u_ibex_core.ex_block_i.gen_multdiv_fast.multdiv_i.op_numerator_q,2.5661
gen_regfile_latch.register_file_i.raddr_a_i,u_ibex_core.id_stage_i.controller_i.illegal_insn_q,2.5711
u_ibex_core.load_store_unit_i.ls_fsm_cs,u_ibex_core.if_stage_i.gen_prefetch_buffer.prefetch_buffer_i.stored_addr_q,2.592
u_ibex_core.id_stage_i.decoder_i.instr_alu,u_ibex_core.ex_block_i.gen_multdiv_fast.multdiv_i.op_numerator_q,2.6139
u_ibex_core.id_stage_i.decoder_i.instr_alu,u_ibex_core.ex_block_i.alu_i.g_no_alu_rvb.unused_imd_val_q,2.6154
u_ibex_core.load_store_unit_i.ls_fsm_cs,crash_dump_o,2.6197
gen_regfile_latch.register_file_i.raddr_a_i,u_ibex_core.if_stage_i.gen_prefetch_buffer.prefetch_buffer_i.branch_discard_q,2.625
u_ibex_core.load_store_unit_i.ls_fsm_cs,u_ibex_core.ex_block_i.gen_multdiv_fast.multdiv_i.op_numerator_q,2.6267
u_ibex_core.id_stage_i.decoder_i.instr_alu,crash_dump_o,2.6295
gen_regfile_latch.register_file_i.raddr_a_i,u_ibex_core.if_stage_i.gen_prefetch_buffer.prefetch_buffer_i.branch_discard_q,2.6318
u_ibex_core.load_store_unit_i.ls_fsm_cs,u_ibex_core.ex_block_i.alu_i.g_no_alu_rvb.unused_imd_val_q,2.6365
u_ibex_core.id_stage_i.decoder_i.instr_alu,u_ibex_core.ex_block_i.gen_multdiv_fast.multdiv_i.op_numerator_q,2.6471
u_ibex_core.load_store_unit_i.ls_fsm_cs,u_ibex_core.ex_block_i.gen_multdiv_fast.multdiv_i.op_numerator_q,2.6492
u_ibex_core.id_stage_i.decoder_i.instr_alu,u_ibex_core.if_stage_i.gen_prefetch_buffer.prefetch_buffer_i.stored_addr_q,2.6559
u_ibex_core.load_store_unit_i.ls_fsm_cs,u_ibex_core.ex_block_i.alu_i.g_no_alu_rvb.unused_imd_val_q,2.6559
u_ibex_core.load_store_unit_i.ls_fsm_cs,u_ibex_core.ex_block_i.alu_i.g_no_alu_rvb.unused_imd_val_q,2.6646
u_ibex_core.load_store_unit_i.ls_fsm_cs,crash_dump_o,2.6693
u_ibex_core.id_stage_i.decoder_i.instr_alu,u_ibex_core.if_stage_i.gen_prefetch_buffer.prefetch_buffer_i.fetch_addr_q,2.6827
u_ibex_core.load_store_unit_i.ls_fsm_cs,crash_dump_o,2.6894
u_ibex_core.id_stage_i.decoder_i.instr_alu,u_ibex_core.if_stage_i.gen_prefetch_buffer.prefetch_buffer_i.stored_addr_q,2.6896
u_ibex_core.load_store_unit_i.ls_fsm_cs,u_ibex_core.ex_block_i.gen_multdiv_fast.multdiv_i.op_numerator_q,2.6913
u_ibex_core.id_stage_i.decoder_i.instr_alu,u_ibex_core.ex_block_i.alu_i.g_no_alu_rvb.unused_imd_val_q,2.6984
u_ibex_core.load_store_unit_i.ls_fsm_cs,u_ibex_core.ex_block_i.alu_i.g_no_alu_rvb.unused_imd_val_q,2.7089
u_ibex_core.id_stage_i.decoder_i.instr_alu,u_ibex_core.if_stage_i.gen_prefetch_buffer.prefetch_buffer_i.fetch_addr_q,2.7126
u_ibex_core.id_stage_i.decoder_i.instr_alu,crash_dump_o,2.7127
gen_regfile_latch.register_file_i.raddr_a_i,u_ibex_core.if_stage_i.gen_prefetch_buffer.prefetch_buffer_i.discard_req_q,2.7201
gen_regfile_latch.register_file_i.raddr_a_i,u_ibex_core.ex_block_i.gen_multdiv_fast.multdiv_i.op_numerator_q,2.722
gen_regfile_latch.register_file_i.raddr_a_i,u_ibex_core.ex_block_i.gen_multdiv_fast.multdiv_i.op_numerator_q,2.7222
gen_regfile_latch.register_file_i.raddr_a_i,u_ibex_core.ex_block_i.gen_multdiv_fast.multdiv_i.op_numerator_q,2.7248
u_ibex_core.id_stage_i.decoder_i.instr_alu,u_ibex_core.ex_block_i.alu_i.g_no_alu_rvb.unused_imd_val_q,2.7283
u_ibex_core.id_stage_i.decoder_i.instr_alu,u_ibex_core.if_stage_i.gen_prefetch_buffer.prefetch_buffer_i.stored_addr_q,2.7335
u_ibex_core.id_stage_i.decoder_i.instr_alu,crash_dump_o,2.7425
u_ibex_core.load_store_unit_i.ls_fsm_cs,u_ibex_core.if_stage_i.gen_prefetch_buffer.prefetch_buffer_i.stored_addr_q,2.7468
u_ibex_core.load_store_unit_i.ls_fsm_cs,crash_dump_o,2.7586
u_ibex_core.load_store_unit_i.ls_fsm_cs,u_ibex_core.if_stage_i.gen_prefetch_buffer.prefetch_buffer_i.fetch_addr_q,2.7649
u_ibex_core.id_stage_i.decoder_i.instr_alu,u_ibex_core.ex_block_i.alu_i.g_no_alu_rvb.unused_imd_val_q,2.7652
u_ibex_core.load_store_unit_i.ls_fsm_cs,u_ibex_core.if_stage_i.gen_prefetch_buffer.prefetch_buffer_i.fetch_addr_q,2.7772
u_ibex_core.id_stage_i.decoder_i.instr_alu,crash_dump_o,2.7806
u_ibex_core.id_stage_i.decoder_i.instr_alu,u_ibex_core.ex_block_i.alu_i.g_no_alu_rvb.unused_imd_val_q,2.7967
u_ibex_core.load_store_unit_i.ls_fsm_cs,u_ibex_core.load_store_unit_i.handle_misaligned_q,2.8011
u_ibex_core.id_stage_i.decoder_i.instr_alu,crash_dump_o,2.8109
u_ibex_core.load_store_unit_i.ls_fsm_cs,u_ibex_core.load_store_unit_i.ls_fsm_cs,2.815
u_ibex_core.id_stage_i.decoder_i.instr_alu,u_ibex_core.ex_block_i.gen_multdiv_fast.multdiv_i.op_numerator_q,2.8266
gen_regfile_latch.register_file_i.raddr_a_i,u_ibex_core.if_stage_i.gen_prefetch_buffer.prefetch_buffer_i.rdata_outstanding_q,2.8323
u_ibex_core.id_stage_i.decoder_i.instr_alu,u_ibex_core.ex_block_i.alu_i.g_no_alu_rvb.unused_imd_val_q,2.8443
gen_regfile_latch.register_file_i.raddr_a_i,u_ibex_core.if_stage_i.gen_prefetch_buffer.prefetch_buffer_i.rdata_outstanding_q,2.8471
u_ibex_core.id_stage_i.decoder_i.instr_alu,u_ibex_core.ex_block_i.alu_i.g_no_alu_rvb.unused_imd_val_q,2.86
u_ibex_core.id_stage_i.decoder_i.instr_alu,u_ibex_core.ex_block_i.gen_multdiv_fast.multdiv_i.op_numerator_q,2.8714
u_ibex_core.load_store_unit_i.ls_fsm_cs,u_ibex_core.ex_block_i.alu_i.g_no_alu_rvb.unused_imd_val_q,2.8813
u_ibex_core.load_store_unit_i.ls_fsm_cs,u_ibex_core.ex_block_i.alu_i.g_no_alu_rvb.unused_imd_val_q,2.8905
u_ibex_core.id_stage_i.decoder_i.instr_alu,crash_dump_o,2.9087
u_ibex_core.id_stage_i.decoder_i.instr_alu,crash_dump_o,2.9094
gen_regfile_latch.register_file_i.raddr_a_i,crash_dump_o,2.9138
gen_regfile_latch.register_file_i.raddr_a_i,crash_dump_o,2.9138
gen_regfile_latch.register_file_i.raddr_a_i,crash_dump_o,2.9138
u_ibex_core.load_store_unit_i.ls_fsm_cs,u_ibex_core.ex_block_i.gen_multdiv_fast.multdiv_i.op_numerator_q,2.9224
gen_regfile_latch.register_file_i.raddr_a_i,u_ibex_core.ex_block_i.gen_multdiv_fast.multdiv_i.op_numerator_q,2.9419
gen_regfile_latch.register_file_i.raddr_a_i,u_ibex_core.ex_block_i.gen_multdiv_fast.multdiv_i.op_numerator_q,2.942
gen_regfile_latch.register_file_i.raddr_a_i,u_ibex_core.if_stage_i.gen_prefetch_buffer.prefetch_buffer_i.valid_req_q,2.9559
gen_regfile_latch.register_file_i.raddr_a_i,core_busy_q,2.9612
u_ibex_core.load_store_unit_i.ls_fsm_cs,u_ibex_core.load_store_unit_i.rdata_offset_q,2.9656
u_ibex_core.id_stage_i.decoder_i.instr_alu,u_ibex_core.ex_block_i.alu_i.g_no_alu_rvb.unused_imd_val_q,3.0058
u_ibex_core.id_stage_i.decoder_i.instr_alu,u_ibex_core.load_store_unit_i.rdata_offset_q,3.0149
u_ibex_core.cs_registers_i.mie_q,u_ibex_core.cs_registers_i.mstack_cause_q,3.0288
u_ibex_core.cs_registers_i.mie_q,u_ibex_core.cs_registers_i.mstack_cause_q,3.0288
u_ibex_core.cs_registers_i.mie_q,u_ibex_core.cs_registers_i.mstack_cause_q,3.0288
u_ibex_core.cs_registers_i.mie_q,u_ibex_core.cs_registers_i.mstack_cause_q,3.0288
u_ibex_core.cs_registers_i.mie_q,u_ibex_core.cs_registers_i.mstack_cause_q,3.0288
u_ibex_core.cs_registers_i.mie_q,u_ibex_core.cs_registers_i.mstack_cause_q,3.0288
u_ibex_core.cs_registers_i.mie_q,u_ibex_core.cs_registers_i.mstack_epc_q,3.0288
u_ibex_core.cs_registers_i.mie_q,u_ibex_core.cs_registers_i.mstack_epc_q,3.0288
u_ibex_core.cs_registers_i.mie_q,u_ibex_core.cs_registers_i.mstack_epc_q,3.0288
u_ibex_core.cs_registers_i.mie_q,u_ibex_core.cs_registers_i.mstack_epc_q,3.0288
u_ibex_core.cs_registers_i.mie_q,u_ibex_core.cs_registers_i.mstack_epc_q,3.0288
u_ibex_core.cs_registers_i.mie_q,u_ibex_core.cs_registers_i.mstack_epc_q,3.0288
u_ibex_core.cs_registers_i.mie_q,u_ibex_core.cs_registers_i.mstack_epc_q,3.0288
u_ibex_core.cs_registers_i.mie_q,u_ibex_core.cs_registers_i.mstack_epc_q,3.0288
u_ibex_core.cs_registers_i.mie_q,u_ibex_core.cs_registers_i.mstack_epc_q,3.0288
u_ibex_core.cs_registers_i.mie_q,u_ibex_core.cs_registers_i.mstack_epc_q,3.0288
u_ibex_core.cs_registers_i.mie_q,u_ibex_core.cs_registers_i.mstack_epc_q,3.0288
u_ibex_core.cs_registers_i.mie_q,u_ibex_core.cs_registers_i.mstack_epc_q,3.0288
u_ibex_core.cs_registers_i.mie_q,u_ibex_core.cs_registers_i.mstack_epc_q,3.0288
u_ibex_core.cs_registers_i.mie_q,u_ibex_core.cs_registers_i.mstack_epc_q,3.0288
u_ibex_core.cs_registers_i.mie_q,u_ibex_core.cs_registers_i.mstack_epc_q,3.0288
u_ibex_core.cs_registers_i.mie_q,u_ibex_core.cs_registers_i.mstack_epc_q,3.0288
u_ibex_core.cs_registers_i.mie_q,u_ibex_core.cs_registers_i.mstack_epc_q,3.0288
u_ibex_core.cs_registers_i.mie_q,u_ibex_core.cs_registers_i.mstack_epc_q,3.0288
u_ibex_core.cs_registers_i.mie_q,u_ibex_core.cs_registers_i.mstack_epc_q,3.0288
u_ibex_core.cs_registers_i.mie_q,u_ibex_core.cs_registers_i.mstack_epc_q,3.0288
u_ibex_core.cs_registers_i.mie_q,u_ibex_core.cs_registers_i.mstack_epc_q,3.0288
u_ibex_core.cs_registers_i.mie_q,u_ibex_core.cs_registers_i.mstack_epc_q,3.0288
u_ibex_core.cs_registers_i.mie_q,u_ibex_core.cs_registers_i.mstack_epc_q,3.0288
u_ibex_core.cs_registers_i.mie_q,u_ibex_core.cs_registers_i.mstack_epc_q,3.0288
u_ibex_core.cs_registers_i.mie_q,u_ibex_core.cs_registers_i.mstack_epc_q,3.0288
u_ibex_core.cs_registers_i.mie_q,u_ibex_core.cs_registers_i.mstack_epc_q,3.0288
u_ibex_core.cs_registers_i.mie_q,u_ibex_core.cs_registers_i.mstack_epc_q,3.0288
u_ibex_core.cs_registers_i.mie_q,u_ibex_core.cs_registers_i.mstack_epc_q,3.0288
u_ibex_core.cs_registers_i.mie_q,u_ibex_core.cs_registers_i.mstack_epc_q,3.0288
u_ibex_core.cs_registers_i.mie_q,u_ibex_core.cs_registers_i.mstack_epc_q,3.0288
u_ibex_core.cs_registers_i.mie_q,u_ibex_core.cs_registers_i.mstack_epc_q,3.0288
u_ibex_core.cs_registers_i.mie_q,u_ibex_core.cs_registers_i.mstack_epc_q,3.0288
u_ibex_core.cs_registers_i.mie_q,u_ibex_core.cs_registers_i.mstack_q,3.0288
u_ibex_core.cs_registers_i.mie_q,u_ibex_core.cs_registers_i.mstack_q,3.0288
gen_regfile_latch.register_file_i.raddr_a_i,u_ibex_core.load_store_unit_i.data_we_q,3.0442
gen_regfile_latch.register_file_i.raddr_a_i,u_ibex_core.load_store_unit_i.data_sign_ext_q,3.0442
u_ibex_core.cs_registers_i.mie_q,u_ibex_core.cs_registers_i.dcsr_q,3.0481
gen_regfile_latch.register_file_i.raddr_a_i,u_ibex_core.load_store_unit_i.data_type_q,3.0489
gen_regfile_latch.register_file_i.raddr_a_i,u_ibex_core.load_store_unit_i.data_type_q,3.0517
u_ibex_core.cs_registers_i.mie_q,u_ibex_core.cs_registers_i.dcsr_q,3.0734
u_ibex_core.cs_registers_i.mie_q,u_ibex_core.cs_registers_i.dcsr_q,3.0887
gen_regfile_latch.register_file_i.raddr_a_i,u_ibex_core.load_store_unit_i.lsu_err_q,3.1012
gen_regfile_latch.register_file_i.raddr_a_i,u_ibex_core.load_store_unit_i.ls_fsm_cs,3.1079
u_ibex_core.cs_registers_i.mie_q,u_ibex_core.cs_registers_i.mstack_q,3.1123
u_ibex_core.cs_registers_i.mie_q,u_ibex_core.cs_registers_i.priv_lvl_q,3.1125
u_ibex_core.cs_registers_i.mie_q,u_ibex_core.cs_registers_i.priv_lvl_q,3.1125
gen_regfile_latch.register_file_i.raddr_a_i,u_ibex_core.ex_block_i.gen_multdiv_fast.multdiv_i.md_state_q,3.1177
gen_regfile_latch.register_file_i.raddr_a_i,u_ibex_core.ex_block_i.gen_multdiv_fast.multdiv_i.div_counter_q,3.1177
gen_regfile_latch.register_file_i.raddr_a_i,u_ibex_core.ex_block_i.gen_multdiv_fast.multdiv_i.md_state_q,3.118
gen_regfile_latch.register_file_i.raddr_a_i,u_ibex_core.ex_block_i.gen_multdiv_fast.multdiv_i.div_counter_q,3.1294
gen_regfile_latch.register_file_i.raddr_a_i,u_ibex_core.ex_block_i.gen_multdiv_fast.multdiv_i.div_counter_q,3.1299
gen_regfile_latch.register_file_i.raddr_a_i,u_ibex_core.ex_block_i.gen_multdiv_fast.multdiv_i.gen_mult_fast.mult_state_q,3.1387
gen_regfile_latch.register_file_i.raddr_a_i,u_ibex_core.ex_block_i.gen_multdiv_fast.multdiv_i.gen_mult_fast.mult_state_q,3.1491
gen_regfile_latch.register_file_i.raddr_a_i,u_ibex_core.ex_block_i.gen_multdiv_fast.multdiv_i.gen_mult_fast.mult_state_q,3.1491
gen_regfile_latch.register_file_i.raddr_a_i,u_ibex_core.ex_block_i.gen_multdiv_fast.multdiv_i.gen_mult_fast.mult_state_q,3.1494
gen_regfile_latch.register_file_i.raddr_a_i,u_ibex_core.ex_block_i.gen_multdiv_fast.multdiv_i.md_state_q,3.1499
gen_regfile_latch.register_file_i.raddr_a_i,u_ibex_core.ex_block_i.gen_multdiv_fast.multdiv_i.div_counter_q,3.1548
gen_regfile_latch.register_file_i.raddr_a_i,u_ibex_core.ex_block_i.gen_multdiv_fast.multdiv_i.md_state_q,3.1599
gen_regfile_latch.register_file_i.raddr_a_i,u_ibex_core.ex_block_i.gen_multdiv_fast.multdiv_i.md_state_q,3.1661
gen_regfile_latch.register_file_i.raddr_a_i,u_ibex_core.ex_block_i.gen_multdiv_fast.multdiv_i.div_counter_q,3.2017
gen_regfile_latch.register_file_i.raddr_b_i,u_ibex_core.id_stage_i.controller_i.ctrl_fsm_cs,3.3205
gen_regfile_latch.register_file_i.raddr_b_i,u_ibex_core.id_stage_i.controller_i.ctrl_fsm_cs,3.353
u_ibex_core.cs_registers_i.mie_q,u_ibex_core.id_stage_i.controller_i.ctrl_fsm_cs,3.3881
u_ibex_core.if_stage_i.gen_prefetch_buffer.prefetch_buffer_i.fifo_busy,u_ibex_core.if_stage_i.gen_prefetch_buffer.prefetch_buffer_i.fifo_i.rdata_q,3.4076
u_ibex_core.if_stage_i.gen_prefetch_buffer.prefetch_buffer_i.fifo_busy,u_ibex_core.if_stage_i.gen_prefetch_buffer.prefetch_buffer_i.fifo_i.rdata_q,3.4076
u_ibex_core.if_stage_i.gen_prefetch_buffer.prefetch_buffer_i.fifo_busy,u_ibex_core.if_stage_i.gen_prefetch_buffer.prefetch_buffer_i.fifo_i.rdata_q,3.4076
u_ibex_core.if_stage_i.gen_prefetch_buffer.prefetch_buffer_i.fifo_busy,u_ibex_core.if_stage_i.gen_prefetch_buffer.prefetch_buffer_i.fifo_i.rdata_q,3.4076
u_ibex_core.if_stage_i.gen_prefetch_buffer.prefetch_buffer_i.fifo_busy,u_ibex_core.if_stage_i.gen_prefetch_buffer.prefetch_buffer_i.fifo_i.rdata_q,3.4076
u_ibex_core.if_stage_i.gen_prefetch_buffer.prefetch_buffer_i.fifo_busy,u_ibex_core.if_stage_i.gen_prefetch_buffer.prefetch_buffer_i.fifo_i.rdata_q,3.4076
u_ibex_core.if_stage_i.gen_prefetch_buffer.prefetch_buffer_i.fifo_busy,u_ibex_core.if_stage_i.gen_prefetch_buffer.prefetch_buffer_i.fifo_i.rdata_q,3.4076
u_ibex_core.if_stage_i.gen_prefetch_buffer.prefetch_buffer_i.fifo_busy,u_ibex_core.if_stage_i.gen_prefetch_buffer.prefetch_buffer_i.fifo_i.rdata_q,3.4076
u_ibex_core.if_stage_i.gen_prefetch_buffer.prefetch_buffer_i.fifo_busy,u_ibex_core.if_stage_i.gen_prefetch_buffer.prefetch_buffer_i.fifo_i.rdata_q,3.4076
u_ibex_core.if_stage_i.gen_prefetch_buffer.prefetch_buffer_i.fifo_busy,u_ibex_core.if_stage_i.gen_prefetch_buffer.prefetch_buffer_i.fifo_i.rdata_q,3.4076
u_ibex_core.if_stage_i.gen_prefetch_buffer.prefetch_buffer_i.fifo_busy,u_ibex_core.if_stage_i.gen_prefetch_buffer.prefetch_buffer_i.fifo_i.rdata_q,3.4076
u_ibex_core.if_stage_i.gen_prefetch_buffer.prefetch_buffer_i.fifo_busy,u_ibex_core.if_stage_i.gen_prefetch_buffer.prefetch_buffer_i.fifo_i.rdata_q,3.4076
u_ibex_core.if_stage_i.gen_prefetch_buffer.prefetch_buffer_i.fifo_busy,u_ibex_core.if_stage_i.gen_prefetch_buffer.prefetch_buffer_i.fifo_i.rdata_q,3.4076
u_ibex_core.if_stage_i.gen_prefetch_buffer.prefetch_buffer_i.fifo_busy,u_ibex_core.if_stage_i.gen_prefetch_buffer.prefetch_buffer_i.fifo_i.rdata_q,3.4076
u_ibex_core.if_stage_i.gen_prefetch_buffer.prefetch_buffer_i.fifo_busy,u_ibex_core.if_stage_i.gen_prefetch_buffer.prefetch_buffer_i.fifo_i.rdata_q,3.4076
u_ibex_core.if_stage_i.gen_prefetch_buffer.prefetch_buffer_i.fifo_busy,u_ibex_core.if_stage_i.gen_prefetch_buffer.prefetch_buffer_i.fifo_i.rdata_q,3.4076
u_ibex_core.if_stage_i.gen_prefetch_buffer.prefetch_buffer_i.fifo_busy,u_ibex_core.if_stage_i.gen_prefetch_buffer.prefetch_buffer_i.fifo_i.rdata_q,3.4076
u_ibex_core.if_stage_i.gen_prefetch_buffer.prefetch_buffer_i.fifo_busy,u_ibex_core.if_stage_i.gen_prefetch_buffer.prefetch_buffer_i.fifo_i.rdata_q,3.4076
u_ibex_core.if_stage_i.gen_prefetch_buffer.prefetch_buffer_i.fifo_busy,u_ibex_core.if_stage_i.gen_prefetch_buffer.prefetch_buffer_i.fifo_i.rdata_q,3.4076
u_ibex_core.if_stage_i.gen_prefetch_buffer.prefetch_buffer_i.fifo_busy,u_ibex_core.if_stage_i.gen_prefetch_buffer.prefetch_buffer_i.fifo_i.rdata_q,3.4076
u_ibex_core.if_stage_i.gen_prefetch_buffer.prefetch_buffer_i.fifo_busy,u_ibex_core.if_stage_i.gen_prefetch_buffer.prefetch_buffer_i.fifo_i.rdata_q,3.4083
u_ibex_core.if_stage_i.gen_prefetch_buffer.prefetch_buffer_i.fifo_busy,u_ibex_core.if_stage_i.gen_prefetch_buffer.prefetch_buffer_i.fifo_i.rdata_q,3.4083
u_ibex_core.if_stage_i.gen_prefetch_buffer.prefetch_buffer_i.fifo_busy,u_ibex_core.if_stage_i.gen_prefetch_buffer.prefetch_buffer_i.fifo_i.rdata_q,3.4083
u_ibex_core.if_stage_i.gen_prefetch_buffer.prefetch_buffer_i.fifo_busy,u_ibex_core.if_stage_i.gen_prefetch_buffer.prefetch_buffer_i.fifo_i.rdata_q,3.4083
u_ibex_core.if_stage_i.gen_prefetch_buffer.prefetch_buffer_i.fifo_busy,u_ibex_core.if_stage_i.gen_prefetch_buffer.prefetch_buffer_i.fifo_i.rdata_q,3.4083
u_ibex_core.if_stage_i.gen_prefetch_buffer.prefetch_buffer_i.fifo_busy,u_ibex_core.if_stage_i.gen_prefetch_buffer.prefetch_buffer_i.fifo_i.rdata_q,3.4083
u_ibex_core.if_stage_i.gen_prefetch_buffer.prefetch_buffer_i.fifo_busy,u_ibex_core.if_stage_i.gen_prefetch_buffer.prefetch_buffer_i.fifo_i.rdata_q,3.4083
u_ibex_core.if_stage_i.gen_prefetch_buffer.prefetch_buffer_i.fifo_busy,u_ibex_core.if_stage_i.gen_prefetch_buffer.prefetch_buffer_i.fifo_i.rdata_q,3.4083
u_ibex_core.if_stage_i.gen_prefetch_buffer.prefetch_buffer_i.fifo_busy,u_ibex_core.if_stage_i.gen_prefetch_buffer.prefetch_buffer_i.fifo_i.rdata_q,3.4083
u_ibex_core.id_stage_i.controller_i.instr_i,u_ibex_core.cs_registers_i.nmi_mode_i,3.424
u_ibex_core.load_store_unit_i.ls_fsm_cs,u_ibex_core.load_store_unit_i.rdata_q,3.4289
