
44. Printing statistics.

=== ibex_top ===

   Number of wires:              15145
   Number of wire bits:          15515
   Number of public wires:        2262
   Number of public wire bits:    2632
   Number of memories:               0
   Number of memory bits:            0
   Number of processes:              0
   Number of cells:              14177
     AND2_X1                       366
     AND2_X2                         3
     AND3_X1                       126
     AND3_X4                         1
     AND4_X1                        60
     AOI211_X1                     230
     AOI211_X2                      14
     AOI211_X4                       1
     AOI21_X1                     1055
     AOI21_X2                       11
     AOI21_X4                        2
     AOI221_X1                     264
     AOI221_X4                       2
     AOI222_X1                     345
     AOI22_X1                      675
     AOI22_X2                        1
     BUF_X1                        678
     BUF_X2                         40
     BUF_X4                         15
     BUF_X8                          6
     CLKBUF_X1                     145
     CLKBUF_X3                       2
     DFFR_X1                       737
     DFFS_X1                        11
     DFF_X1                        291
     DLH_X1                       1025
     INV_X1                        660
     INV_X2                          3
     MUX2_X1                       943
     MUX2_X2                         2
     NAND2_X1                     1484
     NAND2_X2                        3
     NAND2_X4                        2
     NAND3_X1                      428
     NAND3_X2                        2
     NAND4_X1                      199
     NAND4_X2                        4
     NAND4_X4                        2
     NOR2_X1                      1016
     NOR2_X2                         2
     NOR3_X1                       254
     NOR3_X2                         7
     NOR4_X1                       100
     NOR4_X2                         9
     NOR4_X4                         8
     OAI211_X1                     232
     OAI211_X2                       4
     OAI21_X1                     1014
     OAI21_X2                       37
     OAI21_X4                        3
     OAI221_X1                      64
     OAI221_X2                       1
     OAI222_X1                       5
     OAI22_X1                      205
     OAI33_X1                       26
     OR2_X1                        231
     OR2_X2                          1
     OR2_X4                          2
     OR3_X1                        128
     OR3_X2                          6
     OR4_X1                         36
     OR4_X2                          6
     OR4_X4                          1
     XNOR2_X1                      523
     XNOR2_X2                        6
     XOR2_X1                       411
     XOR2_X2                         1

   Chip area for module '\ibex_top': 22252.496000

