
44. Printing statistics.

=== ibex_top ===

   Number of wires:              13928
   Number of wire bits:          14298
   Number of public wires:        1744
   Number of public wire bits:    2114
   Number of memories:               0
   Number of memory bits:            0
   Number of processes:              0
   Number of cells:              12960
     AND2_X1                       337
     AND2_X2                         2
     AND3_X1                       124
     AND4_X1                        52
     AND4_X2                         2
     AOI211_X1                     346
     AOI211_X2                       3
     AOI21_X1                     1061
     AOI21_X2                       44
     AOI21_X4                        3
     AOI221_X1                     172
     AOI221_X2                       2
     AOI222_X1                     120
     AOI22_X1                      631
     AOI22_X2                        3
     BUF_X1                        622
     BUF_X2                         30
     BUF_X4                         11
     BUF_X8                          2
     CLKBUF_X1                     128
     DFFR_X1                       737
     DFFS_X1                        11
     DFF_X1                        291
     DLH_X1                        497
     INV_X1                        603
     INV_X2                          1
     MUX2_X1                       902
     NAND2_X1                     1370
     NAND2_X4                        1
     NAND3_X1                      346
     NAND3_X2                        2
     NAND4_X1                      134
     NAND4_X2                        4
     NAND4_X4                        2
     NOR2_X1                      1176
     NOR2_X2                         3
     NOR3_X1                       280
     NOR4_X1                        78
     NOR4_X2                         5
     NOR4_X4                         3
     OAI211_X1                     214
     OAI211_X2                       1
     OAI21_X1                     1026
     OAI21_X2                        4
     OAI221_X1                      53
     OAI222_X1                       2
     OAI22_X1                      175
     OAI33_X1                       32
     OR2_X1                        230
     OR2_X2                          4
     OR3_X1                         91
     OR3_X2                          1
     OR4_X1                         31
     OR4_X4                          1
     XNOR2_X1                      559
     XOR2_X1                       394
     XOR2_X2                         1

   Chip area for module '\ibex_top': 19711.398000

