Start Point, End Point, WNS (ns)
irq_fast_i[5],instr_addr_o[28],1.4662
irq_fast_i[5],instr_addr_o[30],1.4755
irq_fast_i[5],instr_addr_o[16],1.5193
irq_fast_i[5],instr_addr_o[24],1.5231
irq_fast_i[5],instr_addr_o[26],1.5249
irq_fast_i[5],instr_addr_o[20],1.5251
irq_fast_i[5],instr_addr_o[25],1.5387
irq_fast_i[5],instr_addr_o[15],1.539
irq_fast_i[5],instr_addr_o[11],1.5483
irq_fast_i[12],instr_addr_o[31],1.5547
irq_fast_i[5],instr_addr_o[29],1.5818
irq_fast_i[5],instr_addr_o[27],1.5868
irq_fast_i[5],instr_addr_o[23],1.5899
irq_fast_i[5],instr_addr_o[8],1.5908
irq_fast_i[5],instr_addr_o[6],1.5934
irq_fast_i[5],instr_addr_o[7],1.5991
irq_fast_i[5],instr_addr_o[12],1.6081
irq_fast_i[5],instr_addr_o[10],1.6196
irq_fast_i[5],instr_addr_o[19],1.6415
irq_fast_i[5],instr_addr_o[21],1.6418
irq_fast_i[5],instr_addr_o[4],1.6473
irq_fast_i[5],instr_addr_o[22],1.6487
irq_fast_i[5],instr_addr_o[18],1.6679
irq_fast_i[5],instr_req_o,1.6707
irq_fast_i[5],instr_addr_o[5],1.6889
irq_fast_i[5],instr_addr_o[13],1.6976
irq_fast_i[5],instr_addr_o[14],1.7034
irq_fast_i[5],instr_addr_o[17],1.7052
irq_fast_i[5],instr_addr_o[9],1.7057
irq_fast_i[5],instr_addr_o[3],1.7149
irq_fast_i[5],instr_addr_o[2],1.7733
irq_fast_i[5],core_sleep_o,2.3582
