Startpoint: irq_fast_i[5] (input port clocked by clk_i)
Endpoint: instr_addr_o[28] (output port clocked by clk_i)
Path Group: in2out
Path Type: max

  Delay    Time   Description
---------------------------------------------------------
   0.00    0.00   clock clk_i (rise edge)
   0.00    0.00   clock network delay (ideal)
   0.40    0.40 v input external delay
   0.01    0.41 v irq_fast_i[5] (in)
   0.04    0.45 ^ _14344_/ZN (AOI22_X1)
   0.01    0.46 v _14345_/ZN (INV_X1)
   0.08    0.54 ^ _14346_/ZN (AOI221_X1)
   0.08    0.62 ^ _14350_/ZN (AND4_X1)
   0.02    0.64 v _14360_/ZN (NAND2_X1)
   0.09    0.73 ^ _14364_/ZN (AOI211_X1)
   0.04    0.77 v _14366_/ZN (OAI22_X1)
   0.03    0.80 ^ _14396_/ZN (INV_X1)
   0.02    0.82 v _20611_/ZN (NOR2_X1)
   0.16    0.98 ^ _20675_/ZN (OAI33_X1)
   0.08    1.06 ^ _20733_/Z (BUF_X1)
   0.07    1.13 ^ _20788_/Z (BUF_X1)
   0.07    1.20 ^ _20950_/Z (BUF_X1)
   0.02    1.22 v _20956_/ZN (NOR2_X1)
   0.07    1.29 ^ _20957_/ZN (AOI21_X1)
   0.05    1.33 v _20958_/ZN (OAI21_X1)
   0.00    1.33 v instr_addr_o[28] (out)
           1.33   data arrival time

   4.00    4.00   clock clk_i (rise edge)
   0.00    4.00   clock network delay (ideal)
   0.00    4.00   clock reconvergence pessimism
  -1.20    2.80   output external delay
           2.80   data required time
---------------------------------------------------------
           2.80   data required time
          -1.33   data arrival time
---------------------------------------------------------
           1.47   slack (MET)


Startpoint: irq_fast_i[5] (input port clocked by clk_i)
Endpoint: instr_addr_o[30] (output port clocked by clk_i)
Path Group: in2out
Path Type: max

  Delay    Time   Description
---------------------------------------------------------
   0.00    0.00   clock clk_i (rise edge)
   0.00    0.00   clock network delay (ideal)
   0.40    0.40 v input external delay
   0.01    0.41 v irq_fast_i[5] (in)
   0.04    0.45 ^ _14344_/ZN (AOI22_X1)
   0.01    0.46 v _14345_/ZN (INV_X1)
   0.08    0.54 ^ _14346_/ZN (AOI221_X1)
   0.08    0.62 ^ _14350_/ZN (AND4_X1)
   0.02    0.64 v _14360_/ZN (NAND2_X1)
   0.09    0.73 ^ _14364_/ZN (AOI211_X1)
   0.04    0.77 v _14366_/ZN (OAI22_X1)
   0.03    0.80 ^ _14396_/ZN (INV_X1)
   0.02    0.82 v _20611_/ZN (NOR2_X1)
   0.16    0.98 ^ _20675_/ZN (OAI33_X1)
   0.08    1.06 ^ _20733_/Z (BUF_X1)
   0.07    1.13 ^ _20788_/Z (BUF_X1)
   0.07    1.20 ^ _20950_/Z (BUF_X1)
   0.04    1.24 v _20973_/ZN (OAI21_X1)
   0.08    1.32 v _20974_/Z (MUX2_X1)
   0.00    1.32 v instr_addr_o[30] (out)
           1.32   data arrival time

   4.00    4.00   clock clk_i (rise edge)
   0.00    4.00   clock network delay (ideal)
   0.00    4.00   clock reconvergence pessimism
  -1.20    2.80   output external delay
           2.80   data required time
---------------------------------------------------------
           2.80   data required time
          -1.32   data arrival time
---------------------------------------------------------
           1.48   slack (MET)


Startpoint: irq_fast_i[5] (input port clocked by clk_i)
Endpoint: instr_addr_o[16] (output port clocked by clk_i)
Path Group: in2out
Path Type: max

  Delay    Time   Description
---------------------------------------------------------
   0.00    0.00   clock clk_i (rise edge)
   0.00    0.00   clock network delay (ideal)
   0.40    0.40 v input external delay
   0.01    0.41 v irq_fast_i[5] (in)
   0.04    0.45 ^ _14344_/ZN (AOI22_X1)
   0.01    0.46 v _14345_/ZN (INV_X1)
   0.08    0.54 ^ _14346_/ZN (AOI221_X1)
   0.08    0.62 ^ _14350_/ZN (AND4_X1)
   0.02    0.64 v _14360_/ZN (NAND2_X1)
   0.09    0.73 ^ _14364_/ZN (AOI211_X1)
   0.04    0.77 v _14366_/ZN (OAI22_X1)
   0.03    0.80 ^ _14396_/ZN (INV_X1)
   0.02    0.82 v _20611_/ZN (NOR2_X1)
   0.16    0.98 ^ _20675_/ZN (OAI33_X1)
   0.08    1.06 ^ _20733_/Z (BUF_X1)
   0.07    1.13 ^ _20788_/Z (BUF_X1)
   0.04    1.17 ^ _20837_/ZN (OR2_X1)
   0.03    1.20 v _20839_/ZN (OAI21_X1)
   0.08    1.28 v _20841_/Z (MUX2_X1)
   0.00    1.28 v instr_addr_o[16] (out)
           1.28   data arrival time

   4.00    4.00   clock clk_i (rise edge)
   0.00    4.00   clock network delay (ideal)
   0.00    4.00   clock reconvergence pessimism
  -1.20    2.80   output external delay
           2.80   data required time
---------------------------------------------------------
           2.80   data required time
          -1.28   data arrival time
---------------------------------------------------------
           1.52   slack (MET)


Startpoint: irq_fast_i[5] (input port clocked by clk_i)
Endpoint: instr_addr_o[24] (output port clocked by clk_i)
Path Group: in2out
Path Type: max

  Delay    Time   Description
---------------------------------------------------------
   0.00    0.00   clock clk_i (rise edge)
   0.00    0.00   clock network delay (ideal)
   0.40    0.40 v input external delay
   0.01    0.41 v irq_fast_i[5] (in)
   0.04    0.45 ^ _14344_/ZN (AOI22_X1)
   0.01    0.46 v _14345_/ZN (INV_X1)
   0.08    0.54 ^ _14346_/ZN (AOI221_X1)
   0.08    0.62 ^ _14350_/ZN (AND4_X1)
   0.02    0.64 v _14360_/ZN (NAND2_X1)
   0.09    0.73 ^ _14364_/ZN (AOI211_X1)
   0.04    0.77 v _14366_/ZN (OAI22_X1)
   0.03    0.80 ^ _14396_/ZN (INV_X1)
   0.02    0.82 v _20611_/ZN (NOR2_X1)
   0.16    0.98 ^ _20675_/ZN (OAI33_X1)
   0.08    1.06 ^ _20733_/Z (BUF_X1)
   0.07    1.13 ^ _20788_/Z (BUF_X1)
   0.04    1.17 ^ _20916_/ZN (OR2_X1)
   0.03    1.19 v _20918_/ZN (OAI21_X1)
   0.08    1.28 v _20919_/Z (MUX2_X1)
   0.00    1.28 v instr_addr_o[24] (out)
           1.28   data arrival time

   4.00    4.00   clock clk_i (rise edge)
   0.00    4.00   clock network delay (ideal)
   0.00    4.00   clock reconvergence pessimism
  -1.20    2.80   output external delay
           2.80   data required time
---------------------------------------------------------
           2.80   data required time
          -1.28   data arrival time
---------------------------------------------------------
           1.52   slack (MET)


Startpoint: irq_fast_i[5] (input port clocked by clk_i)
Endpoint: instr_addr_o[26] (output port clocked by clk_i)
Path Group: in2out
Path Type: max

  Delay    Time   Description
---------------------------------------------------------
   0.00    0.00   clock clk_i (rise edge)
   0.00    0.00   clock network delay (ideal)
   0.40    0.40 v input external delay
   0.01    0.41 v irq_fast_i[5] (in)
   0.04    0.45 ^ _14344_/ZN (AOI22_X1)
   0.01    0.46 v _14345_/ZN (INV_X1)
   0.08    0.54 ^ _14346_/ZN (AOI221_X1)
   0.08    0.62 ^ _14350_/ZN (AND4_X1)
   0.02    0.64 v _14360_/ZN (NAND2_X1)
   0.09    0.73 ^ _14364_/ZN (AOI211_X1)
   0.04    0.77 v _14366_/ZN (OAI22_X1)
   0.03    0.80 ^ _14396_/ZN (INV_X1)
   0.02    0.82 v _20611_/ZN (NOR2_X1)
   0.16    0.98 ^ _20675_/ZN (OAI33_X1)
   0.08    1.06 ^ _20733_/Z (BUF_X1)
   0.07    1.13 ^ _20788_/Z (BUF_X1)
   0.04    1.17 ^ _20934_/ZN (OR2_X1)
   0.03    1.19 v _20936_/ZN (OAI21_X1)
   0.08    1.28 v _20937_/Z (MUX2_X1)
   0.00    1.28 v instr_addr_o[26] (out)
           1.28   data arrival time

   4.00    4.00   clock clk_i (rise edge)
   0.00    4.00   clock network delay (ideal)
   0.00    4.00   clock reconvergence pessimism
  -1.20    2.80   output external delay
           2.80   data required time
---------------------------------------------------------
           2.80   data required time
          -1.28   data arrival time
---------------------------------------------------------
           1.52   slack (MET)


Startpoint: irq_fast_i[5] (input port clocked by clk_i)
Endpoint: instr_addr_o[20] (output port clocked by clk_i)
Path Group: in2out
Path Type: max

  Delay    Time   Description
---------------------------------------------------------
   0.00    0.00   clock clk_i (rise edge)
   0.00    0.00   clock network delay (ideal)
   0.40    0.40 v input external delay
   0.01    0.41 v irq_fast_i[5] (in)
   0.04    0.45 ^ _14344_/ZN (AOI22_X1)
   0.01    0.46 v _14345_/ZN (INV_X1)
   0.08    0.54 ^ _14346_/ZN (AOI221_X1)
   0.08    0.62 ^ _14350_/ZN (AND4_X1)
   0.02    0.64 v _14360_/ZN (NAND2_X1)
   0.09    0.73 ^ _14364_/ZN (AOI211_X1)
   0.04    0.77 v _14366_/ZN (OAI22_X1)
   0.03    0.80 ^ _14396_/ZN (INV_X1)
   0.02    0.82 v _20611_/ZN (NOR2_X1)
   0.16    0.98 ^ _20675_/ZN (OAI33_X1)
   0.08    1.06 ^ _20733_/Z (BUF_X1)
   0.07    1.13 ^ _20788_/Z (BUF_X1)
   0.04    1.17 ^ _20877_/ZN (OR2_X1)
   0.03    1.19 v _20879_/ZN (OAI21_X1)
   0.08    1.27 v _20880_/Z (MUX2_X1)
   0.00    1.27 v instr_addr_o[20] (out)
           1.27   data arrival time

   4.00    4.00   clock clk_i (rise edge)
   0.00    4.00   clock network delay (ideal)
   0.00    4.00   clock reconvergence pessimism
  -1.20    2.80   output external delay
           2.80   data required time
---------------------------------------------------------
           2.80   data required time
          -1.27   data arrival time
---------------------------------------------------------
           1.53   slack (MET)


Startpoint: irq_fast_i[5] (input port clocked by clk_i)
Endpoint: instr_addr_o[25] (output port clocked by clk_i)
Path Group: in2out
Path Type: max

  Delay    Time   Description
---------------------------------------------------------
   0.00    0.00   clock clk_i (rise edge)
   0.00    0.00   clock network delay (ideal)
   0.40    0.40 v input external delay
   0.01    0.41 v irq_fast_i[5] (in)
   0.04    0.45 ^ _14344_/ZN (AOI22_X1)
   0.01    0.46 v _14345_/ZN (INV_X1)
   0.08    0.54 ^ _14346_/ZN (AOI221_X1)
   0.08    0.62 ^ _14350_/ZN (AND4_X1)
   0.02    0.64 v _14360_/ZN (NAND2_X1)
   0.09    0.73 ^ _14364_/ZN (AOI211_X1)
   0.04    0.77 v _14366_/ZN (OAI22_X1)
   0.03    0.80 ^ _14396_/ZN (INV_X1)
   0.02    0.82 v _20611_/ZN (NOR2_X1)
   0.16    0.98 ^ _20675_/ZN (OAI33_X1)
   0.08    1.06 ^ _20733_/Z (BUF_X1)
   0.07    1.13 ^ _20788_/Z (BUF_X1)
   0.02    1.15 v _20927_/ZN (NOR2_X1)
   0.07    1.21 ^ _20928_/ZN (AOI21_X1)
   0.05    1.26 v _20929_/ZN (OAI21_X1)
   0.00    1.26 v instr_addr_o[25] (out)
           1.26   data arrival time

   4.00    4.00   clock clk_i (rise edge)
   0.00    4.00   clock network delay (ideal)
   0.00    4.00   clock reconvergence pessimism
  -1.20    2.80   output external delay
           2.80   data required time
---------------------------------------------------------
           2.80   data required time
          -1.26   data arrival time
---------------------------------------------------------
           1.54   slack (MET)


Startpoint: irq_fast_i[5] (input port clocked by clk_i)
Endpoint: instr_addr_o[15] (output port clocked by clk_i)
Path Group: in2out
Path Type: max

  Delay    Time   Description
---------------------------------------------------------
   0.00    0.00   clock clk_i (rise edge)
   0.00    0.00   clock network delay (ideal)
   0.40    0.40 v input external delay
   0.01    0.41 v irq_fast_i[5] (in)
   0.04    0.45 ^ _14344_/ZN (AOI22_X1)
   0.01    0.46 v _14345_/ZN (INV_X1)
   0.08    0.54 ^ _14346_/ZN (AOI221_X1)
   0.08    0.62 ^ _14350_/ZN (AND4_X1)
   0.02    0.64 v _14360_/ZN (NAND2_X1)
   0.09    0.73 ^ _14364_/ZN (AOI211_X1)
   0.04    0.77 v _14366_/ZN (OAI22_X1)
   0.03    0.80 ^ _14396_/ZN (INV_X1)
   0.02    0.82 v _20611_/ZN (NOR2_X1)
   0.16    0.98 ^ _20675_/ZN (OAI33_X1)
   0.08    1.06 ^ _20733_/Z (BUF_X1)
   0.07    1.13 ^ _20788_/Z (BUF_X1)
   0.02    1.15 v _20828_/ZN (NOR2_X1)
   0.07    1.21 ^ _20829_/ZN (AOI21_X1)
   0.05    1.26 v _20830_/ZN (OAI21_X1)
   0.00    1.26 v instr_addr_o[15] (out)
           1.26   data arrival time

   4.00    4.00   clock clk_i (rise edge)
   0.00    4.00   clock network delay (ideal)
   0.00    4.00   clock reconvergence pessimism
  -1.20    2.80   output external delay
           2.80   data required time
---------------------------------------------------------
           2.80   data required time
          -1.26   data arrival time
---------------------------------------------------------
           1.54   slack (MET)


Startpoint: irq_fast_i[5] (input port clocked by clk_i)
Endpoint: instr_addr_o[11] (output port clocked by clk_i)
Path Group: in2out
Path Type: max

  Delay    Time   Description
---------------------------------------------------------
   0.00    0.00   clock clk_i (rise edge)
   0.00    0.00   clock network delay (ideal)
   0.40    0.40 v input external delay
   0.01    0.41 v irq_fast_i[5] (in)
   0.04    0.45 ^ _14344_/ZN (AOI22_X1)
   0.01    0.46 v _14345_/ZN (INV_X1)
   0.08    0.54 ^ _14346_/ZN (AOI221_X1)
   0.08    0.62 ^ _14350_/ZN (AND4_X1)
   0.02    0.64 v _14360_/ZN (NAND2_X1)
   0.09    0.73 ^ _14364_/ZN (AOI211_X1)
   0.04    0.77 v _14366_/ZN (OAI22_X1)
   0.03    0.80 ^ _14396_/ZN (INV_X1)
   0.02    0.82 v _20611_/ZN (NOR2_X1)
   0.16    0.98 ^ _20675_/ZN (OAI33_X1)
   0.08    1.06 ^ _20733_/Z (BUF_X1)
   0.07    1.13 ^ _20788_/Z (BUF_X1)
   0.04    1.17 v _20789_/ZN (AOI21_X1)
   0.08    1.25 ^ _20790_/ZN (OAI21_X1)
   0.00    1.25 ^ instr_addr_o[11] (out)
           1.25   data arrival time

   4.00    4.00   clock clk_i (rise edge)
   0.00    4.00   clock network delay (ideal)
   0.00    4.00   clock reconvergence pessimism
  -1.20    2.80   output external delay
           2.80   data required time
---------------------------------------------------------
           2.80   data required time
          -1.25   data arrival time
---------------------------------------------------------
           1.55   slack (MET)


Startpoint: irq_fast_i[12] (input port clocked by clk_i)
Endpoint: instr_addr_o[31] (output port clocked by clk_i)
Path Group: in2out
Path Type: max

  Delay    Time   Description
---------------------------------------------------------
   0.00    0.00   clock clk_i (rise edge)
   0.00    0.00   clock network delay (ideal)
   0.40    0.40 ^ input external delay
   0.00    0.40 ^ irq_fast_i[12] (in)
   0.04    0.44 ^ _14355_/ZN (AND2_X1)
   0.02    0.46 v _14356_/ZN (AOI21_X1)
   0.02    0.48 ^ _14357_/ZN (NAND2_X1)
   0.03    0.51 ^ _14358_/ZN (OR2_X1)
   0.01    0.52 v _14359_/ZN (INV_X1)
   0.02    0.54 ^ _14360_/ZN (NAND2_X1)
   0.02    0.56 v _14364_/ZN (AOI211_X1)
   0.07    0.63 ^ _14366_/ZN (OAI22_X1)
   0.02    0.66 v _14396_/ZN (INV_X1)
   0.05    0.71 ^ _20611_/ZN (NOR2_X1)
   0.01    0.72 v _20618_/ZN (NOR3_X1)
   0.11    0.83 ^ _20620_/ZN (AOI21_X1)
   0.08    0.91 ^ _20768_/Z (BUF_X1)
   0.08    0.99 ^ _20857_/Z (BUF_X1)
   0.08    1.07 ^ _20907_/Z (BUF_X1)
   0.07    1.14 ^ _20980_/Z (BUF_X1)
   0.03    1.16 v _20982_/ZN (OAI21_X1)
   0.08    1.25 v _20983_/Z (MUX2_X1)
   0.00    1.25 v instr_addr_o[31] (out)
           1.25   data arrival time

   4.00    4.00   clock clk_i (rise edge)
   0.00    4.00   clock network delay (ideal)
   0.00    4.00   clock reconvergence pessimism
  -1.20    2.80   output external delay
           2.80   data required time
---------------------------------------------------------
           2.80   data required time
          -1.25   data arrival time
---------------------------------------------------------
           1.55   slack (MET)


Startpoint: irq_fast_i[5] (input port clocked by clk_i)
Endpoint: instr_addr_o[29] (output port clocked by clk_i)
Path Group: in2out
Path Type: max

  Delay    Time   Description
---------------------------------------------------------
   0.00    0.00   clock clk_i (rise edge)
   0.00    0.00   clock network delay (ideal)
   0.40    0.40 v input external delay
   0.01    0.41 v irq_fast_i[5] (in)
   0.04    0.45 ^ _14344_/ZN (AOI22_X1)
   0.01    0.46 v _14345_/ZN (INV_X1)
   0.08    0.54 ^ _14346_/ZN (AOI221_X1)
   0.08    0.62 ^ _14350_/ZN (AND4_X1)
   0.02    0.64 v _14360_/ZN (NAND2_X1)
   0.09    0.73 ^ _14364_/ZN (AOI211_X1)
   0.04    0.77 v _14366_/ZN (OAI22_X1)
   0.03    0.80 ^ _14396_/ZN (INV_X1)
   0.02    0.82 v _20611_/ZN (NOR2_X1)
   0.04    0.86 ^ _20618_/ZN (NOR3_X1)
   0.04    0.90 v _20620_/ZN (AOI21_X1)
   0.06    0.96 v _20768_/Z (BUF_X1)
   0.06    1.02 v _20857_/Z (BUF_X1)
   0.06    1.07 v _20907_/Z (BUF_X1)
   0.03    1.10 ^ _20964_/ZN (NAND2_X1)
   0.03    1.13 v _20966_/ZN (OAI21_X1)
   0.08    1.22 v _20967_/Z (MUX2_X1)
   0.00    1.22 v instr_addr_o[29] (out)
           1.22   data arrival time

   4.00    4.00   clock clk_i (rise edge)
   0.00    4.00   clock network delay (ideal)
   0.00    4.00   clock reconvergence pessimism
  -1.20    2.80   output external delay
           2.80   data required time
---------------------------------------------------------
           2.80   data required time
          -1.22   data arrival time
---------------------------------------------------------
           1.58   slack (MET)


Startpoint: irq_fast_i[5] (input port clocked by clk_i)
Endpoint: instr_addr_o[27] (output port clocked by clk_i)
Path Group: in2out
Path Type: max

  Delay    Time   Description
---------------------------------------------------------
   0.00    0.00   clock clk_i (rise edge)
   0.00    0.00   clock network delay (ideal)
   0.40    0.40 v input external delay
   0.01    0.41 v irq_fast_i[5] (in)
   0.04    0.45 ^ _14344_/ZN (AOI22_X1)
   0.01    0.46 v _14345_/ZN (INV_X1)
   0.08    0.54 ^ _14346_/ZN (AOI221_X1)
   0.08    0.62 ^ _14350_/ZN (AND4_X1)
   0.02    0.64 v _14360_/ZN (NAND2_X1)
   0.09    0.73 ^ _14364_/ZN (AOI211_X1)
   0.04    0.77 v _14366_/ZN (OAI22_X1)
   0.03    0.80 ^ _14396_/ZN (INV_X1)
   0.02    0.82 v _20611_/ZN (NOR2_X1)
   0.04    0.86 ^ _20618_/ZN (NOR3_X1)
   0.04    0.90 v _20620_/ZN (AOI21_X1)
   0.06    0.96 v _20768_/Z (BUF_X1)
   0.06    1.02 v _20857_/Z (BUF_X1)
   0.06    1.07 v _20907_/Z (BUF_X1)
   0.03    1.10 ^ _20944_/ZN (NAND2_X1)
   0.03    1.13 v _20946_/ZN (OAI21_X1)
   0.08    1.21 v _20947_/Z (MUX2_X1)
   0.00    1.21 v instr_addr_o[27] (out)
           1.21   data arrival time

   4.00    4.00   clock clk_i (rise edge)
   0.00    4.00   clock network delay (ideal)
   0.00    4.00   clock reconvergence pessimism
  -1.20    2.80   output external delay
           2.80   data required time
---------------------------------------------------------
           2.80   data required time
          -1.21   data arrival time
---------------------------------------------------------
           1.59   slack (MET)


Startpoint: irq_fast_i[5] (input port clocked by clk_i)
Endpoint: instr_addr_o[23] (output port clocked by clk_i)
Path Group: in2out
Path Type: max

  Delay    Time   Description
---------------------------------------------------------
   0.00    0.00   clock clk_i (rise edge)
   0.00    0.00   clock network delay (ideal)
   0.40    0.40 v input external delay
   0.01    0.41 v irq_fast_i[5] (in)
   0.04    0.45 ^ _14344_/ZN (AOI22_X1)
   0.01    0.46 v _14345_/ZN (INV_X1)
   0.08    0.54 ^ _14346_/ZN (AOI221_X1)
   0.08    0.62 ^ _14350_/ZN (AND4_X1)
   0.02    0.64 v _14360_/ZN (NAND2_X1)
   0.09    0.73 ^ _14364_/ZN (AOI211_X1)
   0.04    0.77 v _14366_/ZN (OAI22_X1)
   0.03    0.80 ^ _14396_/ZN (INV_X1)
   0.02    0.82 v _20611_/ZN (NOR2_X1)
   0.04    0.86 ^ _20618_/ZN (NOR3_X1)
   0.04    0.90 v _20620_/ZN (AOI21_X1)
   0.06    0.96 v _20768_/Z (BUF_X1)
   0.06    1.02 v _20857_/Z (BUF_X1)
   0.06    1.07 v _20907_/Z (BUF_X1)
   0.06    1.14 ^ _20909_/ZN (OAI21_X1)
   0.07    1.21 ^ _20910_/Z (MUX2_X1)
   0.00    1.21 ^ instr_addr_o[23] (out)
           1.21   data arrival time

   4.00    4.00   clock clk_i (rise edge)
   0.00    4.00   clock network delay (ideal)
   0.00    4.00   clock reconvergence pessimism
  -1.20    2.80   output external delay
           2.80   data required time
---------------------------------------------------------
           2.80   data required time
          -1.21   data arrival time
---------------------------------------------------------
           1.59   slack (MET)


Startpoint: irq_fast_i[5] (input port clocked by clk_i)
Endpoint: instr_addr_o[8] (output port clocked by clk_i)
Path Group: in2out
Path Type: max

  Delay    Time   Description
---------------------------------------------------------
   0.00    0.00   clock clk_i (rise edge)
   0.00    0.00   clock network delay (ideal)
   0.40    0.40 v input external delay
   0.01    0.41 v irq_fast_i[5] (in)
   0.04    0.45 ^ _14344_/ZN (AOI22_X1)
   0.01    0.46 v _14345_/ZN (INV_X1)
   0.08    0.54 ^ _14346_/ZN (AOI221_X1)
   0.08    0.62 ^ _14350_/ZN (AND4_X1)
   0.02    0.64 v _14360_/ZN (NAND2_X1)
   0.09    0.73 ^ _14364_/ZN (AOI211_X1)
   0.04    0.77 v _14366_/ZN (OAI22_X1)
   0.03    0.80 ^ _14396_/ZN (INV_X1)
   0.02    0.82 v _20611_/ZN (NOR2_X1)
   0.16    0.98 ^ _20675_/ZN (OAI33_X1)
   0.08    1.06 ^ _20733_/Z (BUF_X1)
   0.04    1.10 ^ _20756_/ZN (OR2_X1)
   0.03    1.12 v _20758_/ZN (OAI21_X1)
   0.09    1.21 v _20759_/Z (MUX2_X1)
   0.00    1.21 v instr_addr_o[8] (out)
           1.21   data arrival time

   4.00    4.00   clock clk_i (rise edge)
   0.00    4.00   clock network delay (ideal)
   0.00    4.00   clock reconvergence pessimism
  -1.20    2.80   output external delay
           2.80   data required time
---------------------------------------------------------
           2.80   data required time
          -1.21   data arrival time
---------------------------------------------------------
           1.59   slack (MET)


Startpoint: irq_fast_i[5] (input port clocked by clk_i)
Endpoint: instr_addr_o[6] (output port clocked by clk_i)
Path Group: in2out
Path Type: max

  Delay    Time   Description
---------------------------------------------------------
   0.00    0.00   clock clk_i (rise edge)
   0.00    0.00   clock network delay (ideal)
   0.40    0.40 v input external delay
   0.01    0.41 v irq_fast_i[5] (in)
   0.04    0.45 ^ _14344_/ZN (AOI22_X1)
   0.01    0.46 v _14345_/ZN (INV_X1)
   0.08    0.54 ^ _14346_/ZN (AOI221_X1)
   0.08    0.62 ^ _14350_/ZN (AND4_X1)
   0.02    0.64 v _14360_/ZN (NAND2_X1)
   0.09    0.73 ^ _14364_/ZN (AOI211_X1)
   0.04    0.77 v _14366_/ZN (OAI22_X1)
   0.03    0.80 ^ _14396_/ZN (INV_X1)
   0.02    0.82 v _20611_/ZN (NOR2_X1)
   0.16    0.98 ^ _20675_/ZN (OAI33_X1)
   0.08    1.06 ^ _20733_/Z (BUF_X1)
   0.02    1.08 v _20739_/ZN (NOR2_X1)
   0.08    1.16 ^ _20740_/ZN (AOI21_X1)
   0.05    1.21 v _20741_/ZN (OAI21_X1)
   0.00    1.21 v instr_addr_o[6] (out)
           1.21   data arrival time

   4.00    4.00   clock clk_i (rise edge)
   0.00    4.00   clock network delay (ideal)
   0.00    4.00   clock reconvergence pessimism
  -1.20    2.80   output external delay
           2.80   data required time
---------------------------------------------------------
           2.80   data required time
          -1.21   data arrival time
---------------------------------------------------------
           1.59   slack (MET)


Startpoint: irq_fast_i[5] (input port clocked by clk_i)
Endpoint: instr_addr_o[7] (output port clocked by clk_i)
Path Group: in2out
Path Type: max

  Delay    Time   Description
---------------------------------------------------------
   0.00    0.00   clock clk_i (rise edge)
   0.00    0.00   clock network delay (ideal)
   0.40    0.40 v input external delay
   0.01    0.41 v irq_fast_i[5] (in)
   0.04    0.45 ^ _14344_/ZN (AOI22_X1)
   0.01    0.46 v _14345_/ZN (INV_X1)
   0.08    0.54 ^ _14346_/ZN (AOI221_X1)
   0.08    0.62 ^ _14350_/ZN (AND4_X1)
   0.02    0.64 v _14360_/ZN (NAND2_X1)
   0.09    0.73 ^ _14364_/ZN (AOI211_X1)
   0.04    0.77 v _14366_/ZN (OAI22_X1)
   0.03    0.80 ^ _14396_/ZN (INV_X1)
   0.02    0.82 v _20611_/ZN (NOR2_X1)
   0.16    0.98 ^ _20675_/ZN (OAI33_X1)
   0.08    1.06 ^ _20733_/Z (BUF_X1)
   0.02    1.08 v _20747_/ZN (AOI21_X1)
   0.07    1.15 ^ _20748_/ZN (AOI21_X1)
   0.05    1.20 v _20749_/ZN (OAI21_X1)
   0.00    1.20 v instr_addr_o[7] (out)
           1.20   data arrival time

   4.00    4.00   clock clk_i (rise edge)
   0.00    4.00   clock network delay (ideal)
   0.00    4.00   clock reconvergence pessimism
  -1.20    2.80   output external delay
           2.80   data required time
---------------------------------------------------------
           2.80   data required time
          -1.20   data arrival time
---------------------------------------------------------
           1.60   slack (MET)


Startpoint: irq_fast_i[5] (input port clocked by clk_i)
Endpoint: instr_addr_o[12] (output port clocked by clk_i)
Path Group: in2out
Path Type: max

  Delay    Time   Description
---------------------------------------------------------
   0.00    0.00   clock clk_i (rise edge)
   0.00    0.00   clock network delay (ideal)
   0.40    0.40 v input external delay
   0.01    0.41 v irq_fast_i[5] (in)
   0.04    0.45 ^ _14344_/ZN (AOI22_X1)
   0.01    0.46 v _14345_/ZN (INV_X1)
   0.08    0.54 ^ _14346_/ZN (AOI221_X1)
   0.08    0.62 ^ _14350_/ZN (AND4_X1)
   0.02    0.64 v _14360_/ZN (NAND2_X1)
   0.09    0.73 ^ _14364_/ZN (AOI211_X1)
   0.04    0.77 v _14366_/ZN (OAI22_X1)
   0.03    0.80 ^ _14396_/ZN (INV_X1)
   0.02    0.82 v _20611_/ZN (NOR2_X1)
   0.16    0.98 ^ _20675_/ZN (OAI33_X1)
   0.08    1.06 ^ _20733_/Z (BUF_X1)
   0.02    1.08 v _20797_/ZN (NOR2_X1)
   0.07    1.14 ^ _20798_/ZN (AOI21_X1)
   0.05    1.19 v _20799_/ZN (OAI21_X1)
   0.00    1.19 v instr_addr_o[12] (out)
           1.19   data arrival time

   4.00    4.00   clock clk_i (rise edge)
   0.00    4.00   clock network delay (ideal)
   0.00    4.00   clock reconvergence pessimism
  -1.20    2.80   output external delay
           2.80   data required time
---------------------------------------------------------
           2.80   data required time
          -1.19   data arrival time
---------------------------------------------------------
           1.61   slack (MET)


Startpoint: irq_fast_i[5] (input port clocked by clk_i)
Endpoint: instr_addr_o[10] (output port clocked by clk_i)
Path Group: in2out
Path Type: max

  Delay    Time   Description
---------------------------------------------------------
   0.00    0.00   clock clk_i (rise edge)
   0.00    0.00   clock network delay (ideal)
   0.40    0.40 v input external delay
   0.01    0.41 v irq_fast_i[5] (in)
   0.04    0.45 ^ _14344_/ZN (AOI22_X1)
   0.01    0.46 v _14345_/ZN (INV_X1)
   0.08    0.54 ^ _14346_/ZN (AOI221_X1)
   0.08    0.62 ^ _14350_/ZN (AND4_X1)
   0.02    0.64 v _14360_/ZN (NAND2_X1)
   0.09    0.73 ^ _14364_/ZN (AOI211_X1)
   0.04    0.77 v _14366_/ZN (OAI22_X1)
   0.03    0.80 ^ _14396_/ZN (INV_X1)
   0.02    0.82 v _20611_/ZN (NOR2_X1)
   0.16    0.98 ^ _20675_/ZN (OAI33_X1)
   0.08    1.06 ^ _20733_/Z (BUF_X1)
   0.04    1.10 v _20777_/ZN (OAI21_X1)
   0.08    1.18 v _20778_/Z (MUX2_X1)
   0.00    1.18 v instr_addr_o[10] (out)
           1.18   data arrival time

   4.00    4.00   clock clk_i (rise edge)
   0.00    4.00   clock network delay (ideal)
   0.00    4.00   clock reconvergence pessimism
  -1.20    2.80   output external delay
           2.80   data required time
---------------------------------------------------------
           2.80   data required time
          -1.18   data arrival time
---------------------------------------------------------
           1.62   slack (MET)


Startpoint: irq_fast_i[5] (input port clocked by clk_i)
Endpoint: instr_addr_o[19] (output port clocked by clk_i)
Path Group: in2out
Path Type: max

  Delay    Time   Description
---------------------------------------------------------
   0.00    0.00   clock clk_i (rise edge)
   0.00    0.00   clock network delay (ideal)
   0.40    0.40 v input external delay
   0.01    0.41 v irq_fast_i[5] (in)
   0.04    0.45 ^ _14344_/ZN (AOI22_X1)
   0.01    0.46 v _14345_/ZN (INV_X1)
   0.08    0.54 ^ _14346_/ZN (AOI221_X1)
   0.08    0.62 ^ _14350_/ZN (AND4_X1)
   0.02    0.64 v _14360_/ZN (NAND2_X1)
   0.09    0.73 ^ _14364_/ZN (AOI211_X1)
   0.04    0.77 v _14366_/ZN (OAI22_X1)
   0.03    0.80 ^ _14396_/ZN (INV_X1)
   0.02    0.82 v _20611_/ZN (NOR2_X1)
   0.04    0.86 ^ _20618_/ZN (NOR3_X1)
   0.04    0.90 v _20620_/ZN (AOI21_X1)
   0.06    0.96 v _20768_/Z (BUF_X1)
   0.06    1.02 v _20857_/Z (BUF_X1)
   0.03    1.04 ^ _20867_/ZN (NAND2_X1)
   0.03    1.07 v _20869_/ZN (OAI21_X1)
   0.08    1.16 v _20870_/Z (MUX2_X1)
   0.00    1.16 v instr_addr_o[19] (out)
           1.16   data arrival time

   4.00    4.00   clock clk_i (rise edge)
   0.00    4.00   clock network delay (ideal)
   0.00    4.00   clock reconvergence pessimism
  -1.20    2.80   output external delay
           2.80   data required time
---------------------------------------------------------
           2.80   data required time
          -1.16   data arrival time
---------------------------------------------------------
           1.64   slack (MET)


Startpoint: irq_fast_i[5] (input port clocked by clk_i)
Endpoint: instr_addr_o[21] (output port clocked by clk_i)
Path Group: in2out
Path Type: max

  Delay    Time   Description
---------------------------------------------------------
   0.00    0.00   clock clk_i (rise edge)
   0.00    0.00   clock network delay (ideal)
   0.40    0.40 v input external delay
   0.01    0.41 v irq_fast_i[5] (in)
   0.04    0.45 ^ _14344_/ZN (AOI22_X1)
   0.01    0.46 v _14345_/ZN (INV_X1)
   0.08    0.54 ^ _14346_/ZN (AOI221_X1)
   0.08    0.62 ^ _14350_/ZN (AND4_X1)
   0.02    0.64 v _14360_/ZN (NAND2_X1)
   0.09    0.73 ^ _14364_/ZN (AOI211_X1)
   0.04    0.77 v _14366_/ZN (OAI22_X1)
   0.03    0.80 ^ _14396_/ZN (INV_X1)
   0.02    0.82 v _20611_/ZN (NOR2_X1)
   0.04    0.86 ^ _20618_/ZN (NOR3_X1)
   0.04    0.90 v _20620_/ZN (AOI21_X1)
   0.06    0.96 v _20768_/Z (BUF_X1)
   0.06    1.02 v _20857_/Z (BUF_X1)
   0.03    1.04 ^ _20886_/ZN (NAND2_X1)
   0.03    1.07 v _20888_/ZN (OAI21_X1)
   0.08    1.16 v _20889_/Z (MUX2_X1)
   0.00    1.16 v instr_addr_o[21] (out)
           1.16   data arrival time

   4.00    4.00   clock clk_i (rise edge)
   0.00    4.00   clock network delay (ideal)
   0.00    4.00   clock reconvergence pessimism
  -1.20    2.80   output external delay
           2.80   data required time
---------------------------------------------------------
           2.80   data required time
          -1.16   data arrival time
---------------------------------------------------------
           1.64   slack (MET)


Startpoint: irq_fast_i[5] (input port clocked by clk_i)
Endpoint: instr_addr_o[4] (output port clocked by clk_i)
Path Group: in2out
Path Type: max

  Delay    Time   Description
---------------------------------------------------------
   0.00    0.00   clock clk_i (rise edge)
   0.00    0.00   clock network delay (ideal)
   0.40    0.40 v input external delay
   0.01    0.41 v irq_fast_i[5] (in)
   0.04    0.45 ^ _14344_/ZN (AOI22_X1)
   0.01    0.46 v _14345_/ZN (INV_X1)
   0.08    0.54 ^ _14346_/ZN (AOI221_X1)
   0.08    0.62 ^ _14350_/ZN (AND4_X1)
   0.02    0.64 v _14360_/ZN (NAND2_X1)
   0.09    0.73 ^ _14364_/ZN (AOI211_X1)
   0.04    0.77 v _14366_/ZN (OAI22_X1)
   0.03    0.80 ^ _14396_/ZN (INV_X1)
   0.02    0.82 v _20611_/ZN (NOR2_X1)
   0.16    0.98 ^ _20675_/ZN (OAI33_X1)
   0.03    1.01 v _20713_/ZN (AOI21_X1)
   0.07    1.07 v _20714_/ZN (OR2_X1)
   0.08    1.15 v _20715_/Z (MUX2_X1)
   0.00    1.15 v instr_addr_o[4] (out)
           1.15   data arrival time

   4.00    4.00   clock clk_i (rise edge)
   0.00    4.00   clock network delay (ideal)
   0.00    4.00   clock reconvergence pessimism
  -1.20    2.80   output external delay
           2.80   data required time
---------------------------------------------------------
           2.80   data required time
          -1.15   data arrival time
---------------------------------------------------------
           1.65   slack (MET)


Startpoint: irq_fast_i[5] (input port clocked by clk_i)
Endpoint: instr_addr_o[22] (output port clocked by clk_i)
Path Group: in2out
Path Type: max

  Delay    Time   Description
---------------------------------------------------------
   0.00    0.00   clock clk_i (rise edge)
   0.00    0.00   clock network delay (ideal)
   0.40    0.40 v input external delay
   0.01    0.41 v irq_fast_i[5] (in)
   0.04    0.45 ^ _14344_/ZN (AOI22_X1)
   0.01    0.46 v _14345_/ZN (INV_X1)
   0.08    0.54 ^ _14346_/ZN (AOI221_X1)
   0.08    0.62 ^ _14350_/ZN (AND4_X1)
   0.02    0.64 v _14360_/ZN (NAND2_X1)
   0.09    0.73 ^ _14364_/ZN (AOI211_X1)
   0.04    0.77 v _14366_/ZN (OAI22_X1)
   0.03    0.80 ^ _14396_/ZN (INV_X1)
   0.02    0.82 v _20611_/ZN (NOR2_X1)
   0.04    0.86 ^ _20618_/ZN (NOR3_X1)
   0.04    0.90 v _20620_/ZN (AOI21_X1)
   0.06    0.96 v _20768_/Z (BUF_X1)
   0.06    1.02 v _20857_/Z (BUF_X1)
   0.03    1.04 ^ _20896_/ZN (NAND2_X1)
   0.03    1.07 v _20898_/ZN (OAI21_X1)
   0.08    1.15 v _20899_/Z (MUX2_X1)
   0.00    1.15 v instr_addr_o[22] (out)
           1.15   data arrival time

   4.00    4.00   clock clk_i (rise edge)
   0.00    4.00   clock network delay (ideal)
   0.00    4.00   clock reconvergence pessimism
  -1.20    2.80   output external delay
           2.80   data required time
---------------------------------------------------------
           2.80   data required time
          -1.15   data arrival time
---------------------------------------------------------
           1.65   slack (MET)


Startpoint: irq_fast_i[5] (input port clocked by clk_i)
Endpoint: instr_addr_o[18] (output port clocked by clk_i)
Path Group: in2out
Path Type: max

  Delay    Time   Description
---------------------------------------------------------
   0.00    0.00   clock clk_i (rise edge)
   0.00    0.00   clock network delay (ideal)
   0.40    0.40 v input external delay
   0.01    0.41 v irq_fast_i[5] (in)
   0.04    0.45 ^ _14344_/ZN (AOI22_X1)
   0.01    0.46 v _14345_/ZN (INV_X1)
   0.08    0.54 ^ _14346_/ZN (AOI221_X1)
   0.08    0.62 ^ _14350_/ZN (AND4_X1)
   0.02    0.64 v _14360_/ZN (NAND2_X1)
   0.09    0.73 ^ _14364_/ZN (AOI211_X1)
   0.04    0.77 v _14366_/ZN (OAI22_X1)
   0.03    0.80 ^ _14396_/ZN (INV_X1)
   0.02    0.82 v _20611_/ZN (NOR2_X1)
   0.04    0.86 ^ _20618_/ZN (NOR3_X1)
   0.04    0.90 v _20620_/ZN (AOI21_X1)
   0.06    0.96 v _20768_/Z (BUF_X1)
   0.06    1.02 v _20857_/Z (BUF_X1)
   0.05    1.06 ^ _20859_/ZN (OAI21_X1)
   0.07    1.13 ^ _20860_/Z (MUX2_X1)
   0.00    1.13 ^ instr_addr_o[18] (out)
           1.13   data arrival time

   4.00    4.00   clock clk_i (rise edge)
   0.00    4.00   clock network delay (ideal)
   0.00    4.00   clock reconvergence pessimism
  -1.20    2.80   output external delay
           2.80   data required time
---------------------------------------------------------
           2.80   data required time
          -1.13   data arrival time
---------------------------------------------------------
           1.67   slack (MET)


Startpoint: irq_fast_i[5] (input port clocked by clk_i)
Endpoint: instr_req_o (output port clocked by clk_i)
Path Group: in2out
Path Type: max

  Delay    Time   Description
---------------------------------------------------------
   0.00    0.00   clock clk_i (rise edge)
   0.00    0.00   clock network delay (ideal)
   0.40    0.40 v input external delay
   0.01    0.41 v irq_fast_i[5] (in)
   0.04    0.45 ^ _14344_/ZN (AOI22_X1)
   0.01    0.46 v _14345_/ZN (INV_X1)
   0.08    0.54 ^ _14346_/ZN (AOI221_X1)
   0.08    0.62 ^ _14350_/ZN (AND4_X1)
   0.02    0.64 v _14360_/ZN (NAND2_X1)
   0.09    0.73 ^ _14364_/ZN (AOI211_X1)
   0.04    0.77 v _14366_/ZN (OAI22_X1)
   0.03    0.80 ^ _14396_/ZN (INV_X1)
   0.02    0.82 v _20611_/ZN (NOR2_X1)
   0.16    0.98 ^ _20675_/ZN (OAI33_X1)
   0.04    1.02 v _20677_/ZN (OAI211_X1)
   0.06    1.08 ^ _20679_/ZN (OAI211_X1)
   0.05    1.13 v _21063_/ZN (NAND2_X1)
   0.00    1.13 v instr_req_o (out)
           1.13   data arrival time

   4.00    4.00   clock clk_i (rise edge)
   0.00    4.00   clock network delay (ideal)
   0.00    4.00   clock reconvergence pessimism
  -1.20    2.80   output external delay
           2.80   data required time
---------------------------------------------------------
           2.80   data required time
          -1.13   data arrival time
---------------------------------------------------------
           1.67   slack (MET)


Startpoint: irq_fast_i[5] (input port clocked by clk_i)
Endpoint: instr_addr_o[5] (output port clocked by clk_i)
Path Group: in2out
Path Type: max

  Delay    Time   Description
---------------------------------------------------------
   0.00    0.00   clock clk_i (rise edge)
   0.00    0.00   clock network delay (ideal)
   0.40    0.40 v input external delay
   0.01    0.41 v irq_fast_i[5] (in)
   0.04    0.45 ^ _14344_/ZN (AOI22_X1)
   0.01    0.46 v _14345_/ZN (INV_X1)
   0.08    0.54 ^ _14346_/ZN (AOI221_X1)
   0.08    0.62 ^ _14350_/ZN (AND4_X1)
   0.02    0.64 v _14360_/ZN (NAND2_X1)
   0.09    0.73 ^ _14364_/ZN (AOI211_X1)
   0.04    0.77 v _14366_/ZN (OAI22_X1)
   0.03    0.80 ^ _14396_/ZN (INV_X1)
   0.02    0.82 v _20611_/ZN (NOR2_X1)
   0.16    0.98 ^ _20675_/ZN (OAI33_X1)
   0.01    0.99 v _20728_/ZN (NOR2_X1)
   0.07    1.06 ^ _20729_/ZN (AOI21_X1)
   0.05    1.11 v _20730_/ZN (OAI21_X1)
   0.00    1.11 v instr_addr_o[5] (out)
           1.11   data arrival time

   4.00    4.00   clock clk_i (rise edge)
   0.00    4.00   clock network delay (ideal)
   0.00    4.00   clock reconvergence pessimism
  -1.20    2.80   output external delay
           2.80   data required time
---------------------------------------------------------
           2.80   data required time
          -1.11   data arrival time
---------------------------------------------------------
           1.69   slack (MET)


Startpoint: irq_fast_i[5] (input port clocked by clk_i)
Endpoint: instr_addr_o[13] (output port clocked by clk_i)
Path Group: in2out
Path Type: max

  Delay    Time   Description
---------------------------------------------------------
   0.00    0.00   clock clk_i (rise edge)
   0.00    0.00   clock network delay (ideal)
   0.40    0.40 v input external delay
   0.01    0.41 v irq_fast_i[5] (in)
   0.04    0.45 ^ _14344_/ZN (AOI22_X1)
   0.01    0.46 v _14345_/ZN (INV_X1)
   0.08    0.54 ^ _14346_/ZN (AOI221_X1)
   0.08    0.62 ^ _14350_/ZN (AND4_X1)
   0.02    0.64 v _14360_/ZN (NAND2_X1)
   0.09    0.73 ^ _14364_/ZN (AOI211_X1)
   0.04    0.77 v _14366_/ZN (OAI22_X1)
   0.03    0.80 ^ _14396_/ZN (INV_X1)
   0.02    0.82 v _20611_/ZN (NOR2_X1)
   0.04    0.86 ^ _20618_/ZN (NOR3_X1)
   0.04    0.90 v _20620_/ZN (AOI21_X1)
   0.06    0.96 v _20768_/Z (BUF_X1)
   0.03    0.99 ^ _20809_/ZN (NAND2_X1)
   0.03    1.02 v _20811_/ZN (OAI21_X1)
   0.08    1.10 v _20812_/Z (MUX2_X1)
   0.00    1.10 v instr_addr_o[13] (out)
           1.10   data arrival time

   4.00    4.00   clock clk_i (rise edge)
   0.00    4.00   clock network delay (ideal)
   0.00    4.00   clock reconvergence pessimism
  -1.20    2.80   output external delay
           2.80   data required time
---------------------------------------------------------
           2.80   data required time
          -1.10   data arrival time
---------------------------------------------------------
           1.70   slack (MET)


Startpoint: irq_fast_i[5] (input port clocked by clk_i)
Endpoint: instr_addr_o[14] (output port clocked by clk_i)
Path Group: in2out
Path Type: max

  Delay    Time   Description
---------------------------------------------------------
   0.00    0.00   clock clk_i (rise edge)
   0.00    0.00   clock network delay (ideal)
   0.40    0.40 v input external delay
   0.01    0.41 v irq_fast_i[5] (in)
   0.04    0.45 ^ _14344_/ZN (AOI22_X1)
   0.01    0.46 v _14345_/ZN (INV_X1)
   0.08    0.54 ^ _14346_/ZN (AOI221_X1)
   0.08    0.62 ^ _14350_/ZN (AND4_X1)
   0.02    0.64 v _14360_/ZN (NAND2_X1)
   0.09    0.73 ^ _14364_/ZN (AOI211_X1)
   0.04    0.77 v _14366_/ZN (OAI22_X1)
   0.03    0.80 ^ _14396_/ZN (INV_X1)
   0.02    0.82 v _20611_/ZN (NOR2_X1)
   0.04    0.86 ^ _20618_/ZN (NOR3_X1)
   0.04    0.90 v _20620_/ZN (AOI21_X1)
   0.06    0.96 v _20768_/Z (BUF_X1)
   0.03    0.98 ^ _20818_/ZN (NAND2_X1)
   0.03    1.01 v _20820_/ZN (OAI21_X1)
   0.08    1.10 v _20821_/Z (MUX2_X1)
   0.00    1.10 v instr_addr_o[14] (out)
           1.10   data arrival time

   4.00    4.00   clock clk_i (rise edge)
   0.00    4.00   clock network delay (ideal)
   0.00    4.00   clock reconvergence pessimism
  -1.20    2.80   output external delay
           2.80   data required time
---------------------------------------------------------
           2.80   data required time
          -1.10   data arrival time
---------------------------------------------------------
           1.70   slack (MET)


Startpoint: irq_fast_i[5] (input port clocked by clk_i)
Endpoint: instr_addr_o[17] (output port clocked by clk_i)
Path Group: in2out
Path Type: max

  Delay    Time   Description
---------------------------------------------------------
   0.00    0.00   clock clk_i (rise edge)
   0.00    0.00   clock network delay (ideal)
   0.40    0.40 v input external delay
   0.01    0.41 v irq_fast_i[5] (in)
   0.04    0.45 ^ _14344_/ZN (AOI22_X1)
   0.01    0.46 v _14345_/ZN (INV_X1)
   0.08    0.54 ^ _14346_/ZN (AOI221_X1)
   0.08    0.62 ^ _14350_/ZN (AND4_X1)
   0.02    0.64 v _14360_/ZN (NAND2_X1)
   0.09    0.73 ^ _14364_/ZN (AOI211_X1)
   0.04    0.77 v _14366_/ZN (OAI22_X1)
   0.03    0.80 ^ _14396_/ZN (INV_X1)
   0.02    0.82 v _20611_/ZN (NOR2_X1)
   0.04    0.86 ^ _20618_/ZN (NOR3_X1)
   0.04    0.90 v _20620_/ZN (AOI21_X1)
   0.06    0.96 v _20768_/Z (BUF_X1)
   0.03    0.99 ^ _20847_/ZN (NAND2_X1)
   0.03    1.01 v _20849_/ZN (OAI21_X1)
   0.08    1.09 v _20850_/Z (MUX2_X1)
   0.00    1.09 v instr_addr_o[17] (out)
           1.09   data arrival time

   4.00    4.00   clock clk_i (rise edge)
   0.00    4.00   clock network delay (ideal)
   0.00    4.00   clock reconvergence pessimism
  -1.20    2.80   output external delay
           2.80   data required time
---------------------------------------------------------
           2.80   data required time
          -1.09   data arrival time
---------------------------------------------------------
           1.71   slack (MET)


Startpoint: irq_fast_i[5] (input port clocked by clk_i)
Endpoint: instr_addr_o[9] (output port clocked by clk_i)
Path Group: in2out
Path Type: max

  Delay    Time   Description
---------------------------------------------------------
   0.00    0.00   clock clk_i (rise edge)
   0.00    0.00   clock network delay (ideal)
   0.40    0.40 v input external delay
   0.01    0.41 v irq_fast_i[5] (in)
   0.04    0.45 ^ _14344_/ZN (AOI22_X1)
   0.01    0.46 v _14345_/ZN (INV_X1)
   0.08    0.54 ^ _14346_/ZN (AOI221_X1)
   0.08    0.62 ^ _14350_/ZN (AND4_X1)
   0.02    0.64 v _14360_/ZN (NAND2_X1)
   0.09    0.73 ^ _14364_/ZN (AOI211_X1)
   0.04    0.77 v _14366_/ZN (OAI22_X1)
   0.03    0.80 ^ _14396_/ZN (INV_X1)
   0.02    0.82 v _20611_/ZN (NOR2_X1)
   0.04    0.86 ^ _20618_/ZN (NOR3_X1)
   0.04    0.90 v _20620_/ZN (AOI21_X1)
   0.06    0.96 v _20768_/Z (BUF_X1)
   0.06    1.02 ^ _20770_/ZN (OAI21_X1)
   0.07    1.09 ^ _20771_/Z (MUX2_X1)
   0.00    1.09 ^ instr_addr_o[9] (out)
           1.09   data arrival time

   4.00    4.00   clock clk_i (rise edge)
   0.00    4.00   clock network delay (ideal)
   0.00    4.00   clock reconvergence pessimism
  -1.20    2.80   output external delay
           2.80   data required time
---------------------------------------------------------
           2.80   data required time
          -1.09   data arrival time
---------------------------------------------------------
           1.71   slack (MET)


Startpoint: irq_fast_i[5] (input port clocked by clk_i)
Endpoint: instr_addr_o[3] (output port clocked by clk_i)
Path Group: in2out
Path Type: max

  Delay    Time   Description
---------------------------------------------------------
   0.00    0.00   clock clk_i (rise edge)
   0.00    0.00   clock network delay (ideal)
   0.40    0.40 v input external delay
   0.01    0.41 v irq_fast_i[5] (in)
   0.04    0.45 ^ _14344_/ZN (AOI22_X1)
   0.01    0.46 v _14345_/ZN (INV_X1)
   0.08    0.54 ^ _14346_/ZN (AOI221_X1)
   0.08    0.62 ^ _14350_/ZN (AND4_X1)
   0.02    0.64 v _14360_/ZN (NAND2_X1)
   0.09    0.73 ^ _14364_/ZN (AOI211_X1)
   0.04    0.77 v _14366_/ZN (OAI22_X1)
   0.05    0.82 ^ _20229_/ZN (NAND2_X1)
   0.03    0.86 v _20692_/ZN (OAI22_X1)
   0.05    0.91 ^ _20693_/ZN (OAI221_X1)
   0.03    0.94 v _20696_/ZN (OAI211_X1)
   0.03    0.97 ^ _20697_/ZN (NAND2_X1)
   0.03    1.00 v _20699_/ZN (OAI21_X1)
   0.09    1.09 v _20700_/Z (MUX2_X1)
   0.00    1.09 v instr_addr_o[3] (out)
           1.09   data arrival time

   4.00    4.00   clock clk_i (rise edge)
   0.00    4.00   clock network delay (ideal)
   0.00    4.00   clock reconvergence pessimism
  -1.20    2.80   output external delay
           2.80   data required time
---------------------------------------------------------
           2.80   data required time
          -1.09   data arrival time
---------------------------------------------------------
           1.71   slack (MET)


Startpoint: irq_fast_i[5] (input port clocked by clk_i)
Endpoint: instr_addr_o[2] (output port clocked by clk_i)
Path Group: in2out
Path Type: max

  Delay    Time   Description
---------------------------------------------------------
   0.00    0.00   clock clk_i (rise edge)
   0.00    0.00   clock network delay (ideal)
   0.40    0.40 v input external delay
   0.01    0.41 v irq_fast_i[5] (in)
   0.04    0.45 ^ _14344_/ZN (AOI22_X1)
   0.01    0.46 v _14345_/ZN (INV_X1)
   0.08    0.54 ^ _14346_/ZN (AOI221_X1)
   0.08    0.62 ^ _14350_/ZN (AND4_X1)
   0.02    0.64 v _14360_/ZN (NAND2_X1)
   0.09    0.73 ^ _14364_/ZN (AOI211_X1)
   0.04    0.77 v _14366_/ZN (OAI22_X1)
   0.03    0.80 ^ _14396_/ZN (INV_X1)
   0.02    0.82 v _20611_/ZN (NOR2_X1)
   0.04    0.86 ^ _20618_/ZN (NOR3_X1)
   0.04    0.90 v _20620_/ZN (AOI21_X1)
   0.03    0.93 ^ _20666_/ZN (NAND2_X1)
   0.03    0.95 v _20668_/ZN (OAI21_X1)
   0.03    0.98 ^ _20669_/ZN (NAND2_X1)
   0.04    1.03 v _20672_/ZN (OAI21_X1)
   0.00    1.03 v instr_addr_o[2] (out)
           1.03   data arrival time

   4.00    4.00   clock clk_i (rise edge)
   0.00    4.00   clock network delay (ideal)
   0.00    4.00   clock reconvergence pessimism
  -1.20    2.80   output external delay
           2.80   data required time
---------------------------------------------------------
           2.80   data required time
          -1.03   data arrival time
---------------------------------------------------------
           1.77   slack (MET)


Startpoint: irq_fast_i[5] (input port clocked by clk_i)
Endpoint: core_sleep_o (output port clocked by clk_i)
Path Group: in2out
Path Type: max

  Delay    Time   Description
---------------------------------------------------------
   0.00    0.00   clock clk_i (rise edge)
   0.00    0.00   clock network delay (ideal)
   0.40    0.40 v input external delay
   0.01    0.41 v irq_fast_i[5] (in)
   0.04    0.45 ^ _14344_/ZN (AOI22_X1)
   0.01    0.46 v _14345_/ZN (INV_X1)
   0.08    0.54 ^ _14346_/ZN (AOI221_X1)
   0.08    0.62 ^ _14350_/ZN (AND4_X1)
   0.02    0.64 v _14360_/ZN (NAND2_X1)
   0.09    0.73 ^ _14364_/ZN (AOI211_X1)
   0.03    0.76 v _14407_/ZN (NAND2_X1)
   0.09    0.84 ^ _23529_/ZN (OAI21_X1)
   0.00    0.84 ^ core_sleep_o (out)
           0.84   data arrival time

   4.00    4.00   clock clk_i (rise edge)
   0.00    4.00   clock network delay (ideal)
   0.00    4.00   clock reconvergence pessimism
  -0.80    3.20   output external delay
           3.20   data required time
---------------------------------------------------------
           3.20   data required time
          -0.84   data arrival time
---------------------------------------------------------
           2.36   slack (MET)


