Start Point, End Point, WNS (ns)
instr_rdata_i[0],crash_dump_o,1.4843
instr_rdata_i[0],crash_dump_o,1.502
instr_rdata_i[0],crash_dump_o,1.5433
instr_rdata_i[0],crash_dump_o,1.548
instr_rdata_i[0],crash_dump_o,1.6051
instr_rdata_i[0],crash_dump_o,1.65
instr_rdata_i[0],crash_dump_o,1.6946
instr_rdata_i[0],crash_dump_o,1.7116
instr_rdata_i[0],crash_dump_o,1.7568
instr_rdata_i[0],crash_dump_o,1.8097
instr_rdata_i[0],crash_dump_o,1.8206
instr_rdata_i[0],crash_dump_o,1.8658
instr_rdata_i[0],crash_dump_o,1.9187
instr_rdata_i[0],crash_dump_o,1.9296
irq_fast_i[5],u_ibex_core.if_stage_i.gen_prefetch_buffer.prefetch_buffer_i.fetch_addr_q,1.9571
irq_fast_i[5],u_ibex_core.if_stage_i.gen_prefetch_buffer.prefetch_buffer_i.fetch_addr_q,1.9647
instr_rdata_i[0],crash_dump_o,1.9748
irq_fast_i[5],u_ibex_core.if_stage_i.gen_prefetch_buffer.prefetch_buffer_i.fetch_addr_q,1.984
irq_fast_i[5],u_ibex_core.if_stage_i.gen_prefetch_buffer.prefetch_buffer_i.fetch_addr_q,2.0269
instr_rdata_i[0],crash_dump_o,2.0271
data_rvalid_i,u_ibex_core.cs_registers_i.mhpmcounter[2],2.0411
data_rvalid_i,u_ibex_core.if_stage_i.gen_prefetch_buffer.prefetch_buffer_i.fifo_i.rdata_q,2.0451
data_rvalid_i,u_ibex_core.if_stage_i.gen_prefetch_buffer.prefetch_buffer_i.fifo_i.rdata_q,2.0451
data_rvalid_i,u_ibex_core.if_stage_i.gen_prefetch_buffer.prefetch_buffer_i.fifo_i.rdata_q,2.0451
data_rvalid_i,u_ibex_core.if_stage_i.gen_prefetch_buffer.prefetch_buffer_i.fifo_i.rdata_q,2.0451
data_rvalid_i,u_ibex_core.if_stage_i.gen_prefetch_buffer.prefetch_buffer_i.fifo_i.rdata_q,2.0451
data_rvalid_i,u_ibex_core.if_stage_i.gen_prefetch_buffer.prefetch_buffer_i.fifo_i.rdata_q,2.0451
data_rvalid_i,u_ibex_core.if_stage_i.gen_prefetch_buffer.prefetch_buffer_i.fifo_i.rdata_q,2.0451
data_rvalid_i,u_ibex_core.if_stage_i.gen_prefetch_buffer.prefetch_buffer_i.fifo_i.rdata_q,2.0451
data_rvalid_i,u_ibex_core.if_stage_i.gen_prefetch_buffer.prefetch_buffer_i.fifo_i.rdata_q,2.0451
data_rvalid_i,u_ibex_core.if_stage_i.gen_prefetch_buffer.prefetch_buffer_i.fifo_i.rdata_q,2.0451
data_rvalid_i,u_ibex_core.if_stage_i.gen_prefetch_buffer.prefetch_buffer_i.fifo_i.rdata_q,2.0451
data_rvalid_i,u_ibex_core.if_stage_i.gen_prefetch_buffer.prefetch_buffer_i.fifo_i.rdata_q,2.0451
data_rvalid_i,u_ibex_core.if_stage_i.gen_prefetch_buffer.prefetch_buffer_i.fifo_i.rdata_q,2.0451
data_rvalid_i,u_ibex_core.if_stage_i.gen_prefetch_buffer.prefetch_buffer_i.fifo_i.rdata_q,2.0451
data_rvalid_i,u_ibex_core.if_stage_i.gen_prefetch_buffer.prefetch_buffer_i.fifo_i.rdata_q,2.0451
data_rvalid_i,u_ibex_core.if_stage_i.gen_prefetch_buffer.prefetch_buffer_i.fifo_i.rdata_q,2.0451
data_rvalid_i,u_ibex_core.if_stage_i.gen_prefetch_buffer.prefetch_buffer_i.fifo_i.rdata_q,2.0451
data_rvalid_i,u_ibex_core.if_stage_i.gen_prefetch_buffer.prefetch_buffer_i.fifo_i.rdata_q,2.0451
data_rvalid_i,u_ibex_core.if_stage_i.gen_prefetch_buffer.prefetch_buffer_i.fifo_i.rdata_q,2.0451
data_rvalid_i,u_ibex_core.if_stage_i.gen_prefetch_buffer.prefetch_buffer_i.fifo_i.rdata_q,2.0451
data_rvalid_i,u_ibex_core.if_stage_i.gen_prefetch_buffer.prefetch_buffer_i.fifo_i.rdata_q,2.0451
data_rvalid_i,u_ibex_core.if_stage_i.gen_prefetch_buffer.prefetch_buffer_i.fifo_i.rdata_q,2.0451
data_rvalid_i,u_ibex_core.if_stage_i.gen_prefetch_buffer.prefetch_buffer_i.fifo_i.rdata_q,2.0451
data_rvalid_i,u_ibex_core.if_stage_i.gen_prefetch_buffer.prefetch_buffer_i.fifo_i.rdata_q,2.0451
data_rvalid_i,u_ibex_core.if_stage_i.gen_prefetch_buffer.prefetch_buffer_i.fifo_i.rdata_q,2.0451
data_rvalid_i,u_ibex_core.if_stage_i.gen_prefetch_buffer.prefetch_buffer_i.fifo_i.rdata_q,2.0451
data_rvalid_i,u_ibex_core.if_stage_i.gen_prefetch_buffer.prefetch_buffer_i.fifo_i.rdata_q,2.0451
data_rvalid_i,u_ibex_core.if_stage_i.gen_prefetch_buffer.prefetch_buffer_i.fifo_i.rdata_q,2.0451
data_rvalid_i,u_ibex_core.if_stage_i.gen_prefetch_buffer.prefetch_buffer_i.fifo_i.rdata_q,2.0451
data_rvalid_i,u_ibex_core.if_stage_i.gen_prefetch_buffer.prefetch_buffer_i.fifo_i.rdata_q,2.0451
data_rvalid_i,u_ibex_core.if_stage_i.gen_prefetch_buffer.prefetch_buffer_i.fifo_i.rdata_q,2.0451
data_rvalid_i,u_ibex_core.if_stage_i.gen_prefetch_buffer.prefetch_buffer_i.fifo_i.rdata_q,2.0451
data_rvalid_i,u_ibex_core.if_stage_i.gen_prefetch_buffer.prefetch_buffer_i.fifo_i.rdata_q,2.0451
data_rvalid_i,u_ibex_core.if_stage_i.gen_prefetch_buffer.prefetch_buffer_i.fifo_i.rdata_q,2.0451
data_rvalid_i,u_ibex_core.if_stage_i.gen_prefetch_buffer.prefetch_buffer_i.fifo_i.rdata_q,2.0451
data_rvalid_i,u_ibex_core.if_stage_i.gen_prefetch_buffer.prefetch_buffer_i.fifo_i.rdata_q,2.0451
data_rvalid_i,u_ibex_core.if_stage_i.gen_prefetch_buffer.prefetch_buffer_i.fifo_i.rdata_q,2.0451
data_rvalid_i,u_ibex_core.if_stage_i.gen_prefetch_buffer.prefetch_buffer_i.fifo_i.rdata_q,2.0451
data_rvalid_i,u_ibex_core.if_stage_i.gen_prefetch_buffer.prefetch_buffer_i.fifo_i.rdata_q,2.0451
data_rvalid_i,u_ibex_core.if_stage_i.gen_prefetch_buffer.prefetch_buffer_i.fifo_i.rdata_q,2.0451
data_rvalid_i,u_ibex_core.if_stage_i.gen_prefetch_buffer.prefetch_buffer_i.fifo_i.rdata_q,2.0451
data_rvalid_i,u_ibex_core.if_stage_i.gen_prefetch_buffer.prefetch_buffer_i.fifo_i.rdata_q,2.0451
data_rvalid_i,u_ibex_core.if_stage_i.gen_prefetch_buffer.prefetch_buffer_i.fifo_i.rdata_q,2.0451
data_rvalid_i,u_ibex_core.if_stage_i.gen_prefetch_buffer.prefetch_buffer_i.fifo_i.rdata_q,2.0451
data_rvalid_i,u_ibex_core.if_stage_i.gen_prefetch_buffer.prefetch_buffer_i.fifo_i.rdata_q,2.0451
data_rvalid_i,u_ibex_core.if_stage_i.gen_prefetch_buffer.prefetch_buffer_i.fifo_i.rdata_q,2.0451
data_rvalid_i,u_ibex_core.if_stage_i.gen_prefetch_buffer.prefetch_buffer_i.fifo_i.rdata_q,2.0451
data_rvalid_i,u_ibex_core.if_stage_i.gen_prefetch_buffer.prefetch_buffer_i.fifo_i.rdata_q,2.0451
data_rvalid_i,u_ibex_core.if_stage_i.gen_prefetch_buffer.prefetch_buffer_i.fifo_i.rdata_q,2.0451
data_rvalid_i,u_ibex_core.if_stage_i.gen_prefetch_buffer.prefetch_buffer_i.fifo_i.rdata_q,2.0451
data_rvalid_i,u_ibex_core.if_stage_i.gen_prefetch_buffer.prefetch_buffer_i.fifo_i.rdata_q,2.0451
data_rvalid_i,u_ibex_core.if_stage_i.gen_prefetch_buffer.prefetch_buffer_i.fifo_i.rdata_q,2.0451
data_rvalid_i,u_ibex_core.if_stage_i.gen_prefetch_buffer.prefetch_buffer_i.fifo_i.rdata_q,2.0451
data_rvalid_i,u_ibex_core.if_stage_i.gen_prefetch_buffer.prefetch_buffer_i.fifo_i.rdata_q,2.0451
data_rvalid_i,u_ibex_core.if_stage_i.gen_prefetch_buffer.prefetch_buffer_i.fifo_i.rdata_q,2.0451
data_rvalid_i,u_ibex_core.if_stage_i.gen_prefetch_buffer.prefetch_buffer_i.fifo_i.rdata_q,2.0451
data_rvalid_i,u_ibex_core.if_stage_i.gen_prefetch_buffer.prefetch_buffer_i.fifo_i.rdata_q,2.0451
data_rvalid_i,u_ibex_core.if_stage_i.gen_prefetch_buffer.prefetch_buffer_i.fifo_i.rdata_q,2.0451
data_rvalid_i,u_ibex_core.if_stage_i.gen_prefetch_buffer.prefetch_buffer_i.fifo_i.rdata_q,2.0451
data_rvalid_i,u_ibex_core.if_stage_i.gen_prefetch_buffer.prefetch_buffer_i.fifo_i.rdata_q,2.0451
data_rvalid_i,u_ibex_core.cs_registers_i.mhpmcounter[2],2.05
data_rvalid_i,u_ibex_core.cs_registers_i.mhpmcounter[2],2.0523
data_rvalid_i,u_ibex_core.cs_registers_i.mhpmcounter[2],2.0551
data_rvalid_i,u_ibex_core.cs_registers_i.mhpmcounter[2],2.0551
data_rvalid_i,u_ibex_core.cs_registers_i.mcycle_counter_i.counter,2.056
data_rvalid_i,u_ibex_core.cs_registers_i.mcycle_counter_i.counter,2.0565
data_rvalid_i,u_ibex_core.id_stage_i.controller_i.instr_i,2.0572
data_rvalid_i,u_ibex_core.id_stage_i.controller_i.instr_i,2.0572
data_rvalid_i,u_ibex_core.id_stage_i.decoder_i.instr_alu,2.0572
data_rvalid_i,u_ibex_core.id_stage_i.decoder_i.instr_alu,2.0572
data_rvalid_i,u_ibex_core.cs_registers_i.mhpmcounter[2],2.0582
data_rvalid_i,u_ibex_core.cs_registers_i.mhpmcounter[2],2.0583
data_rvalid_i,u_ibex_core.cs_registers_i.mhpmcounter[2],2.0583
data_rvalid_i,u_ibex_core.cs_registers_i.mhpmcounter[2],2.0583
data_rvalid_i,u_ibex_core.cs_registers_i.mcycle_counter_i.counter,2.0587
data_rvalid_i,u_ibex_core.cs_registers_i.mcycle_counter_i.counter,2.0595
data_rvalid_i,u_ibex_core.cs_registers_i.mie_q,2.0597
data_rvalid_i,u_ibex_core.cs_registers_i.mie_q,2.0597
data_rvalid_i,u_ibex_core.cs_registers_i.mie_q,2.0597
data_rvalid_i,u_ibex_core.cs_registers_i.mie_q,2.0597
data_rvalid_i,u_ibex_core.cs_registers_i.mie_q,2.0597
data_rvalid_i,u_ibex_core.cs_registers_i.mie_q,2.0597
data_rvalid_i,u_ibex_core.cs_registers_i.mie_q,2.0597
data_rvalid_i,u_ibex_core.cs_registers_i.mie_q,2.0597
data_rvalid_i,u_ibex_core.cs_registers_i.mie_q,2.0597
data_rvalid_i,u_ibex_core.cs_registers_i.mhpmcounter[2],2.0609
data_rvalid_i,u_ibex_core.cs_registers_i.mcycle_counter_i.counter,2.0616
data_rvalid_i,u_ibex_core.cs_registers_i.mcycle_counter_i.counter,2.0616
data_rvalid_i,u_ibex_core.cs_registers_i.mcycle_counter_i.counter,2.0616
data_rvalid_i,u_ibex_core.cs_registers_i.mhpmcounter[2],2.0619
data_rvalid_i,u_ibex_core.id_stage_i.decoder_i.instr_alu,2.063
data_rvalid_i,u_ibex_core.id_stage_i.decoder_i.instr_alu,2.063
data_rvalid_i,u_ibex_core.id_stage_i.decoder_i.instr_alu,2.063
data_rvalid_i,u_ibex_core.id_stage_i.controller_i.instr_i,2.063
data_rvalid_i,u_ibex_core.id_stage_i.controller_i.instr_i,2.063
data_rvalid_i,u_ibex_core.id_stage_i.controller_i.instr_i,2.063
data_rvalid_i,u_ibex_core.cs_registers_i.mcycle_counter_i.counter,2.0631
data_rvalid_i,u_ibex_core.cs_registers_i.mcycle_counter_i.counter,2.0637
data_rvalid_i,u_ibex_core.cs_registers_i.mcycle_counter_i.counter,2.0637
data_rvalid_i,u_ibex_core.cs_registers_i.mhpmcounter[2],2.0648
data_rvalid_i,u_ibex_core.cs_registers_i.mhpmcounter[2],2.0648
data_rvalid_i,u_ibex_core.cs_registers_i.mhpmcounter[2],2.0648
data_rvalid_i,u_ibex_core.cs_registers_i.mhpmcounter[2],2.0653
data_rvalid_i,u_ibex_core.cs_registers_i.mhpmcounter[2],2.066
data_rvalid_i,u_ibex_core.cs_registers_i.mcycle_counter_i.counter,2.0663
data_rvalid_i,u_ibex_core.cs_registers_i.mcycle_counter_i.counter,2.0666
data_rvalid_i,u_ibex_core.cs_registers_i.mhpmcounter[2],2.0669
data_rvalid_i,u_ibex_core.cs_registers_i.mhpmcounter[2],2.0671
data_rvalid_i,u_ibex_core.cs_registers_i.mhpmcounter[2],2.0673
data_rvalid_i,u_ibex_core.cs_registers_i.mhpmcounter[2],2.0673
data_rvalid_i,u_ibex_core.cs_registers_i.mhpmcounter[2],2.0673
data_rvalid_i,u_ibex_core.cs_registers_i.mhpmcounter[2],2.0673
data_rvalid_i,u_ibex_core.cs_registers_i.mhpmcounter[2],2.0673
data_rvalid_i,u_ibex_core.cs_registers_i.mhpmcounter[2],2.0673
data_rvalid_i,u_ibex_core.cs_registers_i.mhpmcounter[2],2.0673
data_rvalid_i,u_ibex_core.id_stage_i.controller_i.instr_compressed_i,2.0673
data_rvalid_i,u_ibex_core.id_stage_i.controller_i.instr_compressed_i,2.0674
data_rvalid_i,u_ibex_core.id_stage_i.controller_i.instr_compressed_i,2.0674
data_rvalid_i,crash_dump_o,2.0674
data_rvalid_i,crash_dump_o,2.0674
data_rvalid_i,crash_dump_o,2.0674
data_rvalid_i,crash_dump_o,2.0674
data_rvalid_i,crash_dump_o,2.0674
data_rvalid_i,crash_dump_o,2.0674
data_rvalid_i,crash_dump_o,2.0674
data_rvalid_i,crash_dump_o,2.0674
data_rvalid_i,crash_dump_o,2.0674
data_rvalid_i,crash_dump_o,2.0674
data_rvalid_i,u_ibex_core.id_stage_i.controller_i.instr_compressed_i,2.0674
data_rvalid_i,u_ibex_core.id_stage_i.controller_i.instr_compressed_i,2.0674
data_rvalid_i,u_ibex_core.id_stage_i.controller_i.instr_compressed_i,2.0674
data_rvalid_i,u_ibex_core.id_stage_i.controller_i.instr_compressed_i,2.0674
data_rvalid_i,u_ibex_core.id_stage_i.controller_i.instr_compressed_i,2.0674
data_rvalid_i,u_ibex_core.id_stage_i.controller_i.instr_compressed_i,2.0674
data_rvalid_i,u_ibex_core.id_stage_i.controller_i.instr_compressed_i,2.0674
data_rvalid_i,u_ibex_core.id_stage_i.controller_i.instr_compressed_i,2.0674
data_rvalid_i,u_ibex_core.id_stage_i.controller_i.instr_compressed_i,2.0674
data_rvalid_i,u_ibex_core.id_stage_i.controller_i.instr_compressed_i,2.0674
data_rvalid_i,u_ibex_core.id_stage_i.controller_i.instr_compressed_i,2.0674
data_rvalid_i,u_ibex_core.id_stage_i.decoder_i.instr_alu,2.0674
data_rvalid_i,gen_regfile_latch.register_file_i.raddr_a_i,2.0674
data_rvalid_i,gen_regfile_latch.register_file_i.raddr_a_i,2.0674
data_rvalid_i,gen_regfile_latch.register_file_i.raddr_b_i,2.0674
data_rvalid_i,gen_regfile_latch.register_file_i.raddr_b_i,2.0674
data_rvalid_i,gen_regfile_latch.register_file_i.raddr_b_i,2.0674
data_rvalid_i,u_ibex_core.cs_registers_i.mhpmcounter[2],2.0677
data_rvalid_i,u_ibex_core.cs_registers_i.mcycle_counter_i.counter,2.0677
data_rvalid_i,u_ibex_core.cs_registers_i.mcycle_counter_i.counter,2.0684
data_rvalid_i,u_ibex_core.cs_registers_i.mcycle_counter_i.counter,2.0684
data_rvalid_i,u_ibex_core.cs_registers_i.mcycle_counter_i.counter,2.0684
data_rvalid_i,gen_regfile_latch.register_file_i.waddr_a_i,2.0684
data_rvalid_i,gen_regfile_latch.register_file_i.raddr_a_i,2.0684
data_rvalid_i,gen_regfile_latch.register_file_i.raddr_b_i,2.0684
data_rvalid_i,gen_regfile_latch.register_file_i.raddr_b_i,2.0684
data_rvalid_i,u_ibex_core.cs_registers_i.mcycle_counter_i.counter,2.069
data_rvalid_i,u_ibex_core.cs_registers_i.mcycle_counter_i.counter,2.0691
data_rvalid_i,u_ibex_core.cs_registers_i.mcycle_counter_i.counter,2.0691
data_rvalid_i,u_ibex_core.cs_registers_i.mcycle_counter_i.counter,2.0691
data_rvalid_i,u_ibex_core.cs_registers_i.mcycle_counter_i.counter,2.0691
irq_fast_i[5],u_ibex_core.if_stage_i.gen_prefetch_buffer.prefetch_buffer_i.fetch_addr_q,2.0693
data_rvalid_i,u_ibex_core.cs_registers_i.mcycle_counter_i.counter,2.0697
data_rvalid_i,u_ibex_core.cs_registers_i.mcycle_counter_i.counter,2.0697
data_rvalid_i,u_ibex_core.cs_registers_i.mcycle_counter_i.counter,2.0698
data_rvalid_i,gen_regfile_latch.register_file_i.waddr_a_i,2.0699
data_rvalid_i,u_ibex_core.id_stage_i.controller_i.instr_i,2.0699
data_rvalid_i,gen_regfile_latch.register_file_i.waddr_a_i,2.0699
data_rvalid_i,gen_regfile_latch.register_file_i.waddr_a_i,2.0699
data_rvalid_i,gen_regfile_latch.register_file_i.raddr_a_i,2.0699
data_rvalid_i,gen_regfile_latch.register_file_i.raddr_a_i,2.0699
data_rvalid_i,u_ibex_core.cs_registers_i.mcycle_counter_i.counter,2.0699
data_rvalid_i,u_ibex_core.cs_registers_i.mcycle_counter_i.counter,2.0699
data_rvalid_i,u_ibex_core.cs_registers_i.mcycle_counter_i.counter,2.0699
data_rvalid_i,u_ibex_core.cs_registers_i.mcycle_counter_i.counter,2.07
data_rvalid_i,u_ibex_core.cs_registers_i.mcycle_counter_i.counter,2.07
data_rvalid_i,u_ibex_core.cs_registers_i.mcycle_counter_i.counter,2.07
data_rvalid_i,u_ibex_core.cs_registers_i.mhpmcounter[2],2.071
data_rvalid_i,u_ibex_core.cs_registers_i.mhpmcounter[2],2.0711
data_rvalid_i,u_ibex_core.cs_registers_i.mcycle_counter_i.counter,2.0714
data_rvalid_i,u_ibex_core.cs_registers_i.mcycle_counter_i.counter,2.0714
data_rvalid_i,u_ibex_core.cs_registers_i.mcycle_counter_i.counter,2.0714
data_rvalid_i,u_ibex_core.cs_registers_i.mcycle_counter_i.counter,2.0714
data_rvalid_i,u_ibex_core.cs_registers_i.mcycle_counter_i.counter,2.0714
data_rvalid_i,u_ibex_core.cs_registers_i.mcycle_counter_i.counter,2.0714
data_rvalid_i,u_ibex_core.cs_registers_i.mhpmcounter[2],2.0719
data_rvalid_i,u_ibex_core.cs_registers_i.mhpmcounter[2],2.0719
data_rvalid_i,u_ibex_core.cs_registers_i.mhpmcounter[2],2.0719
data_rvalid_i,u_ibex_core.cs_registers_i.mtval_q,2.0726
data_rvalid_i,u_ibex_core.cs_registers_i.mtval_q,2.0726
data_rvalid_i,u_ibex_core.cs_registers_i.mtval_q,2.0726
data_rvalid_i,u_ibex_core.cs_registers_i.mtval_q,2.0726
data_rvalid_i,u_ibex_core.cs_registers_i.mtval_q,2.0726
data_rvalid_i,u_ibex_core.cs_registers_i.mtval_q,2.0726
data_rvalid_i,u_ibex_core.cs_registers_i.mtval_q,2.0726
data_rvalid_i,u_ibex_core.cs_registers_i.mtval_q,2.0726
data_rvalid_i,u_ibex_core.cs_registers_i.mtval_q,2.0726
data_rvalid_i,u_ibex_core.cs_registers_i.mtval_q,2.0726
data_rvalid_i,u_ibex_core.cs_registers_i.mtval_q,2.0726
data_rvalid_i,u_ibex_core.cs_registers_i.mtval_q,2.0726
data_rvalid_i,u_ibex_core.cs_registers_i.mtval_q,2.0726
data_rvalid_i,u_ibex_core.cs_registers_i.mtval_q,2.0726
data_rvalid_i,u_ibex_core.cs_registers_i.mtval_q,2.0726
data_rvalid_i,u_ibex_core.cs_registers_i.mtval_q,2.0726
data_rvalid_i,u_ibex_core.cs_registers_i.mtval_q,2.0726
data_rvalid_i,u_ibex_core.cs_registers_i.mtval_q,2.0726
data_rvalid_i,u_ibex_core.cs_registers_i.mtval_q,2.0726
data_rvalid_i,u_ibex_core.cs_registers_i.mtval_q,2.0726
data_rvalid_i,u_ibex_core.cs_registers_i.mhpmcounter[2],2.0737
data_rvalid_i,u_ibex_core.cs_registers_i.mhpmcounter[2],2.0746
data_rvalid_i,u_ibex_core.cs_registers_i.mhpmcounter[2],2.0746
data_rvalid_i,u_ibex_core.cs_registers_i.mcycle_counter_i.counter,2.0748
data_rvalid_i,u_ibex_core.cs_registers_i.mhpmcounter[2],2.0753
data_rvalid_i,u_ibex_core.cs_registers_i.mhpmcounter[2],2.0757
data_rvalid_i,u_ibex_core.cs_registers_i.mhpmcounter[2],2.0758
data_rvalid_i,u_ibex_core.cs_registers_i.mhpmcounter[2],2.0758
data_rvalid_i,u_ibex_core.cs_registers_i.mhpmcounter[2],2.0758
data_rvalid_i,u_ibex_core.cs_registers_i.mhpmcounter[2],2.0758
data_rvalid_i,u_ibex_core.cs_registers_i.mhpmcounter[2],2.0761
data_rvalid_i,u_ibex_core.cs_registers_i.mhpmcounter[2],2.0762
data_rvalid_i,u_ibex_core.cs_registers_i.mcycle_counter_i.counter,2.0771
data_rvalid_i,u_ibex_core.cs_registers_i.mcycle_counter_i.counter,2.0774
data_rvalid_i,u_ibex_core.cs_registers_i.mhpmcounter[2],2.0785
data_rvalid_i,u_ibex_core.cs_registers_i.mhpmcounter[2],2.0788
data_rvalid_i,u_ibex_core.cs_registers_i.mcycle_counter_i.counter,2.0791
data_rvalid_i,u_ibex_core.cs_registers_i.mcycle_counter_i.counter,2.0791
data_rvalid_i,u_ibex_core.cs_registers_i.mcycle_counter_i.counter,2.0791
data_rvalid_i,u_ibex_core.cs_registers_i.mhpmcounter[2],2.08
data_rvalid_i,u_ibex_core.cs_registers_i.mhpmcounter[2],2.0803
data_rvalid_i,u_ibex_core.id_stage_i.decoder_i.instr_alu,2.0803
data_rvalid_i,u_ibex_core.id_stage_i.decoder_i.instr_alu,2.0803
data_rvalid_i,u_ibex_core.id_stage_i.decoder_i.instr_alu,2.0803
data_rvalid_i,u_ibex_core.id_stage_i.decoder_i.instr_alu,2.0803
data_rvalid_i,u_ibex_core.id_stage_i.controller_i.instr_i,2.0803
data_rvalid_i,u_ibex_core.id_stage_i.controller_i.instr_i,2.0803
data_rvalid_i,u_ibex_core.id_stage_i.controller_i.instr_i,2.0803
data_rvalid_i,u_ibex_core.id_stage_i.controller_i.instr_i,2.0803
data_rvalid_i,u_ibex_core.id_stage_i.controller_i.instr_i,2.0803
data_rvalid_i,u_ibex_core.id_stage_i.controller_i.instr_i,2.0803
data_rvalid_i,u_ibex_core.id_stage_i.controller_i.instr_i,2.0803
data_rvalid_i,u_ibex_core.id_stage_i.controller_i.instr_i,2.0803
data_rvalid_i,u_ibex_core.id_stage_i.controller_i.instr_i,2.0803
data_rvalid_i,u_ibex_core.id_stage_i.controller_i.instr_i,2.0803
data_rvalid_i,u_ibex_core.id_stage_i.controller_i.instr_i,2.0803
data_rvalid_i,u_ibex_core.id_stage_i.controller_i.instr_fetch_err_plus2_i,2.0806
data_rvalid_i,u_ibex_core.id_stage_i.decoder_i.instr_alu,2.0806
data_rvalid_i,u_ibex_core.id_stage_i.decoder_i.instr_alu,2.0806
data_rvalid_i,u_ibex_core.id_stage_i.decoder_i.instr_alu,2.0806
data_rvalid_i,u_ibex_core.id_stage_i.decoder_i.instr_alu,2.0806
data_rvalid_i,u_ibex_core.id_stage_i.decoder_i.instr_alu,2.0806
data_rvalid_i,u_ibex_core.id_stage_i.decoder_i.instr_alu,2.0806
data_rvalid_i,u_ibex_core.id_stage_i.decoder_i.instr_alu,2.0806
data_rvalid_i,u_ibex_core.if_stage_i.gen_prefetch_buffer.prefetch_buffer_i.fifo_i.rdata_q,2.081
data_rvalid_i,u_ibex_core.if_stage_i.gen_prefetch_buffer.prefetch_buffer_i.fifo_i.rdata_q,2.081
data_rvalid_i,u_ibex_core.if_stage_i.gen_prefetch_buffer.prefetch_buffer_i.fifo_i.err_q,2.081
data_rvalid_i,u_ibex_core.if_stage_i.gen_prefetch_buffer.prefetch_buffer_i.fifo_i.err_q,2.081
data_rvalid_i,u_ibex_core.if_stage_i.gen_prefetch_buffer.prefetch_buffer_i.fifo_i.rdata_q,2.081
data_rvalid_i,u_ibex_core.if_stage_i.gen_prefetch_buffer.prefetch_buffer_i.fifo_i.rdata_q,2.081
data_rvalid_i,u_ibex_core.cs_registers_i.mtval_q,2.0812
data_rvalid_i,crash_dump_o,2.0814
data_rvalid_i,crash_dump_o,2.0814
data_rvalid_i,crash_dump_o,2.0814
data_rvalid_i,crash_dump_o,2.0814
data_rvalid_i,crash_dump_o,2.0814
data_rvalid_i,crash_dump_o,2.0814
data_rvalid_i,crash_dump_o,2.0814
data_rvalid_i,crash_dump_o,2.0814
data_rvalid_i,crash_dump_o,2.0814
data_rvalid_i,crash_dump_o,2.0814
data_rvalid_i,crash_dump_o,2.0814
data_rvalid_i,crash_dump_o,2.0814
data_rvalid_i,crash_dump_o,2.0814
data_rvalid_i,crash_dump_o,2.0814
data_rvalid_i,crash_dump_o,2.0814
data_rvalid_i,crash_dump_o,2.0814
data_rvalid_i,crash_dump_o,2.0814
data_rvalid_i,crash_dump_o,2.0814
data_rvalid_i,crash_dump_o,2.0814
data_rvalid_i,crash_dump_o,2.0814
data_rvalid_i,u_ibex_core.cs_registers_i.mstack_d,2.0819
data_rvalid_i,crash_dump_o,2.0824
data_rvalid_i,crash_dump_o,2.0824
data_rvalid_i,crash_dump_o,2.0824
data_rvalid_i,crash_dump_o,2.0824
data_rvalid_i,crash_dump_o,2.0824
data_rvalid_i,crash_dump_o,2.0824
data_rvalid_i,crash_dump_o,2.0824
data_rvalid_i,u_ibex_core.cs_registers_i.mhpmcounter[2],2.0827
data_rvalid_i,u_ibex_core.cs_registers_i.mhpmcounter[2],2.0827
data_rvalid_i,u_ibex_core.cs_registers_i.mhpmcounter[2],2.0827
instr_rdata_i[0],crash_dump_o,2.083
data_rvalid_i,crash_dump_o,2.0835
data_rvalid_i,u_ibex_core.cs_registers_i.mstack_d,2.0844
data_rvalid_i,u_ibex_core.cs_registers_i.mhpmcounter[2],2.0844
data_rvalid_i,u_ibex_core.cs_registers_i.mhpmcounter[2],2.0846
data_rvalid_i,u_ibex_core.cs_registers_i.mhpmcounter[2],2.0847
data_rvalid_i,u_ibex_core.cs_registers_i.mtval_q,2.0848
data_rvalid_i,u_ibex_core.cs_registers_i.mtval_q,2.0848
data_rvalid_i,u_ibex_core.cs_registers_i.mtval_q,2.0848
data_rvalid_i,u_ibex_core.cs_registers_i.mtval_q,2.0848
data_rvalid_i,u_ibex_core.cs_registers_i.mtval_q,2.0848
data_rvalid_i,u_ibex_core.cs_registers_i.mtval_q,2.0852
data_rvalid_i,u_ibex_core.cs_registers_i.mtval_q,2.0855
data_rvalid_i,u_ibex_core.cs_registers_i.mtval_q,2.0855
data_rvalid_i,u_ibex_core.cs_registers_i.dcsr_q,2.0858
data_rvalid_i,u_ibex_core.cs_registers_i.dcsr_q,2.0858
data_rvalid_i,u_ibex_core.cs_registers_i.dcsr_q,2.0858
data_rvalid_i,u_ibex_core.cs_registers_i.dcsr_q,2.0858
data_rvalid_i,u_ibex_core.cs_registers_i.dcsr_q,2.0858
data_rvalid_i,u_ibex_core.cs_registers_i.dcsr_q,2.0858
data_rvalid_i,u_ibex_core.cs_registers_i.dcsr_q,2.0858
data_rvalid_i,u_ibex_core.cs_registers_i.dcsr_q,2.0858
data_rvalid_i,u_ibex_core.cs_registers_i.dcsr_q,2.0858
data_rvalid_i,u_ibex_core.cs_registers_i.dcsr_q,2.0858
data_rvalid_i,u_ibex_core.cs_registers_i.dcsr_q,2.0858
data_rvalid_i,u_ibex_core.cs_registers_i.dcsr_q,2.0858
data_rvalid_i,u_ibex_core.cs_registers_i.dcsr_q,2.0858
data_rvalid_i,u_ibex_core.cs_registers_i.dcsr_q,2.0858
data_rvalid_i,u_ibex_core.cs_registers_i.dcsr_q,2.0858
data_rvalid_i,u_ibex_core.cs_registers_i.dcsr_q,2.0858
data_rvalid_i,u_ibex_core.cs_registers_i.dcsr_q,2.0858
data_rvalid_i,u_ibex_core.cs_registers_i.dcsr_q,2.0858
data_rvalid_i,u_ibex_core.cs_registers_i.dcsr_q,2.0858
data_rvalid_i,u_ibex_core.cs_registers_i.dcsr_q,2.0858
data_rvalid_i,u_ibex_core.cs_registers_i.mhpmcounter[2],2.0861
data_rvalid_i,u_ibex_core.cs_registers_i.mhpmcounter[2],2.0862
data_rvalid_i,crash_dump_o,2.0868
data_rvalid_i,u_ibex_core.cs_registers_i.mhpmcounter[2],2.0869
instr_rdata_i[0],crash_dump_o,2.088
data_rvalid_i,u_ibex_core.cs_registers_i.mtval_q,2.0886
data_rvalid_i,u_ibex_core.cs_registers_i.mcycle_counter_i.counter,2.0886
data_rvalid_i,u_ibex_core.cs_registers_i.mcycle_counter_i.counter,2.0886
data_rvalid_i,u_ibex_core.cs_registers_i.mcycle_counter_i.counter,2.0886
data_rvalid_i,u_ibex_core.cs_registers_i.mcycle_counter_i.counter,2.0886
data_rvalid_i,u_ibex_core.cs_registers_i.mcycle_counter_i.counter,2.0886
data_rvalid_i,u_ibex_core.cs_registers_i.mcycle_counter_i.counter,2.0886
data_rvalid_i,u_ibex_core.cs_registers_i.mcycle_counter_i.counter,2.0886
data_rvalid_i,u_ibex_core.cs_registers_i.mhpmcounter[2],2.0893
data_rvalid_i,u_ibex_core.cs_registers_i.csr_mstatus_mie_o,2.0894
data_rvalid_i,u_ibex_core.cs_registers_i.csr_depc_o,2.0938
data_rvalid_i,u_ibex_core.cs_registers_i.csr_depc_o,2.0938
data_rvalid_i,u_ibex_core.cs_registers_i.csr_depc_o,2.0938
data_rvalid_i,u_ibex_core.cs_registers_i.csr_depc_o,2.0938
data_rvalid_i,u_ibex_core.cs_registers_i.csr_depc_o,2.0938
data_rvalid_i,u_ibex_core.cs_registers_i.csr_depc_o,2.0938
data_rvalid_i,u_ibex_core.cs_registers_i.csr_depc_o,2.0938
data_rvalid_i,u_ibex_core.cs_registers_i.csr_depc_o,2.0938
data_rvalid_i,u_ibex_core.cs_registers_i.csr_depc_o,2.0938
data_rvalid_i,u_ibex_core.cs_registers_i.csr_depc_o,2.0938
data_rvalid_i,u_ibex_core.cs_registers_i.mhpmcounter[2],2.0949
data_rvalid_i,u_ibex_core.cs_registers_i.mhpmcounter[2],2.0957
data_rvalid_i,u_ibex_core.cs_registers_i.mhpmcounter[2],2.0959
data_rvalid_i,u_ibex_core.cs_registers_i.mhpmcounter[2],2.0961
data_rvalid_i,u_ibex_core.cs_registers_i.mcycle_counter_i.counter,2.0975
data_rvalid_i,crash_dump_o,2.098
data_rvalid_i,crash_dump_o,2.098
data_rvalid_i,crash_dump_o,2.098
data_rvalid_i,crash_dump_o,2.098
data_rvalid_i,crash_dump_o,2.098
data_rvalid_i,crash_dump_o,2.098
data_rvalid_i,u_ibex_core.id_stage_i.controller_i.instr_is_compressed_i,2.099
data_rvalid_i,crash_dump_o,2.099
data_rvalid_i,crash_dump_o,2.0991
data_rvalid_i,crash_dump_o,2.0991
data_rvalid_i,crash_dump_o,2.0991
data_rvalid_i,u_ibex_core.id_stage_i.controller_i.instr_fetch_err_i,2.0991
data_rvalid_i,crash_dump_o,2.0991
data_rvalid_i,crash_dump_o,2.0991
data_rvalid_i,crash_dump_o,2.0991
data_rvalid_i,crash_dump_o,2.0991
data_rvalid_i,crash_dump_o,2.0991
data_rvalid_i,crash_dump_o,2.0991
data_rvalid_i,crash_dump_o,2.0991
data_rvalid_i,crash_dump_o,2.0991
data_rvalid_i,crash_dump_o,2.0991
data_rvalid_i,crash_dump_o,2.0991
data_rvalid_i,crash_dump_o,2.0991
data_rvalid_i,crash_dump_o,2.0991
data_rvalid_i,crash_dump_o,2.0991
data_rvalid_i,u_ibex_core.id_stage_i.controller_i.instr_compressed_i,2.0991
data_rvalid_i,u_ibex_core.cs_registers_i.mhpmcounter[2],2.0997
data_rvalid_i,u_ibex_core.cs_registers_i.mie_q,2.1004
data_rvalid_i,u_ibex_core.cs_registers_i.mcycle_counter_i.counter,2.102
data_rvalid_i,crash_dump_o,2.1037
data_rvalid_i,crash_dump_o,2.1037
data_rvalid_i,crash_dump_o,2.1037
data_rvalid_i,crash_dump_o,2.1037
data_rvalid_i,gen_regfile_latch.register_file_i.waddr_a_i,2.1045
data_rvalid_i,u_ibex_core.id_stage_i.controller_i.id_wb_pending,2.1045
data_rvalid_i,u_ibex_core.cs_registers_i.dcsr_q,2.105
data_rvalid_i,u_ibex_core.cs_registers_i.mcycle_counter_i.counter,2.1054
data_rvalid_i,u_ibex_core.cs_registers_i.mcycle_counter_i.counter,2.1056
data_rvalid_i,u_ibex_core.cs_registers_i.mcycle_counter_i.counter,2.1056
data_rvalid_i,u_ibex_core.cs_registers_i.mcycle_counter_i.counter,2.1058
data_rvalid_i,u_ibex_core.cs_registers_i.mcycle_counter_i.counter,2.1058
data_rvalid_i,u_ibex_core.cs_registers_i.mcycle_counter_i.counter,2.1058
data_rvalid_i,u_ibex_core.cs_registers_i.mcycle_counter_i.counter,2.1058
data_rvalid_i,u_ibex_core.cs_registers_i.mcycle_counter_i.counter,2.1065
data_rvalid_i,u_ibex_core.cs_registers_i.mcycle_counter_i.counter,2.1065
data_rvalid_i,u_ibex_core.cs_registers_i.mcycle_counter_i.counter,2.1065
data_rvalid_i,u_ibex_core.cs_registers_i.mcycle_counter_i.counter,2.1065
data_rvalid_i,u_ibex_core.cs_registers_i.mcycle_counter_i.counter,2.1065
data_rvalid_i,u_ibex_core.cs_registers_i.mcycle_counter_i.counter,2.1065
data_rvalid_i,u_ibex_core.cs_registers_i.mhpmcounter[2],2.1075
data_rvalid_i,u_ibex_core.cs_registers_i.mhpmcounter[2],2.1075
data_rvalid_i,u_ibex_core.cs_registers_i.mhpmcounter[2],2.1075
data_rvalid_i,u_ibex_core.id_stage_i.decoder_i.illegal_c_insn_i,2.1096
data_rvalid_i,u_ibex_core.cs_registers_i.dcsr_q,2.1101
irq_fast_i[5],u_ibex_core.if_stage_i.gen_prefetch_buffer.prefetch_buffer_i.fetch_addr_q,2.1106
data_rvalid_i,u_ibex_core.id_stage_i.controller_i.instr_compressed_i,2.1106
data_rvalid_i,u_ibex_core.cs_registers_i.debug_ebreaku_o,2.1137
data_rvalid_i,u_ibex_core.cs_registers_i.debug_single_step_o,2.1137
data_rvalid_i,u_ibex_core.cs_registers_i.dcsr_q,2.1137
data_rvalid_i,u_ibex_core.cs_registers_i.debug_ebreakm_o,2.1137
data_rvalid_i,u_ibex_core.cs_registers_i.mtval_q,2.1189
data_rvalid_i,crash_dump_o,2.1233
data_rvalid_i,crash_dump_o,2.1233
data_rvalid_i,crash_dump_o,2.1233
data_rvalid_i,crash_dump_o,2.1251
data_rvalid_i,crash_dump_o,2.1251
data_rvalid_i,crash_dump_o,2.1251
data_rvalid_i,crash_dump_o,2.1251
data_rvalid_i,crash_dump_o,2.1251
data_rvalid_i,crash_dump_o,2.1251
data_rvalid_i,u_ibex_core.cs_registers_i.mtval_q,2.1269
data_rvalid_i,u_ibex_core.cs_registers_i.csr_depc_o,2.1324
data_rvalid_i,u_ibex_core.cs_registers_i.csr_depc_o,2.1324
data_rvalid_i,u_ibex_core.cs_registers_i.csr_depc_o,2.1324
data_rvalid_i,u_ibex_core.cs_registers_i.csr_depc_o,2.1324
data_rvalid_i,u_ibex_core.cs_registers_i.csr_depc_o,2.1324
data_rvalid_i,u_ibex_core.cs_registers_i.csr_depc_o,2.1324
data_rvalid_i,u_ibex_core.cs_registers_i.csr_depc_o,2.1324
data_rvalid_i,u_ibex_core.cs_registers_i.csr_depc_o,2.1324
data_rvalid_i,u_ibex_core.cs_registers_i.csr_depc_o,2.1325
data_rvalid_i,u_ibex_core.cs_registers_i.csr_depc_o,2.1325
data_rvalid_i,u_ibex_core.cs_registers_i.csr_depc_o,2.1325
data_rvalid_i,u_ibex_core.cs_registers_i.csr_depc_o,2.1325
data_rvalid_i,u_ibex_core.cs_registers_i.csr_depc_o,2.1325
data_rvalid_i,u_ibex_core.cs_registers_i.csr_depc_o,2.1325
data_rvalid_i,u_ibex_core.cs_registers_i.csr_depc_o,2.1325
data_rvalid_i,u_ibex_core.cs_registers_i.csr_depc_o,2.1325
data_rvalid_i,u_ibex_core.cs_registers_i.csr_depc_o,2.1325
data_rvalid_i,u_ibex_core.cs_registers_i.csr_depc_o,2.1325
data_rvalid_i,u_ibex_core.cs_registers_i.mstack_d,2.1346
data_rvalid_i,u_ibex_core.cs_registers_i.csr_depc_o,2.1356
data_rvalid_i,crash_dump_o,2.1359
data_rvalid_i,crash_dump_o,2.1359
irq_fast_i[5],u_ibex_core.if_stage_i.gen_prefetch_buffer.prefetch_buffer_i.fetch_addr_q,2.1364
data_rvalid_i,u_ibex_core.cs_registers_i.csr_depc_o,2.1386
data_rvalid_i,u_ibex_core.cs_registers_i.csr_depc_o,2.1416
data_rvalid_i,u_ibex_core.cs_registers_i.mie_q,2.1442
data_rvalid_i,u_ibex_core.cs_registers_i.mie_q,2.1442
data_rvalid_i,u_ibex_core.cs_registers_i.mie_q,2.1442
data_rvalid_i,u_ibex_core.cs_registers_i.mie_q,2.1442
data_rvalid_i,u_ibex_core.cs_registers_i.mie_q,2.1442
data_rvalid_i,u_ibex_core.cs_registers_i.mie_q,2.1442
data_rvalid_i,u_ibex_core.cs_registers_i.mie_q,2.1442
data_rvalid_i,u_ibex_core.cs_registers_i.mie_q,2.1442
data_rvalid_i,u_ibex_core.cs_registers_i.dcsr_q,2.1522
data_rvalid_i,u_ibex_core.cs_registers_i.csr_depc_o,2.1526
data_rvalid_i,u_ibex_core.cs_registers_i.csr_mstatus_tw_o,2.1548
data_rvalid_i,u_ibex_core.cs_registers_i.mstatus_q,2.1548
data_rvalid_i,u_ibex_core.cs_registers_i.mcause_q,2.1566
data_rvalid_i,u_ibex_core.cs_registers_i.mcause_q,2.1566
data_rvalid_i,u_ibex_core.cs_registers_i.mcause_q,2.1566
data_rvalid_i,u_ibex_core.cs_registers_i.mcause_q,2.1566
data_rvalid_i,u_ibex_core.cs_registers_i.mcause_q,2.1566
data_rvalid_i,u_ibex_core.cs_registers_i.mcause_q,2.1566
data_rvalid_i,u_ibex_core.cs_registers_i.dcsr_q,2.1652
data_rvalid_i,u_ibex_core.cs_registers_i.dcsr_q,2.1652
data_rvalid_i,u_ibex_core.cs_registers_i.mcountinhibit,2.1692
data_rvalid_i,u_ibex_core.cs_registers_i.mcountinhibit,2.1692
irq_fast_i[5],u_ibex_core.if_stage_i.gen_prefetch_buffer.prefetch_buffer_i.fetch_addr_q,2.1696
data_rvalid_i,u_ibex_core.if_stage_i.gen_prefetch_buffer.prefetch_buffer_i.fifo_i.valid_q,2.1892
data_rvalid_i,u_ibex_core.if_stage_i.gen_prefetch_buffer.prefetch_buffer_i.fifo_busy,2.1892
irq_fast_i[5],u_ibex_core.if_stage_i.gen_prefetch_buffer.prefetch_buffer_i.fetch_addr_q,2.1895
data_rvalid_i,u_ibex_core.cs_registers_i.icache_enable_o,2.1963
data_rvalid_i,u_ibex_core.cs_registers_i.dummy_instr_en_o,2.1963
data_rvalid_i,u_ibex_core.cs_registers_i.cpuctrl_q,2.1963
data_rvalid_i,u_ibex_core.cs_registers_i.cpuctrl_q,2.1963
data_rvalid_i,u_ibex_core.if_stage_i.gen_prefetch_buffer.prefetch_buffer_i.fifo_busy,2.2031
data_rvalid_i,u_ibex_core.cs_registers_i.csr_mtvec_o,2.2041
data_rvalid_i,u_ibex_core.cs_registers_i.csr_mtvec_o,2.2041
data_rvalid_i,u_ibex_core.cs_registers_i.csr_mtvec_o,2.2041
data_rvalid_i,u_ibex_core.cs_registers_i.csr_mtvec_o,2.2041
data_rvalid_i,u_ibex_core.cs_registers_i.csr_mtvec_o,2.2041
data_rvalid_i,u_ibex_core.cs_registers_i.csr_mtvec_o,2.2041
data_rvalid_i,u_ibex_core.cs_registers_i.csr_mtvec_o,2.2041
data_rvalid_i,u_ibex_core.cs_registers_i.csr_mtvec_o,2.2041
data_rvalid_i,u_ibex_core.cs_registers_i.csr_mtvec_o,2.2041
data_rvalid_i,u_ibex_core.cs_registers_i.csr_mtvec_o,2.2041
data_rvalid_i,u_ibex_core.cs_registers_i.csr_mtvec_o,2.2041
data_rvalid_i,u_ibex_core.cs_registers_i.csr_mtvec_o,2.2041
data_rvalid_i,u_ibex_core.cs_registers_i.csr_mtvec_o,2.2041
data_rvalid_i,u_ibex_core.cs_registers_i.csr_mtvec_o,2.2041
data_rvalid_i,u_ibex_core.cs_registers_i.csr_mtvec_o,2.2041
data_rvalid_i,u_ibex_core.cs_registers_i.csr_mtvec_o,2.2041
data_rvalid_i,u_ibex_core.cs_registers_i.csr_mtvec_o,2.2041
data_rvalid_i,u_ibex_core.cs_registers_i.csr_mtvec_o,2.2041
data_rvalid_i,u_ibex_core.cs_registers_i.csr_mtvec_o,2.2041
data_rvalid_i,u_ibex_core.cs_registers_i.csr_mtvec_o,2.2041
data_rvalid_i,u_ibex_core.id_stage_i.controller_i.controller_run_o,2.2107
data_rvalid_i,u_ibex_core.cs_registers_i.csr_mtvec_o,2.2112
data_rvalid_i,u_ibex_core.cs_registers_i.csr_mtvec_o,2.2112
data_rvalid_i,u_ibex_core.id_stage_i.branch_jump_set_done_q,2.2129
data_rvalid_i,u_ibex_core.cs_registers_i.dscratch1_q,2.2139
data_rvalid_i,u_ibex_core.cs_registers_i.dscratch0_q,2.2139
data_rvalid_i,u_ibex_core.cs_registers_i.dscratch1_q,2.2139
data_rvalid_i,u_ibex_core.cs_registers_i.dscratch0_q,2.2139
data_rvalid_i,u_ibex_core.cs_registers_i.dscratch1_q,2.2139
data_rvalid_i,u_ibex_core.cs_registers_i.dscratch0_q,2.2139
data_rvalid_i,u_ibex_core.cs_registers_i.dscratch1_q,2.2139
data_rvalid_i,u_ibex_core.cs_registers_i.dscratch0_q,2.2139
data_rvalid_i,u_ibex_core.cs_registers_i.dscratch1_q,2.2139
data_rvalid_i,u_ibex_core.cs_registers_i.dscratch1_q,2.2139
data_rvalid_i,u_ibex_core.cs_registers_i.dscratch1_q,2.2139
data_rvalid_i,u_ibex_core.cs_registers_i.dscratch0_q,2.2139
data_rvalid_i,u_ibex_core.cs_registers_i.dscratch0_q,2.2139
data_rvalid_i,u_ibex_core.cs_registers_i.dscratch0_q,2.2139
data_rvalid_i,u_ibex_core.cs_registers_i.dscratch1_q,2.2139
data_rvalid_i,u_ibex_core.cs_registers_i.dscratch1_q,2.2139
data_rvalid_i,u_ibex_core.cs_registers_i.dscratch1_q,2.2139
data_rvalid_i,u_ibex_core.cs_registers_i.dscratch1_q,2.2139
data_rvalid_i,u_ibex_core.cs_registers_i.dscratch1_q,2.2139
data_rvalid_i,u_ibex_core.cs_registers_i.dscratch1_q,2.2139
data_rvalid_i,u_ibex_core.cs_registers_i.dscratch1_q,2.2139
data_rvalid_i,u_ibex_core.cs_registers_i.dscratch1_q,2.2139
data_rvalid_i,u_ibex_core.cs_registers_i.dscratch1_q,2.2139
data_rvalid_i,u_ibex_core.cs_registers_i.dscratch1_q,2.2139
data_rvalid_i,u_ibex_core.cs_registers_i.dscratch1_q,2.2139
data_rvalid_i,u_ibex_core.cs_registers_i.dscratch1_q,2.2139
data_rvalid_i,u_ibex_core.cs_registers_i.dscratch1_q,2.2139
data_rvalid_i,u_ibex_core.cs_registers_i.dscratch0_q,2.2139
data_rvalid_i,u_ibex_core.cs_registers_i.dscratch0_q,2.2139
data_rvalid_i,u_ibex_core.cs_registers_i.dscratch0_q,2.2139
data_rvalid_i,u_ibex_core.cs_registers_i.dscratch0_q,2.2139
data_rvalid_i,u_ibex_core.cs_registers_i.dscratch0_q,2.2139
data_rvalid_i,u_ibex_core.cs_registers_i.dscratch0_q,2.2139
data_rvalid_i,u_ibex_core.cs_registers_i.dscratch0_q,2.2139
data_rvalid_i,u_ibex_core.cs_registers_i.dscratch0_q,2.2139
data_rvalid_i,u_ibex_core.cs_registers_i.dscratch0_q,2.2139
data_rvalid_i,u_ibex_core.cs_registers_i.dscratch0_q,2.2139
data_rvalid_i,u_ibex_core.cs_registers_i.dscratch0_q,2.2139
data_rvalid_i,u_ibex_core.cs_registers_i.dscratch0_q,2.2139
data_rvalid_i,u_ibex_core.cs_registers_i.dscratch0_q,2.2139
data_rvalid_i,u_ibex_core.cs_registers_i.dscratch1_q,2.215
data_rvalid_i,u_ibex_core.cs_registers_i.dscratch0_q,2.215
data_rvalid_i,u_ibex_core.cs_registers_i.dscratch1_q,2.215
data_rvalid_i,u_ibex_core.cs_registers_i.dscratch0_q,2.215
data_rvalid_i,u_ibex_core.cs_registers_i.dscratch1_q,2.2151
data_rvalid_i,u_ibex_core.cs_registers_i.dscratch1_q,2.215
data_rvalid_i,u_ibex_core.cs_registers_i.dscratch1_q,2.2151
data_rvalid_i,u_ibex_core.cs_registers_i.dscratch1_q,2.2151
data_rvalid_i,u_ibex_core.cs_registers_i.dscratch0_q,2.2151
data_rvalid_i,u_ibex_core.cs_registers_i.dscratch0_q,2.215
data_rvalid_i,u_ibex_core.cs_registers_i.dscratch0_q,2.2151
data_rvalid_i,u_ibex_core.cs_registers_i.dscratch0_q,2.2151
data_rvalid_i,u_ibex_core.cs_registers_i.dscratch1_q,2.2151
data_rvalid_i,u_ibex_core.cs_registers_i.dscratch1_q,2.2151
data_rvalid_i,u_ibex_core.cs_registers_i.dscratch0_q,2.2151
data_rvalid_i,u_ibex_core.cs_registers_i.dscratch0_q,2.2151
data_rvalid_i,u_ibex_core.cs_registers_i.mcountinhibit,2.2168
data_rvalid_i,u_ibex_core.cs_registers_i.dscratch1_q,2.2218
data_rvalid_i,u_ibex_core.cs_registers_i.dscratch0_q,2.2218
irq_fast_i[5],u_ibex_core.if_stage_i.gen_prefetch_buffer.prefetch_buffer_i.fetch_addr_q,2.2221
data_rvalid_i,u_ibex_core.cs_registers_i.mscratch_q,2.244
data_rvalid_i,u_ibex_core.cs_registers_i.mscratch_q,2.244
data_rvalid_i,u_ibex_core.cs_registers_i.mscratch_q,2.244
data_rvalid_i,u_ibex_core.cs_registers_i.mscratch_q,2.2441
data_rvalid_i,u_ibex_core.cs_registers_i.mscratch_q,2.2441
data_rvalid_i,u_ibex_core.cs_registers_i.mscratch_q,2.2441
data_rvalid_i,u_ibex_core.cs_registers_i.mscratch_q,2.2441
data_rvalid_i,u_ibex_core.cs_registers_i.mscratch_q,2.2441
data_rvalid_i,u_ibex_core.cs_registers_i.mscratch_q,2.2441
data_rvalid_i,u_ibex_core.cs_registers_i.mscratch_q,2.2441
data_rvalid_i,u_ibex_core.cs_registers_i.mscratch_q,2.2441
data_rvalid_i,u_ibex_core.cs_registers_i.mscratch_q,2.2441
data_rvalid_i,u_ibex_core.cs_registers_i.mscratch_q,2.2441
data_rvalid_i,u_ibex_core.cs_registers_i.mscratch_q,2.2441
data_rvalid_i,u_ibex_core.cs_registers_i.mscratch_q,2.2441
data_rvalid_i,u_ibex_core.cs_registers_i.mscratch_q,2.2441
data_rvalid_i,u_ibex_core.cs_registers_i.mscratch_q,2.2441
data_rvalid_i,u_ibex_core.cs_registers_i.mscratch_q,2.2441
data_rvalid_i,u_ibex_core.cs_registers_i.mscratch_q,2.2441
data_rvalid_i,u_ibex_core.cs_registers_i.mscratch_q,2.2441
data_rvalid_i,u_ibex_core.cs_registers_i.mscratch_q,2.2452
data_rvalid_i,u_ibex_core.cs_registers_i.mscratch_q,2.2452
data_rvalid_i,u_ibex_core.cs_registers_i.mscratch_q,2.2452
data_rvalid_i,u_ibex_core.cs_registers_i.mscratch_q,2.2452
data_rvalid_i,u_ibex_core.cs_registers_i.mscratch_q,2.2452
data_rvalid_i,u_ibex_core.cs_registers_i.mscratch_q,2.2452
data_rvalid_i,u_ibex_core.cs_registers_i.mscratch_q,2.2452
data_rvalid_i,u_ibex_core.cs_registers_i.mscratch_q,2.2452
data_rvalid_i,u_ibex_core.id_stage_i.controller_i.ctrl_fsm_cs,2.2459
data_rvalid_i,u_ibex_core.cs_registers_i.csr_mtvec_o,2.2495
data_rvalid_i,u_ibex_core.cs_registers_i.mscratch_q,2.2519
irq_fast_i[5],u_ibex_core.if_stage_i.gen_prefetch_buffer.prefetch_buffer_i.fetch_addr_q,2.2572
data_rvalid_i,u_ibex_core.cs_registers_i.csr_mtvec_o,2.2586
data_rvalid_i,u_ibex_core.cs_registers_i.csr_mtvec_o,2.2586
data_rvalid_i,u_ibex_core.cs_registers_i.csr_mtvec_o,2.2586
data_rvalid_i,u_ibex_core.cs_registers_i.csr_mtvec_o,2.2586
data_rvalid_i,u_ibex_core.cs_registers_i.csr_mtvec_o,2.2586
data_rvalid_i,u_ibex_core.cs_registers_i.csr_mtvec_o,2.2586
data_rvalid_i,u_ibex_core.cs_registers_i.csr_mtvec_o,2.2586
data_rvalid_i,u_ibex_core.cs_registers_i.data_ind_timing_o,2.2686
data_rvalid_i,u_ibex_core.cs_registers_i.cpuctrl_q,2.2686
data_rvalid_i,u_ibex_core.cs_registers_i.dscratch1_q,2.278
data_rvalid_i,u_ibex_core.cs_registers_i.dscratch1_q,2.278
data_rvalid_i,u_ibex_core.cs_registers_i.dscratch0_q,2.278
data_rvalid_i,u_ibex_core.cs_registers_i.dscratch0_q,2.278
data_rvalid_i,u_ibex_core.cs_registers_i.dscratch1_q,2.278
data_rvalid_i,u_ibex_core.cs_registers_i.dscratch0_q,2.278
data_rvalid_i,u_ibex_core.cs_registers_i.csr_mtvec_o,2.2888
data_rvalid_i,u_ibex_core.cs_registers_i.csr_mtvec_o,2.2888
data_gnt_i,crash_dump_o,2.2935
data_gnt_i,crash_dump_o,2.2935
data_gnt_i,crash_dump_o,2.2935
data_gnt_i,crash_dump_o,2.2935
data_gnt_i,crash_dump_o,2.2935
data_gnt_i,crash_dump_o,2.2935
data_gnt_i,crash_dump_o,2.2935
data_gnt_i,crash_dump_o,2.2935
data_gnt_i,crash_dump_o,2.2935
data_gnt_i,crash_dump_o,2.2935
data_rvalid_i,u_ibex_core.id_stage_i.controller_i.ctrl_fsm_cs,2.2947
irq_fast_i[5],u_ibex_core.if_stage_i.gen_prefetch_buffer.prefetch_buffer_i.fetch_addr_q,2.2959
data_rvalid_i,u_ibex_core.id_stage_i.controller_i.ctrl_fsm_cs,2.2969
data_rvalid_i,u_ibex_core.id_stage_i.controller_i.ctrl_fsm_cs,2.3037
data_rvalid_i,u_ibex_core.cs_registers_i.mscratch_q,2.3084
data_rvalid_i,u_ibex_core.cs_registers_i.mscratch_q,2.3084
data_rvalid_i,u_ibex_core.cs_registers_i.mscratch_q,2.3084
irq_fast_i[5],u_ibex_core.if_stage_i.gen_prefetch_buffer.prefetch_buffer_i.fetch_addr_q,2.3157
data_gnt_i,crash_dump_o,2.3364
data_gnt_i,crash_dump_o,2.3365
data_gnt_i,crash_dump_o,2.3365
data_gnt_i,crash_dump_o,2.3366
data_gnt_i,crash_dump_o,2.3366
data_gnt_i,crash_dump_o,2.3366
data_gnt_i,crash_dump_o,2.3366
data_gnt_i,crash_dump_o,2.3366
data_gnt_i,crash_dump_o,2.3366
data_gnt_i,crash_dump_o,2.3366
data_gnt_i,crash_dump_o,2.3377
data_gnt_i,crash_dump_o,2.3377
data_gnt_i,crash_dump_o,2.3377
data_gnt_i,crash_dump_o,2.3378
data_gnt_i,crash_dump_o,2.3378
data_gnt_i,crash_dump_o,2.3378
data_gnt_i,crash_dump_o,2.3378
data_gnt_i,crash_dump_o,2.3378
data_rdata_i[15],gen_regfile_latch.register_file_i.wdata_a_q,2.3415
data_rdata_i[15],gen_regfile_latch.register_file_i.wdata_a_q,2.3415
data_rdata_i[15],gen_regfile_latch.register_file_i.wdata_a_q,2.3424
data_rdata_i[15],gen_regfile_latch.register_file_i.wdata_a_q,2.3429
data_err_i,gen_regfile_latch.register_file_i.wdata_a_q,2.3435
data_err_i,gen_regfile_latch.register_file_i.wdata_a_q,2.3435
data_rdata_i[15],gen_regfile_latch.register_file_i.wdata_a_q,2.3461
data_rdata_i[15],gen_regfile_latch.register_file_i.wdata_a_q,2.3461
data_rdata_i[15],gen_regfile_latch.register_file_i.wdata_a_q,2.3477
data_rdata_i[15],gen_regfile_latch.register_file_i.wdata_a_q,2.3506
data_err_i,gen_regfile_latch.register_file_i.wdata_a_q,2.3524
data_err_i,gen_regfile_latch.register_file_i.wdata_a_q,2.3524
data_err_i,gen_regfile_latch.register_file_i.wdata_a_q,2.3524
data_err_i,gen_regfile_latch.register_file_i.wdata_a_q,2.3524
data_err_i,gen_regfile_latch.register_file_i.wdata_a_q,2.3528
data_err_i,gen_regfile_latch.register_file_i.wdata_a_q,2.3582
instr_rvalid_i,u_ibex_core.if_stage_i.gen_prefetch_buffer.prefetch_buffer_i.fifo_i.rdata_q,2.3588
instr_rvalid_i,u_ibex_core.if_stage_i.gen_prefetch_buffer.prefetch_buffer_i.fifo_i.rdata_q,2.3588
instr_rvalid_i,u_ibex_core.if_stage_i.gen_prefetch_buffer.prefetch_buffer_i.fifo_i.rdata_q,2.3588
instr_rvalid_i,u_ibex_core.if_stage_i.gen_prefetch_buffer.prefetch_buffer_i.fifo_i.rdata_q,2.3588
instr_rvalid_i,u_ibex_core.if_stage_i.gen_prefetch_buffer.prefetch_buffer_i.fifo_i.rdata_q,2.3588
instr_rvalid_i,u_ibex_core.if_stage_i.gen_prefetch_buffer.prefetch_buffer_i.fifo_i.rdata_q,2.3588
instr_rvalid_i,u_ibex_core.if_stage_i.gen_prefetch_buffer.prefetch_buffer_i.fifo_i.rdata_q,2.3588
instr_rvalid_i,u_ibex_core.if_stage_i.gen_prefetch_buffer.prefetch_buffer_i.fifo_i.rdata_q,2.3588
instr_rvalid_i,u_ibex_core.if_stage_i.gen_prefetch_buffer.prefetch_buffer_i.fifo_i.rdata_q,2.3588
instr_rvalid_i,u_ibex_core.if_stage_i.gen_prefetch_buffer.prefetch_buffer_i.fifo_i.rdata_q,2.3588
instr_rvalid_i,u_ibex_core.if_stage_i.gen_prefetch_buffer.prefetch_buffer_i.fifo_i.rdata_q,2.3588
instr_rvalid_i,u_ibex_core.if_stage_i.gen_prefetch_buffer.prefetch_buffer_i.fifo_i.rdata_q,2.3588
instr_rvalid_i,u_ibex_core.if_stage_i.gen_prefetch_buffer.prefetch_buffer_i.fifo_i.rdata_q,2.3588
instr_rvalid_i,u_ibex_core.if_stage_i.gen_prefetch_buffer.prefetch_buffer_i.fifo_i.rdata_q,2.3588
instr_rvalid_i,u_ibex_core.if_stage_i.gen_prefetch_buffer.prefetch_buffer_i.fifo_i.rdata_q,2.3588
instr_rvalid_i,u_ibex_core.if_stage_i.gen_prefetch_buffer.prefetch_buffer_i.fifo_i.rdata_q,2.3588
instr_rvalid_i,u_ibex_core.if_stage_i.gen_prefetch_buffer.prefetch_buffer_i.fifo_i.rdata_q,2.3588
instr_rvalid_i,u_ibex_core.if_stage_i.gen_prefetch_buffer.prefetch_buffer_i.fifo_i.rdata_q,2.3588
instr_rvalid_i,u_ibex_core.if_stage_i.gen_prefetch_buffer.prefetch_buffer_i.fifo_i.rdata_q,2.3588
instr_rvalid_i,u_ibex_core.if_stage_i.gen_prefetch_buffer.prefetch_buffer_i.fifo_i.rdata_q,2.3588
data_err_i,gen_regfile_latch.register_file_i.wdata_a_q,2.3594
data_err_i,gen_regfile_latch.register_file_i.wdata_a_q,2.3594
data_err_i,gen_regfile_latch.register_file_i.wdata_a_q,2.3594
data_err_i,gen_regfile_latch.register_file_i.wdata_a_q,2.3594
instr_rvalid_i,u_ibex_core.if_stage_i.gen_prefetch_buffer.prefetch_buffer_i.fifo_i.rdata_q,2.3595
instr_rvalid_i,u_ibex_core.if_stage_i.gen_prefetch_buffer.prefetch_buffer_i.fifo_i.rdata_q,2.3595
instr_rvalid_i,u_ibex_core.if_stage_i.gen_prefetch_buffer.prefetch_buffer_i.fifo_i.rdata_q,2.3595
instr_rvalid_i,u_ibex_core.if_stage_i.gen_prefetch_buffer.prefetch_buffer_i.fifo_i.rdata_q,2.3595
instr_rvalid_i,u_ibex_core.if_stage_i.gen_prefetch_buffer.prefetch_buffer_i.fifo_i.rdata_q,2.3595
instr_rvalid_i,u_ibex_core.if_stage_i.gen_prefetch_buffer.prefetch_buffer_i.fifo_i.rdata_q,2.3595
instr_rvalid_i,u_ibex_core.if_stage_i.gen_prefetch_buffer.prefetch_buffer_i.fifo_i.rdata_q,2.3595
instr_rvalid_i,u_ibex_core.if_stage_i.gen_prefetch_buffer.prefetch_buffer_i.fifo_i.rdata_q,2.3595
instr_rvalid_i,u_ibex_core.if_stage_i.gen_prefetch_buffer.prefetch_buffer_i.fifo_i.rdata_q,2.3595
data_err_i,gen_regfile_latch.register_file_i.wdata_a_q,2.3599
data_err_i,gen_regfile_latch.register_file_i.wdata_a_q,2.3599
data_err_i,gen_regfile_latch.register_file_i.wdata_a_q,2.363
data_err_i,gen_regfile_latch.register_file_i.wdata_a_q,2.363
data_err_i,gen_regfile_latch.register_file_i.wdata_a_q,2.363
data_gnt_i,crash_dump_o,2.3631
data_gnt_i,crash_dump_o,2.3635
irq_fast_i[5],u_ibex_core.if_stage_i.gen_prefetch_buffer.prefetch_buffer_i.fetch_addr_q,2.3679
data_err_i,gen_regfile_latch.register_file_i.wdata_a_q,2.3687
irq_fast_i[5],u_ibex_core.if_stage_i.gen_prefetch_buffer.prefetch_buffer_i.fetch_addr_q,2.3942
data_rdata_i[15],gen_regfile_latch.register_file_i.wdata_a_q,2.3987
data_err_i,gen_regfile_latch.register_file_i.wdata_a_q,2.3996
instr_rvalid_i,u_ibex_core.if_stage_i.gen_prefetch_buffer.prefetch_buffer_i.fifo_i.err_q,2.4
data_gnt_i,crash_dump_o,2.4008
data_gnt_i,crash_dump_o,2.401
data_err_i,gen_regfile_latch.register_file_i.wdata_a_q,2.4047
irq_fast_i[5],u_ibex_core.if_stage_i.gen_prefetch_buffer.prefetch_buffer_i.fetch_addr_q,2.4131
data_rvalid_i,u_ibex_core.load_store_unit_i.rdata_q,2.4135
data_rvalid_i,u_ibex_core.load_store_unit_i.rdata_q,2.4135
data_rvalid_i,u_ibex_core.load_store_unit_i.rdata_q,2.4135
data_rvalid_i,u_ibex_core.load_store_unit_i.rdata_q,2.4135
data_rvalid_i,u_ibex_core.load_store_unit_i.rdata_q,2.4135
data_rvalid_i,u_ibex_core.load_store_unit_i.rdata_q,2.4135
data_rvalid_i,u_ibex_core.load_store_unit_i.rdata_q,2.4135
data_rvalid_i,u_ibex_core.load_store_unit_i.rdata_q,2.4135
data_rvalid_i,u_ibex_core.load_store_unit_i.rdata_q,2.4135
data_rvalid_i,u_ibex_core.load_store_unit_i.rdata_q,2.4135
data_rvalid_i,u_ibex_core.load_store_unit_i.rdata_q,2.4135
data_rvalid_i,u_ibex_core.load_store_unit_i.rdata_q,2.4135
data_rvalid_i,u_ibex_core.load_store_unit_i.rdata_q,2.4135
data_rvalid_i,u_ibex_core.load_store_unit_i.rdata_q,2.4135
data_rvalid_i,u_ibex_core.load_store_unit_i.rdata_q,2.4135
data_rvalid_i,u_ibex_core.load_store_unit_i.rdata_q,2.4135
data_rvalid_i,u_ibex_core.load_store_unit_i.rdata_q,2.4135
data_rvalid_i,u_ibex_core.load_store_unit_i.rdata_q,2.4135
data_rvalid_i,u_ibex_core.load_store_unit_i.rdata_q,2.4135
data_rvalid_i,u_ibex_core.load_store_unit_i.rdata_q,2.4135
data_err_i,gen_regfile_latch.register_file_i.wdata_a_q,2.4184
data_err_i,gen_regfile_latch.register_file_i.wdata_a_q,2.4184
data_err_i,gen_regfile_latch.register_file_i.wdata_a_q,2.4258
instr_rvalid_i,u_ibex_core.if_stage_i.gen_prefetch_buffer.prefetch_buffer_i.fifo_i.rdata_q,2.4474
instr_rvalid_i,u_ibex_core.if_stage_i.gen_prefetch_buffer.prefetch_buffer_i.fifo_i.rdata_q,2.4474
instr_rvalid_i,u_ibex_core.if_stage_i.gen_prefetch_buffer.prefetch_buffer_i.fifo_i.rdata_q,2.4474
irq_fast_i[5],u_ibex_core.if_stage_i.gen_prefetch_buffer.prefetch_buffer_i.fetch_addr_q,2.4518
data_gnt_i,u_ibex_core.load_store_unit_i.data_type_q,2.481
irq_fast_i[5],u_ibex_core.if_stage_i.gen_prefetch_buffer.prefetch_buffer_i.fetch_addr_q,2.4858
data_gnt_i,u_ibex_core.load_store_unit_i.data_we_q,2.4863
data_gnt_i,u_ibex_core.load_store_unit_i.rdata_offset_q,2.4863
data_gnt_i,u_ibex_core.load_store_unit_i.rdata_offset_q,2.4863
data_rvalid_i,u_ibex_core.load_store_unit_i.rdata_q,2.5016
data_rvalid_i,u_ibex_core.load_store_unit_i.rdata_q,2.5016
data_rvalid_i,u_ibex_core.load_store_unit_i.rdata_q,2.5016
data_rvalid_i,u_ibex_core.load_store_unit_i.rdata_q,2.5016
irq_fast_i[5],u_ibex_core.if_stage_i.gen_prefetch_buffer.prefetch_buffer_i.fetch_addr_q,2.5041
data_gnt_i,u_ibex_core.load_store_unit_i.data_sign_ext_q,2.5089
data_gnt_i,u_ibex_core.load_store_unit_i.data_type_q,2.5089
instr_gnt_i,u_ibex_core.if_stage_i.gen_prefetch_buffer.prefetch_buffer_i.stored_addr_q,2.5336
instr_gnt_i,u_ibex_core.if_stage_i.gen_prefetch_buffer.prefetch_buffer_i.stored_addr_q,2.5336
instr_gnt_i,u_ibex_core.if_stage_i.gen_prefetch_buffer.prefetch_buffer_i.stored_addr_q,2.5336
instr_gnt_i,u_ibex_core.if_stage_i.gen_prefetch_buffer.prefetch_buffer_i.stored_addr_q,2.5336
instr_gnt_i,u_ibex_core.if_stage_i.gen_prefetch_buffer.prefetch_buffer_i.stored_addr_q,2.5336
instr_gnt_i,u_ibex_core.if_stage_i.gen_prefetch_buffer.prefetch_buffer_i.stored_addr_q,2.5336
instr_gnt_i,u_ibex_core.if_stage_i.gen_prefetch_buffer.prefetch_buffer_i.stored_addr_q,2.5336
instr_gnt_i,u_ibex_core.if_stage_i.gen_prefetch_buffer.prefetch_buffer_i.stored_addr_q,2.5336
instr_gnt_i,u_ibex_core.if_stage_i.gen_prefetch_buffer.prefetch_buffer_i.stored_addr_q,2.5336
instr_gnt_i,u_ibex_core.if_stage_i.gen_prefetch_buffer.prefetch_buffer_i.stored_addr_q,2.5336
instr_gnt_i,u_ibex_core.if_stage_i.gen_prefetch_buffer.prefetch_buffer_i.stored_addr_q,2.5336
instr_gnt_i,u_ibex_core.if_stage_i.gen_prefetch_buffer.prefetch_buffer_i.stored_addr_q,2.5336
instr_gnt_i,u_ibex_core.if_stage_i.gen_prefetch_buffer.prefetch_buffer_i.stored_addr_q,2.5336
instr_gnt_i,u_ibex_core.if_stage_i.gen_prefetch_buffer.prefetch_buffer_i.stored_addr_q,2.5336
instr_gnt_i,u_ibex_core.if_stage_i.gen_prefetch_buffer.prefetch_buffer_i.stored_addr_q,2.5336
instr_gnt_i,u_ibex_core.if_stage_i.gen_prefetch_buffer.prefetch_buffer_i.stored_addr_q,2.5336
instr_gnt_i,u_ibex_core.if_stage_i.gen_prefetch_buffer.prefetch_buffer_i.stored_addr_q,2.5336
instr_gnt_i,u_ibex_core.if_stage_i.gen_prefetch_buffer.prefetch_buffer_i.stored_addr_q,2.5336
instr_gnt_i,u_ibex_core.if_stage_i.gen_prefetch_buffer.prefetch_buffer_i.stored_addr_q,2.5336
instr_gnt_i,u_ibex_core.if_stage_i.gen_prefetch_buffer.prefetch_buffer_i.stored_addr_q,2.5336
instr_gnt_i,u_ibex_core.if_stage_i.gen_prefetch_buffer.prefetch_buffer_i.stored_addr_q,2.5459
instr_gnt_i,u_ibex_core.if_stage_i.gen_prefetch_buffer.prefetch_buffer_i.stored_addr_q,2.5459
instr_gnt_i,u_ibex_core.if_stage_i.gen_prefetch_buffer.prefetch_buffer_i.stored_addr_q,2.5459
instr_gnt_i,u_ibex_core.if_stage_i.gen_prefetch_buffer.prefetch_buffer_i.stored_addr_q,2.5459
instr_gnt_i,u_ibex_core.if_stage_i.gen_prefetch_buffer.prefetch_buffer_i.stored_addr_q,2.5459
instr_gnt_i,u_ibex_core.if_stage_i.gen_prefetch_buffer.prefetch_buffer_i.stored_addr_q,2.5459
instr_gnt_i,u_ibex_core.if_stage_i.gen_prefetch_buffer.prefetch_buffer_i.stored_addr_q,2.5459
instr_gnt_i,u_ibex_core.if_stage_i.gen_prefetch_buffer.prefetch_buffer_i.stored_addr_q,2.5459
instr_gnt_i,u_ibex_core.if_stage_i.gen_prefetch_buffer.prefetch_buffer_i.stored_addr_q,2.5459
instr_gnt_i,u_ibex_core.if_stage_i.gen_prefetch_buffer.prefetch_buffer_i.stored_addr_q,2.5459
data_gnt_i,u_ibex_core.load_store_unit_i.ls_fsm_cs,2.5496
data_gnt_i,u_ibex_core.load_store_unit_i.handle_misaligned_q,2.5497
data_rvalid_i,u_ibex_core.id_stage_i.id_fsm_q,2.5512
irq_fast_i[5],u_ibex_core.if_stage_i.gen_prefetch_buffer.prefetch_buffer_i.fetch_addr_q,2.5717
irq_fast_i[5],u_ibex_core.if_stage_i.gen_prefetch_buffer.prefetch_buffer_i.fetch_addr_q,2.5834
irq_fast_i[5],u_ibex_core.if_stage_i.gen_prefetch_buffer.prefetch_buffer_i.branch_discard_q,2.5867
data_rvalid_i,u_ibex_core.load_store_unit_i.ls_fsm_cs,2.6063
data_gnt_i,u_ibex_core.load_store_unit_i.ls_fsm_cs,2.6115
instr_rvalid_i,u_ibex_core.if_stage_i.gen_prefetch_buffer.prefetch_buffer_i.rdata_pmp_err_n,2.6208
irq_fast_i[5],u_ibex_core.if_stage_i.gen_prefetch_buffer.prefetch_buffer_i.fetch_addr_q,2.6248
instr_gnt_i,u_ibex_core.if_stage_i.gen_prefetch_buffer.prefetch_buffer_i.branch_discard_q,2.6255
data_err_i,u_ibex_core.id_stage_i.controller_i.store_err_q,2.6261
data_err_i,u_ibex_core.id_stage_i.controller_i.load_err_q,2.6261
data_rvalid_i,u_ibex_core.load_store_unit_i.lsu_err_q,2.6337
instr_rvalid_i,u_ibex_core.if_stage_i.gen_prefetch_buffer.prefetch_buffer_i.rdata_outstanding_q,2.6409
irq_fast_i[5],u_ibex_core.if_stage_i.gen_prefetch_buffer.prefetch_buffer_i.fetch_addr_q,2.6452
instr_rvalid_i,u_ibex_core.if_stage_i.gen_prefetch_buffer.prefetch_buffer_i.rdata_pmp_err_n,2.6504
instr_rvalid_i,u_ibex_core.if_stage_i.gen_prefetch_buffer.prefetch_buffer_i.rdata_outstanding_q,2.6623
data_rvalid_i,u_ibex_core.load_store_unit_i.pmp_err_q,2.6756
irq_fast_i[5],u_ibex_core.if_stage_i.gen_prefetch_buffer.prefetch_buffer_i.fetch_addr_q,2.6936
instr_gnt_i,u_ibex_core.if_stage_i.gen_prefetch_buffer.prefetch_buffer_i.valid_req_q,2.7179
irq_fast_i[5],u_ibex_core.if_stage_i.gen_prefetch_buffer.prefetch_buffer_i.fetch_addr_q,2.7254
irq_fast_i[5],u_ibex_core.cs_registers_i.mstack_cause_q,2.7406
irq_fast_i[5],u_ibex_core.cs_registers_i.mstack_cause_q,2.7406
irq_fast_i[5],u_ibex_core.cs_registers_i.mstack_cause_q,2.7406
irq_fast_i[5],u_ibex_core.cs_registers_i.mstack_cause_q,2.7406
irq_fast_i[5],u_ibex_core.cs_registers_i.mstack_cause_q,2.7406
irq_fast_i[5],u_ibex_core.cs_registers_i.mstack_cause_q,2.7406
irq_fast_i[5],u_ibex_core.cs_registers_i.mstack_epc_q,2.7406
irq_fast_i[5],u_ibex_core.cs_registers_i.mstack_epc_q,2.7406
irq_fast_i[5],u_ibex_core.cs_registers_i.mstack_epc_q,2.7406
irq_fast_i[5],u_ibex_core.cs_registers_i.mstack_epc_q,2.7406
irq_fast_i[5],u_ibex_core.cs_registers_i.mstack_epc_q,2.7406
irq_fast_i[5],u_ibex_core.cs_registers_i.mstack_epc_q,2.7406
irq_fast_i[5],u_ibex_core.cs_registers_i.mstack_epc_q,2.7406
irq_fast_i[5],u_ibex_core.cs_registers_i.mstack_epc_q,2.7406
irq_fast_i[5],u_ibex_core.cs_registers_i.mstack_epc_q,2.7406
irq_fast_i[5],u_ibex_core.cs_registers_i.mstack_epc_q,2.7406
irq_fast_i[5],u_ibex_core.cs_registers_i.mstack_epc_q,2.7406
irq_fast_i[5],u_ibex_core.cs_registers_i.mstack_epc_q,2.7406
irq_fast_i[5],u_ibex_core.cs_registers_i.mstack_epc_q,2.7406
irq_fast_i[5],u_ibex_core.cs_registers_i.mstack_epc_q,2.7406
irq_fast_i[5],u_ibex_core.cs_registers_i.mstack_epc_q,2.7406
irq_fast_i[5],u_ibex_core.cs_registers_i.mstack_epc_q,2.7406
irq_fast_i[5],u_ibex_core.cs_registers_i.mstack_epc_q,2.7406
irq_fast_i[5],u_ibex_core.cs_registers_i.mstack_epc_q,2.7406
irq_fast_i[5],u_ibex_core.cs_registers_i.mstack_epc_q,2.7406
irq_fast_i[5],u_ibex_core.cs_registers_i.mstack_epc_q,2.7406
irq_fast_i[5],u_ibex_core.cs_registers_i.mstack_epc_q,2.7406
irq_fast_i[5],u_ibex_core.cs_registers_i.mstack_epc_q,2.7406
irq_fast_i[5],u_ibex_core.cs_registers_i.mstack_epc_q,2.7406
irq_fast_i[5],u_ibex_core.cs_registers_i.mstack_epc_q,2.7406
irq_fast_i[5],u_ibex_core.cs_registers_i.mstack_epc_q,2.7406
irq_fast_i[5],u_ibex_core.cs_registers_i.mstack_epc_q,2.7406
irq_fast_i[5],u_ibex_core.cs_registers_i.mstack_epc_q,2.7406
irq_fast_i[5],u_ibex_core.cs_registers_i.mstack_epc_q,2.7406
irq_fast_i[5],u_ibex_core.cs_registers_i.mstack_epc_q,2.7406
irq_fast_i[5],u_ibex_core.cs_registers_i.mstack_epc_q,2.7406
irq_fast_i[5],u_ibex_core.cs_registers_i.mstack_epc_q,2.7406
irq_fast_i[5],u_ibex_core.cs_registers_i.mstack_epc_q,2.7406
irq_fast_i[5],u_ibex_core.cs_registers_i.mstack_q,2.7406
irq_fast_i[5],u_ibex_core.cs_registers_i.mstack_q,2.7406
irq_fast_i[5],u_ibex_core.if_stage_i.gen_prefetch_buffer.prefetch_buffer_i.fetch_addr_q,2.7415
irq_fast_i[5],u_ibex_core.if_stage_i.gen_prefetch_buffer.prefetch_buffer_i.fetch_addr_q,2.7723
irq_fast_i[5],u_ibex_core.if_stage_i.gen_prefetch_buffer.prefetch_buffer_i.fetch_addr_q,2.7913
irq_fast_i[5],u_ibex_core.if_stage_i.gen_prefetch_buffer.prefetch_buffer_i.fetch_addr_q,2.7987
irq_fast_i[5],u_ibex_core.if_stage_i.gen_prefetch_buffer.prefetch_buffer_i.fetch_addr_q,2.8057
irq_fast_i[5],u_ibex_core.cs_registers_i.mstack_q,2.8254
irq_fast_i[5],u_ibex_core.cs_registers_i.dcsr_q,2.8269
irq_fast_i[5],u_ibex_core.if_stage_i.gen_prefetch_buffer.prefetch_buffer_i.discard_req_q,2.8345
irq_fast_i[5],u_ibex_core.cs_registers_i.dcsr_q,2.8431
irq_fast_i[5],core_busy_q,2.8494
irq_fast_i[5],u_ibex_core.cs_registers_i.dcsr_q,2.8583
irq_fast_i[5],u_ibex_core.cs_registers_i.priv_lvl_q,2.9329
irq_fast_i[5],u_ibex_core.cs_registers_i.priv_lvl_q,2.9329
irq_fast_i[5],u_ibex_core.id_stage_i.controller_i.ctrl_fsm_cs,3.0895
irq_nm_i,u_ibex_core.cs_registers_i.nmi_mode_i,3.4503
debug_req_i,u_ibex_core.id_stage_i.controller_i.enter_debug_mode_prio_q,3.483
fetch_enable_i,fetch_enable_q,3.9116
