Start Point, End Point, WNS (ns)
u_ibex_core.id_stage_i.decoder_i.instr_alu,instr_addr_o[31],0.4861
u_ibex_core.id_stage_i.decoder_i.instr_alu,instr_addr_o[30],0.5253
u_ibex_core.id_stage_i.decoder_i.instr_alu,instr_addr_o[29],0.5637
u_ibex_core.id_stage_i.decoder_i.instr_alu,instr_addr_o[28],0.5869
u_ibex_core.id_stage_i.decoder_i.instr_alu,data_addr_o[31],0.6275
u_ibex_core.id_stage_i.decoder_i.instr_alu,instr_addr_o[27],0.6912
u_ibex_core.id_stage_i.decoder_i.instr_alu,instr_addr_o[26],0.712
u_ibex_core.id_stage_i.decoder_i.instr_alu,data_addr_o[30],0.7208
u_ibex_core.id_stage_i.decoder_i.instr_alu,data_addr_o[29],0.7361
u_ibex_core.id_stage_i.decoder_i.instr_alu,instr_addr_o[25],0.7634
u_ibex_core.id_stage_i.decoder_i.instr_alu,data_addr_o[28],0.7867
u_ibex_core.id_stage_i.decoder_i.instr_alu,instr_addr_o[24],0.7934
u_ibex_core.id_stage_i.decoder_i.instr_alu,data_addr_o[27],0.8149
u_ibex_core.id_stage_i.decoder_i.instr_alu,instr_addr_o[23],0.84
u_ibex_core.id_stage_i.decoder_i.instr_alu,data_addr_o[26],0.9039
u_ibex_core.id_stage_i.decoder_i.instr_alu,instr_addr_o[21],0.9508
u_ibex_core.id_stage_i.decoder_i.instr_alu,data_addr_o[25],0.9521
u_ibex_core.id_stage_i.decoder_i.instr_alu,instr_addr_o[22],0.9592
u_ibex_core.id_stage_i.decoder_i.instr_alu,data_addr_o[24],1.0046
u_ibex_core.id_stage_i.decoder_i.instr_alu,instr_addr_o[20],1.0072
u_ibex_core.id_stage_i.decoder_i.instr_alu,data_addr_o[23],1.0123
u_ibex_core.id_stage_i.decoder_i.instr_alu,instr_addr_o[19],1.0564
u_ibex_core.id_stage_i.decoder_i.instr_alu,instr_addr_o[18],1.118
u_ibex_core.id_stage_i.decoder_i.instr_alu,data_addr_o[22],1.1198
u_ibex_core.id_stage_i.decoder_i.instr_alu,instr_addr_o[17],1.123
u_ibex_core.id_stage_i.decoder_i.instr_alu,data_addr_o[21],1.1316
u_ibex_core.id_stage_i.decoder_i.instr_alu,instr_addr_o[16],1.1344
u_ibex_core.id_stage_i.decoder_i.instr_alu,data_addr_o[20],1.1988
u_ibex_core.id_stage_i.decoder_i.instr_alu,instr_addr_o[15],1.2139
u_ibex_core.id_stage_i.decoder_i.instr_alu,data_addr_o[19],1.2264
u_ibex_core.id_stage_i.decoder_i.instr_alu,instr_addr_o[14],1.2492
u_ibex_core.id_stage_i.decoder_i.instr_alu,instr_addr_o[13],1.2729
u_ibex_core.id_stage_i.decoder_i.instr_alu,data_addr_o[18],1.2789
u_ibex_core.id_stage_i.decoder_i.instr_alu,instr_addr_o[12],1.2817
u_ibex_core.id_stage_i.decoder_i.instr_alu,instr_addr_o[10],1.2931
u_ibex_core.id_stage_i.decoder_i.instr_alu,data_addr_o[17],1.2964
u_ibex_core.id_stage_i.decoder_i.instr_alu,instr_addr_o[9],1.3194
u_ibex_core.id_stage_i.decoder_i.instr_alu,instr_addr_o[11],1.3229
u_ibex_core.id_stage_i.decoder_i.instr_alu,instr_addr_o[8],1.3419
u_ibex_core.id_stage_i.decoder_i.instr_alu,data_addr_o[16],1.3624
u_ibex_core.id_stage_i.decoder_i.instr_alu,instr_addr_o[7],1.3657
u_ibex_core.id_stage_i.decoder_i.instr_alu,data_addr_o[15],1.3864
u_ibex_core.id_stage_i.decoder_i.instr_alu,data_addr_o[14],1.4158
u_ibex_core.id_stage_i.decoder_i.instr_alu,instr_addr_o[5],1.4256
u_ibex_core.id_stage_i.decoder_i.instr_alu,instr_addr_o[6],1.4297
u_ibex_core.id_stage_i.decoder_i.instr_alu,data_addr_o[13],1.4462
u_ibex_core.id_stage_i.decoder_i.instr_alu,data_addr_o[12],1.4541
u_ibex_core.id_stage_i.decoder_i.instr_alu,data_addr_o[10],1.4716
gen_regfile_latch.register_file_i.raddr_b_i,instr_addr_o[3],1.4747
gen_regfile_latch.register_file_i.raddr_b_i,instr_addr_o[2],1.4766
u_ibex_core.id_stage_i.decoder_i.instr_alu,data_addr_o[11],1.482
u_ibex_core.id_stage_i.decoder_i.instr_alu,data_addr_o[9],1.5011
gen_regfile_latch.register_file_i.raddr_b_i,instr_addr_o[4],1.5169
u_ibex_core.id_stage_i.decoder_i.instr_alu,data_wdata_o[23],1.5349
gen_regfile_latch.register_file_i.raddr_b_i,instr_req_o,1.5351
u_ibex_core.id_stage_i.decoder_i.instr_alu,data_wdata_o[15],1.5361
u_ibex_core.id_stage_i.decoder_i.instr_alu,data_wdata_o[17],1.5363
u_ibex_core.id_stage_i.decoder_i.instr_alu,data_wdata_o[19],1.5364
u_ibex_core.id_stage_i.decoder_i.instr_alu,data_wdata_o[31],1.5376
u_ibex_core.id_stage_i.decoder_i.instr_alu,data_wdata_o[11],1.5381
u_ibex_core.id_stage_i.decoder_i.instr_alu,data_wdata_o[16],1.5383
u_ibex_core.id_stage_i.decoder_i.instr_alu,data_wdata_o[3],1.5385
u_ibex_core.id_stage_i.decoder_i.instr_alu,data_wdata_o[4],1.5397
u_ibex_core.id_stage_i.decoder_i.instr_alu,data_wdata_o[22],1.541
u_ibex_core.id_stage_i.decoder_i.instr_alu,data_wdata_o[13],1.5411
u_ibex_core.id_stage_i.decoder_i.instr_alu,data_wdata_o[5],1.5415
u_ibex_core.id_stage_i.decoder_i.instr_alu,data_wdata_o[29],1.5417
u_ibex_core.id_stage_i.decoder_i.instr_alu,data_addr_o[7],1.542
u_ibex_core.id_stage_i.decoder_i.instr_alu,data_addr_o[8],1.5421
u_ibex_core.id_stage_i.decoder_i.instr_alu,data_wdata_o[9],1.5432
u_ibex_core.id_stage_i.decoder_i.instr_alu,data_wdata_o[25],1.5433
u_ibex_core.id_stage_i.decoder_i.instr_alu,data_wdata_o[27],1.5433
u_ibex_core.id_stage_i.decoder_i.instr_alu,data_wdata_o[1],1.5444
u_ibex_core.id_stage_i.decoder_i.instr_alu,data_wdata_o[7],1.5445
u_ibex_core.id_stage_i.decoder_i.instr_alu,data_wdata_o[30],1.5458
u_ibex_core.id_stage_i.decoder_i.instr_alu,data_wdata_o[0],1.5458
u_ibex_core.id_stage_i.decoder_i.instr_alu,data_wdata_o[21],1.5545
u_ibex_core.id_stage_i.decoder_i.instr_alu,data_wdata_o[12],1.5598
u_ibex_core.id_stage_i.decoder_i.instr_alu,data_wdata_o[6],1.5838
u_ibex_core.id_stage_i.decoder_i.instr_alu,data_wdata_o[10],1.5897
u_ibex_core.id_stage_i.decoder_i.instr_alu,data_wdata_o[8],1.5897
u_ibex_core.id_stage_i.decoder_i.instr_alu,data_wdata_o[14],1.5897
u_ibex_core.id_stage_i.decoder_i.instr_alu,data_wdata_o[20],1.5897
u_ibex_core.id_stage_i.decoder_i.instr_alu,data_wdata_o[18],1.5932
u_ibex_core.id_stage_i.decoder_i.instr_alu,data_wdata_o[2],1.5932
u_ibex_core.id_stage_i.decoder_i.instr_alu,data_be_o[2],1.6001
u_ibex_core.id_stage_i.decoder_i.instr_alu,data_wdata_o[28],1.6039
u_ibex_core.id_stage_i.decoder_i.instr_alu,data_addr_o[5],1.6068
u_ibex_core.id_stage_i.decoder_i.instr_alu,data_wdata_o[24],1.6072
u_ibex_core.id_stage_i.decoder_i.instr_alu,data_addr_o[6],1.6085
u_ibex_core.id_stage_i.decoder_i.instr_alu,data_wdata_o[26],1.6139
u_ibex_core.id_stage_i.decoder_i.instr_alu,data_be_o[0],1.6221
gen_regfile_latch.register_file_i.raddr_b_i,data_req_o,1.6451
u_ibex_core.id_stage_i.decoder_i.instr_alu,data_be_o[3],1.6456
u_ibex_core.id_stage_i.decoder_i.instr_alu,data_be_o[1],1.6636
gen_regfile_latch.register_file_i.raddr_b_i,data_we_o,1.6868
u_ibex_core.id_stage_i.decoder_i.instr_alu,data_addr_o[4],1.7216
u_ibex_core.id_stage_i.decoder_i.instr_alu,data_addr_o[3],1.7466
u_ibex_core.id_stage_i.decoder_i.instr_alu,data_addr_o[2],1.7548
u_ibex_core.cs_registers_i.mie_q,core_sleep_o,2.6634
