Start Point, End Point, WNS (ns)
u_ibex_core.id_stage_i.decoder_i.instr_alu,u_ibex_core.if_stage_i.gen_prefetch_buffer.prefetch_buffer_i.fifo_i.rdata_q,1.1525
u_ibex_core.id_stage_i.decoder_i.instr_alu,u_ibex_core.if_stage_i.gen_prefetch_buffer.prefetch_buffer_i.fifo_i.rdata_q,1.1525
u_ibex_core.id_stage_i.decoder_i.instr_alu,u_ibex_core.if_stage_i.gen_prefetch_buffer.prefetch_buffer_i.fifo_i.rdata_q,1.1525
u_ibex_core.id_stage_i.decoder_i.instr_alu,u_ibex_core.if_stage_i.gen_prefetch_buffer.prefetch_buffer_i.fifo_i.rdata_q,1.1525
u_ibex_core.id_stage_i.decoder_i.instr_alu,u_ibex_core.if_stage_i.gen_prefetch_buffer.prefetch_buffer_i.fifo_i.rdata_q,1.1525
u_ibex_core.id_stage_i.decoder_i.instr_alu,u_ibex_core.if_stage_i.gen_prefetch_buffer.prefetch_buffer_i.fifo_i.rdata_q,1.1525
u_ibex_core.id_stage_i.decoder_i.instr_alu,u_ibex_core.if_stage_i.gen_prefetch_buffer.prefetch_buffer_i.fifo_i.rdata_q,1.1525
u_ibex_core.id_stage_i.decoder_i.instr_alu,u_ibex_core.if_stage_i.gen_prefetch_buffer.prefetch_buffer_i.fifo_i.rdata_q,1.1525
u_ibex_core.id_stage_i.decoder_i.instr_alu,u_ibex_core.if_stage_i.gen_prefetch_buffer.prefetch_buffer_i.fifo_i.rdata_q,1.1525
u_ibex_core.id_stage_i.decoder_i.instr_alu,u_ibex_core.if_stage_i.gen_prefetch_buffer.prefetch_buffer_i.fifo_i.rdata_q,1.1525
u_ibex_core.id_stage_i.decoder_i.instr_alu,u_ibex_core.if_stage_i.gen_prefetch_buffer.prefetch_buffer_i.fifo_i.rdata_q,1.1525
u_ibex_core.id_stage_i.decoder_i.instr_alu,u_ibex_core.if_stage_i.gen_prefetch_buffer.prefetch_buffer_i.fifo_i.rdata_q,1.1525
u_ibex_core.id_stage_i.decoder_i.instr_alu,u_ibex_core.if_stage_i.gen_prefetch_buffer.prefetch_buffer_i.fifo_i.rdata_q,1.1525
u_ibex_core.id_stage_i.decoder_i.instr_alu,u_ibex_core.if_stage_i.gen_prefetch_buffer.prefetch_buffer_i.fifo_i.rdata_q,1.1525
u_ibex_core.id_stage_i.decoder_i.instr_alu,u_ibex_core.if_stage_i.gen_prefetch_buffer.prefetch_buffer_i.fifo_i.rdata_q,1.1525
u_ibex_core.id_stage_i.decoder_i.instr_alu,u_ibex_core.if_stage_i.gen_prefetch_buffer.prefetch_buffer_i.fifo_i.rdata_q,1.1525
u_ibex_core.id_stage_i.decoder_i.instr_alu,u_ibex_core.if_stage_i.gen_prefetch_buffer.prefetch_buffer_i.fifo_i.rdata_q,1.1525
u_ibex_core.id_stage_i.decoder_i.instr_alu,u_ibex_core.if_stage_i.gen_prefetch_buffer.prefetch_buffer_i.fifo_i.rdata_q,1.1525
u_ibex_core.id_stage_i.decoder_i.instr_alu,u_ibex_core.if_stage_i.gen_prefetch_buffer.prefetch_buffer_i.fifo_i.rdata_q,1.1525
u_ibex_core.id_stage_i.decoder_i.instr_alu,u_ibex_core.if_stage_i.gen_prefetch_buffer.prefetch_buffer_i.fifo_i.rdata_q,1.1525
u_ibex_core.id_stage_i.decoder_i.instr_alu,u_ibex_core.if_stage_i.gen_prefetch_buffer.prefetch_buffer_i.fifo_i.rdata_q,1.1525
u_ibex_core.id_stage_i.decoder_i.instr_alu,u_ibex_core.if_stage_i.gen_prefetch_buffer.prefetch_buffer_i.fifo_i.rdata_q,1.1525
u_ibex_core.id_stage_i.decoder_i.instr_alu,u_ibex_core.if_stage_i.gen_prefetch_buffer.prefetch_buffer_i.fifo_i.rdata_q,1.1525
u_ibex_core.id_stage_i.decoder_i.instr_alu,u_ibex_core.if_stage_i.gen_prefetch_buffer.prefetch_buffer_i.fifo_i.rdata_q,1.1525
u_ibex_core.id_stage_i.decoder_i.instr_alu,u_ibex_core.if_stage_i.gen_prefetch_buffer.prefetch_buffer_i.fifo_i.rdata_q,1.1525
u_ibex_core.id_stage_i.decoder_i.instr_alu,u_ibex_core.if_stage_i.gen_prefetch_buffer.prefetch_buffer_i.fifo_i.rdata_q,1.1525
u_ibex_core.id_stage_i.decoder_i.instr_alu,u_ibex_core.if_stage_i.gen_prefetch_buffer.prefetch_buffer_i.fifo_i.rdata_q,1.1525
u_ibex_core.id_stage_i.decoder_i.instr_alu,u_ibex_core.if_stage_i.gen_prefetch_buffer.prefetch_buffer_i.fifo_i.rdata_q,1.1525
u_ibex_core.id_stage_i.decoder_i.instr_alu,u_ibex_core.if_stage_i.gen_prefetch_buffer.prefetch_buffer_i.fifo_i.rdata_q,1.1525
u_ibex_core.id_stage_i.decoder_i.instr_alu,u_ibex_core.if_stage_i.gen_prefetch_buffer.prefetch_buffer_i.fifo_i.rdata_q,1.1525
u_ibex_core.id_stage_i.decoder_i.instr_alu,u_ibex_core.if_stage_i.gen_prefetch_buffer.prefetch_buffer_i.fifo_i.rdata_q,1.1525
u_ibex_core.id_stage_i.decoder_i.instr_alu,u_ibex_core.if_stage_i.gen_prefetch_buffer.prefetch_buffer_i.fifo_i.rdata_q,1.1525
u_ibex_core.id_stage_i.decoder_i.instr_alu,u_ibex_core.if_stage_i.gen_prefetch_buffer.prefetch_buffer_i.fifo_i.rdata_q,1.1525
u_ibex_core.id_stage_i.decoder_i.instr_alu,u_ibex_core.if_stage_i.gen_prefetch_buffer.prefetch_buffer_i.fifo_i.rdata_q,1.1525
u_ibex_core.id_stage_i.decoder_i.instr_alu,u_ibex_core.if_stage_i.gen_prefetch_buffer.prefetch_buffer_i.fifo_i.rdata_q,1.1525
u_ibex_core.id_stage_i.decoder_i.instr_alu,u_ibex_core.if_stage_i.gen_prefetch_buffer.prefetch_buffer_i.fifo_i.rdata_q,1.1525
u_ibex_core.id_stage_i.decoder_i.instr_alu,u_ibex_core.if_stage_i.gen_prefetch_buffer.prefetch_buffer_i.fifo_i.rdata_q,1.1525
u_ibex_core.id_stage_i.decoder_i.instr_alu,u_ibex_core.if_stage_i.gen_prefetch_buffer.prefetch_buffer_i.fifo_i.rdata_q,1.1525
u_ibex_core.id_stage_i.decoder_i.instr_alu,u_ibex_core.if_stage_i.gen_prefetch_buffer.prefetch_buffer_i.fifo_i.rdata_q,1.1525
u_ibex_core.id_stage_i.decoder_i.instr_alu,u_ibex_core.if_stage_i.gen_prefetch_buffer.prefetch_buffer_i.fifo_i.rdata_q,1.1525
u_ibex_core.id_stage_i.decoder_i.instr_alu,u_ibex_core.if_stage_i.gen_prefetch_buffer.prefetch_buffer_i.fifo_i.rdata_q,1.1525
u_ibex_core.id_stage_i.decoder_i.instr_alu,u_ibex_core.if_stage_i.gen_prefetch_buffer.prefetch_buffer_i.fifo_i.rdata_q,1.1525
u_ibex_core.id_stage_i.decoder_i.instr_alu,u_ibex_core.if_stage_i.gen_prefetch_buffer.prefetch_buffer_i.fifo_i.rdata_q,1.1525
u_ibex_core.id_stage_i.decoder_i.instr_alu,u_ibex_core.if_stage_i.gen_prefetch_buffer.prefetch_buffer_i.fifo_i.rdata_q,1.1525
u_ibex_core.id_stage_i.decoder_i.instr_alu,u_ibex_core.if_stage_i.gen_prefetch_buffer.prefetch_buffer_i.fifo_i.rdata_q,1.1525
u_ibex_core.id_stage_i.decoder_i.instr_alu,u_ibex_core.if_stage_i.gen_prefetch_buffer.prefetch_buffer_i.fifo_i.rdata_q,1.1525
u_ibex_core.id_stage_i.decoder_i.instr_alu,u_ibex_core.if_stage_i.gen_prefetch_buffer.prefetch_buffer_i.fifo_i.rdata_q,1.1525
u_ibex_core.id_stage_i.decoder_i.instr_alu,u_ibex_core.if_stage_i.gen_prefetch_buffer.prefetch_buffer_i.fifo_i.rdata_q,1.1525
u_ibex_core.id_stage_i.decoder_i.instr_alu,u_ibex_core.if_stage_i.gen_prefetch_buffer.prefetch_buffer_i.fifo_i.rdata_q,1.1525
u_ibex_core.id_stage_i.decoder_i.instr_alu,u_ibex_core.if_stage_i.gen_prefetch_buffer.prefetch_buffer_i.fifo_i.rdata_q,1.1525
u_ibex_core.id_stage_i.decoder_i.instr_alu,u_ibex_core.if_stage_i.gen_prefetch_buffer.prefetch_buffer_i.fifo_i.rdata_q,1.1525
u_ibex_core.id_stage_i.decoder_i.instr_alu,u_ibex_core.if_stage_i.gen_prefetch_buffer.prefetch_buffer_i.fifo_i.rdata_q,1.1525
u_ibex_core.id_stage_i.decoder_i.instr_alu,u_ibex_core.if_stage_i.gen_prefetch_buffer.prefetch_buffer_i.fifo_i.rdata_q,1.1525
u_ibex_core.id_stage_i.decoder_i.instr_alu,u_ibex_core.if_stage_i.gen_prefetch_buffer.prefetch_buffer_i.fifo_i.rdata_q,1.1525
u_ibex_core.id_stage_i.decoder_i.instr_alu,u_ibex_core.if_stage_i.gen_prefetch_buffer.prefetch_buffer_i.fifo_i.rdata_q,1.1525
u_ibex_core.id_stage_i.decoder_i.instr_alu,u_ibex_core.if_stage_i.gen_prefetch_buffer.prefetch_buffer_i.fifo_i.rdata_q,1.1525
u_ibex_core.id_stage_i.decoder_i.instr_alu,u_ibex_core.if_stage_i.gen_prefetch_buffer.prefetch_buffer_i.fifo_i.rdata_q,1.1525
u_ibex_core.id_stage_i.decoder_i.instr_alu,u_ibex_core.if_stage_i.gen_prefetch_buffer.prefetch_buffer_i.fifo_i.rdata_q,1.1525
u_ibex_core.id_stage_i.decoder_i.instr_alu,u_ibex_core.if_stage_i.gen_prefetch_buffer.prefetch_buffer_i.fifo_i.rdata_q,1.1525
u_ibex_core.id_stage_i.decoder_i.instr_alu,u_ibex_core.if_stage_i.gen_prefetch_buffer.prefetch_buffer_i.fifo_i.rdata_q,1.1525
u_ibex_core.id_stage_i.decoder_i.instr_alu,u_ibex_core.id_stage_i.controller_i.instr_i,1.1681
u_ibex_core.id_stage_i.decoder_i.instr_alu,u_ibex_core.id_stage_i.controller_i.instr_i,1.1681
u_ibex_core.id_stage_i.decoder_i.instr_alu,u_ibex_core.id_stage_i.decoder_i.instr_alu,1.1681
u_ibex_core.id_stage_i.decoder_i.instr_alu,u_ibex_core.id_stage_i.decoder_i.instr_alu,1.1681
u_ibex_core.id_stage_i.decoder_i.instr_alu,u_ibex_core.if_stage_i.gen_prefetch_buffer.prefetch_buffer_i.fifo_i.rdata_q,1.1884
u_ibex_core.id_stage_i.decoder_i.instr_alu,u_ibex_core.if_stage_i.gen_prefetch_buffer.prefetch_buffer_i.fifo_i.rdata_q,1.1884
u_ibex_core.id_stage_i.decoder_i.instr_alu,u_ibex_core.if_stage_i.gen_prefetch_buffer.prefetch_buffer_i.fifo_i.err_q,1.1884
u_ibex_core.id_stage_i.decoder_i.instr_alu,u_ibex_core.if_stage_i.gen_prefetch_buffer.prefetch_buffer_i.fifo_i.err_q,1.1884
u_ibex_core.id_stage_i.decoder_i.instr_alu,u_ibex_core.if_stage_i.gen_prefetch_buffer.prefetch_buffer_i.fifo_i.rdata_q,1.1884
u_ibex_core.id_stage_i.decoder_i.instr_alu,u_ibex_core.if_stage_i.gen_prefetch_buffer.prefetch_buffer_i.fifo_i.rdata_q,1.1884
u_ibex_core.id_stage_i.decoder_i.instr_alu,u_ibex_core.id_stage_i.decoder_i.instr_alu,1.1912
u_ibex_core.id_stage_i.decoder_i.instr_alu,u_ibex_core.id_stage_i.decoder_i.instr_alu,1.1912
u_ibex_core.id_stage_i.decoder_i.instr_alu,u_ibex_core.id_stage_i.decoder_i.instr_alu,1.1912
u_ibex_core.id_stage_i.decoder_i.instr_alu,u_ibex_core.id_stage_i.decoder_i.instr_alu,1.1912
u_ibex_core.id_stage_i.decoder_i.instr_alu,u_ibex_core.id_stage_i.controller_i.instr_i,1.1912
u_ibex_core.id_stage_i.decoder_i.instr_alu,u_ibex_core.id_stage_i.controller_i.instr_i,1.1912
u_ibex_core.id_stage_i.decoder_i.instr_alu,u_ibex_core.id_stage_i.controller_i.instr_i,1.1912
u_ibex_core.id_stage_i.decoder_i.instr_alu,u_ibex_core.id_stage_i.controller_i.instr_i,1.1912
u_ibex_core.id_stage_i.decoder_i.instr_alu,u_ibex_core.id_stage_i.controller_i.instr_i,1.1912
u_ibex_core.id_stage_i.decoder_i.instr_alu,u_ibex_core.id_stage_i.controller_i.instr_i,1.1912
u_ibex_core.id_stage_i.decoder_i.instr_alu,u_ibex_core.id_stage_i.controller_i.instr_i,1.1912
u_ibex_core.id_stage_i.decoder_i.instr_alu,u_ibex_core.id_stage_i.controller_i.instr_i,1.1912
u_ibex_core.id_stage_i.decoder_i.instr_alu,u_ibex_core.id_stage_i.controller_i.instr_i,1.1912
u_ibex_core.id_stage_i.decoder_i.instr_alu,u_ibex_core.id_stage_i.controller_i.instr_i,1.1912
u_ibex_core.id_stage_i.decoder_i.instr_alu,u_ibex_core.id_stage_i.controller_i.instr_i,1.1912
u_ibex_core.id_stage_i.decoder_i.instr_alu,u_ibex_core.id_stage_i.controller_i.instr_fetch_err_plus2_i,1.1915
u_ibex_core.id_stage_i.decoder_i.instr_alu,u_ibex_core.id_stage_i.decoder_i.instr_alu,1.1915
u_ibex_core.id_stage_i.decoder_i.instr_alu,u_ibex_core.id_stage_i.decoder_i.instr_alu,1.1915
u_ibex_core.id_stage_i.decoder_i.instr_alu,u_ibex_core.id_stage_i.decoder_i.instr_alu,1.1915
u_ibex_core.id_stage_i.decoder_i.instr_alu,u_ibex_core.id_stage_i.decoder_i.instr_alu,1.1915
u_ibex_core.id_stage_i.decoder_i.instr_alu,u_ibex_core.id_stage_i.decoder_i.instr_alu,1.1915
u_ibex_core.id_stage_i.decoder_i.instr_alu,u_ibex_core.id_stage_i.decoder_i.instr_alu,1.1915
u_ibex_core.id_stage_i.decoder_i.instr_alu,u_ibex_core.id_stage_i.decoder_i.instr_alu,1.1915
u_ibex_core.id_stage_i.decoder_i.instr_alu,crash_dump_o,1.1977
u_ibex_core.id_stage_i.decoder_i.instr_alu,u_ibex_core.id_stage_i.controller_i.instr_i,1.21
u_ibex_core.id_stage_i.decoder_i.instr_alu,u_ibex_core.id_stage_i.decoder_i.instr_alu,1.2101
u_ibex_core.id_stage_i.decoder_i.instr_alu,u_ibex_core.id_stage_i.controller_i.instr_i,1.2101
u_ibex_core.id_stage_i.decoder_i.instr_alu,u_ibex_core.id_stage_i.decoder_i.instr_alu,1.2101
u_ibex_core.id_stage_i.decoder_i.instr_alu,u_ibex_core.id_stage_i.decoder_i.instr_alu,1.2101
u_ibex_core.id_stage_i.decoder_i.instr_alu,u_ibex_core.id_stage_i.controller_i.instr_i,1.2101
u_ibex_core.id_stage_i.decoder_i.instr_alu,gen_regfile_latch.register_file_i.waddr_a_i,1.2247
u_ibex_core.id_stage_i.decoder_i.instr_alu,u_ibex_core.cs_registers_i.mhpmcounter[2],1.2255
u_ibex_core.id_stage_i.decoder_i.instr_alu,u_ibex_core.cs_registers_i.mhpmcounter[2],1.2255
u_ibex_core.id_stage_i.decoder_i.instr_alu,u_ibex_core.cs_registers_i.mhpmcounter[2],1.2259
u_ibex_core.id_stage_i.decoder_i.instr_alu,gen_regfile_latch.register_file_i.raddr_b_i,1.2259
u_ibex_core.id_stage_i.decoder_i.instr_alu,gen_regfile_latch.register_file_i.waddr_a_i,1.2261
u_ibex_core.id_stage_i.decoder_i.instr_alu,gen_regfile_latch.register_file_i.raddr_a_i,1.2261
u_ibex_core.id_stage_i.decoder_i.instr_alu,gen_regfile_latch.register_file_i.raddr_b_i,1.2261
u_ibex_core.id_stage_i.decoder_i.instr_alu,u_ibex_core.cs_registers_i.mhpmcounter[2],1.2266
u_ibex_core.id_stage_i.decoder_i.instr_alu,u_ibex_core.cs_registers_i.mhpmcounter[2],1.227
u_ibex_core.id_stage_i.decoder_i.instr_alu,u_ibex_core.cs_registers_i.mhpmcounter[2],1.2276
u_ibex_core.id_stage_i.decoder_i.instr_alu,u_ibex_core.cs_registers_i.mhpmcounter[2],1.2276
u_ibex_core.id_stage_i.decoder_i.instr_alu,u_ibex_core.cs_registers_i.mhpmcounter[2],1.2276
u_ibex_core.id_stage_i.decoder_i.instr_alu,u_ibex_core.cs_registers_i.mhpmcounter[2],1.2276
u_ibex_core.id_stage_i.decoder_i.instr_alu,u_ibex_core.cs_registers_i.mhpmcounter[2],1.2292
u_ibex_core.id_stage_i.decoder_i.instr_alu,u_ibex_core.cs_registers_i.mhpmcounter[2],1.2302
u_ibex_core.id_stage_i.decoder_i.instr_alu,u_ibex_core.id_stage_i.controller_i.instr_compressed_i,1.2319
u_ibex_core.id_stage_i.decoder_i.instr_alu,u_ibex_core.id_stage_i.controller_i.instr_compressed_i,1.2319
u_ibex_core.id_stage_i.decoder_i.instr_alu,u_ibex_core.id_stage_i.controller_i.instr_compressed_i,1.232
u_ibex_core.id_stage_i.decoder_i.instr_alu,crash_dump_o,1.232
u_ibex_core.id_stage_i.decoder_i.instr_alu,u_ibex_core.id_stage_i.controller_i.instr_compressed_i,1.232
u_ibex_core.id_stage_i.decoder_i.instr_alu,u_ibex_core.id_stage_i.controller_i.instr_compressed_i,1.232
u_ibex_core.id_stage_i.decoder_i.instr_alu,u_ibex_core.id_stage_i.controller_i.instr_compressed_i,1.232
u_ibex_core.id_stage_i.decoder_i.instr_alu,crash_dump_o,1.232
u_ibex_core.id_stage_i.decoder_i.instr_alu,crash_dump_o,1.232
u_ibex_core.id_stage_i.decoder_i.instr_alu,crash_dump_o,1.232
u_ibex_core.id_stage_i.decoder_i.instr_alu,crash_dump_o,1.232
u_ibex_core.id_stage_i.decoder_i.instr_alu,crash_dump_o,1.232
u_ibex_core.id_stage_i.decoder_i.instr_alu,crash_dump_o,1.232
u_ibex_core.id_stage_i.decoder_i.instr_alu,crash_dump_o,1.232
u_ibex_core.id_stage_i.decoder_i.instr_alu,crash_dump_o,1.232
u_ibex_core.id_stage_i.decoder_i.instr_alu,crash_dump_o,1.232
u_ibex_core.id_stage_i.decoder_i.instr_alu,u_ibex_core.id_stage_i.controller_i.instr_compressed_i,1.232
u_ibex_core.id_stage_i.decoder_i.instr_alu,u_ibex_core.id_stage_i.controller_i.instr_compressed_i,1.232
u_ibex_core.id_stage_i.decoder_i.instr_alu,u_ibex_core.id_stage_i.controller_i.instr_compressed_i,1.232
u_ibex_core.id_stage_i.decoder_i.instr_alu,u_ibex_core.id_stage_i.controller_i.instr_compressed_i,1.232
u_ibex_core.id_stage_i.decoder_i.instr_alu,u_ibex_core.id_stage_i.controller_i.instr_compressed_i,1.232
u_ibex_core.id_stage_i.decoder_i.instr_alu,u_ibex_core.id_stage_i.controller_i.instr_compressed_i,1.232
u_ibex_core.id_stage_i.decoder_i.instr_alu,u_ibex_core.id_stage_i.controller_i.instr_compressed_i,1.232
u_ibex_core.id_stage_i.decoder_i.instr_alu,u_ibex_core.id_stage_i.controller_i.instr_compressed_i,1.232
u_ibex_core.id_stage_i.decoder_i.instr_alu,u_ibex_core.id_stage_i.decoder_i.instr_alu,1.232
u_ibex_core.id_stage_i.decoder_i.instr_alu,gen_regfile_latch.register_file_i.raddr_a_i,1.232
u_ibex_core.id_stage_i.decoder_i.instr_alu,gen_regfile_latch.register_file_i.raddr_a_i,1.232
u_ibex_core.id_stage_i.decoder_i.instr_alu,gen_regfile_latch.register_file_i.raddr_b_i,1.232
u_ibex_core.id_stage_i.decoder_i.instr_alu,gen_regfile_latch.register_file_i.raddr_b_i,1.232
u_ibex_core.id_stage_i.decoder_i.instr_alu,gen_regfile_latch.register_file_i.raddr_b_i,1.232
u_ibex_core.id_stage_i.decoder_i.instr_alu,u_ibex_core.cs_registers_i.mhpmcounter[2],1.2325
u_ibex_core.id_stage_i.decoder_i.instr_alu,u_ibex_core.cs_registers_i.mhpmcounter[2],1.2325
u_ibex_core.id_stage_i.decoder_i.instr_alu,u_ibex_core.cs_registers_i.mhpmcounter[2],1.233
u_ibex_core.id_stage_i.decoder_i.instr_alu,u_ibex_core.cs_registers_i.mhpmcounter[2],1.2332
u_ibex_core.id_stage_i.decoder_i.instr_alu,u_ibex_core.cs_registers_i.mhpmcounter[2],1.2333
u_ibex_core.id_stage_i.decoder_i.instr_alu,u_ibex_core.cs_registers_i.mhpmcounter[2],1.2333
u_ibex_core.id_stage_i.decoder_i.instr_alu,u_ibex_core.cs_registers_i.mhpmcounter[2],1.2345
u_ibex_core.id_stage_i.decoder_i.instr_alu,u_ibex_core.cs_registers_i.mhpmcounter[2],1.2345
u_ibex_core.id_stage_i.decoder_i.instr_alu,u_ibex_core.cs_registers_i.mhpmcounter[2],1.2345
u_ibex_core.id_stage_i.decoder_i.instr_alu,u_ibex_core.cs_registers_i.mhpmcounter[2],1.2345
u_ibex_core.id_stage_i.decoder_i.instr_alu,u_ibex_core.cs_registers_i.mhpmcounter[2],1.2345
u_ibex_core.id_stage_i.decoder_i.instr_alu,gen_regfile_latch.register_file_i.waddr_a_i,1.2346
u_ibex_core.id_stage_i.decoder_i.instr_alu,u_ibex_core.id_stage_i.controller_i.instr_i,1.2346
u_ibex_core.id_stage_i.decoder_i.instr_alu,gen_regfile_latch.register_file_i.waddr_a_i,1.2346
u_ibex_core.id_stage_i.decoder_i.instr_alu,gen_regfile_latch.register_file_i.waddr_a_i,1.2346
u_ibex_core.id_stage_i.decoder_i.instr_alu,gen_regfile_latch.register_file_i.raddr_a_i,1.2346
u_ibex_core.id_stage_i.decoder_i.instr_alu,gen_regfile_latch.register_file_i.raddr_a_i,1.2346
u_ibex_core.id_stage_i.decoder_i.instr_alu,u_ibex_core.cs_registers_i.mhpmcounter[2],1.235
u_ibex_core.id_stage_i.decoder_i.instr_alu,u_ibex_core.cs_registers_i.mhpmcounter[2],1.235
u_ibex_core.id_stage_i.decoder_i.instr_alu,u_ibex_core.cs_registers_i.mhpmcounter[2],1.2365
u_ibex_core.id_stage_i.decoder_i.instr_alu,crash_dump_o,1.2368
u_ibex_core.id_stage_i.decoder_i.instr_alu,u_ibex_core.cs_registers_i.mcycle_counter_i.counter,1.238
u_ibex_core.id_stage_i.decoder_i.instr_alu,crash_dump_o,1.2381
u_ibex_core.id_stage_i.decoder_i.instr_alu,crash_dump_o,1.2381
u_ibex_core.id_stage_i.decoder_i.instr_alu,crash_dump_o,1.2382
u_ibex_core.id_stage_i.decoder_i.instr_alu,crash_dump_o,1.2382
u_ibex_core.id_stage_i.decoder_i.instr_alu,crash_dump_o,1.2382
u_ibex_core.id_stage_i.decoder_i.instr_alu,crash_dump_o,1.2382
u_ibex_core.id_stage_i.decoder_i.instr_alu,u_ibex_core.cs_registers_i.mcycle_counter_i.counter,1.2384
u_ibex_core.id_stage_i.decoder_i.instr_alu,u_ibex_core.cs_registers_i.mcycle_counter_i.counter,1.2407
u_ibex_core.id_stage_i.decoder_i.instr_alu,u_ibex_core.cs_registers_i.mcycle_counter_i.counter,1.2414
u_ibex_core.id_stage_i.decoder_i.instr_alu,u_ibex_core.cs_registers_i.mcycle_counter_i.counter,1.2436
u_ibex_core.id_stage_i.decoder_i.instr_alu,u_ibex_core.cs_registers_i.mcycle_counter_i.counter,1.2436
u_ibex_core.id_stage_i.decoder_i.instr_alu,u_ibex_core.cs_registers_i.mcycle_counter_i.counter,1.2436
u_ibex_core.id_stage_i.decoder_i.instr_alu,u_ibex_core.cs_registers_i.mhpmcounter[2],1.2441
u_ibex_core.id_stage_i.decoder_i.instr_alu,u_ibex_core.cs_registers_i.mhpmcounter[2],1.2442
u_ibex_core.id_stage_i.decoder_i.instr_alu,u_ibex_core.cs_registers_i.mhpmcounter[2],1.2442
u_ibex_core.id_stage_i.decoder_i.instr_alu,u_ibex_core.cs_registers_i.mhpmcounter[2],1.2442
u_ibex_core.id_stage_i.decoder_i.instr_alu,u_ibex_core.cs_registers_i.mcycle_counter_i.counter,1.2451
u_ibex_core.id_stage_i.decoder_i.instr_alu,u_ibex_core.cs_registers_i.mie_q,1.2456
u_ibex_core.id_stage_i.decoder_i.instr_alu,u_ibex_core.cs_registers_i.mie_q,1.2456
u_ibex_core.id_stage_i.decoder_i.instr_alu,u_ibex_core.cs_registers_i.mie_q,1.2457
u_ibex_core.id_stage_i.decoder_i.instr_alu,u_ibex_core.cs_registers_i.mie_q,1.2457
u_ibex_core.id_stage_i.decoder_i.instr_alu,u_ibex_core.cs_registers_i.mie_q,1.2457
u_ibex_core.id_stage_i.decoder_i.instr_alu,u_ibex_core.cs_registers_i.mie_q,1.2457
u_ibex_core.id_stage_i.decoder_i.instr_alu,u_ibex_core.cs_registers_i.mie_q,1.2457
u_ibex_core.id_stage_i.decoder_i.instr_alu,u_ibex_core.cs_registers_i.mie_q,1.2457
u_ibex_core.id_stage_i.decoder_i.instr_alu,u_ibex_core.cs_registers_i.mie_q,1.2457
u_ibex_core.id_stage_i.decoder_i.instr_alu,u_ibex_core.cs_registers_i.mcycle_counter_i.counter,1.2457
u_ibex_core.id_stage_i.decoder_i.instr_alu,u_ibex_core.cs_registers_i.mcycle_counter_i.counter,1.2457
u_ibex_core.id_stage_i.decoder_i.instr_alu,u_ibex_core.cs_registers_i.mhpmcounter[2],1.2458
u_ibex_core.id_stage_i.decoder_i.instr_alu,crash_dump_o,1.2459
u_ibex_core.id_stage_i.decoder_i.instr_alu,u_ibex_core.cs_registers_i.mcycle_counter_i.counter,1.2461
u_ibex_core.id_stage_i.decoder_i.instr_alu,u_ibex_core.cs_registers_i.mhpmcounter[2],1.2462
u_ibex_core.id_stage_i.decoder_i.instr_alu,u_ibex_core.cs_registers_i.mhpmcounter[2],1.2462
u_ibex_core.id_stage_i.decoder_i.instr_alu,u_ibex_core.cs_registers_i.mhpmcounter[2],1.2462
u_ibex_core.id_stage_i.decoder_i.instr_alu,u_ibex_core.cs_registers_i.mhpmcounter[2],1.2462
u_ibex_core.id_stage_i.decoder_i.instr_alu,u_ibex_core.cs_registers_i.mhpmcounter[2],1.2476
u_ibex_core.id_stage_i.decoder_i.instr_alu,u_ibex_core.cs_registers_i.mhpmcounter[2],1.2476
u_ibex_core.id_stage_i.decoder_i.instr_alu,u_ibex_core.cs_registers_i.mhpmcounter[2],1.2478
u_ibex_core.id_stage_i.decoder_i.instr_alu,u_ibex_core.cs_registers_i.mhpmcounter[2],1.2481
u_ibex_core.id_stage_i.decoder_i.instr_alu,u_ibex_core.cs_registers_i.mhpmcounter[2],1.2482
u_ibex_core.id_stage_i.decoder_i.instr_alu,u_ibex_core.cs_registers_i.mhpmcounter[2],1.2482
u_ibex_core.id_stage_i.decoder_i.instr_alu,u_ibex_core.cs_registers_i.mcycle_counter_i.counter,1.2483
u_ibex_core.id_stage_i.decoder_i.instr_alu,u_ibex_core.cs_registers_i.mhpmcounter[2],1.2487
u_ibex_core.id_stage_i.decoder_i.instr_alu,u_ibex_core.cs_registers_i.mhpmcounter[2],1.2499
u_ibex_core.id_stage_i.decoder_i.instr_alu,u_ibex_core.cs_registers_i.mhpmcounter[2],1.2499
u_ibex_core.id_stage_i.decoder_i.instr_alu,u_ibex_core.cs_registers_i.mhpmcounter[2],1.2499
u_ibex_core.id_stage_i.decoder_i.instr_alu,u_ibex_core.cs_registers_i.mcycle_counter_i.counter,1.2503
u_ibex_core.id_stage_i.decoder_i.instr_alu,u_ibex_core.id_stage_i.decoder_i.illegal_c_insn_i,1.2508
u_ibex_core.id_stage_i.decoder_i.instr_alu,u_ibex_core.cs_registers_i.mcycle_counter_i.counter,1.251
u_ibex_core.id_stage_i.decoder_i.instr_alu,u_ibex_core.cs_registers_i.mcycle_counter_i.counter,1.251
u_ibex_core.id_stage_i.decoder_i.instr_alu,u_ibex_core.cs_registers_i.mcycle_counter_i.counter,1.251
u_ibex_core.id_stage_i.decoder_i.instr_alu,u_ibex_core.cs_registers_i.mhpmcounter[2],1.2512
u_ibex_core.id_stage_i.decoder_i.instr_alu,u_ibex_core.cs_registers_i.mhpmcounter[2],1.2524
u_ibex_core.id_stage_i.decoder_i.instr_alu,u_ibex_core.cs_registers_i.mcycle_counter_i.counter,1.2525
u_ibex_core.id_stage_i.decoder_i.instr_alu,u_ibex_core.id_stage_i.controller_i.instr_is_compressed_i,1.2529
u_ibex_core.id_stage_i.decoder_i.instr_alu,crash_dump_o,1.253
u_ibex_core.id_stage_i.decoder_i.instr_alu,crash_dump_o,1.253
u_ibex_core.id_stage_i.decoder_i.instr_alu,crash_dump_o,1.253
u_ibex_core.id_stage_i.decoder_i.instr_alu,crash_dump_o,1.253
u_ibex_core.id_stage_i.decoder_i.instr_alu,crash_dump_o,1.253
u_ibex_core.id_stage_i.decoder_i.instr_alu,crash_dump_o,1.253
u_ibex_core.id_stage_i.decoder_i.instr_alu,crash_dump_o,1.253
u_ibex_core.id_stage_i.decoder_i.instr_alu,crash_dump_o,1.253
u_ibex_core.id_stage_i.decoder_i.instr_alu,crash_dump_o,1.253
u_ibex_core.id_stage_i.decoder_i.instr_alu,crash_dump_o,1.253
u_ibex_core.id_stage_i.decoder_i.instr_alu,crash_dump_o,1.253
u_ibex_core.id_stage_i.decoder_i.instr_alu,u_ibex_core.id_stage_i.controller_i.instr_compressed_i,1.253
u_ibex_core.id_stage_i.decoder_i.instr_alu,u_ibex_core.id_stage_i.controller_i.instr_fetch_err_i,1.253
u_ibex_core.id_stage_i.decoder_i.instr_alu,crash_dump_o,1.253
u_ibex_core.id_stage_i.decoder_i.instr_alu,crash_dump_o,1.253
u_ibex_core.id_stage_i.decoder_i.instr_alu,crash_dump_o,1.253
u_ibex_core.id_stage_i.decoder_i.instr_alu,crash_dump_o,1.253
u_ibex_core.id_stage_i.decoder_i.instr_alu,crash_dump_o,1.253
u_ibex_core.id_stage_i.decoder_i.instr_alu,crash_dump_o,1.253
u_ibex_core.id_stage_i.decoder_i.instr_alu,u_ibex_core.cs_registers_i.mhpmcounter[2],1.2532
u_ibex_core.id_stage_i.decoder_i.instr_alu,u_ibex_core.cs_registers_i.mhpmcounter[2],1.2532
u_ibex_core.id_stage_i.decoder_i.instr_alu,u_ibex_core.cs_registers_i.mhpmcounter[2],1.2532
u_ibex_core.id_stage_i.decoder_i.instr_alu,u_ibex_core.cs_registers_i.mhpmcounter[2],1.2532
u_ibex_core.id_stage_i.decoder_i.instr_alu,u_ibex_core.cs_registers_i.mhpmcounter[2],1.2532
u_ibex_core.id_stage_i.decoder_i.instr_alu,u_ibex_core.cs_registers_i.mhpmcounter[2],1.2532
u_ibex_core.id_stage_i.decoder_i.instr_alu,crash_dump_o,1.2534
u_ibex_core.id_stage_i.decoder_i.instr_alu,u_ibex_core.cs_registers_i.mcycle_counter_i.counter,1.2536
u_ibex_core.id_stage_i.decoder_i.instr_alu,crash_dump_o,1.2539
u_ibex_core.id_stage_i.decoder_i.instr_alu,crash_dump_o,1.2539
u_ibex_core.id_stage_i.decoder_i.instr_alu,crash_dump_o,1.2539
u_ibex_core.id_stage_i.decoder_i.instr_alu,crash_dump_o,1.2539
u_ibex_core.id_stage_i.decoder_i.instr_alu,crash_dump_o,1.254
u_ibex_core.id_stage_i.decoder_i.instr_alu,crash_dump_o,1.2539
u_ibex_core.id_stage_i.decoder_i.instr_alu,crash_dump_o,1.254
u_ibex_core.id_stage_i.decoder_i.instr_alu,crash_dump_o,1.254
u_ibex_core.id_stage_i.decoder_i.instr_alu,crash_dump_o,1.254
u_ibex_core.id_stage_i.decoder_i.instr_alu,crash_dump_o,1.2539
u_ibex_core.id_stage_i.decoder_i.instr_alu,crash_dump_o,1.254
u_ibex_core.id_stage_i.decoder_i.instr_alu,crash_dump_o,1.254
u_ibex_core.id_stage_i.decoder_i.instr_alu,crash_dump_o,1.2539
u_ibex_core.id_stage_i.decoder_i.instr_alu,crash_dump_o,1.254
u_ibex_core.id_stage_i.decoder_i.instr_alu,crash_dump_o,1.254
u_ibex_core.id_stage_i.decoder_i.instr_alu,crash_dump_o,1.2539
u_ibex_core.id_stage_i.decoder_i.instr_alu,crash_dump_o,1.254
u_ibex_core.id_stage_i.decoder_i.instr_alu,crash_dump_o,1.2539
u_ibex_core.id_stage_i.decoder_i.instr_alu,crash_dump_o,1.254
u_ibex_core.id_stage_i.decoder_i.instr_alu,crash_dump_o,1.254
u_ibex_core.id_stage_i.decoder_i.instr_alu,u_ibex_core.cs_registers_i.mcycle_counter_i.counter,1.2543
u_ibex_core.id_stage_i.decoder_i.instr_alu,u_ibex_core.cs_registers_i.mcycle_counter_i.counter,1.2543
u_ibex_core.id_stage_i.decoder_i.instr_alu,u_ibex_core.cs_registers_i.mcycle_counter_i.counter,1.2549
u_ibex_core.id_stage_i.decoder_i.instr_alu,u_ibex_core.cs_registers_i.mcycle_counter_i.counter,1.255
u_ibex_core.id_stage_i.decoder_i.instr_alu,u_ibex_core.cs_registers_i.mcycle_counter_i.counter,1.2556
u_ibex_core.id_stage_i.decoder_i.instr_alu,u_ibex_core.cs_registers_i.mcycle_counter_i.counter,1.2556
u_ibex_core.id_stage_i.decoder_i.instr_alu,u_ibex_core.cs_registers_i.mcycle_counter_i.counter,1.2558
u_ibex_core.id_stage_i.decoder_i.instr_alu,u_ibex_core.cs_registers_i.mcycle_counter_i.counter,1.2558
u_ibex_core.id_stage_i.decoder_i.instr_alu,u_ibex_core.cs_registers_i.mcycle_counter_i.counter,1.2558
u_ibex_core.id_stage_i.decoder_i.instr_alu,u_ibex_core.cs_registers_i.mcycle_counter_i.counter,1.2559
u_ibex_core.id_stage_i.decoder_i.instr_alu,u_ibex_core.cs_registers_i.mcycle_counter_i.counter,1.2559
u_ibex_core.id_stage_i.decoder_i.instr_alu,u_ibex_core.cs_registers_i.mcycle_counter_i.counter,1.2559
u_ibex_core.id_stage_i.decoder_i.instr_alu,u_ibex_core.cs_registers_i.mcycle_counter_i.counter,1.2559
u_ibex_core.id_stage_i.decoder_i.instr_alu,crash_dump_o,1.2564
u_ibex_core.id_stage_i.decoder_i.instr_alu,crash_dump_o,1.2564
u_ibex_core.id_stage_i.decoder_i.instr_alu,crash_dump_o,1.2564
u_ibex_core.id_stage_i.decoder_i.instr_alu,crash_dump_o,1.2564
u_ibex_core.id_stage_i.decoder_i.instr_alu,u_ibex_core.id_stage_i.controller_i.id_wb_pending,1.2571
u_ibex_core.id_stage_i.decoder_i.instr_alu,u_ibex_core.cs_registers_i.mcycle_counter_i.counter,1.2573
u_ibex_core.id_stage_i.decoder_i.instr_alu,u_ibex_core.cs_registers_i.mcycle_counter_i.counter,1.2573
u_ibex_core.id_stage_i.decoder_i.instr_alu,u_ibex_core.cs_registers_i.mcycle_counter_i.counter,1.2573
u_ibex_core.id_stage_i.decoder_i.instr_alu,u_ibex_core.cs_registers_i.mcycle_counter_i.counter,1.2573
u_ibex_core.id_stage_i.decoder_i.instr_alu,u_ibex_core.cs_registers_i.mcycle_counter_i.counter,1.2573
u_ibex_core.id_stage_i.decoder_i.instr_alu,u_ibex_core.cs_registers_i.mcycle_counter_i.counter,1.2573
u_ibex_core.id_stage_i.decoder_i.instr_alu,u_ibex_core.cs_registers_i.mtval_q,1.2585
u_ibex_core.id_stage_i.decoder_i.instr_alu,u_ibex_core.cs_registers_i.mtval_q,1.2585
u_ibex_core.id_stage_i.decoder_i.instr_alu,u_ibex_core.cs_registers_i.mtval_q,1.2585
u_ibex_core.id_stage_i.decoder_i.instr_alu,u_ibex_core.cs_registers_i.mtval_q,1.2585
u_ibex_core.id_stage_i.decoder_i.instr_alu,u_ibex_core.cs_registers_i.mtval_q,1.2585
u_ibex_core.id_stage_i.decoder_i.instr_alu,u_ibex_core.cs_registers_i.mtval_q,1.2585
u_ibex_core.id_stage_i.decoder_i.instr_alu,u_ibex_core.cs_registers_i.mtval_q,1.2585
u_ibex_core.id_stage_i.decoder_i.instr_alu,u_ibex_core.cs_registers_i.mtval_q,1.2585
u_ibex_core.id_stage_i.decoder_i.instr_alu,u_ibex_core.cs_registers_i.mtval_q,1.2585
u_ibex_core.id_stage_i.decoder_i.instr_alu,u_ibex_core.cs_registers_i.mtval_q,1.2585
u_ibex_core.id_stage_i.decoder_i.instr_alu,u_ibex_core.cs_registers_i.mtval_q,1.2585
u_ibex_core.id_stage_i.decoder_i.instr_alu,u_ibex_core.cs_registers_i.mtval_q,1.2585
u_ibex_core.id_stage_i.decoder_i.instr_alu,u_ibex_core.cs_registers_i.mtval_q,1.2585
u_ibex_core.id_stage_i.decoder_i.instr_alu,u_ibex_core.cs_registers_i.mtval_q,1.2585
u_ibex_core.id_stage_i.decoder_i.instr_alu,u_ibex_core.cs_registers_i.mtval_q,1.2585
u_ibex_core.id_stage_i.decoder_i.instr_alu,u_ibex_core.cs_registers_i.mtval_q,1.2585
u_ibex_core.id_stage_i.decoder_i.instr_alu,u_ibex_core.cs_registers_i.mtval_q,1.2585
u_ibex_core.id_stage_i.decoder_i.instr_alu,u_ibex_core.cs_registers_i.mtval_q,1.2585
u_ibex_core.id_stage_i.decoder_i.instr_alu,u_ibex_core.cs_registers_i.mtval_q,1.2585
u_ibex_core.id_stage_i.decoder_i.instr_alu,u_ibex_core.cs_registers_i.mtval_q,1.2585
u_ibex_core.id_stage_i.decoder_i.instr_alu,u_ibex_core.cs_registers_i.mcycle_counter_i.counter,1.259
u_ibex_core.id_stage_i.decoder_i.instr_alu,u_ibex_core.cs_registers_i.mhpmcounter[2],1.2605
u_ibex_core.id_stage_i.decoder_i.instr_alu,u_ibex_core.cs_registers_i.mhpmcounter[2],1.2605
u_ibex_core.id_stage_i.decoder_i.instr_alu,u_ibex_core.cs_registers_i.mcycle_counter_i.counter,1.2607
u_ibex_core.id_stage_i.decoder_i.instr_alu,u_ibex_core.cs_registers_i.mcycle_counter_i.counter,1.261
u_ibex_core.id_stage_i.decoder_i.instr_alu,u_ibex_core.cs_registers_i.mcycle_counter_i.counter,1.261
u_ibex_core.id_stage_i.decoder_i.instr_alu,u_ibex_core.cs_registers_i.mcycle_counter_i.counter,1.261
u_ibex_core.id_stage_i.decoder_i.instr_alu,u_ibex_core.id_stage_i.controller_i.instr_compressed_i,1.2619
u_ibex_core.id_stage_i.decoder_i.instr_alu,crash_dump_o,1.2634
u_ibex_core.id_stage_i.decoder_i.instr_alu,crash_dump_o,1.2634
u_ibex_core.id_stage_i.decoder_i.instr_alu,crash_dump_o,1.2634
u_ibex_core.id_stage_i.decoder_i.instr_alu,crash_dump_o,1.2634
u_ibex_core.id_stage_i.decoder_i.instr_alu,crash_dump_o,1.2634
u_ibex_core.id_stage_i.decoder_i.instr_alu,crash_dump_o,1.2634
u_ibex_core.id_stage_i.decoder_i.instr_alu,crash_dump_o,1.2634
u_ibex_core.id_stage_i.decoder_i.instr_alu,crash_dump_o,1.2634
u_ibex_core.id_stage_i.decoder_i.instr_alu,crash_dump_o,1.2634
u_ibex_core.id_stage_i.decoder_i.instr_alu,crash_dump_o,1.2634
u_ibex_core.id_stage_i.decoder_i.instr_alu,crash_dump_o,1.2634
u_ibex_core.id_stage_i.decoder_i.instr_alu,crash_dump_o,1.2634
u_ibex_core.id_stage_i.decoder_i.instr_alu,crash_dump_o,1.2634
u_ibex_core.id_stage_i.decoder_i.instr_alu,crash_dump_o,1.2634
u_ibex_core.id_stage_i.decoder_i.instr_alu,crash_dump_o,1.2634
u_ibex_core.id_stage_i.decoder_i.instr_alu,crash_dump_o,1.2634
u_ibex_core.id_stage_i.decoder_i.instr_alu,crash_dump_o,1.2634
u_ibex_core.id_stage_i.decoder_i.instr_alu,crash_dump_o,1.2634
u_ibex_core.id_stage_i.decoder_i.instr_alu,crash_dump_o,1.2634
u_ibex_core.id_stage_i.decoder_i.instr_alu,crash_dump_o,1.2634
u_ibex_core.id_stage_i.decoder_i.instr_alu,crash_dump_o,1.2644
u_ibex_core.id_stage_i.decoder_i.instr_alu,crash_dump_o,1.2643
u_ibex_core.id_stage_i.decoder_i.instr_alu,crash_dump_o,1.2643
u_ibex_core.id_stage_i.decoder_i.instr_alu,crash_dump_o,1.2643
u_ibex_core.id_stage_i.decoder_i.instr_alu,crash_dump_o,1.2643
u_ibex_core.id_stage_i.decoder_i.instr_alu,crash_dump_o,1.2643
u_ibex_core.id_stage_i.decoder_i.instr_alu,crash_dump_o,1.2643
u_ibex_core.id_stage_i.decoder_i.instr_alu,u_ibex_core.cs_registers_i.mhpmcounter[2],1.2655
u_ibex_core.id_stage_i.decoder_i.instr_alu,u_ibex_core.cs_registers_i.csr_mtvec_o,1.266
u_ibex_core.id_stage_i.decoder_i.instr_alu,u_ibex_core.cs_registers_i.csr_mtvec_o,1.266
u_ibex_core.id_stage_i.decoder_i.instr_alu,u_ibex_core.cs_registers_i.csr_mtvec_o,1.266
u_ibex_core.id_stage_i.decoder_i.instr_alu,u_ibex_core.cs_registers_i.csr_mtvec_o,1.266
u_ibex_core.id_stage_i.decoder_i.instr_alu,u_ibex_core.cs_registers_i.csr_mtvec_o,1.266
u_ibex_core.id_stage_i.decoder_i.instr_alu,u_ibex_core.cs_registers_i.csr_mtvec_o,1.266
u_ibex_core.id_stage_i.decoder_i.instr_alu,u_ibex_core.cs_registers_i.csr_mtvec_o,1.266
u_ibex_core.id_stage_i.decoder_i.instr_alu,u_ibex_core.cs_registers_i.csr_mtvec_o,1.266
u_ibex_core.id_stage_i.decoder_i.instr_alu,u_ibex_core.cs_registers_i.csr_mtvec_o,1.266
u_ibex_core.id_stage_i.decoder_i.instr_alu,u_ibex_core.cs_registers_i.csr_mtvec_o,1.266
u_ibex_core.id_stage_i.decoder_i.instr_alu,u_ibex_core.cs_registers_i.csr_mtvec_o,1.266
u_ibex_core.id_stage_i.decoder_i.instr_alu,u_ibex_core.cs_registers_i.csr_mtvec_o,1.266
u_ibex_core.id_stage_i.decoder_i.instr_alu,u_ibex_core.cs_registers_i.csr_mtvec_o,1.266
u_ibex_core.id_stage_i.decoder_i.instr_alu,u_ibex_core.cs_registers_i.csr_mtvec_o,1.266
u_ibex_core.id_stage_i.decoder_i.instr_alu,u_ibex_core.cs_registers_i.csr_mtvec_o,1.266
u_ibex_core.id_stage_i.decoder_i.instr_alu,u_ibex_core.cs_registers_i.csr_mtvec_o,1.266
u_ibex_core.id_stage_i.decoder_i.instr_alu,u_ibex_core.cs_registers_i.csr_mtvec_o,1.266
u_ibex_core.id_stage_i.decoder_i.instr_alu,u_ibex_core.cs_registers_i.csr_mtvec_o,1.266
u_ibex_core.id_stage_i.decoder_i.instr_alu,u_ibex_core.cs_registers_i.csr_mtvec_o,1.266
u_ibex_core.id_stage_i.decoder_i.instr_alu,u_ibex_core.cs_registers_i.csr_mtvec_o,1.266
u_ibex_core.id_stage_i.decoder_i.instr_alu,u_ibex_core.cs_registers_i.mtval_q,1.2671
u_ibex_core.id_stage_i.decoder_i.instr_alu,u_ibex_core.cs_registers_i.mstack_d,1.2678
u_ibex_core.id_stage_i.decoder_i.instr_alu,u_ibex_core.cs_registers_i.mstack_d,1.2703
u_ibex_core.id_stage_i.decoder_i.instr_alu,u_ibex_core.cs_registers_i.mhpmcounter[2],1.2703
u_ibex_core.id_stage_i.decoder_i.instr_alu,u_ibex_core.cs_registers_i.mcycle_counter_i.counter,1.2706
u_ibex_core.id_stage_i.decoder_i.instr_alu,u_ibex_core.cs_registers_i.mcycle_counter_i.counter,1.2706
u_ibex_core.id_stage_i.decoder_i.instr_alu,u_ibex_core.cs_registers_i.mcycle_counter_i.counter,1.2706
u_ibex_core.id_stage_i.decoder_i.instr_alu,u_ibex_core.cs_registers_i.mcycle_counter_i.counter,1.2706
u_ibex_core.id_stage_i.decoder_i.instr_alu,u_ibex_core.cs_registers_i.mcycle_counter_i.counter,1.2706
u_ibex_core.id_stage_i.decoder_i.instr_alu,u_ibex_core.cs_registers_i.mcycle_counter_i.counter,1.2706
u_ibex_core.id_stage_i.decoder_i.instr_alu,u_ibex_core.cs_registers_i.mcycle_counter_i.counter,1.2706
u_ibex_core.id_stage_i.decoder_i.instr_alu,u_ibex_core.cs_registers_i.mtval_q,1.2707
u_ibex_core.id_stage_i.decoder_i.instr_alu,u_ibex_core.cs_registers_i.mtval_q,1.2707
u_ibex_core.id_stage_i.decoder_i.instr_alu,u_ibex_core.cs_registers_i.mtval_q,1.2707
u_ibex_core.id_stage_i.decoder_i.instr_alu,u_ibex_core.cs_registers_i.mtval_q,1.2707
u_ibex_core.id_stage_i.decoder_i.instr_alu,u_ibex_core.cs_registers_i.mtval_q,1.2707
u_ibex_core.id_stage_i.decoder_i.instr_alu,u_ibex_core.cs_registers_i.mtval_q,1.2711
u_ibex_core.id_stage_i.decoder_i.instr_alu,u_ibex_core.cs_registers_i.mhpmcounter[2],1.2713
u_ibex_core.id_stage_i.decoder_i.instr_alu,u_ibex_core.cs_registers_i.mtval_q,1.2714
u_ibex_core.id_stage_i.decoder_i.instr_alu,u_ibex_core.cs_registers_i.mtval_q,1.2714
u_ibex_core.id_stage_i.decoder_i.instr_alu,u_ibex_core.cs_registers_i.dcsr_q,1.2717
u_ibex_core.id_stage_i.decoder_i.instr_alu,u_ibex_core.cs_registers_i.dcsr_q,1.2717
u_ibex_core.id_stage_i.decoder_i.instr_alu,u_ibex_core.cs_registers_i.dcsr_q,1.2717
u_ibex_core.id_stage_i.decoder_i.instr_alu,u_ibex_core.cs_registers_i.dcsr_q,1.2717
u_ibex_core.id_stage_i.decoder_i.instr_alu,u_ibex_core.cs_registers_i.dcsr_q,1.2717
u_ibex_core.id_stage_i.decoder_i.instr_alu,u_ibex_core.cs_registers_i.dcsr_q,1.2717
u_ibex_core.id_stage_i.decoder_i.instr_alu,u_ibex_core.cs_registers_i.dcsr_q,1.2717
u_ibex_core.id_stage_i.decoder_i.instr_alu,u_ibex_core.cs_registers_i.dcsr_q,1.2717
u_ibex_core.id_stage_i.decoder_i.instr_alu,u_ibex_core.cs_registers_i.dcsr_q,1.2717
u_ibex_core.id_stage_i.decoder_i.instr_alu,u_ibex_core.cs_registers_i.dcsr_q,1.2717
u_ibex_core.id_stage_i.decoder_i.instr_alu,u_ibex_core.cs_registers_i.dcsr_q,1.2717
u_ibex_core.id_stage_i.decoder_i.instr_alu,u_ibex_core.cs_registers_i.dcsr_q,1.2717
u_ibex_core.id_stage_i.decoder_i.instr_alu,u_ibex_core.cs_registers_i.dcsr_q,1.2717
u_ibex_core.id_stage_i.decoder_i.instr_alu,u_ibex_core.cs_registers_i.dcsr_q,1.2717
u_ibex_core.id_stage_i.decoder_i.instr_alu,u_ibex_core.cs_registers_i.dcsr_q,1.2717
u_ibex_core.id_stage_i.decoder_i.instr_alu,u_ibex_core.cs_registers_i.dcsr_q,1.2717
u_ibex_core.id_stage_i.decoder_i.instr_alu,u_ibex_core.cs_registers_i.dcsr_q,1.2717
u_ibex_core.id_stage_i.decoder_i.instr_alu,u_ibex_core.cs_registers_i.dcsr_q,1.2717
u_ibex_core.id_stage_i.decoder_i.instr_alu,u_ibex_core.cs_registers_i.dcsr_q,1.2717
u_ibex_core.id_stage_i.decoder_i.instr_alu,u_ibex_core.cs_registers_i.dcsr_q,1.2717
u_ibex_core.id_stage_i.decoder_i.instr_alu,u_ibex_core.cs_registers_i.csr_mtvec_o,1.2731
u_ibex_core.id_stage_i.decoder_i.instr_alu,u_ibex_core.cs_registers_i.csr_mtvec_o,1.2731
u_ibex_core.id_stage_i.decoder_i.instr_alu,u_ibex_core.cs_registers_i.mtval_q,1.2745
u_ibex_core.id_stage_i.decoder_i.instr_alu,u_ibex_core.cs_registers_i.csr_mstatus_mie_o,1.2753
u_ibex_core.id_stage_i.decoder_i.instr_alu,u_ibex_core.cs_registers_i.dscratch1_q,1.2758
u_ibex_core.id_stage_i.decoder_i.instr_alu,u_ibex_core.cs_registers_i.dscratch0_q,1.2758
u_ibex_core.id_stage_i.decoder_i.instr_alu,u_ibex_core.cs_registers_i.dscratch1_q,1.2758
u_ibex_core.id_stage_i.decoder_i.instr_alu,u_ibex_core.cs_registers_i.dscratch0_q,1.2758
u_ibex_core.id_stage_i.decoder_i.instr_alu,u_ibex_core.cs_registers_i.dscratch1_q,1.2758
u_ibex_core.id_stage_i.decoder_i.instr_alu,u_ibex_core.cs_registers_i.dscratch0_q,1.2758
u_ibex_core.id_stage_i.decoder_i.instr_alu,u_ibex_core.cs_registers_i.dscratch1_q,1.2758
u_ibex_core.id_stage_i.decoder_i.instr_alu,u_ibex_core.cs_registers_i.dscratch0_q,1.2758
u_ibex_core.id_stage_i.decoder_i.instr_alu,u_ibex_core.cs_registers_i.dscratch1_q,1.2759
u_ibex_core.id_stage_i.decoder_i.instr_alu,u_ibex_core.cs_registers_i.dscratch1_q,1.2759
u_ibex_core.id_stage_i.decoder_i.instr_alu,u_ibex_core.cs_registers_i.dscratch1_q,1.2759
u_ibex_core.id_stage_i.decoder_i.instr_alu,u_ibex_core.cs_registers_i.dscratch0_q,1.2759
u_ibex_core.id_stage_i.decoder_i.instr_alu,u_ibex_core.cs_registers_i.dscratch0_q,1.2759
u_ibex_core.id_stage_i.decoder_i.instr_alu,u_ibex_core.cs_registers_i.dscratch0_q,1.2759
u_ibex_core.id_stage_i.decoder_i.instr_alu,u_ibex_core.cs_registers_i.dscratch1_q,1.2759
u_ibex_core.id_stage_i.decoder_i.instr_alu,u_ibex_core.cs_registers_i.dscratch1_q,1.2759
u_ibex_core.id_stage_i.decoder_i.instr_alu,u_ibex_core.cs_registers_i.dscratch1_q,1.2759
u_ibex_core.id_stage_i.decoder_i.instr_alu,u_ibex_core.cs_registers_i.dscratch1_q,1.2759
u_ibex_core.id_stage_i.decoder_i.instr_alu,u_ibex_core.cs_registers_i.dscratch1_q,1.2759
u_ibex_core.id_stage_i.decoder_i.instr_alu,u_ibex_core.cs_registers_i.dscratch1_q,1.2759
u_ibex_core.id_stage_i.decoder_i.instr_alu,u_ibex_core.cs_registers_i.dscratch1_q,1.2759
u_ibex_core.id_stage_i.decoder_i.instr_alu,u_ibex_core.cs_registers_i.dscratch1_q,1.2759
u_ibex_core.id_stage_i.decoder_i.instr_alu,u_ibex_core.cs_registers_i.dscratch1_q,1.2759
u_ibex_core.id_stage_i.decoder_i.instr_alu,u_ibex_core.cs_registers_i.dscratch1_q,1.2759
u_ibex_core.id_stage_i.decoder_i.instr_alu,u_ibex_core.cs_registers_i.dscratch1_q,1.2759
u_ibex_core.id_stage_i.decoder_i.instr_alu,u_ibex_core.cs_registers_i.dscratch1_q,1.2759
u_ibex_core.id_stage_i.decoder_i.instr_alu,u_ibex_core.cs_registers_i.dscratch1_q,1.2759
u_ibex_core.id_stage_i.decoder_i.instr_alu,u_ibex_core.cs_registers_i.dscratch0_q,1.2759
u_ibex_core.id_stage_i.decoder_i.instr_alu,u_ibex_core.cs_registers_i.dscratch0_q,1.2759
u_ibex_core.id_stage_i.decoder_i.instr_alu,u_ibex_core.cs_registers_i.dscratch0_q,1.2759
u_ibex_core.id_stage_i.decoder_i.instr_alu,u_ibex_core.cs_registers_i.dscratch0_q,1.2759
u_ibex_core.id_stage_i.decoder_i.instr_alu,u_ibex_core.cs_registers_i.dscratch0_q,1.2759
u_ibex_core.id_stage_i.decoder_i.instr_alu,u_ibex_core.cs_registers_i.dscratch0_q,1.2759
u_ibex_core.id_stage_i.decoder_i.instr_alu,u_ibex_core.cs_registers_i.dscratch0_q,1.2759
u_ibex_core.id_stage_i.decoder_i.instr_alu,u_ibex_core.cs_registers_i.dscratch0_q,1.2759
u_ibex_core.id_stage_i.decoder_i.instr_alu,u_ibex_core.cs_registers_i.dscratch0_q,1.2759
u_ibex_core.id_stage_i.decoder_i.instr_alu,u_ibex_core.cs_registers_i.dscratch0_q,1.2759
u_ibex_core.id_stage_i.decoder_i.instr_alu,u_ibex_core.cs_registers_i.dscratch0_q,1.2759
u_ibex_core.id_stage_i.decoder_i.instr_alu,u_ibex_core.cs_registers_i.dscratch0_q,1.2759
u_ibex_core.id_stage_i.decoder_i.instr_alu,u_ibex_core.cs_registers_i.dscratch0_q,1.2759
u_ibex_core.id_stage_i.decoder_i.instr_alu,u_ibex_core.cs_registers_i.dscratch1_q,1.277
u_ibex_core.id_stage_i.decoder_i.instr_alu,u_ibex_core.cs_registers_i.dscratch0_q,1.277
u_ibex_core.id_stage_i.decoder_i.instr_alu,u_ibex_core.cs_registers_i.dscratch1_q,1.277
u_ibex_core.id_stage_i.decoder_i.instr_alu,u_ibex_core.cs_registers_i.dscratch0_q,1.277
u_ibex_core.id_stage_i.decoder_i.instr_alu,u_ibex_core.cs_registers_i.dscratch1_q,1.277
u_ibex_core.id_stage_i.decoder_i.instr_alu,u_ibex_core.cs_registers_i.dscratch0_q,1.277
u_ibex_core.id_stage_i.decoder_i.instr_alu,u_ibex_core.cs_registers_i.dscratch1_q,1.277
u_ibex_core.id_stage_i.decoder_i.instr_alu,u_ibex_core.cs_registers_i.dscratch0_q,1.277
u_ibex_core.id_stage_i.decoder_i.instr_alu,u_ibex_core.cs_registers_i.dscratch1_q,1.277
u_ibex_core.id_stage_i.decoder_i.instr_alu,u_ibex_core.cs_registers_i.dscratch1_q,1.277
u_ibex_core.id_stage_i.decoder_i.instr_alu,u_ibex_core.cs_registers_i.dscratch0_q,1.277
u_ibex_core.id_stage_i.decoder_i.instr_alu,u_ibex_core.cs_registers_i.dscratch0_q,1.277
u_ibex_core.id_stage_i.decoder_i.instr_alu,u_ibex_core.cs_registers_i.dscratch1_q,1.277
u_ibex_core.id_stage_i.decoder_i.instr_alu,u_ibex_core.cs_registers_i.dscratch1_q,1.277
u_ibex_core.id_stage_i.decoder_i.instr_alu,u_ibex_core.cs_registers_i.dscratch0_q,1.277
u_ibex_core.id_stage_i.decoder_i.instr_alu,u_ibex_core.cs_registers_i.dscratch0_q,1.277
u_ibex_core.id_stage_i.decoder_i.instr_alu,crash_dump_o,1.2771
u_ibex_core.id_stage_i.decoder_i.instr_alu,crash_dump_o,1.2771
u_ibex_core.id_stage_i.decoder_i.instr_alu,u_ibex_core.cs_registers_i.mcycle_counter_i.counter,1.2795
u_ibex_core.id_stage_i.decoder_i.instr_alu,u_ibex_core.cs_registers_i.csr_depc_o,1.2795
u_ibex_core.id_stage_i.decoder_i.instr_alu,u_ibex_core.cs_registers_i.csr_depc_o,1.2795
u_ibex_core.id_stage_i.decoder_i.instr_alu,u_ibex_core.cs_registers_i.csr_depc_o,1.2795
u_ibex_core.id_stage_i.decoder_i.instr_alu,u_ibex_core.cs_registers_i.csr_depc_o,1.2795
u_ibex_core.id_stage_i.decoder_i.instr_alu,u_ibex_core.cs_registers_i.csr_depc_o,1.2795
u_ibex_core.id_stage_i.decoder_i.instr_alu,u_ibex_core.cs_registers_i.csr_depc_o,1.2795
u_ibex_core.id_stage_i.decoder_i.instr_alu,u_ibex_core.cs_registers_i.csr_depc_o,1.2795
u_ibex_core.id_stage_i.decoder_i.instr_alu,u_ibex_core.cs_registers_i.csr_depc_o,1.2795
u_ibex_core.id_stage_i.decoder_i.instr_alu,u_ibex_core.cs_registers_i.csr_depc_o,1.2795
u_ibex_core.id_stage_i.decoder_i.instr_alu,u_ibex_core.cs_registers_i.csr_depc_o,1.2795
u_ibex_core.id_stage_i.decoder_i.instr_alu,u_ibex_core.cs_registers_i.mhpmcounter[2],1.2811
u_ibex_core.id_stage_i.decoder_i.instr_alu,u_ibex_core.cs_registers_i.mhpmcounter[2],1.2814
u_ibex_core.id_stage_i.decoder_i.instr_alu,u_ibex_core.cs_registers_i.mhpmcounter[2],1.2816
u_ibex_core.id_stage_i.decoder_i.instr_alu,u_ibex_core.cs_registers_i.dscratch1_q,1.2837
u_ibex_core.id_stage_i.decoder_i.instr_alu,u_ibex_core.cs_registers_i.dscratch0_q,1.2837
u_ibex_core.id_stage_i.decoder_i.instr_alu,u_ibex_core.cs_registers_i.mhpmcounter[2],1.2856
u_ibex_core.id_stage_i.decoder_i.instr_alu,u_ibex_core.cs_registers_i.mie_q,1.2863
u_ibex_core.id_stage_i.decoder_i.instr_alu,u_ibex_core.cs_registers_i.mcycle_counter_i.counter,1.2873
u_ibex_core.id_stage_i.decoder_i.instr_alu,u_ibex_core.cs_registers_i.mcycle_counter_i.counter,1.2876
u_ibex_core.id_stage_i.decoder_i.instr_alu,u_ibex_core.cs_registers_i.mcycle_counter_i.counter,1.2876
u_ibex_core.id_stage_i.decoder_i.instr_alu,u_ibex_core.cs_registers_i.mcycle_counter_i.counter,1.2877
u_ibex_core.id_stage_i.decoder_i.instr_alu,u_ibex_core.cs_registers_i.mcycle_counter_i.counter,1.2877
u_ibex_core.id_stage_i.decoder_i.instr_alu,u_ibex_core.cs_registers_i.mcycle_counter_i.counter,1.2877
u_ibex_core.id_stage_i.decoder_i.instr_alu,u_ibex_core.cs_registers_i.mcycle_counter_i.counter,1.2877
u_ibex_core.id_stage_i.decoder_i.instr_alu,u_ibex_core.cs_registers_i.mcycle_counter_i.counter,1.2879
u_ibex_core.id_stage_i.decoder_i.instr_alu,u_ibex_core.cs_registers_i.dcsr_q,1.2909
u_ibex_core.id_stage_i.decoder_i.instr_alu,u_ibex_core.cs_registers_i.mcycle_counter_i.counter,1.2924
u_ibex_core.id_stage_i.decoder_i.instr_alu,u_ibex_core.cs_registers_i.mcycle_counter_i.counter,1.2924
u_ibex_core.id_stage_i.decoder_i.instr_alu,u_ibex_core.cs_registers_i.mcycle_counter_i.counter,1.2924
u_ibex_core.id_stage_i.decoder_i.instr_alu,u_ibex_core.cs_registers_i.mcycle_counter_i.counter,1.2924
u_ibex_core.id_stage_i.decoder_i.instr_alu,u_ibex_core.cs_registers_i.mcycle_counter_i.counter,1.2924
u_ibex_core.id_stage_i.decoder_i.instr_alu,u_ibex_core.cs_registers_i.mcycle_counter_i.counter,1.2924
u_ibex_core.id_stage_i.decoder_i.instr_alu,u_ibex_core.cs_registers_i.mhpmcounter[2],1.2925
u_ibex_core.id_stage_i.decoder_i.instr_alu,u_ibex_core.cs_registers_i.mhpmcounter[2],1.2925
u_ibex_core.id_stage_i.decoder_i.instr_alu,u_ibex_core.cs_registers_i.mhpmcounter[2],1.2925
u_ibex_core.id_stage_i.decoder_i.instr_alu,u_ibex_core.cs_registers_i.dcsr_q,1.296
u_ibex_core.id_stage_i.decoder_i.instr_alu,u_ibex_core.if_stage_i.gen_prefetch_buffer.prefetch_buffer_i.fifo_i.valid_q,1.2993
u_ibex_core.id_stage_i.decoder_i.instr_alu,u_ibex_core.if_stage_i.gen_prefetch_buffer.prefetch_buffer_i.fifo_busy,1.2993
u_ibex_core.id_stage_i.decoder_i.instr_alu,u_ibex_core.cs_registers_i.debug_ebreaku_o,1.2996
u_ibex_core.id_stage_i.decoder_i.instr_alu,u_ibex_core.cs_registers_i.debug_single_step_o,1.2996
u_ibex_core.id_stage_i.decoder_i.instr_alu,u_ibex_core.cs_registers_i.dcsr_q,1.2996
u_ibex_core.id_stage_i.decoder_i.instr_alu,u_ibex_core.cs_registers_i.debug_ebreakm_o,1.2996
u_ibex_core.id_stage_i.decoder_i.instr_alu,u_ibex_core.cs_registers_i.mtval_q,1.3048
u_ibex_core.id_stage_i.decoder_i.instr_alu,crash_dump_o,1.3052
u_ibex_core.id_stage_i.decoder_i.instr_alu,crash_dump_o,1.3052
u_ibex_core.id_stage_i.decoder_i.instr_alu,crash_dump_o,1.3052
u_ibex_core.id_stage_i.decoder_i.instr_alu,u_ibex_core.cs_registers_i.mscratch_q,1.3059
u_ibex_core.id_stage_i.decoder_i.instr_alu,u_ibex_core.cs_registers_i.mscratch_q,1.3059
u_ibex_core.id_stage_i.decoder_i.instr_alu,u_ibex_core.cs_registers_i.mscratch_q,1.306
u_ibex_core.id_stage_i.decoder_i.instr_alu,u_ibex_core.cs_registers_i.mscratch_q,1.306
u_ibex_core.id_stage_i.decoder_i.instr_alu,u_ibex_core.cs_registers_i.mscratch_q,1.306
u_ibex_core.id_stage_i.decoder_i.instr_alu,u_ibex_core.cs_registers_i.mscratch_q,1.306
u_ibex_core.id_stage_i.decoder_i.instr_alu,u_ibex_core.cs_registers_i.mscratch_q,1.306
u_ibex_core.id_stage_i.decoder_i.instr_alu,u_ibex_core.cs_registers_i.mscratch_q,1.306
u_ibex_core.id_stage_i.decoder_i.instr_alu,u_ibex_core.cs_registers_i.mscratch_q,1.306
u_ibex_core.id_stage_i.decoder_i.instr_alu,u_ibex_core.cs_registers_i.mscratch_q,1.306
u_ibex_core.id_stage_i.decoder_i.instr_alu,u_ibex_core.cs_registers_i.mscratch_q,1.306
u_ibex_core.id_stage_i.decoder_i.instr_alu,u_ibex_core.cs_registers_i.mscratch_q,1.306
u_ibex_core.id_stage_i.decoder_i.instr_alu,u_ibex_core.cs_registers_i.mscratch_q,1.306
u_ibex_core.id_stage_i.decoder_i.instr_alu,u_ibex_core.cs_registers_i.mscratch_q,1.306
u_ibex_core.id_stage_i.decoder_i.instr_alu,u_ibex_core.cs_registers_i.mscratch_q,1.306
u_ibex_core.id_stage_i.decoder_i.instr_alu,u_ibex_core.cs_registers_i.mscratch_q,1.306
u_ibex_core.id_stage_i.decoder_i.instr_alu,u_ibex_core.cs_registers_i.mscratch_q,1.306
u_ibex_core.id_stage_i.decoder_i.instr_alu,u_ibex_core.cs_registers_i.mscratch_q,1.306
u_ibex_core.id_stage_i.decoder_i.instr_alu,u_ibex_core.cs_registers_i.mscratch_q,1.306
u_ibex_core.id_stage_i.decoder_i.instr_alu,u_ibex_core.cs_registers_i.mscratch_q,1.306
u_ibex_core.id_stage_i.decoder_i.instr_alu,u_ibex_core.cs_registers_i.mscratch_q,1.3071
u_ibex_core.id_stage_i.decoder_i.instr_alu,u_ibex_core.cs_registers_i.mscratch_q,1.3071
u_ibex_core.id_stage_i.decoder_i.instr_alu,u_ibex_core.cs_registers_i.mscratch_q,1.3071
u_ibex_core.id_stage_i.decoder_i.instr_alu,u_ibex_core.cs_registers_i.mscratch_q,1.3071
u_ibex_core.id_stage_i.decoder_i.instr_alu,u_ibex_core.cs_registers_i.mscratch_q,1.3071
u_ibex_core.id_stage_i.decoder_i.instr_alu,u_ibex_core.cs_registers_i.mscratch_q,1.3071
u_ibex_core.id_stage_i.decoder_i.instr_alu,u_ibex_core.cs_registers_i.mscratch_q,1.3071
u_ibex_core.id_stage_i.decoder_i.instr_alu,u_ibex_core.cs_registers_i.mscratch_q,1.3071
u_ibex_core.id_stage_i.decoder_i.instr_alu,u_ibex_core.if_stage_i.gen_prefetch_buffer.prefetch_buffer_i.fifo_busy,1.3105
u_ibex_core.id_stage_i.decoder_i.instr_alu,u_ibex_core.cs_registers_i.csr_mtvec_o,1.3115
u_ibex_core.id_stage_i.decoder_i.instr_alu,u_ibex_core.cs_registers_i.mtval_q,1.3128
u_ibex_core.id_stage_i.decoder_i.instr_alu,u_ibex_core.cs_registers_i.mscratch_q,1.3138
u_ibex_core.id_stage_i.decoder_i.instr_alu,u_ibex_core.cs_registers_i.csr_depc_o,1.3144
u_ibex_core.id_stage_i.decoder_i.instr_alu,u_ibex_core.cs_registers_i.csr_depc_o,1.3144
u_ibex_core.id_stage_i.decoder_i.instr_alu,u_ibex_core.cs_registers_i.csr_depc_o,1.3144
u_ibex_core.id_stage_i.decoder_i.instr_alu,u_ibex_core.cs_registers_i.csr_depc_o,1.3144
u_ibex_core.id_stage_i.decoder_i.instr_alu,u_ibex_core.cs_registers_i.csr_depc_o,1.3144
u_ibex_core.id_stage_i.decoder_i.instr_alu,u_ibex_core.cs_registers_i.csr_depc_o,1.3144
u_ibex_core.id_stage_i.decoder_i.instr_alu,u_ibex_core.cs_registers_i.csr_depc_o,1.3144
u_ibex_core.id_stage_i.decoder_i.instr_alu,u_ibex_core.cs_registers_i.csr_depc_o,1.3144
u_ibex_core.id_stage_i.decoder_i.instr_alu,u_ibex_core.cs_registers_i.csr_depc_o,1.3144
u_ibex_core.id_stage_i.decoder_i.instr_alu,u_ibex_core.cs_registers_i.csr_depc_o,1.3144
u_ibex_core.id_stage_i.decoder_i.instr_alu,u_ibex_core.cs_registers_i.csr_depc_o,1.3144
u_ibex_core.id_stage_i.decoder_i.instr_alu,u_ibex_core.cs_registers_i.csr_depc_o,1.3144
u_ibex_core.id_stage_i.decoder_i.instr_alu,u_ibex_core.cs_registers_i.csr_depc_o,1.3144
u_ibex_core.id_stage_i.decoder_i.instr_alu,u_ibex_core.cs_registers_i.csr_depc_o,1.3144
u_ibex_core.id_stage_i.decoder_i.instr_alu,u_ibex_core.cs_registers_i.csr_depc_o,1.3144
u_ibex_core.id_stage_i.decoder_i.instr_alu,u_ibex_core.cs_registers_i.csr_depc_o,1.3144
u_ibex_core.id_stage_i.decoder_i.instr_alu,u_ibex_core.cs_registers_i.csr_depc_o,1.3144
u_ibex_core.id_stage_i.decoder_i.instr_alu,u_ibex_core.cs_registers_i.csr_depc_o,1.3144
u_ibex_core.id_stage_i.decoder_i.instr_alu,crash_dump_o,1.3179
u_ibex_core.id_stage_i.decoder_i.instr_alu,crash_dump_o,1.3179
u_ibex_core.id_stage_i.decoder_i.instr_alu,u_ibex_core.cs_registers_i.mstack_d,1.3205
u_ibex_core.id_stage_i.decoder_i.instr_alu,u_ibex_core.cs_registers_i.csr_mtvec_o,1.3205
u_ibex_core.id_stage_i.decoder_i.instr_alu,u_ibex_core.cs_registers_i.csr_mtvec_o,1.3205
u_ibex_core.id_stage_i.decoder_i.instr_alu,u_ibex_core.cs_registers_i.csr_mtvec_o,1.3205
u_ibex_core.id_stage_i.decoder_i.instr_alu,u_ibex_core.cs_registers_i.csr_mtvec_o,1.3205
u_ibex_core.id_stage_i.decoder_i.instr_alu,u_ibex_core.cs_registers_i.csr_mtvec_o,1.3205
u_ibex_core.id_stage_i.decoder_i.instr_alu,u_ibex_core.cs_registers_i.csr_mtvec_o,1.3205
u_ibex_core.id_stage_i.decoder_i.instr_alu,u_ibex_core.cs_registers_i.csr_mtvec_o,1.3205
u_ibex_core.id_stage_i.decoder_i.instr_alu,u_ibex_core.cs_registers_i.csr_depc_o,1.3206
u_ibex_core.id_stage_i.decoder_i.instr_alu,u_ibex_core.cs_registers_i.csr_depc_o,1.3215
u_ibex_core.id_stage_i.decoder_i.instr_alu,u_ibex_core.cs_registers_i.csr_depc_o,1.3236
u_ibex_core.id_stage_i.decoder_i.instr_alu,u_ibex_core.cs_registers_i.mie_q,1.3301
u_ibex_core.id_stage_i.decoder_i.instr_alu,u_ibex_core.cs_registers_i.mie_q,1.3301
u_ibex_core.id_stage_i.decoder_i.instr_alu,u_ibex_core.cs_registers_i.mie_q,1.3301
u_ibex_core.id_stage_i.decoder_i.instr_alu,u_ibex_core.cs_registers_i.mie_q,1.3302
u_ibex_core.id_stage_i.decoder_i.instr_alu,u_ibex_core.cs_registers_i.mie_q,1.3302
u_ibex_core.id_stage_i.decoder_i.instr_alu,u_ibex_core.cs_registers_i.mie_q,1.3302
u_ibex_core.id_stage_i.decoder_i.instr_alu,u_ibex_core.cs_registers_i.mie_q,1.3302
u_ibex_core.id_stage_i.decoder_i.instr_alu,u_ibex_core.cs_registers_i.mie_q,1.3302
u_ibex_core.id_stage_i.decoder_i.instr_alu,u_ibex_core.cs_registers_i.dcsr_q,1.3381
u_ibex_core.id_stage_i.decoder_i.instr_alu,u_ibex_core.cs_registers_i.csr_depc_o,1.3385
u_ibex_core.id_stage_i.decoder_i.instr_alu,u_ibex_core.cs_registers_i.mcause_q,1.3385
u_ibex_core.id_stage_i.decoder_i.instr_alu,u_ibex_core.cs_registers_i.mcause_q,1.3385
u_ibex_core.id_stage_i.decoder_i.instr_alu,u_ibex_core.cs_registers_i.mcause_q,1.3385
u_ibex_core.id_stage_i.decoder_i.instr_alu,u_ibex_core.cs_registers_i.mcause_q,1.3385
u_ibex_core.id_stage_i.decoder_i.instr_alu,u_ibex_core.cs_registers_i.mcause_q,1.3385
u_ibex_core.id_stage_i.decoder_i.instr_alu,u_ibex_core.cs_registers_i.mcause_q,1.3385
u_ibex_core.id_stage_i.decoder_i.instr_alu,u_ibex_core.cs_registers_i.dscratch1_q,1.3399
u_ibex_core.id_stage_i.decoder_i.instr_alu,u_ibex_core.cs_registers_i.dscratch1_q,1.3399
u_ibex_core.id_stage_i.decoder_i.instr_alu,u_ibex_core.cs_registers_i.dscratch0_q,1.3399
u_ibex_core.id_stage_i.decoder_i.instr_alu,u_ibex_core.cs_registers_i.dscratch0_q,1.3399
u_ibex_core.id_stage_i.decoder_i.instr_alu,u_ibex_core.cs_registers_i.dscratch1_q,1.3399
u_ibex_core.id_stage_i.decoder_i.instr_alu,u_ibex_core.cs_registers_i.dscratch0_q,1.3399
u_ibex_core.id_stage_i.decoder_i.instr_alu,u_ibex_core.cs_registers_i.csr_mstatus_tw_o,1.3407
u_ibex_core.id_stage_i.decoder_i.instr_alu,u_ibex_core.cs_registers_i.mstatus_q,1.3407
u_ibex_core.id_stage_i.decoder_i.instr_alu,u_ibex_core.ex_block_i.alu_i.g_no_alu_rvb.unused_imd_val_q,1.3461
u_ibex_core.id_stage_i.decoder_i.instr_alu,u_ibex_core.cs_registers_i.csr_mtvec_o,1.3507
u_ibex_core.id_stage_i.decoder_i.instr_alu,u_ibex_core.cs_registers_i.csr_mtvec_o,1.3507
u_ibex_core.id_stage_i.decoder_i.instr_alu,u_ibex_core.cs_registers_i.dcsr_q,1.3511
u_ibex_core.id_stage_i.decoder_i.instr_alu,u_ibex_core.cs_registers_i.dcsr_q,1.3511
u_ibex_core.id_stage_i.decoder_i.instr_alu,u_ibex_core.ex_block_i.alu_i.g_no_alu_rvb.unused_imd_val_q,1.3521
u_ibex_core.id_stage_i.decoder_i.instr_alu,u_ibex_core.cs_registers_i.mcountinhibit,1.3551
u_ibex_core.id_stage_i.decoder_i.instr_alu,u_ibex_core.cs_registers_i.mcountinhibit,1.3551
u_ibex_core.id_stage_i.decoder_i.instr_alu,u_ibex_core.ex_block_i.alu_i.g_no_alu_rvb.unused_imd_val_q,1.3559
u_ibex_core.id_stage_i.decoder_i.instr_alu,u_ibex_core.ex_block_i.alu_i.g_no_alu_rvb.unused_imd_val_q,1.356
u_ibex_core.id_stage_i.decoder_i.instr_alu,u_ibex_core.ex_block_i.alu_i.g_no_alu_rvb.unused_imd_val_q,1.358
u_ibex_core.id_stage_i.decoder_i.instr_alu,u_ibex_core.ex_block_i.alu_i.g_no_alu_rvb.unused_imd_val_q,1.3583
u_ibex_core.id_stage_i.decoder_i.instr_alu,u_ibex_core.id_stage_i.controller_i.ctrl_fsm_cs,1.3601
u_ibex_core.id_stage_i.decoder_i.instr_alu,u_ibex_core.ex_block_i.alu_i.g_no_alu_rvb.unused_imd_val_q,1.3616
u_ibex_core.id_stage_i.decoder_i.instr_alu,u_ibex_core.ex_block_i.alu_i.g_no_alu_rvb.unused_imd_val_q,1.3619
u_ibex_core.id_stage_i.decoder_i.instr_alu,u_ibex_core.ex_block_i.alu_i.g_no_alu_rvb.unused_imd_val_q,1.3621
u_ibex_core.id_stage_i.decoder_i.instr_alu,u_ibex_core.ex_block_i.alu_i.g_no_alu_rvb.unused_imd_val_q,1.3623
u_ibex_core.id_stage_i.decoder_i.instr_alu,u_ibex_core.ex_block_i.alu_i.g_no_alu_rvb.unused_imd_val_q,1.3627
u_ibex_core.id_stage_i.decoder_i.instr_alu,u_ibex_core.ex_block_i.alu_i.g_no_alu_rvb.unused_imd_val_q,1.3702
u_ibex_core.id_stage_i.decoder_i.instr_alu,u_ibex_core.cs_registers_i.mscratch_q,1.3704
u_ibex_core.id_stage_i.decoder_i.instr_alu,u_ibex_core.cs_registers_i.mscratch_q,1.3704
u_ibex_core.id_stage_i.decoder_i.instr_alu,u_ibex_core.cs_registers_i.mscratch_q,1.3704
u_ibex_core.id_stage_i.decoder_i.instr_alu,u_ibex_core.ex_block_i.alu_i.g_no_alu_rvb.unused_imd_val_q,1.3763
u_ibex_core.id_stage_i.decoder_i.instr_alu,u_ibex_core.ex_block_i.alu_i.g_no_alu_rvb.unused_imd_val_q,1.3768
u_ibex_core.id_stage_i.decoder_i.instr_alu,u_ibex_core.ex_block_i.alu_i.g_no_alu_rvb.unused_imd_val_q,1.3768
u_ibex_core.id_stage_i.decoder_i.instr_alu,u_ibex_core.ex_block_i.alu_i.g_no_alu_rvb.unused_imd_val_q,1.377
u_ibex_core.id_stage_i.decoder_i.instr_alu,u_ibex_core.ex_block_i.alu_i.g_no_alu_rvb.unused_imd_val_q,1.3774
u_ibex_core.id_stage_i.decoder_i.instr_alu,u_ibex_core.ex_block_i.alu_i.g_no_alu_rvb.unused_imd_val_q,1.3776
u_ibex_core.id_stage_i.decoder_i.instr_alu,u_ibex_core.ex_block_i.alu_i.g_no_alu_rvb.unused_imd_val_q,1.3788
u_ibex_core.id_stage_i.decoder_i.instr_alu,u_ibex_core.cs_registers_i.icache_enable_o,1.3822
u_ibex_core.id_stage_i.decoder_i.instr_alu,u_ibex_core.cs_registers_i.dummy_instr_en_o,1.3822
u_ibex_core.id_stage_i.decoder_i.instr_alu,u_ibex_core.cs_registers_i.cpuctrl_q,1.3822
u_ibex_core.id_stage_i.decoder_i.instr_alu,u_ibex_core.cs_registers_i.cpuctrl_q,1.3822
u_ibex_core.id_stage_i.decoder_i.instr_alu,u_ibex_core.ex_block_i.alu_i.g_no_alu_rvb.unused_imd_val_q,1.3909
u_ibex_core.id_stage_i.decoder_i.instr_alu,u_ibex_core.ex_block_i.alu_i.g_no_alu_rvb.unused_imd_val_q,1.392
gen_regfile_latch.register_file_i.raddr_b_i,gen_regfile_latch.register_file_i.wdata_a_q,1.3923
u_ibex_core.id_stage_i.decoder_i.instr_alu,u_ibex_core.id_stage_i.controller_i.controller_run_o,1.3926
u_ibex_core.id_stage_i.decoder_i.instr_alu,u_ibex_core.ex_block_i.alu_i.g_no_alu_rvb.unused_imd_val_q,1.3934
u_ibex_core.id_stage_i.decoder_i.instr_alu,u_ibex_core.id_stage_i.branch_jump_set_done_q,1.3949
u_ibex_core.id_stage_i.decoder_i.instr_alu,u_ibex_core.ex_block_i.alu_i.g_no_alu_rvb.unused_imd_val_q,1.3966
gen_regfile_latch.register_file_i.raddr_b_i,gen_regfile_latch.register_file_i.wdata_a_q,1.3992
gen_regfile_latch.register_file_i.raddr_b_i,u_ibex_core.ex_block_i.gen_multdiv_fast.multdiv_i.imd_val_q_i,1.3993
u_ibex_core.id_stage_i.decoder_i.instr_alu,u_ibex_core.ex_block_i.alu_i.g_no_alu_rvb.unused_imd_val_q,1.402
u_ibex_core.id_stage_i.decoder_i.instr_alu,u_ibex_core.ex_block_i.alu_i.g_no_alu_rvb.unused_imd_val_q,1.4027
u_ibex_core.id_stage_i.decoder_i.instr_alu,u_ibex_core.cs_registers_i.mcountinhibit,1.4027
u_ibex_core.id_stage_i.decoder_i.instr_alu,u_ibex_core.ex_block_i.alu_i.g_no_alu_rvb.unused_imd_val_q,1.4043
u_ibex_core.id_stage_i.decoder_i.instr_alu,u_ibex_core.ex_block_i.alu_i.g_no_alu_rvb.unused_imd_val_q,1.4045
u_ibex_core.id_stage_i.decoder_i.instr_alu,u_ibex_core.ex_block_i.alu_i.g_no_alu_rvb.unused_imd_val_q,1.4077
u_ibex_core.id_stage_i.decoder_i.instr_alu,u_ibex_core.ex_block_i.alu_i.g_no_alu_rvb.unused_imd_val_q,1.4078
u_ibex_core.id_stage_i.decoder_i.instr_alu,u_ibex_core.ex_block_i.alu_i.g_no_alu_rvb.unused_imd_val_q,1.4143
gen_regfile_latch.register_file_i.raddr_b_i,u_ibex_core.ex_block_i.gen_multdiv_fast.multdiv_i.imd_val_q_i,1.4161
u_ibex_core.id_stage_i.decoder_i.instr_alu,u_ibex_core.ex_block_i.alu_i.g_no_alu_rvb.unused_imd_val_q,1.4167
u_ibex_core.id_stage_i.decoder_i.instr_alu,u_ibex_core.id_stage_i.controller_i.ctrl_fsm_cs,1.4433
u_ibex_core.id_stage_i.decoder_i.instr_alu,u_ibex_core.id_stage_i.controller_i.ctrl_fsm_cs,1.4497
u_ibex_core.id_stage_i.decoder_i.instr_alu,u_ibex_core.cs_registers_i.data_ind_timing_o,1.4506
u_ibex_core.id_stage_i.decoder_i.instr_alu,u_ibex_core.cs_registers_i.cpuctrl_q,1.4506
u_ibex_core.id_stage_i.decoder_i.instr_alu,u_ibex_core.ex_block_i.alu_i.g_no_alu_rvb.unused_imd_val_q,1.4605
gen_regfile_latch.register_file_i.raddr_b_i,gen_regfile_latch.register_file_i.wdata_a_q,1.4662
u_ibex_core.id_stage_i.decoder_i.instr_alu,u_ibex_core.id_stage_i.controller_i.ctrl_fsm_cs,1.4789
u_ibex_core.id_stage_i.decoder_i.instr_alu,gen_regfile_latch.register_file_i.wdata_a_q,1.5002
gen_regfile_latch.register_file_i.raddr_b_i,gen_regfile_latch.register_file_i.wdata_a_q,1.5133
u_ibex_core.id_stage_i.decoder_i.instr_alu,u_ibex_core.ex_block_i.gen_multdiv_fast.multdiv_i.op_quotient_q,1.5407
u_ibex_core.id_stage_i.decoder_i.instr_alu,u_ibex_core.ex_block_i.gen_multdiv_fast.multdiv_i.op_quotient_q,1.5411
u_ibex_core.id_stage_i.decoder_i.instr_alu,u_ibex_core.ex_block_i.gen_multdiv_fast.multdiv_i.op_quotient_q,1.5411
u_ibex_core.id_stage_i.decoder_i.instr_alu,u_ibex_core.ex_block_i.gen_multdiv_fast.multdiv_i.op_quotient_q,1.5411
u_ibex_core.id_stage_i.decoder_i.instr_alu,u_ibex_core.ex_block_i.gen_multdiv_fast.multdiv_i.op_quotient_q,1.5411
u_ibex_core.id_stage_i.decoder_i.instr_alu,u_ibex_core.ex_block_i.gen_multdiv_fast.multdiv_i.op_quotient_q,1.5411
u_ibex_core.id_stage_i.decoder_i.instr_alu,u_ibex_core.ex_block_i.gen_multdiv_fast.multdiv_i.op_quotient_q,1.5415
u_ibex_core.id_stage_i.decoder_i.instr_alu,u_ibex_core.ex_block_i.gen_multdiv_fast.multdiv_i.op_quotient_q,1.5415
u_ibex_core.id_stage_i.decoder_i.instr_alu,u_ibex_core.ex_block_i.gen_multdiv_fast.multdiv_i.op_quotient_q,1.5415
u_ibex_core.id_stage_i.decoder_i.instr_alu,u_ibex_core.ex_block_i.gen_multdiv_fast.multdiv_i.op_quotient_q,1.5415
u_ibex_core.id_stage_i.decoder_i.instr_alu,u_ibex_core.id_stage_i.id_fsm_q,1.5506
u_ibex_core.id_stage_i.decoder_i.instr_alu,u_ibex_core.id_stage_i.branch_set_raw,1.5648
gen_regfile_latch.register_file_i.raddr_b_i,gen_regfile_latch.register_file_i.wdata_a_q,1.5734
u_ibex_core.id_stage_i.decoder_i.instr_alu,u_ibex_core.if_stage_i.gen_prefetch_buffer.prefetch_buffer_i.stored_addr_q,1.5833
u_ibex_core.id_stage_i.decoder_i.instr_alu,u_ibex_core.ex_block_i.gen_multdiv_fast.multdiv_i.op_quotient_q,1.6173
u_ibex_core.id_stage_i.decoder_i.instr_alu,u_ibex_core.ex_block_i.gen_multdiv_fast.multdiv_i.op_quotient_q,1.6173
u_ibex_core.id_stage_i.decoder_i.instr_alu,u_ibex_core.ex_block_i.gen_multdiv_fast.multdiv_i.op_quotient_q,1.6173
u_ibex_core.id_stage_i.decoder_i.instr_alu,u_ibex_core.ex_block_i.gen_multdiv_fast.multdiv_i.op_quotient_q,1.6176
u_ibex_core.id_stage_i.decoder_i.instr_alu,u_ibex_core.ex_block_i.gen_multdiv_fast.multdiv_i.op_quotient_q,1.6176
u_ibex_core.id_stage_i.decoder_i.instr_alu,u_ibex_core.ex_block_i.gen_multdiv_fast.multdiv_i.op_quotient_q,1.6177
u_ibex_core.id_stage_i.decoder_i.instr_alu,u_ibex_core.ex_block_i.gen_multdiv_fast.multdiv_i.op_quotient_q,1.6177
u_ibex_core.id_stage_i.decoder_i.instr_alu,u_ibex_core.ex_block_i.gen_multdiv_fast.multdiv_i.op_quotient_q,1.6177
u_ibex_core.id_stage_i.decoder_i.instr_alu,u_ibex_core.ex_block_i.gen_multdiv_fast.multdiv_i.op_quotient_q,1.6177
u_ibex_core.id_stage_i.decoder_i.instr_alu,u_ibex_core.ex_block_i.gen_multdiv_fast.multdiv_i.op_quotient_q,1.6177
u_ibex_core.id_stage_i.decoder_i.instr_alu,u_ibex_core.ex_block_i.gen_multdiv_fast.multdiv_i.op_quotient_q,1.6192
u_ibex_core.id_stage_i.decoder_i.instr_alu,u_ibex_core.ex_block_i.gen_multdiv_fast.multdiv_i.op_quotient_q,1.6192
u_ibex_core.id_stage_i.decoder_i.instr_alu,u_ibex_core.ex_block_i.gen_multdiv_fast.multdiv_i.op_quotient_q,1.6192
u_ibex_core.id_stage_i.decoder_i.instr_alu,u_ibex_core.ex_block_i.gen_multdiv_fast.multdiv_i.op_quotient_q,1.6195
u_ibex_core.id_stage_i.decoder_i.instr_alu,u_ibex_core.ex_block_i.gen_multdiv_fast.multdiv_i.op_quotient_q,1.6195
u_ibex_core.id_stage_i.decoder_i.instr_alu,u_ibex_core.ex_block_i.gen_multdiv_fast.multdiv_i.op_quotient_q,1.6195
u_ibex_core.id_stage_i.decoder_i.instr_alu,u_ibex_core.ex_block_i.gen_multdiv_fast.multdiv_i.op_quotient_q,1.6195
u_ibex_core.id_stage_i.decoder_i.instr_alu,u_ibex_core.ex_block_i.gen_multdiv_fast.multdiv_i.op_quotient_q,1.6195
u_ibex_core.id_stage_i.decoder_i.instr_alu,u_ibex_core.ex_block_i.gen_multdiv_fast.multdiv_i.op_quotient_q,1.6196
u_ibex_core.id_stage_i.decoder_i.instr_alu,u_ibex_core.if_stage_i.gen_prefetch_buffer.prefetch_buffer_i.stored_addr_q,1.6225
gen_regfile_latch.register_file_i.raddr_b_i,gen_regfile_latch.register_file_i.wdata_a_q,1.6263
gen_regfile_latch.register_file_i.raddr_b_i,gen_regfile_latch.register_file_i.wdata_a_q,1.6435
gen_regfile_latch.register_file_i.raddr_b_i,gen_regfile_latch.register_file_i.wdata_a_q,1.6547
u_ibex_core.id_stage_i.decoder_i.instr_alu,u_ibex_core.ex_block_i.gen_multdiv_fast.multdiv_i.div_valid,1.659
gen_regfile_latch.register_file_i.raddr_b_i,gen_regfile_latch.register_file_i.wdata_a_q,1.6602
u_ibex_core.id_stage_i.decoder_i.instr_alu,u_ibex_core.ex_block_i.gen_multdiv_fast.multdiv_i.md_state_q,1.6618
gen_regfile_latch.register_file_i.raddr_b_i,u_ibex_core.if_stage_i.gen_prefetch_buffer.prefetch_buffer_i.fetch_addr_q,1.6637
u_ibex_core.id_stage_i.decoder_i.instr_alu,u_ibex_core.ex_block_i.gen_multdiv_fast.multdiv_i.op_quotient_q,1.6676
u_ibex_core.id_stage_i.decoder_i.instr_alu,u_ibex_core.ex_block_i.gen_multdiv_fast.multdiv_i.op_quotient_q,1.671
gen_regfile_latch.register_file_i.raddr_b_i,u_ibex_core.if_stage_i.gen_prefetch_buffer.prefetch_buffer_i.fetch_addr_q,1.6713
u_ibex_core.id_stage_i.decoder_i.instr_alu,u_ibex_core.if_stage_i.gen_prefetch_buffer.prefetch_buffer_i.stored_addr_q,1.6802
u_ibex_core.id_stage_i.decoder_i.instr_alu,u_ibex_core.ex_block_i.gen_multdiv_fast.multdiv_i.op_numerator_q,1.685
gen_regfile_latch.register_file_i.raddr_b_i,gen_regfile_latch.register_file_i.wdata_a_q,1.6875
gen_regfile_latch.register_file_i.raddr_b_i,u_ibex_core.if_stage_i.gen_prefetch_buffer.prefetch_buffer_i.fetch_addr_q,1.6906
u_ibex_core.id_stage_i.decoder_i.instr_alu,u_ibex_core.if_stage_i.gen_prefetch_buffer.prefetch_buffer_i.stored_addr_q,1.6912
u_ibex_core.id_stage_i.decoder_i.instr_alu,u_ibex_core.ex_block_i.gen_multdiv_fast.multdiv_i.op_quotient_q,1.696
u_ibex_core.id_stage_i.decoder_i.instr_alu,u_ibex_core.ex_block_i.gen_multdiv_fast.multdiv_i.div_by_zero_q,1.7184
u_ibex_core.id_stage_i.decoder_i.instr_alu,crash_dump_o,1.7242
gen_regfile_latch.register_file_i.raddr_b_i,u_ibex_core.if_stage_i.gen_prefetch_buffer.prefetch_buffer_i.fetch_addr_q,1.7335
u_ibex_core.id_stage_i.decoder_i.instr_alu,u_ibex_core.ex_block_i.alu_i.g_no_alu_rvb.unused_imd_val_q,1.7543
gen_regfile_latch.register_file_i.raddr_b_i,u_ibex_core.if_stage_i.gen_prefetch_buffer.prefetch_buffer_i.fetch_addr_q,1.7759
gen_regfile_latch.register_file_i.raddr_b_i,gen_regfile_latch.register_file_i.wdata_a_q,1.7763
u_ibex_core.id_stage_i.decoder_i.instr_alu,u_ibex_core.if_stage_i.gen_prefetch_buffer.prefetch_buffer_i.stored_addr_q,1.7884
u_ibex_core.id_stage_i.decoder_i.instr_alu,u_ibex_core.ex_block_i.gen_multdiv_fast.multdiv_i.op_numerator_q,1.8113
gen_regfile_latch.register_file_i.raddr_b_i,u_ibex_core.if_stage_i.gen_prefetch_buffer.prefetch_buffer_i.fetch_addr_q,1.8171
u_ibex_core.id_stage_i.decoder_i.instr_alu,u_ibex_core.ex_block_i.alu_i.g_no_alu_rvb.unused_imd_val_q,1.8206
gen_regfile_latch.register_file_i.raddr_b_i,gen_regfile_latch.register_file_i.wdata_a_q,1.8214
u_ibex_core.id_stage_i.decoder_i.instr_alu,u_ibex_core.if_stage_i.gen_prefetch_buffer.prefetch_buffer_i.stored_addr_q,1.8239
u_ibex_core.id_stage_i.decoder_i.instr_alu,crash_dump_o,1.8326
u_ibex_core.id_stage_i.decoder_i.instr_alu,u_ibex_core.ex_block_i.gen_multdiv_fast.multdiv_i.op_numerator_q,1.8339
gen_regfile_latch.register_file_i.raddr_b_i,u_ibex_core.if_stage_i.gen_prefetch_buffer.prefetch_buffer_i.fetch_addr_q,1.8429
gen_regfile_latch.register_file_i.raddr_b_i,gen_regfile_latch.register_file_i.wdata_a_q,1.8517
u_ibex_core.id_stage_i.decoder_i.instr_alu,crash_dump_o,1.8545
u_ibex_core.id_stage_i.decoder_i.instr_alu,u_ibex_core.ex_block_i.alu_i.g_no_alu_rvb.unused_imd_val_q,1.8625
gen_regfile_latch.register_file_i.raddr_b_i,gen_regfile_latch.register_file_i.wdata_a_q,1.8739
gen_regfile_latch.register_file_i.raddr_b_i,u_ibex_core.if_stage_i.gen_prefetch_buffer.prefetch_buffer_i.fetch_addr_q,1.8761
u_ibex_core.id_stage_i.decoder_i.instr_alu,u_ibex_core.if_stage_i.gen_prefetch_buffer.prefetch_buffer_i.stored_addr_q,1.8835
u_ibex_core.id_stage_i.decoder_i.instr_alu,u_ibex_core.ex_block_i.gen_multdiv_fast.multdiv_i.op_numerator_q,1.8851
u_ibex_core.id_stage_i.decoder_i.instr_alu,u_ibex_core.if_stage_i.gen_prefetch_buffer.prefetch_buffer_i.stored_addr_q,1.8906
gen_regfile_latch.register_file_i.raddr_b_i,u_ibex_core.if_stage_i.gen_prefetch_buffer.prefetch_buffer_i.fetch_addr_q,1.8961
u_ibex_core.id_stage_i.decoder_i.instr_alu,crash_dump_o,1.9011
u_ibex_core.id_stage_i.decoder_i.instr_alu,u_ibex_core.ex_block_i.alu_i.g_no_alu_rvb.unused_imd_val_q,1.9131
gen_regfile_latch.register_file_i.raddr_b_i,u_ibex_core.if_stage_i.gen_prefetch_buffer.prefetch_buffer_i.fetch_addr_q,1.9287
u_ibex_core.id_stage_i.decoder_i.instr_alu,u_ibex_core.ex_block_i.gen_multdiv_fast.multdiv_i.op_numerator_q,1.9371
u_ibex_core.id_stage_i.decoder_i.instr_alu,u_ibex_core.ex_block_i.alu_i.g_no_alu_rvb.unused_imd_val_q,1.9464
gen_regfile_latch.register_file_i.raddr_b_i,u_ibex_core.if_stage_i.gen_prefetch_buffer.prefetch_buffer_i.fetch_addr_q,1.9638
u_ibex_core.id_stage_i.decoder_i.instr_alu,u_ibex_core.if_stage_i.gen_prefetch_buffer.prefetch_buffer_i.stored_addr_q,1.9675
gen_regfile_latch.register_file_i.raddr_b_i,gen_regfile_latch.register_file_i.wdata_a_q,1.9914
u_ibex_core.id_stage_i.decoder_i.instr_alu,u_ibex_core.ex_block_i.gen_multdiv_fast.multdiv_i.op_numerator_q,1.9966
u_ibex_core.id_stage_i.decoder_i.instr_alu,crash_dump_o,1.9974
gen_regfile_latch.register_file_i.raddr_b_i,u_ibex_core.if_stage_i.gen_prefetch_buffer.prefetch_buffer_i.fetch_addr_q,2.0025
u_ibex_core.id_stage_i.decoder_i.instr_alu,u_ibex_core.ex_block_i.alu_i.g_no_alu_rvb.unused_imd_val_q,2.0113
u_ibex_core.id_stage_i.decoder_i.instr_alu,crash_dump_o,2.0222
gen_regfile_latch.register_file_i.raddr_b_i,u_ibex_core.if_stage_i.gen_prefetch_buffer.prefetch_buffer_i.fetch_addr_q,2.0223
gen_regfile_latch.register_file_i.raddr_b_i,gen_regfile_latch.register_file_i.wdata_a_q,2.0269
gen_regfile_latch.register_file_i.raddr_b_i,gen_regfile_latch.register_file_i.wdata_a_q,2.0359
gen_regfile_latch.register_file_i.raddr_b_i,gen_regfile_latch.register_file_i.wdata_a_q,2.0404
gen_regfile_latch.register_file_i.raddr_b_i,gen_regfile_latch.register_file_i.wdata_a_q,2.0404
gen_regfile_latch.register_file_i.raddr_b_i,gen_regfile_latch.register_file_i.wdata_a_q,2.0404
gen_regfile_latch.register_file_i.raddr_b_i,gen_regfile_latch.register_file_i.wdata_a_q,2.0404
u_ibex_core.id_stage_i.decoder_i.instr_alu,u_ibex_core.ex_block_i.gen_multdiv_fast.multdiv_i.op_numerator_q,2.0441
gen_regfile_latch.register_file_i.raddr_b_i,gen_regfile_latch.register_file_i.wdata_a_q,2.0475
gen_regfile_latch.register_file_i.raddr_b_i,gen_regfile_latch.register_file_i.wdata_a_q,2.0475
gen_regfile_latch.register_file_i.raddr_b_i,gen_regfile_latch.register_file_i.wdata_a_q,2.0475
gen_regfile_latch.register_file_i.raddr_b_i,gen_regfile_latch.register_file_i.wdata_a_q,2.0475
gen_regfile_latch.register_file_i.raddr_b_i,gen_regfile_latch.register_file_i.wdata_a_q,2.0507
gen_regfile_latch.register_file_i.raddr_b_i,gen_regfile_latch.register_file_i.wdata_a_q,2.0507
u_ibex_core.id_stage_i.decoder_i.instr_alu,u_ibex_core.ex_block_i.alu_i.g_no_alu_rvb.unused_imd_val_q,2.0596
u_ibex_core.id_stage_i.decoder_i.instr_alu,crash_dump_o,2.0705
gen_regfile_latch.register_file_i.raddr_b_i,u_ibex_core.if_stage_i.gen_prefetch_buffer.prefetch_buffer_i.fetch_addr_q,2.0745
u_ibex_core.id_stage_i.decoder_i.instr_alu,u_ibex_core.if_stage_i.gen_prefetch_buffer.prefetch_buffer_i.stored_addr_q,2.0783
u_ibex_core.id_stage_i.decoder_i.instr_alu,u_ibex_core.if_stage_i.gen_prefetch_buffer.prefetch_buffer_i.stored_addr_q,2.0788
gen_regfile_latch.register_file_i.raddr_b_i,gen_regfile_latch.register_file_i.wdata_a_q,2.099
gen_regfile_latch.register_file_i.raddr_b_i,u_ibex_core.if_stage_i.gen_prefetch_buffer.prefetch_buffer_i.fetch_addr_q,2.1008
u_ibex_core.id_stage_i.decoder_i.instr_alu,u_ibex_core.ex_block_i.gen_multdiv_fast.multdiv_i.op_numerator_q,2.1031
gen_regfile_latch.register_file_i.raddr_b_i,gen_regfile_latch.register_file_i.wdata_a_q,2.1037
u_ibex_core.id_stage_i.decoder_i.instr_alu,u_ibex_core.ex_block_i.gen_multdiv_fast.multdiv_i.op_numerator_q,2.1044
u_ibex_core.id_stage_i.decoder_i.instr_alu,u_ibex_core.if_stage_i.gen_prefetch_buffer.prefetch_buffer_i.stored_addr_q,2.1068
gen_regfile_latch.register_file_i.raddr_b_i,gen_regfile_latch.register_file_i.wdata_a_q,2.1163
u_ibex_core.id_stage_i.decoder_i.instr_alu,crash_dump_o,2.1184
gen_regfile_latch.register_file_i.raddr_b_i,u_ibex_core.if_stage_i.gen_prefetch_buffer.prefetch_buffer_i.fetch_addr_q,2.1197
gen_regfile_latch.register_file_i.raddr_b_i,gen_regfile_latch.register_file_i.wdata_a_q,2.1248
u_ibex_core.id_stage_i.decoder_i.instr_alu,crash_dump_o,2.1309
u_ibex_core.id_stage_i.decoder_i.instr_alu,u_ibex_core.ex_block_i.alu_i.g_no_alu_rvb.unused_imd_val_q,2.1311
u_ibex_core.id_stage_i.decoder_i.instr_alu,u_ibex_core.ex_block_i.alu_i.g_no_alu_rvb.unused_imd_val_q,2.1387
gen_regfile_latch.register_file_i.raddr_b_i,u_ibex_core.if_stage_i.gen_prefetch_buffer.prefetch_buffer_i.fetch_addr_q,2.1584
u_ibex_core.id_stage_i.decoder_i.instr_alu,u_ibex_core.if_stage_i.gen_prefetch_buffer.prefetch_buffer_i.stored_addr_q,2.1621
gen_regfile_latch.register_file_i.raddr_b_i,u_ibex_core.if_stage_i.gen_prefetch_buffer.prefetch_buffer_i.fetch_addr_q,2.1923
gen_regfile_latch.register_file_i.raddr_b_i,u_ibex_core.if_stage_i.gen_prefetch_buffer.prefetch_buffer_i.fetch_addr_q,2.2107
u_ibex_core.id_stage_i.decoder_i.instr_alu,u_ibex_core.ex_block_i.gen_multdiv_fast.multdiv_i.op_numerator_q,2.212
u_ibex_core.id_stage_i.decoder_i.instr_alu,u_ibex_core.if_stage_i.gen_prefetch_buffer.prefetch_buffer_i.stored_addr_q,2.2224
u_ibex_core.id_stage_i.decoder_i.instr_alu,u_ibex_core.ex_block_i.gen_multdiv_fast.multdiv_i.op_numerator_q,2.2278
u_ibex_core.id_stage_i.decoder_i.instr_alu,u_ibex_core.ex_block_i.alu_i.g_no_alu_rvb.unused_imd_val_q,2.2291
u_ibex_core.id_stage_i.decoder_i.instr_alu,u_ibex_core.if_stage_i.gen_prefetch_buffer.prefetch_buffer_i.stored_addr_q,2.2316
u_ibex_core.id_stage_i.decoder_i.instr_alu,crash_dump_o,2.2384
u_ibex_core.id_stage_i.decoder_i.instr_alu,crash_dump_o,2.2435
u_ibex_core.id_stage_i.decoder_i.instr_alu,u_ibex_core.ex_block_i.alu_i.g_no_alu_rvb.unused_imd_val_q,2.2463
u_ibex_core.id_stage_i.decoder_i.instr_alu,u_ibex_core.if_stage_i.gen_prefetch_buffer.prefetch_buffer_i.stored_addr_q,2.2505
gen_regfile_latch.register_file_i.raddr_b_i,u_ibex_core.id_stage_i.controller_i.exc_req_q,2.2511
gen_regfile_latch.register_file_i.raddr_b_i,u_ibex_core.id_stage_i.controller_i.illegal_insn_q,2.2645
gen_regfile_latch.register_file_i.raddr_b_i,u_ibex_core.if_stage_i.gen_prefetch_buffer.prefetch_buffer_i.fetch_addr_q,2.2783
gen_regfile_latch.register_file_i.raddr_b_i,u_ibex_core.if_stage_i.gen_prefetch_buffer.prefetch_buffer_i.fetch_addr_q,2.29
u_ibex_core.id_stage_i.decoder_i.instr_alu,u_ibex_core.ex_block_i.gen_multdiv_fast.multdiv_i.op_numerator_q,2.291
u_ibex_core.id_stage_i.decoder_i.instr_alu,crash_dump_o,2.3174
u_ibex_core.id_stage_i.decoder_i.instr_alu,u_ibex_core.if_stage_i.gen_prefetch_buffer.prefetch_buffer_i.stored_addr_q,2.3229
u_ibex_core.id_stage_i.decoder_i.instr_alu,u_ibex_core.ex_block_i.gen_multdiv_fast.multdiv_i.op_numerator_q,2.3249
u_ibex_core.id_stage_i.decoder_i.instr_alu,u_ibex_core.ex_block_i.alu_i.g_no_alu_rvb.unused_imd_val_q,2.3254
gen_regfile_latch.register_file_i.raddr_b_i,u_ibex_core.if_stage_i.gen_prefetch_buffer.prefetch_buffer_i.fetch_addr_q,2.3314
u_ibex_core.id_stage_i.decoder_i.instr_alu,crash_dump_o,2.3398
gen_regfile_latch.register_file_i.raddr_b_i,u_ibex_core.if_stage_i.gen_prefetch_buffer.prefetch_buffer_i.branch_discard_q,2.3409
gen_regfile_latch.register_file_i.raddr_b_i,u_ibex_core.if_stage_i.gen_prefetch_buffer.prefetch_buffer_i.branch_discard_q,2.3413
gen_regfile_latch.register_file_i.raddr_b_i,u_ibex_core.if_stage_i.gen_prefetch_buffer.prefetch_buffer_i.fetch_addr_q,2.3518
u_ibex_core.id_stage_i.decoder_i.instr_alu,u_ibex_core.ex_block_i.alu_i.g_no_alu_rvb.unused_imd_val_q,2.3529
u_ibex_core.id_stage_i.decoder_i.instr_alu,u_ibex_core.if_stage_i.gen_prefetch_buffer.prefetch_buffer_i.stored_addr_q,2.3552
u_ibex_core.id_stage_i.decoder_i.instr_alu,u_ibex_core.ex_block_i.gen_multdiv_fast.multdiv_i.op_numerator_q,2.3711
u_ibex_core.id_stage_i.decoder_i.instr_alu,u_ibex_core.ex_block_i.gen_multdiv_fast.multdiv_i.op_numerator_q,2.3862
u_ibex_core.id_stage_i.decoder_i.instr_alu,u_ibex_core.if_stage_i.gen_prefetch_buffer.prefetch_buffer_i.stored_addr_q,2.3915
u_ibex_core.id_stage_i.decoder_i.instr_alu,crash_dump_o,2.3933
gen_regfile_latch.register_file_i.raddr_b_i,u_ibex_core.if_stage_i.gen_prefetch_buffer.prefetch_buffer_i.fetch_addr_q,2.4002
u_ibex_core.id_stage_i.decoder_i.instr_alu,u_ibex_core.if_stage_i.gen_prefetch_buffer.prefetch_buffer_i.stored_addr_q,2.4004
u_ibex_core.id_stage_i.decoder_i.instr_alu,u_ibex_core.ex_block_i.alu_i.g_no_alu_rvb.unused_imd_val_q,2.4053
u_ibex_core.id_stage_i.decoder_i.instr_alu,crash_dump_o,2.4082
u_ibex_core.id_stage_i.decoder_i.instr_alu,u_ibex_core.if_stage_i.gen_prefetch_buffer.prefetch_buffer_i.stored_addr_q,2.4105
u_ibex_core.id_stage_i.decoder_i.instr_alu,u_ibex_core.if_stage_i.gen_prefetch_buffer.prefetch_buffer_i.stored_addr_q,2.4159
u_ibex_core.id_stage_i.decoder_i.instr_alu,u_ibex_core.ex_block_i.alu_i.g_no_alu_rvb.unused_imd_val_q,2.4242
gen_regfile_latch.register_file_i.raddr_b_i,u_ibex_core.if_stage_i.gen_prefetch_buffer.prefetch_buffer_i.fetch_addr_q,2.444
u_ibex_core.id_stage_i.decoder_i.instr_alu,u_ibex_core.if_stage_i.gen_prefetch_buffer.prefetch_buffer_i.stored_addr_q,2.4469
u_ibex_core.id_stage_i.decoder_i.instr_alu,u_ibex_core.ex_block_i.gen_multdiv_fast.multdiv_i.op_numerator_q,2.4525
gen_regfile_latch.register_file_i.raddr_b_i,u_ibex_core.if_stage_i.gen_prefetch_buffer.prefetch_buffer_i.fetch_addr_q,2.4557
u_ibex_core.id_stage_i.decoder_i.instr_alu,crash_dump_o,2.4636
u_ibex_core.id_stage_i.decoder_i.instr_alu,u_ibex_core.ex_block_i.alu_i.g_no_alu_rvb.unused_imd_val_q,2.4658
u_ibex_core.id_stage_i.decoder_i.instr_alu,u_ibex_core.if_stage_i.gen_prefetch_buffer.prefetch_buffer_i.stored_addr_q,2.4694
u_ibex_core.id_stage_i.decoder_i.instr_alu,u_ibex_core.ex_block_i.gen_multdiv_fast.multdiv_i.op_numerator_q,2.4785
u_ibex_core.id_stage_i.decoder_i.instr_alu,u_ibex_core.if_stage_i.gen_prefetch_buffer.prefetch_buffer_i.stored_addr_q,2.4864
gen_regfile_latch.register_file_i.raddr_b_i,crash_dump_o,2.4914
gen_regfile_latch.register_file_i.raddr_b_i,crash_dump_o,2.4914
gen_regfile_latch.register_file_i.raddr_b_i,crash_dump_o,2.4915
gen_regfile_latch.register_file_i.raddr_b_i,crash_dump_o,2.4916
gen_regfile_latch.register_file_i.raddr_b_i,crash_dump_o,2.4916
gen_regfile_latch.register_file_i.raddr_b_i,crash_dump_o,2.4916
gen_regfile_latch.register_file_i.raddr_b_i,crash_dump_o,2.4916
gen_regfile_latch.register_file_i.raddr_b_i,crash_dump_o,2.4928
gen_regfile_latch.register_file_i.raddr_b_i,crash_dump_o,2.4928
gen_regfile_latch.register_file_i.raddr_b_i,crash_dump_o,2.4928
gen_regfile_latch.register_file_i.raddr_b_i,crash_dump_o,2.4929
gen_regfile_latch.register_file_i.raddr_b_i,crash_dump_o,2.493
gen_regfile_latch.register_file_i.raddr_b_i,crash_dump_o,2.493
gen_regfile_latch.register_file_i.raddr_b_i,crash_dump_o,2.493
gen_regfile_latch.register_file_i.raddr_b_i,crash_dump_o,2.493
u_ibex_core.id_stage_i.decoder_i.instr_alu,u_ibex_core.ex_block_i.alu_i.g_no_alu_rvb.unused_imd_val_q,2.5013
gen_regfile_latch.register_file_i.raddr_b_i,u_ibex_core.if_stage_i.gen_prefetch_buffer.prefetch_buffer_i.discard_req_q,2.5021
u_ibex_core.id_stage_i.decoder_i.instr_alu,u_ibex_core.ex_block_i.gen_multdiv_fast.multdiv_i.op_numerator_q,2.5079
u_ibex_core.id_stage_i.decoder_i.instr_alu,u_ibex_core.ex_block_i.alu_i.g_no_alu_rvb.unused_imd_val_q,2.5127
u_ibex_core.id_stage_i.decoder_i.instr_alu,u_ibex_core.ex_block_i.alu_i.g_no_alu_rvb.unused_imd_val_q,2.5293
gen_regfile_latch.register_file_i.raddr_b_i,u_ibex_core.if_stage_i.gen_prefetch_buffer.prefetch_buffer_i.stored_addr_q,2.532
gen_regfile_latch.register_file_i.raddr_b_i,u_ibex_core.if_stage_i.gen_prefetch_buffer.prefetch_buffer_i.stored_addr_q,2.532
gen_regfile_latch.register_file_i.raddr_b_i,u_ibex_core.if_stage_i.gen_prefetch_buffer.prefetch_buffer_i.stored_addr_q,2.532
gen_regfile_latch.register_file_i.raddr_b_i,u_ibex_core.if_stage_i.gen_prefetch_buffer.prefetch_buffer_i.stored_addr_q,2.532
gen_regfile_latch.register_file_i.raddr_b_i,u_ibex_core.if_stage_i.gen_prefetch_buffer.prefetch_buffer_i.stored_addr_q,2.532
gen_regfile_latch.register_file_i.raddr_b_i,crash_dump_o,2.5336
u_ibex_core.id_stage_i.decoder_i.instr_alu,u_ibex_core.ex_block_i.gen_multdiv_fast.multdiv_i.op_numerator_q,2.5388
gen_regfile_latch.register_file_i.raddr_b_i,u_ibex_core.if_stage_i.gen_prefetch_buffer.prefetch_buffer_i.fetch_addr_q,2.5401
u_ibex_core.id_stage_i.decoder_i.instr_alu,u_ibex_core.ex_block_i.alu_i.g_no_alu_rvb.unused_imd_val_q,2.5421
u_ibex_core.id_stage_i.decoder_i.instr_alu,u_ibex_core.ex_block_i.gen_multdiv_fast.multdiv_i.op_numerator_q,2.5465
u_ibex_core.id_stage_i.decoder_i.instr_alu,u_ibex_core.ex_block_i.alu_i.g_no_alu_rvb.unused_imd_val_q,2.5592
u_ibex_core.id_stage_i.decoder_i.instr_alu,u_ibex_core.ex_block_i.gen_multdiv_fast.multdiv_i.op_numerator_q,2.562
gen_regfile_latch.register_file_i.raddr_b_i,u_ibex_core.if_stage_i.gen_prefetch_buffer.prefetch_buffer_i.fetch_addr_q,2.5708
u_ibex_core.id_stage_i.decoder_i.instr_alu,u_ibex_core.ex_block_i.alu_i.g_no_alu_rvb.unused_imd_val_q,2.5805
gen_regfile_latch.register_file_i.raddr_b_i,u_ibex_core.if_stage_i.gen_prefetch_buffer.prefetch_buffer_i.rdata_outstanding_q,2.5886
u_ibex_core.id_stage_i.decoder_i.instr_alu,u_ibex_core.ex_block_i.gen_multdiv_fast.multdiv_i.op_numerator_q,2.5916
gen_regfile_latch.register_file_i.raddr_b_i,u_ibex_core.if_stage_i.gen_prefetch_buffer.prefetch_buffer_i.fetch_addr_q,2.5992
u_ibex_core.id_stage_i.decoder_i.instr_alu,u_ibex_core.ex_block_i.alu_i.g_no_alu_rvb.unused_imd_val_q,2.6019
gen_regfile_latch.register_file_i.raddr_b_i,u_ibex_core.if_stage_i.gen_prefetch_buffer.prefetch_buffer_i.rdata_outstanding_q,2.6037
u_ibex_core.id_stage_i.decoder_i.instr_alu,u_ibex_core.ex_block_i.gen_multdiv_fast.multdiv_i.op_numerator_q,2.6055
u_ibex_core.id_stage_i.decoder_i.instr_alu,u_ibex_core.ex_block_i.alu_i.g_no_alu_rvb.unused_imd_val_q,2.6062
u_ibex_core.id_stage_i.decoder_i.instr_alu,u_ibex_core.ex_block_i.gen_multdiv_fast.multdiv_i.op_numerator_q,2.6384
u_ibex_core.id_stage_i.decoder_i.instr_alu,u_ibex_core.ex_block_i.gen_multdiv_fast.multdiv_i.op_numerator_q,2.6384
u_ibex_core.id_stage_i.decoder_i.instr_alu,u_ibex_core.ex_block_i.alu_i.g_no_alu_rvb.unused_imd_val_q,2.6415
gen_regfile_latch.register_file_i.raddr_b_i,u_ibex_core.if_stage_i.gen_prefetch_buffer.prefetch_buffer_i.fetch_addr_q,2.6629
u_ibex_core.id_stage_i.decoder_i.instr_alu,u_ibex_core.ex_block_i.alu_i.g_no_alu_rvb.unused_imd_val_q,2.6664
u_ibex_core.id_stage_i.decoder_i.instr_alu,u_ibex_core.ex_block_i.alu_i.g_no_alu_rvb.unused_imd_val_q,2.6667
u_ibex_core.id_stage_i.decoder_i.instr_alu,u_ibex_core.ex_block_i.gen_multdiv_fast.multdiv_i.op_numerator_q,2.6973
u_ibex_core.id_stage_i.decoder_i.instr_alu,u_ibex_core.ex_block_i.gen_multdiv_fast.multdiv_i.op_numerator_q,2.699
gen_regfile_latch.register_file_i.raddr_b_i,u_ibex_core.ex_block_i.alu_i.g_no_alu_rvb.unused_imd_val_q,2.708
gen_regfile_latch.register_file_i.raddr_b_i,u_ibex_core.if_stage_i.gen_prefetch_buffer.prefetch_buffer_i.valid_req_q,2.718
gen_regfile_latch.register_file_i.raddr_b_i,u_ibex_core.ex_block_i.gen_multdiv_fast.multdiv_i.op_numerator_q,2.7237
gen_regfile_latch.register_file_i.raddr_b_i,u_ibex_core.ex_block_i.gen_multdiv_fast.multdiv_i.op_numerator_q,2.7237
gen_regfile_latch.register_file_i.raddr_b_i,u_ibex_core.ex_block_i.gen_multdiv_fast.multdiv_i.op_numerator_q,2.7237
gen_regfile_latch.register_file_i.raddr_b_i,u_ibex_core.ex_block_i.gen_multdiv_fast.multdiv_i.op_numerator_q,2.7237
gen_regfile_latch.register_file_i.raddr_b_i,u_ibex_core.load_store_unit_i.data_type_q,2.7279
gen_regfile_latch.register_file_i.raddr_b_i,core_busy_q,2.7281
gen_regfile_latch.register_file_i.raddr_b_i,u_ibex_core.ex_block_i.gen_multdiv_fast.multdiv_i.op_numerator_q,2.7346
gen_regfile_latch.register_file_i.raddr_b_i,u_ibex_core.load_store_unit_i.data_we_q,2.737
gen_regfile_latch.register_file_i.raddr_b_i,u_ibex_core.load_store_unit_i.rdata_offset_q,2.737
gen_regfile_latch.register_file_i.raddr_b_i,u_ibex_core.load_store_unit_i.rdata_offset_q,2.737
gen_regfile_latch.register_file_i.raddr_b_i,u_ibex_core.load_store_unit_i.handle_misaligned_q,2.7376
gen_regfile_latch.register_file_i.raddr_b_i,u_ibex_core.load_store_unit_i.ls_fsm_cs,2.7379
gen_regfile_latch.register_file_i.raddr_b_i,u_ibex_core.load_store_unit_i.data_sign_ext_q,2.7407
gen_regfile_latch.register_file_i.raddr_b_i,u_ibex_core.load_store_unit_i.data_type_q,2.7407
gen_regfile_latch.register_file_i.raddr_b_i,u_ibex_core.ex_block_i.gen_multdiv_fast.multdiv_i.md_state_q,2.7764
gen_regfile_latch.register_file_i.raddr_b_i,u_ibex_core.ex_block_i.gen_multdiv_fast.multdiv_i.div_counter_q,2.7765
gen_regfile_latch.register_file_i.raddr_b_i,u_ibex_core.ex_block_i.gen_multdiv_fast.multdiv_i.md_state_q,2.7768
gen_regfile_latch.register_file_i.raddr_b_i,u_ibex_core.ex_block_i.gen_multdiv_fast.multdiv_i.div_counter_q,2.7876
gen_regfile_latch.register_file_i.raddr_b_i,u_ibex_core.ex_block_i.gen_multdiv_fast.multdiv_i.div_counter_q,2.7879
gen_regfile_latch.register_file_i.raddr_b_i,u_ibex_core.ex_block_i.gen_multdiv_fast.multdiv_i.div_counter_q,2.7885
gen_regfile_latch.register_file_i.raddr_b_i,u_ibex_core.ex_block_i.alu_i.g_no_alu_rvb.unused_imd_val_q,2.792
gen_regfile_latch.register_file_i.raddr_b_i,u_ibex_core.ex_block_i.alu_i.g_no_alu_rvb.unused_imd_val_q,2.792
gen_regfile_latch.register_file_i.raddr_b_i,u_ibex_core.ex_block_i.alu_i.g_no_alu_rvb.unused_imd_val_q,2.7941
gen_regfile_latch.register_file_i.raddr_b_i,u_ibex_core.ex_block_i.alu_i.g_no_alu_rvb.unused_imd_val_q,2.7941
gen_regfile_latch.register_file_i.raddr_b_i,u_ibex_core.ex_block_i.gen_multdiv_fast.multdiv_i.md_state_q,2.8188
gen_regfile_latch.register_file_i.raddr_b_i,u_ibex_core.load_store_unit_i.ls_fsm_cs,2.8269
gen_regfile_latch.register_file_i.raddr_b_i,u_ibex_core.ex_block_i.gen_multdiv_fast.multdiv_i.div_counter_q,2.8428
gen_regfile_latch.register_file_i.raddr_b_i,u_ibex_core.ex_block_i.gen_multdiv_fast.multdiv_i.md_state_q,2.844
gen_regfile_latch.register_file_i.raddr_b_i,u_ibex_core.load_store_unit_i.lsu_err_q,2.8569
gen_regfile_latch.register_file_i.raddr_b_i,u_ibex_core.ex_block_i.gen_multdiv_fast.multdiv_i.md_state_q,2.8604
gen_regfile_latch.register_file_i.raddr_b_i,u_ibex_core.ex_block_i.gen_multdiv_fast.multdiv_i.gen_mult_fast.mult_state_q,2.8647
gen_regfile_latch.register_file_i.raddr_b_i,u_ibex_core.ex_block_i.gen_multdiv_fast.multdiv_i.gen_mult_fast.mult_state_q,2.8647
gen_regfile_latch.register_file_i.raddr_b_i,u_ibex_core.ex_block_i.gen_multdiv_fast.multdiv_i.gen_mult_fast.mult_state_q,2.8651
gen_regfile_latch.register_file_i.raddr_b_i,u_ibex_core.ex_block_i.gen_multdiv_fast.multdiv_i.gen_mult_fast.mult_state_q,2.8736
gen_regfile_latch.register_file_i.raddr_b_i,u_ibex_core.cs_registers_i.mstack_cause_q,2.9096
gen_regfile_latch.register_file_i.raddr_b_i,u_ibex_core.cs_registers_i.mstack_cause_q,2.9096
gen_regfile_latch.register_file_i.raddr_b_i,u_ibex_core.cs_registers_i.mstack_cause_q,2.9096
gen_regfile_latch.register_file_i.raddr_b_i,u_ibex_core.cs_registers_i.mstack_cause_q,2.9096
gen_regfile_latch.register_file_i.raddr_b_i,u_ibex_core.cs_registers_i.mstack_cause_q,2.9096
gen_regfile_latch.register_file_i.raddr_b_i,u_ibex_core.cs_registers_i.mstack_cause_q,2.9096
gen_regfile_latch.register_file_i.raddr_b_i,u_ibex_core.cs_registers_i.mstack_epc_q,2.9096
gen_regfile_latch.register_file_i.raddr_b_i,u_ibex_core.cs_registers_i.mstack_epc_q,2.9096
gen_regfile_latch.register_file_i.raddr_b_i,u_ibex_core.cs_registers_i.mstack_epc_q,2.9096
gen_regfile_latch.register_file_i.raddr_b_i,u_ibex_core.cs_registers_i.mstack_epc_q,2.9096
gen_regfile_latch.register_file_i.raddr_b_i,u_ibex_core.cs_registers_i.mstack_epc_q,2.9096
gen_regfile_latch.register_file_i.raddr_b_i,u_ibex_core.cs_registers_i.mstack_epc_q,2.9096
gen_regfile_latch.register_file_i.raddr_b_i,u_ibex_core.cs_registers_i.mstack_epc_q,2.9096
gen_regfile_latch.register_file_i.raddr_b_i,u_ibex_core.cs_registers_i.mstack_epc_q,2.9096
gen_regfile_latch.register_file_i.raddr_b_i,u_ibex_core.cs_registers_i.mstack_epc_q,2.9096
gen_regfile_latch.register_file_i.raddr_b_i,u_ibex_core.cs_registers_i.mstack_epc_q,2.9096
gen_regfile_latch.register_file_i.raddr_b_i,u_ibex_core.cs_registers_i.mstack_epc_q,2.9096
gen_regfile_latch.register_file_i.raddr_b_i,u_ibex_core.cs_registers_i.mstack_epc_q,2.9096
gen_regfile_latch.register_file_i.raddr_b_i,u_ibex_core.cs_registers_i.mstack_epc_q,2.9096
gen_regfile_latch.register_file_i.raddr_b_i,u_ibex_core.cs_registers_i.mstack_epc_q,2.9096
gen_regfile_latch.register_file_i.raddr_b_i,u_ibex_core.cs_registers_i.mstack_epc_q,2.9096
gen_regfile_latch.register_file_i.raddr_b_i,u_ibex_core.cs_registers_i.mstack_epc_q,2.9096
gen_regfile_latch.register_file_i.raddr_b_i,u_ibex_core.cs_registers_i.mstack_epc_q,2.9096
gen_regfile_latch.register_file_i.raddr_b_i,u_ibex_core.cs_registers_i.mstack_epc_q,2.9096
gen_regfile_latch.register_file_i.raddr_b_i,u_ibex_core.cs_registers_i.mstack_epc_q,2.9096
gen_regfile_latch.register_file_i.raddr_b_i,u_ibex_core.cs_registers_i.mstack_epc_q,2.9096
gen_regfile_latch.register_file_i.raddr_b_i,u_ibex_core.cs_registers_i.mstack_epc_q,2.9096
gen_regfile_latch.register_file_i.raddr_b_i,u_ibex_core.cs_registers_i.mstack_epc_q,2.9096
gen_regfile_latch.register_file_i.raddr_b_i,u_ibex_core.cs_registers_i.mstack_epc_q,2.9096
gen_regfile_latch.register_file_i.raddr_b_i,u_ibex_core.cs_registers_i.mstack_epc_q,2.9096
gen_regfile_latch.register_file_i.raddr_b_i,u_ibex_core.cs_registers_i.mstack_epc_q,2.9096
gen_regfile_latch.register_file_i.raddr_b_i,u_ibex_core.cs_registers_i.mstack_epc_q,2.9096
gen_regfile_latch.register_file_i.raddr_b_i,u_ibex_core.cs_registers_i.mstack_epc_q,2.9096
gen_regfile_latch.register_file_i.raddr_b_i,u_ibex_core.cs_registers_i.mstack_epc_q,2.9096
gen_regfile_latch.register_file_i.raddr_b_i,u_ibex_core.cs_registers_i.mstack_epc_q,2.9096
gen_regfile_latch.register_file_i.raddr_b_i,u_ibex_core.cs_registers_i.mstack_epc_q,2.9096
gen_regfile_latch.register_file_i.raddr_b_i,u_ibex_core.cs_registers_i.mstack_epc_q,2.9096
gen_regfile_latch.register_file_i.raddr_b_i,u_ibex_core.cs_registers_i.mstack_epc_q,2.9096
gen_regfile_latch.register_file_i.raddr_b_i,u_ibex_core.cs_registers_i.mstack_q,2.9096
gen_regfile_latch.register_file_i.raddr_b_i,u_ibex_core.cs_registers_i.mstack_q,2.9096
gen_regfile_latch.register_file_i.raddr_b_i,u_ibex_core.cs_registers_i.mstack_q,2.9944
gen_regfile_latch.register_file_i.raddr_b_i,u_ibex_core.cs_registers_i.dcsr_q,2.9955
gen_regfile_latch.register_file_i.raddr_b_i,u_ibex_core.cs_registers_i.dcsr_q,3.0117
gen_regfile_latch.register_file_i.raddr_b_i,u_ibex_core.cs_registers_i.dcsr_q,3.027
gen_regfile_latch.register_file_i.raddr_b_i,u_ibex_core.cs_registers_i.priv_lvl_q,3.1015
gen_regfile_latch.register_file_i.raddr_b_i,u_ibex_core.cs_registers_i.priv_lvl_q,3.1015
gen_regfile_latch.register_file_i.raddr_b_i,u_ibex_core.id_stage_i.controller_i.ctrl_fsm_cs,3.1172
gen_regfile_latch.register_file_i.raddr_b_i,u_ibex_core.id_stage_i.controller_i.ctrl_fsm_cs,3.1172
gen_regfile_latch.register_file_i.raddr_b_i,u_ibex_core.cs_registers_i.nmi_mode_i,3.2632
u_ibex_core.if_stage_i.gen_prefetch_buffer.prefetch_buffer_i.fifo_busy,u_ibex_core.if_stage_i.gen_prefetch_buffer.prefetch_buffer_i.fifo_i.rdata_q,3.3175
u_ibex_core.if_stage_i.gen_prefetch_buffer.prefetch_buffer_i.fifo_busy,u_ibex_core.if_stage_i.gen_prefetch_buffer.prefetch_buffer_i.fifo_i.rdata_q,3.3175
u_ibex_core.if_stage_i.gen_prefetch_buffer.prefetch_buffer_i.fifo_busy,u_ibex_core.if_stage_i.gen_prefetch_buffer.prefetch_buffer_i.fifo_i.rdata_q,3.3175
u_ibex_core.if_stage_i.gen_prefetch_buffer.prefetch_buffer_i.fifo_busy,u_ibex_core.if_stage_i.gen_prefetch_buffer.prefetch_buffer_i.fifo_i.rdata_q,3.3175
u_ibex_core.if_stage_i.gen_prefetch_buffer.prefetch_buffer_i.fifo_busy,u_ibex_core.if_stage_i.gen_prefetch_buffer.prefetch_buffer_i.fifo_i.rdata_q,3.3175
u_ibex_core.if_stage_i.gen_prefetch_buffer.prefetch_buffer_i.fifo_busy,u_ibex_core.if_stage_i.gen_prefetch_buffer.prefetch_buffer_i.fifo_i.rdata_q,3.3175
u_ibex_core.if_stage_i.gen_prefetch_buffer.prefetch_buffer_i.fifo_busy,u_ibex_core.if_stage_i.gen_prefetch_buffer.prefetch_buffer_i.fifo_i.rdata_q,3.3175
u_ibex_core.if_stage_i.gen_prefetch_buffer.prefetch_buffer_i.fifo_busy,u_ibex_core.if_stage_i.gen_prefetch_buffer.prefetch_buffer_i.fifo_i.rdata_q,3.3175
u_ibex_core.if_stage_i.gen_prefetch_buffer.prefetch_buffer_i.fifo_busy,u_ibex_core.if_stage_i.gen_prefetch_buffer.prefetch_buffer_i.fifo_i.rdata_q,3.3175
u_ibex_core.if_stage_i.gen_prefetch_buffer.prefetch_buffer_i.fifo_busy,u_ibex_core.if_stage_i.gen_prefetch_buffer.prefetch_buffer_i.fifo_i.rdata_q,3.3175
u_ibex_core.if_stage_i.gen_prefetch_buffer.prefetch_buffer_i.fifo_busy,u_ibex_core.if_stage_i.gen_prefetch_buffer.prefetch_buffer_i.fifo_i.rdata_q,3.3175
u_ibex_core.if_stage_i.gen_prefetch_buffer.prefetch_buffer_i.fifo_busy,u_ibex_core.if_stage_i.gen_prefetch_buffer.prefetch_buffer_i.fifo_i.rdata_q,3.3175
u_ibex_core.if_stage_i.gen_prefetch_buffer.prefetch_buffer_i.fifo_busy,u_ibex_core.if_stage_i.gen_prefetch_buffer.prefetch_buffer_i.fifo_i.rdata_q,3.3175
u_ibex_core.if_stage_i.gen_prefetch_buffer.prefetch_buffer_i.fifo_busy,u_ibex_core.if_stage_i.gen_prefetch_buffer.prefetch_buffer_i.fifo_i.rdata_q,3.3175
u_ibex_core.if_stage_i.gen_prefetch_buffer.prefetch_buffer_i.fifo_busy,u_ibex_core.if_stage_i.gen_prefetch_buffer.prefetch_buffer_i.fifo_i.rdata_q,3.3175
u_ibex_core.if_stage_i.gen_prefetch_buffer.prefetch_buffer_i.fifo_busy,u_ibex_core.if_stage_i.gen_prefetch_buffer.prefetch_buffer_i.fifo_i.rdata_q,3.3175
u_ibex_core.if_stage_i.gen_prefetch_buffer.prefetch_buffer_i.fifo_busy,u_ibex_core.if_stage_i.gen_prefetch_buffer.prefetch_buffer_i.fifo_i.rdata_q,3.3175
u_ibex_core.if_stage_i.gen_prefetch_buffer.prefetch_buffer_i.fifo_busy,u_ibex_core.if_stage_i.gen_prefetch_buffer.prefetch_buffer_i.fifo_i.rdata_q,3.3175
u_ibex_core.if_stage_i.gen_prefetch_buffer.prefetch_buffer_i.fifo_busy,u_ibex_core.if_stage_i.gen_prefetch_buffer.prefetch_buffer_i.fifo_i.rdata_q,3.3175
u_ibex_core.if_stage_i.gen_prefetch_buffer.prefetch_buffer_i.fifo_busy,u_ibex_core.if_stage_i.gen_prefetch_buffer.prefetch_buffer_i.fifo_i.rdata_q,3.3175
u_ibex_core.if_stage_i.gen_prefetch_buffer.prefetch_buffer_i.fifo_busy,u_ibex_core.if_stage_i.gen_prefetch_buffer.prefetch_buffer_i.fifo_i.rdata_q,3.3182
u_ibex_core.if_stage_i.gen_prefetch_buffer.prefetch_buffer_i.fifo_busy,u_ibex_core.if_stage_i.gen_prefetch_buffer.prefetch_buffer_i.fifo_i.rdata_q,3.3182
u_ibex_core.if_stage_i.gen_prefetch_buffer.prefetch_buffer_i.fifo_busy,u_ibex_core.if_stage_i.gen_prefetch_buffer.prefetch_buffer_i.fifo_i.rdata_q,3.3182
u_ibex_core.if_stage_i.gen_prefetch_buffer.prefetch_buffer_i.fifo_busy,u_ibex_core.if_stage_i.gen_prefetch_buffer.prefetch_buffer_i.fifo_i.rdata_q,3.3182
u_ibex_core.if_stage_i.gen_prefetch_buffer.prefetch_buffer_i.fifo_busy,u_ibex_core.if_stage_i.gen_prefetch_buffer.prefetch_buffer_i.fifo_i.rdata_q,3.3182
u_ibex_core.if_stage_i.gen_prefetch_buffer.prefetch_buffer_i.fifo_busy,u_ibex_core.if_stage_i.gen_prefetch_buffer.prefetch_buffer_i.fifo_i.rdata_q,3.3182
u_ibex_core.if_stage_i.gen_prefetch_buffer.prefetch_buffer_i.fifo_busy,u_ibex_core.if_stage_i.gen_prefetch_buffer.prefetch_buffer_i.fifo_i.rdata_q,3.3182
u_ibex_core.if_stage_i.gen_prefetch_buffer.prefetch_buffer_i.fifo_busy,u_ibex_core.if_stage_i.gen_prefetch_buffer.prefetch_buffer_i.fifo_i.rdata_q,3.3182
u_ibex_core.if_stage_i.gen_prefetch_buffer.prefetch_buffer_i.fifo_busy,u_ibex_core.if_stage_i.gen_prefetch_buffer.prefetch_buffer_i.fifo_i.rdata_q,3.3182
u_ibex_core.if_stage_i.gen_prefetch_buffer.prefetch_buffer_i.fifo_busy,u_ibex_core.if_stage_i.gen_prefetch_buffer.prefetch_buffer_i.fifo_i.err_q,3.3588
u_ibex_core.cs_registers_i.mie_q,u_ibex_core.id_stage_i.controller_i.ctrl_fsm_cs,3.3946
